[0.044s] Invoking command in '/home/bninaos/Documents/build/cpp_srvcli': AMENT_PREFIX_PATH=/home/bninaos/Documents/install/seabot_interfaces:${AMENT_PREFIX_PATH} CMAKE_PREFIX_PATH=/home/bninaos/Documents/install/seabot_interfaces:/home/bninaos/microros/install/micro_ros_setup:/home/bninaos/microros/install/micro_ros_agent:/home/bninaos/microros/install/micro_ros_msgs:/home/bninaos/Documents/ros2_ws/install/cpp_srvcli:/home/bninaos/Documents/ros2_ws/install/cpp_pubsub:/home/bninaos/Documents/ros2_ws/install/seabot_interfaces:/opt/ros/humble LD_LIBRARY_PATH=/home/bninaos/Documents/install/seabot_interfaces/lib:${LD_LIBRARY_PATH} PYTHONPATH=/home/bninaos/Documents/install/seabot_interfaces/local/lib/python3.10/dist-packages:${PYTHONPATH} /usr/bin/cmake --build /home/bninaos/Documents/build/cpp_srvcli -- -j8 -l8
[0.098s] [ 50%] Built target client
[0.186s] [ 75%] [32mBuilding CXX object CMakeFiles/server.dir/src/Server.cpp.o[0m
[2.534s] [100%] [32m[1mLinking CXX executable server[0m
[2.640s] [100%] Built target server
[2.656s] Invoked command in '/home/bninaos/Documents/build/cpp_srvcli' returned '0': AMENT_PREFIX_PATH=/home/bninaos/Documents/install/seabot_interfaces:${AMENT_PREFIX_PATH} CMAKE_PREFIX_PATH=/home/bninaos/Documents/install/seabot_interfaces:/home/bninaos/microros/install/micro_ros_setup:/home/bninaos/microros/install/micro_ros_agent:/home/bninaos/microros/install/micro_ros_msgs:/home/bninaos/Documents/ros2_ws/install/cpp_srvcli:/home/bninaos/Documents/ros2_ws/install/cpp_pubsub:/home/bninaos/Documents/ros2_ws/install/seabot_interfaces:/opt/ros/humble LD_LIBRARY_PATH=/home/bninaos/Documents/install/seabot_interfaces/lib:${LD_LIBRARY_PATH} PYTHONPATH=/home/bninaos/Documents/install/seabot_interfaces/local/lib/python3.10/dist-packages:${PYTHONPATH} /usr/bin/cmake --build /home/bninaos/Documents/build/cpp_srvcli -- -j8 -l8
[2.691s] Invoking command in '/home/bninaos/Documents/build/cpp_srvcli': AMENT_PREFIX_PATH=/home/bninaos/Documents/install/seabot_interfaces:${AMENT_PREFIX_PATH} CMAKE_PREFIX_PATH=/home/bninaos/Documents/install/seabot_interfaces:/home/bninaos/microros/install/micro_ros_setup:/home/bninaos/microros/install/micro_ros_agent:/home/bninaos/microros/install/micro_ros_msgs:/home/bninaos/Documents/ros2_ws/install/cpp_srvcli:/home/bninaos/Documents/ros2_ws/install/cpp_pubsub:/home/bninaos/Documents/ros2_ws/install/seabot_interfaces:/opt/ros/humble LD_LIBRARY_PATH=/home/bninaos/Documents/install/seabot_interfaces/lib:${LD_LIBRARY_PATH} PYTHONPATH=/home/bninaos/Documents/install/seabot_interfaces/local/lib/python3.10/dist-packages:${PYTHONPATH} /usr/bin/cmake --install /home/bninaos/Documents/build/cpp_srvcli
[2.698s] -- Install configuration: ""
[2.698s] -- Installing: /home/bninaos/Documents/install/cpp_srvcli/lib/cpp_srvcli/server
[2.699s] -- Set runtime path of "/home/bninaos/Documents/install/cpp_srvcli/lib/cpp_srvcli/server" to ""
[2.699s] -- Up-to-date: /home/bninaos/Documents/install/cpp_srvcli/lib/cpp_srvcli/client
[2.699s] -- Up-to-date: /home/bninaos/Documents/install/cpp_srvcli/share/ament_index/resource_index/package_run_dependencies/cpp_srvcli
[2.699s] -- Up-to-date: /home/bninaos/Documents/install/cpp_srvcli/share/ament_index/resource_index/parent_prefix_path/cpp_srvcli
[2.699s] -- Up-to-date: /home/bninaos/Documents/install/cpp_srvcli/share/cpp_srvcli/environment/ament_prefix_path.sh
[2.700s] -- Up-to-date: /home/bninaos/Documents/install/cpp_srvcli/share/cpp_srvcli/environment/ament_prefix_path.dsv
[2.700s] -- Up-to-date: /home/bninaos/Documents/install/cpp_srvcli/share/cpp_srvcli/environment/path.sh
[2.700s] -- Up-to-date: /home/bninaos/Documents/install/cpp_srvcli/share/cpp_srvcli/environment/path.dsv
[2.700s] -- Up-to-date: /home/bninaos/Documents/install/cpp_srvcli/share/cpp_srvcli/local_setup.bash
[2.700s] -- Up-to-date: /home/bninaos/Documents/install/cpp_srvcli/share/cpp_srvcli/local_setup.sh
[2.700s] -- Up-to-date: /home/bninaos/Documents/install/cpp_srvcli/share/cpp_srvcli/local_setup.zsh
[2.700s] -- Up-to-date: /home/bninaos/Documents/install/cpp_srvcli/share/cpp_srvcli/local_setup.dsv
[2.700s] -- Installing: /home/bninaos/Documents/install/cpp_srvcli/share/cpp_srvcli/package.dsv
[2.700s] -- Up-to-date: /home/bninaos/Documents/install/cpp_srvcli/share/ament_index/resource_index/packages/cpp_srvcli
[2.700s] -- Up-to-date: /home/bninaos/Documents/install/cpp_srvcli/share/cpp_srvcli/cmake/cpp_srvcliConfig.cmake
[2.700s] -- Up-to-date: /home/bninaos/Documents/install/cpp_srvcli/share/cpp_srvcli/cmake/cpp_srvcliConfig-version.cmake
[2.700s] -- Up-to-date: /home/bninaos/Documents/install/cpp_srvcli/share/cpp_srvcli/package.xml
[2.701s] Invoked command in '/home/bninaos/Documents/build/cpp_srvcli' returned '0': AMENT_PREFIX_PATH=/home/bninaos/Documents/install/seabot_interfaces:${AMENT_PREFIX_PATH} CMAKE_PREFIX_PATH=/home/bninaos/Documents/install/seabot_interfaces:/home/bninaos/microros/install/micro_ros_setup:/home/bninaos/microros/install/micro_ros_agent:/home/bninaos/microros/install/micro_ros_msgs:/home/bninaos/Documents/ros2_ws/install/cpp_srvcli:/home/bninaos/Documents/ros2_ws/install/cpp_pubsub:/home/bninaos/Documents/ros2_ws/install/seabot_interfaces:/opt/ros/humble LD_LIBRARY_PATH=/home/bninaos/Documents/install/seabot_interfaces/lib:${LD_LIBRARY_PATH} PYTHONPATH=/home/bninaos/Documents/install/seabot_interfaces/local/lib/python3.10/dist-packages:${PYTHONPATH} /usr/bin/cmake --install /home/bninaos/Documents/build/cpp_srvcli
