[0.000000] (-) TimerEvent: {}
[0.000000] (custom_interfaces) JobQueued: {'identifier': 'custom_interfaces', 'dependencies': OrderedDict()}
[0.000000] (cpp_pubsub) JobQueued: {'identifier': 'cpp_pubsub', 'dependencies': OrderedDict([('custom_interfaces', 'D:\\seabot internship\\project microros\\l4_microros\\ros2_ws\\install\\custom_interfaces')])}
[0.016000] (custom_interfaces) JobStarted: {'identifier': 'custom_interfaces'}
[0.109000] (-) TimerEvent: {}
[0.219000] (-) TimerEvent: {}
[0.328000] (-) TimerEvent: {}
[0.438000] (-) TimerEvent: {}
[0.469000] (custom_interfaces) JobProgress: {'identifier': 'custom_interfaces', 'progress': 'cmake'}
[0.469000] (custom_interfaces) Command: {'cmd': ['C:\\Program Files\\CMake\\bin\\cmake.EXE', 'D:\\seabot internship\\project microros\\l4_microros\\ros2_ws\\src\\custom_interfaces', '-DCMAKE_INSTALL_PREFIX=D:\\seabot internship\\project microros\\l4_microros\\ros2_ws\\install\\custom_interfaces', '-G', 'Visual Studio 17 2022'], 'cwd': 'D:\\seabot internship\\project microros\\l4_microros\\ros2_ws\\build\\custom_interfaces', 'env': OrderedDict([('SESSIONNAME', 'Console'), ('ProgramFiles(x86)', 'C:\\Program Files (x86)'), ('WindowsLibPath', 'References\\CommonConfiguration\\Neutral'), ('ProgramW6432', 'C:\\Program Files'), ('ChocolateyInstall', 'C:\\ProgramData\\chocolatey'), ('PROCESSOR_IDENTIFIER', 'Intel64 Family 6 Model 140 Stepping 1, GenuineIntel'), ('PROMPT', '$P$G'), ('TMP', 'C:\\Users\\oubab\\AppData\\Local\\Temp'), ('PROCESSOR_ARCHITECTURE', 'AMD64'), ('Path', 'C:\\Program Files\\Microsoft Visual Studio\\2022\\Community\\Common7\\IDE\\VC\\VCPackages;C:\\Program Files\\Microsoft Visual Studio\\2022\\Community\\Common7\\IDE\\CommonExtensions\\Microsoft\\TestWindow;C:\\Program Files\\Microsoft Visual Studio\\2022\\Community\\Common7\\IDE\\CommonExtensions\\Microsoft\\TeamFoundation\\Team Explorer;C:\\Program Files\\Microsoft Visual Studio\\2022\\Community\\MSBuild\\Current\\bin\\Roslyn;C:\\Program Files\\Microsoft Visual Studio\\2022\\Community\\Team Tools\\DiagnosticsHub\\Collector;C:\\Program Files\\Microsoft Visual Studio\\2022\\Community\\\\MSBuild\\Current\\Bin\\amd64;C:\\Windows\\Microsoft.NET\\Framework\\v4.0.30319;C:\\Program Files\\Microsoft Visual Studio\\2022\\Community\\Common7\\IDE\\;C:\\Program Files\\Microsoft Visual Studio\\2022\\Community\\Common7\\Tools\\;C:\\Windows\\system32;C:\\Windows;C:\\Windows\\System32\\Wbem;C:\\Windows\\System32\\WindowsPowerShell\\v1.0\\;C:\\Windows\\System32\\OpenSSH\\;C:\\Program Files\\Git\\cmd;C:\\ProgramData\\chocolatey\\bin;C:\\Program Files\\PostgreSQL\\11\\bin;C:\\Users\\oubab\\Documents\\RideApp\\prisma;C:\\msys64\\mingw64\\bin;C:\\Program Files\\CMake\\bin;C:\\Users\\oubab\\AppData\\Local\\Programs\\Python\\Python311\\Scripts;C:\\Users\\oubab\\AppData\\Local\\Programs\\Python\\Python311;C:\\Program Files\\dotnet\\;C:\\Program Files\\PuTTY\\;C:\\Program Files (x86)\\STMicroelectronics\\STM32 ST-LINK Utility\\ST-LINK Utility;D;C:\\Program Files (x86)\\NVIDIA Corporation\\PhysX\\Common;C:\\Program Files\\Docker\\Docker\\resources\\bin;C:\\Program Files\\NVIDIA Corporation\\NVIDIA app\\NvDLISR;D:\\ARM GNU GCC\\10 2021.10\\bin;D:\\ARM GNU GCC\\10 2021.10\\bin;C:\\Users\\oubab\\AppData\\Local\\Microsoft\\WindowsApps;D:\\Microsoft VS Code\\bin;C:\\Program Files\\nodejs;C:\\Program Files (x86)\\Microsoft SDKs\\Azure\\CLI2\\wbin;C:\\msys64\\mingw64\\bin;C:\\Program Files\\CMake\\bin;C:\\Users\\oubab\\AppData\\Roaming\\LINKS\\bin;C:\\Users\\oubab\\AppData\\Local\\Programs\\Python\\Python311\\Scripts;C:\\Users\\oubab\\AppData\\Local\\Programs\\Python\\Python311;C:\\msys64\\ucrt64\\bin;C:\\Users\\oubab\\AppData\\Local\\Microsoft\\WinGet\\Links;C:\\Users\\oubab\\AppData\\Local\\Microsoft\\WinGet\\Packages\\Ninja-build.Ninja_Microsoft.Winget.Source_8wekyb3d8bbwe;;C:\\Program Files\\Microsoft Visual Studio\\2022\\Community\\Common7\\IDE\\CommonExtensions\\Microsoft\\CMake\\CMake\\bin;C:\\Program Files\\Microsoft Visual Studio\\2022\\Community\\Common7\\IDE\\CommonExtensions\\Microsoft\\CMake\\Ninja;C:\\Program Files\\Microsoft Visual Studio\\2022\\Community\\Common7\\IDE\\VC\\Linux\\bin\\ConnectionManagerExe'), ('PUBLIC', 'C:\\Users\\Public'), ('PROCESSOR_REVISION', '8c01'), ('PkgDefApplicationConfigFile', 'C:\\Users\\oubab\\AppData\\Local\\Microsoft\\VisualStudio\\17.0_779c7284\\devenv.exe.config'), ('UniversalCRTSdkDir', 'C:\\Program Files (x86)\\Windows Kits\\10\\'), ('__DOTNET_PREFERRED_BITNESS', '32'), ('Framework40Version', 'v4.0'), ('CommonProgramFiles', 'C:\\Program Files\\Common Files'), ('ServiceHubLogSessionKey', '13EBCF6F'), ('FPS_BROWSER_APP_PROFILE_STRING', 'Internet Explorer'), ('FPS_BROWSER_USER_PROFILE_STRING', 'Default'), ('LOGONSERVER', '\\\\LAPTOPTOSHIBA'), ('TEMP', 'C:\\Users\\oubab\\AppData\\Local\\Temp'), ('DOTNET_MULTILEVEL_LOOKUP', '0'), ('USERNAME', 'oubab'), ('SystemRoot', 'C:\\Windows'), ('VSSKUEDITION', 'Community'), ('VCIDEInstallDir', 'C:\\Program Files\\Microsoft Visual Studio\\2022\\Community\\Common7\\IDE\\VC\\'), ('EFC_9644', '1'), ('VSCMD_ARG_TGT_ARCH', 'x86'), ('VSCMD_ARG_HOST_ARCH', 'x86'), ('ServiceHubLocationServicePipeName', 'cf5d78ba6bdaf5782c4dc3f6e673b9c103dcf2b14eedc4101f51306bb7ec228f'), ('WindowsSDKVersion', '\\'), ('OneDrive', "C:\\Users\\oubab\\OneDrive - Ministere de l'Enseignement Superieur et de la Recherche Scientifique"), ('VBOX_MSI_INSTALL_PATH', 'D:\\Oracle VM VirtualBox\\'), ('CommonProgramFiles(x86)', 'C:\\Program Files (x86)\\Common Files'), ('FirstLaunchDialogWindowHandle', '393756'), ('API_KEY', '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'), ('VsPerMonitorDpiAwarenessEnabled.13612', 'TRUE'), ('FrameworkVersion', 'v4.0.30319'), ('ThreadedWaitDialogDpiContext', '-4'), ('VSCMD_ARG_app_plat', 'Desktop'), ('ProgramData', 'C:\\ProgramData'), ('VS_Perf_Session_GCHeapCount', '2'), ('VSAPPIDDIR', 'C:\\Program Files\\Microsoft Visual Studio\\2022\\Community\\Common7\\IDE\\'), ('HOMEPATH', '\\Users\\oubab'), ('COLCON', '1'), ('IGCCSVC_DB', 'AQAAANCMnd8BFdERjHoAwE/Cl+sBAAAAiDNeMDe+mkOvX41O0rV3twQAAAACAAAAAAAQZgAAAAEAACAAAADtLkGCL9wL/cTHHrIDI4sElEHhJH6nOmqX/uWOMPpKigAAAAAOgAAAAAIAACAAAAAvN9NLD5tWwVj4hRtczdWL+9vWgeYMWR9ospZUR6PiBWAAAABTDUMGb5yNLfIpacI8z9TZvU/3xsVZ/k71BmxlavY4cufqb6LoS+0kwdP3h3/nxhWILv7kzQC4c8bZePfQOi2UcsPs4qqX40Z7S1liYAd0YEgw/TUdmVmT8S1dadbfhJxAAAAAK0c7cFnjqWistLgSQl0AcIui6M860q0t648QGB9M8Dum0trg5j8Dx0wKPyqYBJ3XydE+XosD9Ne47mwOQVQjrA=='), ('STM32CubeMX_PATH', 'C:\\Users\\oubab\\AppData\\Local\\Programs\\STM32CubeMX'), ('FrameworkVersion32', 'v4.0.30319'), ('ALLUSERSPROFILE', 'C:\\ProgramData'), ('CommonProgramW6432', 'C:\\Program Files\\Common Files'), ('VCINSTALLDIR', 'C:\\Program Files\\Microsoft Visual Studio\\2022\\Community\\VC\\'), ('OneDriveCommercial', "C:\\Users\\oubab\\OneDrive - Ministere de l'Enseignement Superieur et de la Recherche Scientifique"), ('ServiceHubCurrentOsLocale', 'en-US'), ('VS170COMNTOOLS', 'C:\\Program Files\\Microsoft Visual Studio\\2022\\Community\\Common7\\Tools\\'), ('VSLANG', '1033'), ('VisualStudioDir', "C:\\Users\\oubab\\OneDrive - Ministere de l'Enseignement Superieur et de la Recherche Scientifique\\Documents\\Visual Studio 2022"), ('LIBPATH', 'C:\\Windows\\Microsoft.NET\\Framework\\v4.0.30319'), ('ServiceHubClientProcessVersion', '17.10.35122.118 built by: d17.10'), ('DriverData', 'C:\\Windows\\System32\\Drivers\\DriverData'), ('HOMEDRIVE', 'C:'), ('COMPlus_ThreadPool_UsePortableThreadPool', '0'), ('windir', 'C:\\Windows'), ('SystemDrive', 'C:'), ('NUMBER_OF_PROCESSORS', '8'), ('OS', 'Windows_NT'), ('__DOTNET_ADD_32BIT', '1'), ('COMPLUS_FusionEnableForcedFullClosureWalk', '1'), ('ZES_ENABLE_SYSMAN', '1'), ('CommandPromptType', 'Native'), ('ComSpec', 'C:\\Windows\\system32\\cmd.exe'), ('VSINSTALLDIR', 'C:\\Program Files\\Microsoft Visual Studio\\2022\\Community\\'), ('PATHEXT', '.COM;.EXE;.BAT;.CMD;.VBS;.VBE;.JS;.JSE;.WSF;.WSH;.MSC;.PY;.PYW;.CPL'), ('DevEnvDir', 'C:\\Program Files\\Microsoft Visual Studio\\2022\\Community\\Common7\\IDE\\'), ('PSModulePath', "C:\\Users\\oubab\\OneDrive - Ministere de l'Enseignement Superieur et de la Recherche Scientifique\\Documents\\WindowsPowerShell\\Modules;C:\\Program Files\\WindowsPowerShell\\Modules;C:\\Windows\\system32\\WindowsPowerShell\\v1.0\\Modules"), ('WindowsSDKLibVersion', 'winv6.3\\'), ('ProgramFiles', 'C:\\Program Files'), ('VSCMD_VER', '17.10.5'), ('APPDATA', 'C:\\Users\\oubab\\AppData\\Roaming'), ('USERDOMAIN', 'LAPTOPTOSHIBA'), ('COMPUTERNAME', 'LAPTOPTOSHIBA'), ('USERPROFILE', 'C:\\Users\\oubab'), ('LOCALAPPDATA', 'C:\\Users\\oubab\\AppData\\Local'), ('VisualStudioVersion', '17.0'), ('FrameworkDir32', 'C:\\Windows\\Microsoft.NET\\Framework\\'), ('VisualStudioEdition', 'Microsoft Visual Studio Community 2022'), ('__VSCMD_PREINIT_PATH', 'C:\\Windows\\system32;C:\\Windows;C:\\Windows\\System32\\Wbem;C:\\Windows\\System32\\WindowsPowerShell\\v1.0\\;C:\\Windows\\System32\\OpenSSH\\;C:\\Program Files\\Git\\cmd;C:\\ProgramData\\chocolatey\\bin;C:\\Program Files\\PostgreSQL\\11\\bin;C:\\Users\\oubab\\Documents\\RideApp\\prisma;C:\\msys64\\mingw64\\bin;C:\\Program Files\\CMake\\bin;C:\\Users\\oubab\\AppData\\Local\\Programs\\Python\\Python311\\Scripts;C:\\Users\\oubab\\AppData\\Local\\Programs\\Python\\Python311;C:\\Program Files\\dotnet\\;C:\\Program Files\\PuTTY\\;C:\\Program Files (x86)\\STMicroelectronics\\STM32 ST-LINK Utility\\ST-LINK Utility;D;C:\\Program Files (x86)\\NVIDIA Corporation\\PhysX\\Common;C:\\Program Files\\Docker\\Docker\\resources\\bin;C:\\Program Files\\NVIDIA Corporation\\NVIDIA app\\NvDLISR;D:\\ARM GNU GCC\\10 2021.10\\bin;D:\\ARM GNU GCC\\10 2021.10\\bin;C:\\Users\\oubab\\AppData\\Local\\Microsoft\\WindowsApps;D:\\Microsoft VS Code\\bin;C:\\Program Files\\nodejs;C:\\Program Files (x86)\\Microsoft SDKs\\Azure\\CLI2\\wbin;C:\\msys64\\mingw64\\bin;C:\\Program Files\\CMake\\bin;C:\\Users\\oubab\\AppData\\Roaming\\LINKS\\bin;C:\\Users\\oubab\\AppData\\Local\\Programs\\Python\\Python311\\Scripts;C:\\Users\\oubab\\AppData\\Local\\Programs\\Python\\Python311;C:\\msys64\\ucrt64\\bin;C:\\Users\\oubab\\AppData\\Local\\Microsoft\\WinGet\\Links;C:\\Users\\oubab\\AppData\\Local\\Microsoft\\WinGet\\Packages\\Ninja-build.Ninja_Microsoft.Winget.Source_8wekyb3d8bbwe;'), ('USERDOMAIN_ROAMINGPROFILE', 'LAPTOPTOSHIBA'), ('FrameworkDir', 'C:\\Windows\\Microsoft.NET\\Framework\\'), ('PROCESSOR_LEVEL', '6'), ('VSAPPIDNAME', 'devenv.exe'), ('MinGW', 'C:\\msys64\\ucrt64\\bin'), ('MSBuildLoadMicrosoftTargetsReadOnly', 'true')]), 'shell': False}
[0.547000] (-) TimerEvent: {}
[0.656000] (-) TimerEvent: {}
[0.719000] (custom_interfaces) StderrLine: {'line': b'CMake Error: Could not create named generator Visual Studio 17 2022\n'}
[0.734000] (custom_interfaces) StderrLine: {'line': b'\n'}
[0.734000] (custom_interfaces) StderrLine: {'line': b'Generators\n'}
[0.734000] (custom_interfaces) StderrLine: {'line': b'  Visual Studio 16 2019        = Generates Visual Studio 2019 project files.\n'}
[0.734000] (custom_interfaces) StderrLine: {'line': b'                                 Use -A option to specify architecture.\n'}
[0.734000] (custom_interfaces) StderrLine: {'line': b'  Visual Studio 15 2017 [arch] = Generates Visual Studio 2017 project files.\n'}
[0.734000] (custom_interfaces) StderrLine: {'line': b'                                 Optional [arch] can be "Win64" or "ARM".\n'}
[0.750000] (custom_interfaces) StderrLine: {'line': b'  Visual Studio 14 2015 [arch] = Generates Visual Studio 2015 project files.\n'}
[0.750000] (custom_interfaces) StderrLine: {'line': b'                                 Optional [arch] can be "Win64" or "ARM".\n'}
[0.750000] (custom_interfaces) StderrLine: {'line': b'  Visual Studio 12 2013 [arch] = Generates Visual Studio 2013 project files.\n'}
[0.750000] (custom_interfaces) StderrLine: {'line': b'                                 Optional [arch] can be "Win64" or "ARM".\n'}
[0.750000] (custom_interfaces) StderrLine: {'line': b'  Visual Studio 11 2012 [arch] = Generates Visual Studio 2012 project files.\n'}
[0.813000] (-) TimerEvent: {}
[0.813000] (custom_interfaces) StderrLine: {'line': b'                                 Optional [arch] can be "Win64" or "ARM".\n'}
[0.813000] (custom_interfaces) StderrLine: {'line': b'  Visual Studio 10 2010 [arch] = Generates Visual Studio 2010 project files.\n'}
[0.813000] (custom_interfaces) StderrLine: {'line': b'                                 Optional [arch] can be "Win64" or "IA64".\n'}
[0.813000] (custom_interfaces) StderrLine: {'line': b'  Visual Studio 9 2008 [arch]  = Generates Visual Studio 2008 project files.\n'}
[0.813000] (custom_interfaces) StderrLine: {'line': b'                                 Optional [arch] can be "Win64" or "IA64".\n'}
[0.813000] (custom_interfaces) StderrLine: {'line': b'  Borland Makefiles            = Generates Borland makefiles.\n'}
[0.813000] (custom_interfaces) StderrLine: {'line': b'* NMake Makefiles              = Generates NMake makefiles.\n'}
[0.813000] (custom_interfaces) StderrLine: {'line': b'  NMake Makefiles JOM          = Generates JOM makefiles.\n'}
[0.813000] (custom_interfaces) StderrLine: {'line': b'  Green Hills MULTI            = Generates Green Hills MULTI files\n'}
[0.813000] (custom_interfaces) StderrLine: {'line': b'                                 (experimental, work-in-progress).\n'}
[0.813000] (custom_interfaces) StderrLine: {'line': b'  MSYS Makefiles               = Generates MSYS makefiles.\n'}
[0.813000] (custom_interfaces) StderrLine: {'line': b'  MinGW Makefiles              = Generates a make file for use with\n'}
[0.813000] (custom_interfaces) StderrLine: {'line': b'                                 mingw32-make.\n'}
[0.813000] (custom_interfaces) StderrLine: {'line': b'  Unix Makefiles               = Generates standard UNIX makefiles.\n'}
[0.813000] (custom_interfaces) StderrLine: {'line': b'  Ninja                        = Generates build.ninja files.\n'}
[0.813000] (custom_interfaces) StderrLine: {'line': b'  Watcom WMake                 = Generates Watcom WMake makefiles.\n'}
[0.813000] (custom_interfaces) StderrLine: {'line': b'  CodeBlocks - MinGW Makefiles = Generates CodeBlocks project files.\n'}
[0.813000] (custom_interfaces) StderrLine: {'line': b'  CodeBlocks - NMake Makefiles = Generates CodeBlocks project files.\n'}
[0.813000] (custom_interfaces) StderrLine: {'line': b'  CodeBlocks - NMake Makefiles JOM\n'}
[0.813000] (custom_interfaces) StderrLine: {'line': b'                               = Generates CodeBlocks project files.\n'}
[0.813000] (custom_interfaces) StderrLine: {'line': b'  CodeBlocks - Ninja           = Generates CodeBlocks project files.\n'}
[0.813000] (custom_interfaces) StderrLine: {'line': b'  CodeBlocks - Unix Makefiles  = Generates CodeBlocks project files.\n'}
[0.813000] (custom_interfaces) StderrLine: {'line': b'  CodeLite - MinGW Makefiles   = Generates CodeLite project files.\n'}
[0.813000] (custom_interfaces) StderrLine: {'line': b'  CodeLite - NMake Makefiles   = Generates CodeLite project files.\n'}
[0.813000] (custom_interfaces) StderrLine: {'line': b'  CodeLite - Ninja             = Generates CodeLite project files.\n'}
[0.813000] (custom_interfaces) StderrLine: {'line': b'  CodeLite - Unix Makefiles    = Generates CodeLite project files.\n'}
[0.813000] (custom_interfaces) StderrLine: {'line': b'  Sublime Text 2 - MinGW Makefiles\n'}
[0.813000] (custom_interfaces) StderrLine: {'line': b'                               = Generates Sublime Text 2 project files.\n'}
[0.813000] (custom_interfaces) StderrLine: {'line': b'  Sublime Text 2 - NMake Makefiles\n'}
[0.813000] (custom_interfaces) StderrLine: {'line': b'                               = Generates Sublime Text 2 project files.\n'}
[0.813000] (custom_interfaces) StderrLine: {'line': b'  Sublime Text 2 - Ninja       = Generates Sublime Text 2 project files.\n'}
[0.813000] (custom_interfaces) StderrLine: {'line': b'  Sublime Text 2 - Unix Makefiles\n'}
[0.813000] (custom_interfaces) StderrLine: {'line': b'                               = Generates Sublime Text 2 project files.\n'}
[0.813000] (custom_interfaces) StderrLine: {'line': b'  Kate - MinGW Makefiles       = Generates Kate project files.\n'}
[0.813000] (custom_interfaces) StderrLine: {'line': b'  Kate - NMake Makefiles       = Generates Kate project files.\n'}
[0.813000] (custom_interfaces) StderrLine: {'line': b'  Kate - Ninja                 = Generates Kate project files.\n'}
[0.813000] (custom_interfaces) StderrLine: {'line': b'  Kate - Unix Makefiles        = Generates Kate project files.\n'}
[0.813000] (custom_interfaces) StderrLine: {'line': b'  Eclipse CDT4 - NMake Makefiles\n'}
[0.813000] (custom_interfaces) StderrLine: {'line': b'                               = Generates Eclipse CDT 4.0 project files.\n'}
[0.813000] (custom_interfaces) StderrLine: {'line': b'  Eclipse CDT4 - MinGW Makefiles\n'}
[0.813000] (custom_interfaces) StderrLine: {'line': b'                               = Generates Eclipse CDT 4.0 project files.\n'}
[0.813000] (custom_interfaces) StderrLine: {'line': b'  Eclipse CDT4 - Ninja         = Generates Eclipse CDT 4.0 project files.\n'}
[0.813000] (custom_interfaces) StderrLine: {'line': b'  Eclipse CDT4 - Unix Makefiles= Generates Eclipse CDT 4.0 project files.\n'}
[0.813000] (custom_interfaces) StderrLine: {'line': b'\n'}
[0.813000] (custom_interfaces) CommandEnded: {'returncode': 1}
[0.813000] (custom_interfaces) StderrLine: {'line': b'Traceback (most recent call last):\n  File "C:\\Users\\oubab\\AppData\\Local\\Programs\\Python\\Python311\\Lib\\site-packages\\colcon_core\\executor\\__init__.py", line 91, in __call__\n    rc = await self.task(*args, **kwargs)\n         ^^^^^^^^^^^^^^^^^^^^^^^^^^^^^^^^\n  File "C:\\Users\\oubab\\AppData\\Local\\Programs\\Python\\Python311\\Lib\\site-packages\\colcon_core\\task\\__init__.py", line 93, in __call__\n    return await task_method(*args, **kwargs)\n           ^^^^^^^^^^^^^^^^^^^^^^^^^^^^^^^^^^\n  File "C:\\Users\\oubab\\AppData\\Local\\Programs\\Python\\Python311\\Lib\\site-packages\\colcon_ros\\task\\ament_cmake\\build.py", line 59, in build\n    rc = await extension.build(\n         ^^^^^^^^^^^^^^^^^^^^^^\n  File "C:\\Users\\oubab\\AppData\\Local\\Programs\\Python\\Python311\\Lib\\site-packages\\colcon_cmake\\task\\cmake\\build.py", line 87, in build\n    rc = await self._reconfigure(args, env)\n         ^^^^^^^^^^^^^^^^^^^^^^^^^^^^^^^^^^\n  File "C:\\Users\\oubab\\AppData\\Local\\Programs\\Python\\Python311\\Lib\\site-packages\\colcon_cmake\\task\\cmake\\build.py", line 182, in _reconfigure\n    buildfile = get_buildfile(cmake_cache)\n                ^^^^^^^^^^^^^^^^^^^^^^^^^^\n  File "C:\\Users\\oubab\\AppData\\Local\\Programs\\Python\\Python311\\Lib\\site-packages\\colcon_cmake\\task\\cmake\\__init__.py", line 114, in get_buildfile\n    if \'Visual Studio\' in generator:\n       ^^^^^^^^^^^^^^^^^^^^^^^^^^^^\nTypeError: argument of type \'NoneType\' is not iterable\n'}
[0.813000] (custom_interfaces) JobEnded: {'identifier': 'custom_interfaces', 'rc': 1}
[0.844000] (cpp_pubsub) JobSkipped: {'identifier': 'cpp_pubsub'}
[0.844000] (-) EventReactorShutdown: {}
