[1.953s] DEBUG:colcon:Command line arguments: ['/usr/bin/colcon', 'build', '--packages-select', 'cpp_srvcli']
[1.953s] DEBUG:colcon:Parsed command line arguments: Namespace(log_base=None, log_level=None, verb_name='build', build_base='build', install_base='install', merge_install=False, symlink_install=False, test_result_base=None, continue_on_error=False, executor='parallel', parallel_workers=8, event_handlers=None, ignore_user_meta=False, metas=['./colcon.meta'], base_paths=['.'], packages_ignore=None, packages_ignore_regex=None, paths=None, packages_up_to=None, packages_up_to_regex=None, packages_above=None, packages_above_and_dependencies=None, packages_above_depth=None, packages_select_by_dep=None, packages_skip_by_dep=None, packages_skip_up_to=None, packages_select_build_failed=False, packages_skip_build_finished=False, packages_select_test_failures=False, packages_skip_test_passed=False, packages_select=['cpp_srvcli'], packages_skip=None, packages_select_regex=None, packages_skip_regex=None, packages_start=None, packages_end=None, allow_overriding=[], cmake_args=None, cmake_target=None, cmake_target_skip_unavailable=False, cmake_clean_cache=False, cmake_clean_first=False, cmake_force_configure=False, ament_cmake_args=None, catkin_cmake_args=None, catkin_skip_building_tests=False, mixin_files=None, mixin=None, verb_parser=<colcon_mixin.mixin.mixin_argument.MixinArgumentDecorator object at 0x72117a830250>, verb_extension=<colcon_core.verb.build.BuildVerb object at 0x72117a9f7790>, main=<bound method BuildVerb.main of <colcon_core.verb.build.BuildVerb object at 0x72117a9f7790>>, mixin_verb=('build',))
[6.115s] Level 1:colcon.colcon_core.package_discovery:discover_packages(colcon_meta) check parameters
[6.115s] Level 1:colcon.colcon_core.package_discovery:discover_packages(recursive) check parameters
[6.115s] Level 1:colcon.colcon_core.package_discovery:discover_packages(ignore) check parameters
[6.115s] Level 1:colcon.colcon_core.package_discovery:discover_packages(path) check parameters
[6.115s] Level 1:colcon.colcon_core.package_discovery:discover_packages(colcon_meta) discover
[6.115s] Level 1:colcon.colcon_core.package_discovery:discover_packages(recursive) discover
[6.115s] INFO:colcon.colcon_core.package_discovery:Crawling recursively for packages in '/home/bninaos/Documents'
[6.116s] Level 1:colcon.colcon_core.package_identification:_identify(.) by extensions ['ignore', 'ignore_ament_install']
[6.116s] Level 1:colcon.colcon_core.package_identification:_identify(.) by extension 'ignore'
[6.116s] Level 1:colcon.colcon_core.package_identification:_identify(.) by extension 'ignore_ament_install'
[6.116s] Level 1:colcon.colcon_core.package_identification:_identify(.) by extensions ['colcon_pkg']
[6.116s] Level 1:colcon.colcon_core.package_identification:_identify(.) by extension 'colcon_pkg'
[6.116s] Level 1:colcon.colcon_core.package_identification:_identify(.) by extensions ['colcon_meta']
[6.116s] Level 1:colcon.colcon_core.package_identification:_identify(.) by extension 'colcon_meta'
[6.116s] Level 1:colcon.colcon_core.package_identification:_identify(.) by extensions ['ros']
[6.116s] Level 1:colcon.colcon_core.package_identification:_identify(.) by extension 'ros'
[6.352s] Level 1:colcon.colcon_core.package_identification:_identify(.) by extensions ['cmake', 'python']
[6.353s] Level 1:colcon.colcon_core.package_identification:_identify(.) by extension 'cmake'
[6.353s] Level 1:colcon.colcon_core.package_identification:_identify(.) by extension 'python'
[6.353s] Level 1:colcon.colcon_core.package_identification:_identify(.) by extensions ['python_setup_py']
[6.353s] Level 1:colcon.colcon_core.package_identification:_identify(.) by extension 'python_setup_py'
[6.405s] Level 1:colcon.colcon_core.package_identification:_identify(build) by extensions ['ignore', 'ignore_ament_install']
[6.405s] Level 1:colcon.colcon_core.package_identification:_identify(build) by extension 'ignore'
[6.405s] Level 1:colcon.colcon_core.package_identification:_identify(build) ignored
[6.482s] Level 1:colcon.colcon_core.package_identification:_identify(install) by extensions ['ignore', 'ignore_ament_install']
[6.482s] Level 1:colcon.colcon_core.package_identification:_identify(install) by extension 'ignore'
[6.482s] Level 1:colcon.colcon_core.package_identification:_identify(install) ignored
[6.483s] Level 1:colcon.colcon_core.package_identification:_identify(log) by extensions ['ignore', 'ignore_ament_install']
[6.483s] Level 1:colcon.colcon_core.package_identification:_identify(log) by extension 'ignore'
[6.483s] Level 1:colcon.colcon_core.package_identification:_identify(log) ignored
[6.483s] Level 1:colcon.colcon_core.package_identification:_identify(ros2_ws) by extensions ['ignore', 'ignore_ament_install']
[6.483s] Level 1:colcon.colcon_core.package_identification:_identify(ros2_ws) by extension 'ignore'
[6.483s] Level 1:colcon.colcon_core.package_identification:_identify(ros2_ws) by extension 'ignore_ament_install'
[6.484s] Level 1:colcon.colcon_core.package_identification:_identify(ros2_ws) by extensions ['colcon_pkg']
[6.484s] Level 1:colcon.colcon_core.package_identification:_identify(ros2_ws) by extension 'colcon_pkg'
[6.484s] Level 1:colcon.colcon_core.package_identification:_identify(ros2_ws) by extensions ['colcon_meta']
[6.484s] Level 1:colcon.colcon_core.package_identification:_identify(ros2_ws) by extension 'colcon_meta'
[6.484s] Level 1:colcon.colcon_core.package_identification:_identify(ros2_ws) by extensions ['ros']
[6.484s] Level 1:colcon.colcon_core.package_identification:_identify(ros2_ws) by extension 'ros'
[6.484s] Level 1:colcon.colcon_core.package_identification:_identify(ros2_ws) by extensions ['cmake', 'python']
[6.484s] Level 1:colcon.colcon_core.package_identification:_identify(ros2_ws) by extension 'cmake'
[6.484s] Level 1:colcon.colcon_core.package_identification:_identify(ros2_ws) by extension 'python'
[6.484s] Level 1:colcon.colcon_core.package_identification:_identify(ros2_ws) by extensions ['python_setup_py']
[6.484s] Level 1:colcon.colcon_core.package_identification:_identify(ros2_ws) by extension 'python_setup_py'
[6.535s] Level 1:colcon.colcon_core.package_identification:_identify(ros2_ws/build) by extensions ['ignore', 'ignore_ament_install']
[6.535s] Level 1:colcon.colcon_core.package_identification:_identify(ros2_ws/build) by extension 'ignore'
[6.535s] Level 1:colcon.colcon_core.package_identification:_identify(ros2_ws/build) ignored
[6.535s] Level 1:colcon.colcon_core.package_identification:_identify(ros2_ws/install) by extensions ['ignore', 'ignore_ament_install']
[6.536s] Level 1:colcon.colcon_core.package_identification:_identify(ros2_ws/install) by extension 'ignore'
[6.536s] Level 1:colcon.colcon_core.package_identification:_identify(ros2_ws/install) ignored
[6.599s] Level 1:colcon.colcon_core.package_identification:_identify(ros2_ws/log) by extensions ['ignore', 'ignore_ament_install']
[6.600s] Level 1:colcon.colcon_core.package_identification:_identify(ros2_ws/log) by extension 'ignore'
[6.600s] Level 1:colcon.colcon_core.package_identification:_identify(ros2_ws/log) ignored
[6.600s] Level 1:colcon.colcon_core.package_identification:_identify(ros2_ws/src) by extensions ['ignore', 'ignore_ament_install']
[6.600s] Level 1:colcon.colcon_core.package_identification:_identify(ros2_ws/src) by extension 'ignore'
[6.600s] Level 1:colcon.colcon_core.package_identification:_identify(ros2_ws/src) by extension 'ignore_ament_install'
[6.600s] Level 1:colcon.colcon_core.package_identification:_identify(ros2_ws/src) by extensions ['colcon_pkg']
[6.600s] Level 1:colcon.colcon_core.package_identification:_identify(ros2_ws/src) by extension 'colcon_pkg'
[6.601s] Level 1:colcon.colcon_core.package_identification:_identify(ros2_ws/src) by extensions ['colcon_meta']
[6.601s] Level 1:colcon.colcon_core.package_identification:_identify(ros2_ws/src) by extension 'colcon_meta'
[6.601s] Level 1:colcon.colcon_core.package_identification:_identify(ros2_ws/src) by extensions ['ros']
[6.601s] Level 1:colcon.colcon_core.package_identification:_identify(ros2_ws/src) by extension 'ros'
[6.601s] Level 1:colcon.colcon_core.package_identification:_identify(ros2_ws/src) by extensions ['cmake', 'python']
[6.601s] Level 1:colcon.colcon_core.package_identification:_identify(ros2_ws/src) by extension 'cmake'
[6.601s] Level 1:colcon.colcon_core.package_identification:_identify(ros2_ws/src) by extension 'python'
[6.601s] Level 1:colcon.colcon_core.package_identification:_identify(ros2_ws/src) by extensions ['python_setup_py']
[6.601s] Level 1:colcon.colcon_core.package_identification:_identify(ros2_ws/src) by extension 'python_setup_py'
[6.623s] Level 1:colcon.colcon_core.package_identification:_identify(ros2_ws/src/cpp_pubsub) by extensions ['ignore', 'ignore_ament_install']
[6.623s] Level 1:colcon.colcon_core.package_identification:_identify(ros2_ws/src/cpp_pubsub) by extension 'ignore'
[6.623s] Level 1:colcon.colcon_core.package_identification:_identify(ros2_ws/src/cpp_pubsub) by extension 'ignore_ament_install'
[6.623s] Level 1:colcon.colcon_core.package_identification:_identify(ros2_ws/src/cpp_pubsub) by extensions ['colcon_pkg']
[6.623s] Level 1:colcon.colcon_core.package_identification:_identify(ros2_ws/src/cpp_pubsub) by extension 'colcon_pkg'
[6.623s] Level 1:colcon.colcon_core.package_identification:_identify(ros2_ws/src/cpp_pubsub) by extensions ['colcon_meta']
[6.623s] Level 1:colcon.colcon_core.package_identification:_identify(ros2_ws/src/cpp_pubsub) by extension 'colcon_meta'
[6.623s] Level 1:colcon.colcon_core.package_identification:_identify(ros2_ws/src/cpp_pubsub) by extensions ['ros']
[6.623s] Level 1:colcon.colcon_core.package_identification:_identify(ros2_ws/src/cpp_pubsub) by extension 'ros'
[6.646s] DEBUG:colcon.colcon_core.package_identification:Package 'ros2_ws/src/cpp_pubsub' with type 'ros.ament_cmake' and name 'cpp_pubsub'
[6.646s] Level 1:colcon.colcon_core.package_identification:_identify(ros2_ws/src/cpp_srvcli) by extensions ['ignore', 'ignore_ament_install']
[6.646s] Level 1:colcon.colcon_core.package_identification:_identify(ros2_ws/src/cpp_srvcli) by extension 'ignore'
[6.646s] Level 1:colcon.colcon_core.package_identification:_identify(ros2_ws/src/cpp_srvcli) by extension 'ignore_ament_install'
[6.646s] Level 1:colcon.colcon_core.package_identification:_identify(ros2_ws/src/cpp_srvcli) by extensions ['colcon_pkg']
[6.646s] Level 1:colcon.colcon_core.package_identification:_identify(ros2_ws/src/cpp_srvcli) by extension 'colcon_pkg'
[6.646s] Level 1:colcon.colcon_core.package_identification:_identify(ros2_ws/src/cpp_srvcli) by extensions ['colcon_meta']
[6.646s] Level 1:colcon.colcon_core.package_identification:_identify(ros2_ws/src/cpp_srvcli) by extension 'colcon_meta'
[6.646s] Level 1:colcon.colcon_core.package_identification:_identify(ros2_ws/src/cpp_srvcli) by extensions ['ros']
[6.646s] Level 1:colcon.colcon_core.package_identification:_identify(ros2_ws/src/cpp_srvcli) by extension 'ros'
[6.647s] DEBUG:colcon.colcon_core.package_identification:Package 'ros2_ws/src/cpp_srvcli' with type 'ros.ament_cmake' and name 'cpp_srvcli'
[6.652s] Level 1:colcon.colcon_core.package_identification:_identify(ros2_ws/src/seabot_interfaces) by extensions ['ignore', 'ignore_ament_install']
[6.653s] Level 1:colcon.colcon_core.package_identification:_identify(ros2_ws/src/seabot_interfaces) by extension 'ignore'
[6.653s] Level 1:colcon.colcon_core.package_identification:_identify(ros2_ws/src/seabot_interfaces) by extension 'ignore_ament_install'
[6.653s] Level 1:colcon.colcon_core.package_identification:_identify(ros2_ws/src/seabot_interfaces) by extensions ['colcon_pkg']
[6.653s] Level 1:colcon.colcon_core.package_identification:_identify(ros2_ws/src/seabot_interfaces) by extension 'colcon_pkg'
[6.653s] Level 1:colcon.colcon_core.package_identification:_identify(ros2_ws/src/seabot_interfaces) by extensions ['colcon_meta']
[6.653s] Level 1:colcon.colcon_core.package_identification:_identify(ros2_ws/src/seabot_interfaces) by extension 'colcon_meta'
[6.653s] Level 1:colcon.colcon_core.package_identification:_identify(ros2_ws/src/seabot_interfaces) by extensions ['ros']
[6.653s] Level 1:colcon.colcon_core.package_identification:_identify(ros2_ws/src/seabot_interfaces) by extension 'ros'
[6.683s] DEBUG:colcon.colcon_core.package_identification:Package 'ros2_ws/src/seabot_interfaces' with type 'ros.ament_cmake' and name 'seabot_interfaces'
[6.683s] Level 1:colcon.colcon_core.package_discovery:discover_packages(recursive) using defaults
[6.683s] Level 1:colcon.colcon_core.package_discovery:discover_packages(ignore) discover
[6.683s] Level 1:colcon.colcon_core.package_discovery:discover_packages(ignore) using defaults
[6.683s] Level 1:colcon.colcon_core.package_discovery:discover_packages(path) discover
[6.683s] Level 1:colcon.colcon_core.package_discovery:discover_packages(path) using defaults
[7.009s] INFO:colcon.colcon_core.package_selection:Skipping not selected package 'seabot_interfaces' in 'ros2_ws/src/seabot_interfaces'
[7.010s] INFO:colcon.colcon_core.package_selection:Skipping not selected package 'cpp_pubsub' in 'ros2_ws/src/cpp_pubsub'
[7.011s] Level 1:colcon.colcon_core.package_discovery:discover_packages(prefix_path) check parameters
[7.011s] Level 1:colcon.colcon_core.package_discovery:discover_packages(prefix_path) discover
[7.147s] DEBUG:colcon.colcon_installed_package_information.package_discovery:Found 4 installed packages in /home/bninaos/Documents/ros2_ws/install
[7.163s] DEBUG:colcon.colcon_installed_package_information.package_discovery:Found 3 installed packages in /home/bninaos/microros/install
[7.177s] DEBUG:colcon.colcon_installed_package_information.package_discovery:Found 180 installed packages in /opt/ros/humble
[7.179s] Level 1:colcon.colcon_core.package_discovery:discover_packages(prefix_path) using defaults
[8.667s] Level 5:colcon.colcon_core.verb:set package 'cpp_srvcli' build argument 'cmake_args' from command line to 'None'
[8.667s] Level 5:colcon.colcon_core.verb:set package 'cpp_srvcli' build argument 'cmake_target' from command line to 'None'
[8.667s] Level 5:colcon.colcon_core.verb:set package 'cpp_srvcli' build argument 'cmake_target_skip_unavailable' from command line to 'False'
[8.667s] Level 5:colcon.colcon_core.verb:set package 'cpp_srvcli' build argument 'cmake_clean_cache' from command line to 'False'
[8.667s] Level 5:colcon.colcon_core.verb:set package 'cpp_srvcli' build argument 'cmake_clean_first' from command line to 'False'
[8.667s] Level 5:colcon.colcon_core.verb:set package 'cpp_srvcli' build argument 'cmake_force_configure' from command line to 'False'
[8.667s] Level 5:colcon.colcon_core.verb:set package 'cpp_srvcli' build argument 'ament_cmake_args' from command line to 'None'
[8.667s] Level 5:colcon.colcon_core.verb:set package 'cpp_srvcli' build argument 'catkin_cmake_args' from command line to 'None'
[8.667s] Level 5:colcon.colcon_core.verb:set package 'cpp_srvcli' build argument 'catkin_skip_building_tests' from command line to 'False'
[8.667s] DEBUG:colcon.colcon_core.verb:Building package 'cpp_srvcli' with the following arguments: {'ament_cmake_args': None, 'build_base': '/home/bninaos/Documents/build/cpp_srvcli', 'catkin_cmake_args': None, 'catkin_skip_building_tests': False, 'cmake_args': None, 'cmake_clean_cache': False, 'cmake_clean_first': False, 'cmake_force_configure': False, 'cmake_target': None, 'cmake_target_skip_unavailable': False, 'install_base': '/home/bninaos/Documents/install/cpp_srvcli', 'merge_install': False, 'path': '/home/bninaos/Documents/ros2_ws/src/cpp_srvcli', 'symlink_install': False, 'test_result_base': None}
[8.667s] INFO:colcon.colcon_core.executor:Executing jobs using 'parallel' executor
[8.669s] DEBUG:colcon.colcon_parallel_executor.executor.parallel:run_until_complete
[8.669s] INFO:colcon.colcon_ros.task.ament_cmake.build:Building ROS package in '/home/bninaos/Documents/ros2_ws/src/cpp_srvcli' with build type 'ament_cmake'
[8.669s] INFO:colcon.colcon_cmake.task.cmake.build:Building CMake package in '/home/bninaos/Documents/ros2_ws/src/cpp_srvcli'
[8.759s] INFO:colcon.colcon_core.plugin_system:Skipping extension 'colcon_core.shell.bat': Not used on non-Windows systems
[8.759s] INFO:colcon.colcon_core.shell:Skip shell extension 'powershell' for command environment: Not usable outside of PowerShell
[8.760s] DEBUG:colcon.colcon_core.shell:Skip shell extension 'dsv' for command environment
[8.927s] DEBUG:colcon.colcon_core.event_handler.log_command:Invoking command in '/home/bninaos/Documents/build/cpp_srvcli': AMENT_PREFIX_PATH=/home/bninaos/Documents/install/seabot_interfaces:${AMENT_PREFIX_PATH} CMAKE_PREFIX_PATH=/home/bninaos/Documents/install/seabot_interfaces:/home/bninaos/microros/install/micro_ros_setup:/home/bninaos/microros/install/micro_ros_agent:/home/bninaos/microros/install/micro_ros_msgs:/home/bninaos/Documents/ros2_ws/install/cpp_srvcli:/home/bninaos/Documents/ros2_ws/install/cpp_pubsub:/home/bninaos/Documents/ros2_ws/install/seabot_interfaces:/opt/ros/humble LD_LIBRARY_PATH=/home/bninaos/Documents/install/seabot_interfaces/lib:${LD_LIBRARY_PATH} PYTHONPATH=/home/bninaos/Documents/install/seabot_interfaces/local/lib/python3.10/dist-packages:${PYTHONPATH} /usr/bin/cmake --build /home/bninaos/Documents/build/cpp_srvcli -- -j8 -l8
[13.413s] DEBUG:colcon.colcon_core.event_handler.log_command:Invoked command in '/home/bninaos/Documents/build/cpp_srvcli' returned '0': AMENT_PREFIX_PATH=/home/bninaos/Documents/install/seabot_interfaces:${AMENT_PREFIX_PATH} CMAKE_PREFIX_PATH=/home/bninaos/Documents/install/seabot_interfaces:/home/bninaos/microros/install/micro_ros_setup:/home/bninaos/microros/install/micro_ros_agent:/home/bninaos/microros/install/micro_ros_msgs:/home/bninaos/Documents/ros2_ws/install/cpp_srvcli:/home/bninaos/Documents/ros2_ws/install/cpp_pubsub:/home/bninaos/Documents/ros2_ws/install/seabot_interfaces:/opt/ros/humble LD_LIBRARY_PATH=/home/bninaos/Documents/install/seabot_interfaces/lib:${LD_LIBRARY_PATH} PYTHONPATH=/home/bninaos/Documents/install/seabot_interfaces/local/lib/python3.10/dist-packages:${PYTHONPATH} /usr/bin/cmake --build /home/bninaos/Documents/build/cpp_srvcli -- -j8 -l8
[13.440s] DEBUG:colcon.colcon_core.event_handler.log_command:Invoking command in '/home/bninaos/Documents/build/cpp_srvcli': AMENT_PREFIX_PATH=/home/bninaos/Documents/install/seabot_interfaces:${AMENT_PREFIX_PATH} CMAKE_PREFIX_PATH=/home/bninaos/Documents/install/seabot_interfaces:/home/bninaos/microros/install/micro_ros_setup:/home/bninaos/microros/install/micro_ros_agent:/home/bninaos/microros/install/micro_ros_msgs:/home/bninaos/Documents/ros2_ws/install/cpp_srvcli:/home/bninaos/Documents/ros2_ws/install/cpp_pubsub:/home/bninaos/Documents/ros2_ws/install/seabot_interfaces:/opt/ros/humble LD_LIBRARY_PATH=/home/bninaos/Documents/install/seabot_interfaces/lib:${LD_LIBRARY_PATH} PYTHONPATH=/home/bninaos/Documents/install/seabot_interfaces/local/lib/python3.10/dist-packages:${PYTHONPATH} /usr/bin/cmake --install /home/bninaos/Documents/build/cpp_srvcli
[13.660s] Level 1:colcon.colcon_core.environment:create_environment_scripts_only(cpp_srvcli)
[13.661s] DEBUG:colcon.colcon_core.event_handler.log_command:Invoked command in '/home/bninaos/Documents/build/cpp_srvcli' returned '0': AMENT_PREFIX_PATH=/home/bninaos/Documents/install/seabot_interfaces:${AMENT_PREFIX_PATH} CMAKE_PREFIX_PATH=/home/bninaos/Documents/install/seabot_interfaces:/home/bninaos/microros/install/micro_ros_setup:/home/bninaos/microros/install/micro_ros_agent:/home/bninaos/microros/install/micro_ros_msgs:/home/bninaos/Documents/ros2_ws/install/cpp_srvcli:/home/bninaos/Documents/ros2_ws/install/cpp_pubsub:/home/bninaos/Documents/ros2_ws/install/seabot_interfaces:/opt/ros/humble LD_LIBRARY_PATH=/home/bninaos/Documents/install/seabot_interfaces/lib:${LD_LIBRARY_PATH} PYTHONPATH=/home/bninaos/Documents/install/seabot_interfaces/local/lib/python3.10/dist-packages:${PYTHONPATH} /usr/bin/cmake --install /home/bninaos/Documents/build/cpp_srvcli
[13.837s] Level 1:colcon.colcon_core.environment:checking '/home/bninaos/Documents/install/cpp_srvcli' for CMake module files
[13.879s] Level 1:colcon.colcon_core.environment:checking '/home/bninaos/Documents/install/cpp_srvcli' for CMake config files
[13.881s] Level 1:colcon.colcon_core.shell:create_environment_hook('cpp_srvcli', 'cmake_prefix_path')
[13.881s] INFO:colcon.colcon_core.shell:Creating environment hook '/home/bninaos/Documents/install/cpp_srvcli/share/cpp_srvcli/hook/cmake_prefix_path.ps1'
[13.897s] INFO:colcon.colcon_core.shell:Creating environment descriptor '/home/bninaos/Documents/install/cpp_srvcli/share/cpp_srvcli/hook/cmake_prefix_path.dsv'
[13.913s] INFO:colcon.colcon_core.shell:Creating environment hook '/home/bninaos/Documents/install/cpp_srvcli/share/cpp_srvcli/hook/cmake_prefix_path.sh'
[13.924s] Level 1:colcon.colcon_core.environment:checking '/home/bninaos/Documents/install/cpp_srvcli/lib'
[13.925s] Level 1:colcon.colcon_core.environment:checking '/home/bninaos/Documents/install/cpp_srvcli/bin'
[13.925s] Level 1:colcon.colcon_core.environment:checking '/home/bninaos/Documents/install/cpp_srvcli/lib/pkgconfig/cpp_srvcli.pc'
[13.926s] Level 1:colcon.colcon_core.environment:checking '/home/bninaos/Documents/install/cpp_srvcli/lib/python3.10/site-packages'
[13.926s] Level 1:colcon.colcon_core.environment:checking '/home/bninaos/Documents/install/cpp_srvcli/bin'
[13.927s] INFO:colcon.colcon_core.shell:Creating package script '/home/bninaos/Documents/install/cpp_srvcli/share/cpp_srvcli/package.ps1'
[13.935s] INFO:colcon.colcon_core.shell:Creating package descriptor '/home/bninaos/Documents/install/cpp_srvcli/share/cpp_srvcli/package.dsv'
[13.948s] INFO:colcon.colcon_core.shell:Creating package script '/home/bninaos/Documents/install/cpp_srvcli/share/cpp_srvcli/package.sh'
[13.950s] INFO:colcon.colcon_core.shell:Creating package script '/home/bninaos/Documents/install/cpp_srvcli/share/cpp_srvcli/package.bash'
[13.973s] INFO:colcon.colcon_core.shell:Creating package script '/home/bninaos/Documents/install/cpp_srvcli/share/cpp_srvcli/package.zsh'
[13.990s] Level 1:colcon.colcon_core.environment:create_file_with_runtime_dependencies(/home/bninaos/Documents/install/cpp_srvcli/share/colcon-core/packages/cpp_srvcli)
[14.021s] Level 1:colcon.colcon_core.environment:create_environment_scripts_only(cpp_srvcli)
[14.021s] Level 1:colcon.colcon_core.environment:checking '/home/bninaos/Documents/install/cpp_srvcli' for CMake module files
[14.022s] Level 1:colcon.colcon_core.environment:checking '/home/bninaos/Documents/install/cpp_srvcli' for CMake config files
[14.022s] Level 1:colcon.colcon_core.shell:create_environment_hook('cpp_srvcli', 'cmake_prefix_path')
[14.022s] INFO:colcon.colcon_core.shell:Creating environment hook '/home/bninaos/Documents/install/cpp_srvcli/share/cpp_srvcli/hook/cmake_prefix_path.ps1'
[14.023s] INFO:colcon.colcon_core.shell:Creating environment descriptor '/home/bninaos/Documents/install/cpp_srvcli/share/cpp_srvcli/hook/cmake_prefix_path.dsv'
[14.023s] INFO:colcon.colcon_core.shell:Creating environment hook '/home/bninaos/Documents/install/cpp_srvcli/share/cpp_srvcli/hook/cmake_prefix_path.sh'
[14.024s] Level 1:colcon.colcon_core.environment:checking '/home/bninaos/Documents/install/cpp_srvcli/lib'
[14.024s] Level 1:colcon.colcon_core.environment:checking '/home/bninaos/Documents/install/cpp_srvcli/bin'
[14.024s] Level 1:colcon.colcon_core.environment:checking '/home/bninaos/Documents/install/cpp_srvcli/lib/pkgconfig/cpp_srvcli.pc'
[14.024s] Level 1:colcon.colcon_core.environment:checking '/home/bninaos/Documents/install/cpp_srvcli/lib/python3.10/site-packages'
[14.024s] Level 1:colcon.colcon_core.environment:checking '/home/bninaos/Documents/install/cpp_srvcli/bin'
[14.024s] INFO:colcon.colcon_core.shell:Creating package script '/home/bninaos/Documents/install/cpp_srvcli/share/cpp_srvcli/package.ps1'
[14.025s] INFO:colcon.colcon_core.shell:Creating package descriptor '/home/bninaos/Documents/install/cpp_srvcli/share/cpp_srvcli/package.dsv'
[14.025s] INFO:colcon.colcon_core.shell:Creating package script '/home/bninaos/Documents/install/cpp_srvcli/share/cpp_srvcli/package.sh'
[14.025s] INFO:colcon.colcon_core.shell:Creating package script '/home/bninaos/Documents/install/cpp_srvcli/share/cpp_srvcli/package.bash'
[14.026s] INFO:colcon.colcon_core.shell:Creating package script '/home/bninaos/Documents/install/cpp_srvcli/share/cpp_srvcli/package.zsh'
[14.026s] Level 1:colcon.colcon_core.environment:create_file_with_runtime_dependencies(/home/bninaos/Documents/install/cpp_srvcli/share/colcon-core/packages/cpp_srvcli)
[14.026s] DEBUG:colcon.colcon_parallel_executor.executor.parallel:closing loop
[14.026s] DEBUG:colcon.colcon_parallel_executor.executor.parallel:loop closed
[14.026s] DEBUG:colcon.colcon_parallel_executor.executor.parallel:run_until_complete finished with '0'
[14.026s] DEBUG:colcon.colcon_core.event_reactor:joining thread
[14.082s] INFO:colcon.colcon_core.plugin_system:Skipping extension 'colcon_notification.desktop_notification.terminal_notifier': Not used on non-Darwin systems
[14.082s] INFO:colcon.colcon_core.plugin_system:Skipping extension 'colcon_notification.desktop_notification.win32': Not used on non-Windows systems
[14.082s] INFO:colcon.colcon_notification.desktop_notification:Sending desktop notification using 'notify2'
[14.096s] DEBUG:colcon.colcon_core.event_reactor:joined thread
[14.097s] INFO:colcon.colcon_core.shell:Creating prefix script '/home/bninaos/Documents/install/local_setup.ps1'
[14.129s] INFO:colcon.colcon_core.shell:Creating prefix util module '/home/bninaos/Documents/install/_local_setup_util_ps1.py'
[14.145s] INFO:colcon.colcon_core.shell:Creating prefix chain script '/home/bninaos/Documents/install/setup.ps1'
[14.148s] INFO:colcon.colcon_core.shell:Creating prefix script '/home/bninaos/Documents/install/local_setup.sh'
[14.155s] INFO:colcon.colcon_core.shell:Creating prefix util module '/home/bninaos/Documents/install/_local_setup_util_sh.py'
[14.156s] INFO:colcon.colcon_core.shell:Creating prefix chain script '/home/bninaos/Documents/install/setup.sh'
[14.253s] INFO:colcon.colcon_core.shell:Creating prefix script '/home/bninaos/Documents/install/local_setup.bash'
[14.254s] INFO:colcon.colcon_core.shell:Creating prefix chain script '/home/bninaos/Documents/install/setup.bash'
[14.258s] INFO:colcon.colcon_core.shell:Creating prefix script '/home/bninaos/Documents/install/local_setup.zsh'
[14.259s] INFO:colcon.colcon_core.shell:Creating prefix chain script '/home/bninaos/Documents/install/setup.zsh'
