[0.006s] Invoking command in '/home/bninaos/seabot_interfaces/build/seabot_interfaces': CMAKE_PREFIX_PATH=/opt/ros/humble /usr/bin/cmake /home/bninaos/seabot_interfaces -DCMAKE_INSTALL_PREFIX=/home/bninaos/seabot_interfaces/install/seabot_interfaces
[0.046s] -- The C compiler identification is GNU 11.4.0
[0.095s] -- The CXX compiler identification is GNU 11.4.0
[0.100s] -- Detecting C compiler ABI info
[0.181s] -- Detecting C compiler ABI info - done
[0.187s] -- Check for working C compiler: /usr/bin/cc - skipped
[0.187s] -- Detecting C compile features
[0.187s] -- Detecting C compile features - done
[0.189s] -- Detecting CXX compiler ABI info
[0.253s] -- Detecting CXX compiler ABI info - done
[0.258s] -- Check for working CXX compiler: /usr/bin/c++ - skipped
[0.258s] -- Detecting CXX compile features
[0.258s] -- Detecting CXX compile features - done
[0.659s] -- Found ament_cmake: 1.3.10 (/opt/ros/humble/share/ament_cmake/cmake)
[1.040s] -- Found Python3: /usr/bin/python3 (found version "3.10.12") found components: Interpreter 
[2.911s] -- Found ament_lint_auto: 0.12.11 (/opt/ros/humble/share/ament_lint_auto/cmake)
[3.685s] -- Found rosidl_default_generators: 1.2.0 (/opt/ros/humble/share/rosidl_default_generators/cmake)
[4.052s] -- Using all available rosidl_typesupport_c: rosidl_typesupport_fastrtps_c;rosidl_typesupport_introspection_c
[4.436s] -- Found rosidl_adapter: 3.1.5 (/opt/ros/humble/share/rosidl_adapter/cmake)
[6.833s] -- Using all available rosidl_typesupport_cpp: rosidl_typesupport_fastrtps_cpp;rosidl_typesupport_introspection_cpp
[8.947s] -- Found ament_cmake_ros: 0.10.0 (/opt/ros/humble/share/ament_cmake_ros/cmake)
[9.654s] -- Using all available rosidl_typesupport_c: rosidl_typesupport_fastrtps_c;rosidl_typesupport_introspection_c
[10.191s] -- Using all available rosidl_typesupport_cpp: rosidl_typesupport_fastrtps_cpp;rosidl_typesupport_introspection_cpp
[10.297s] -- Found PythonInterp: /usr/bin/python3 (found suitable version "3.10.12", minimum required is "3.6") 
[10.361s] -- Found python_cmake_module: 0.10.0 (/opt/ros/humble/share/python_cmake_module/cmake)
[10.752s] -- Found PythonLibs: /usr/lib/x86_64-linux-gnu/libpython3.10.so (found suitable version "3.10.12", minimum required is "3.5") 
[10.753s] -- Using PYTHON_EXECUTABLE: /usr/bin/python3
[10.753s] -- Using PYTHON_INCLUDE_DIRS: /usr/include/python3.10
[10.753s] -- Using PYTHON_LIBRARIES: /usr/lib/x86_64-linux-gnu/libpython3.10.so
[10.765s] -- Found PythonExtra: .so  
[11.258s] -- Added test 'cppcheck' to perform static code analysis on C / C++ code
[11.260s] -- Configured cppcheck include dirs: $<BUILD_INTERFACE:/home/bninaos/seabot_interfaces/build/seabot_interfaces/rosidl_generator_c>;$<BUILD_INTERFACE:/home/bninaos/seabot_interfaces/build/seabot_interfaces/rosidl_typesupport_fastrtps_c>;$<BUILD_INTERFACE:/home/bninaos/seabot_interfaces/build/seabot_interfaces/rosidl_typesupport_introspection_c>;$<BUILD_INTERFACE:/home/bninaos/seabot_interfaces/build/seabot_interfaces/rosidl_generator_cpp>;$<BUILD_INTERFACE:/home/bninaos/seabot_interfaces/build/seabot_interfaces/rosidl_typesupport_fastrtps_cpp>;$<BUILD_INTERFACE:/home/bninaos/seabot_interfaces/build/seabot_interfaces/rosidl_typesupport_introspection_cpp>;/home/bninaos/seabot_interfaces/build/seabot_interfaces/rosidl_generator_c;/home/bninaos/seabot_interfaces/build/seabot_interfaces/rosidl_generator_py
[11.260s] -- Configured cppcheck exclude dirs and/or files: 
[11.274s] -- Added test 'flake8' to check Python code syntax and style conventions
[11.299s] -- Added test 'lint_cmake' to check CMake code style
[11.323s] -- Added test 'pep257' to check Python code against some of the docstring style conventions in PEP 257
[11.356s] -- Added test 'uncrustify' to check C / C++ code style
[11.356s] -- Configured uncrustify additional arguments: 
[11.372s] -- Added test 'xmllint' to check XML markup files
[11.593s] -- Configuring done
[11.623s] -- Generating done
[11.625s] -- Build files have been written to: /home/bninaos/seabot_interfaces/build/seabot_interfaces
[11.630s] Invoked command in '/home/bninaos/seabot_interfaces/build/seabot_interfaces' returned '0': CMAKE_PREFIX_PATH=/opt/ros/humble /usr/bin/cmake /home/bninaos/seabot_interfaces -DCMAKE_INSTALL_PREFIX=/home/bninaos/seabot_interfaces/install/seabot_interfaces
[11.630s] Invoking command in '/home/bninaos/seabot_interfaces/build/seabot_interfaces': CMAKE_PREFIX_PATH=/opt/ros/humble /usr/bin/cmake --build /home/bninaos/seabot_interfaces/build/seabot_interfaces -- -j8 -l8
[11.657s] [  2%] [34m[1mGenerating C code for ROS interfaces[0m
[11.664s] [  4%] [34m[1mGenerating C++ code for ROS interfaces[0m
[11.670s] [  4%] Built target ament_cmake_python_copy_seabot_interfaces
[11.805s] running egg_info
[11.805s] creating seabot_interfaces.egg-info
[11.805s] writing seabot_interfaces.egg-info/PKG-INFO
[11.806s] writing dependency_links to seabot_interfaces.egg-info/dependency_links.txt
[11.806s] writing top-level names to seabot_interfaces.egg-info/top_level.txt
[11.806s] writing manifest file 'seabot_interfaces.egg-info/SOURCES.txt'
[11.807s] reading manifest file 'seabot_interfaces.egg-info/SOURCES.txt'
[11.807s] writing manifest file 'seabot_interfaces.egg-info/SOURCES.txt'
[11.826s] [  4%] Built target ament_cmake_python_build_seabot_interfaces_egg
[12.838s] [ 10%] [32mBuilding C object CMakeFiles/seabot_interfaces__rosidl_generator_c.dir/rosidl_generator_c/seabot_interfaces/msg/detail/sensor_data__functions.c.o[0m
[12.838s] [ 10%] [32mBuilding C object CMakeFiles/seabot_interfaces__rosidl_generator_c.dir/rosidl_generator_c/seabot_interfaces/msg/detail/feedback__functions.c.o[0m
[12.838s] [ 10%] [32mBuilding C object CMakeFiles/seabot_interfaces__rosidl_generator_c.dir/rosidl_generator_c/seabot_interfaces/srv/detail/service__functions.c.o[0m
[12.894s] [ 10%] Built target seabot_interfaces__cpp
[12.901s] [ 17%] [34m[1mGenerating C++ type support dispatch for ROS interfaces[0m
[12.901s] [ 17%] [34m[1mGenerating C++ type support for eProsima Fast-RTPS[0m
[12.901s] [ 17%] [34m[1mGenerating C++ introspection for ROS interfaces[0m
[13.359s] [ 23%] [32mBuilding CXX object CMakeFiles/seabot_interfaces__rosidl_typesupport_cpp.dir/rosidl_typesupport_cpp/seabot_interfaces/msg/sensor_data__type_support.cpp.o[0m
[13.359s] [ 23%] [32mBuilding CXX object CMakeFiles/seabot_interfaces__rosidl_typesupport_cpp.dir/rosidl_typesupport_cpp/seabot_interfaces/msg/feedback__type_support.cpp.o[0m
[13.359s] [ 23%] [32mBuilding CXX object CMakeFiles/seabot_interfaces__rosidl_typesupport_cpp.dir/rosidl_typesupport_cpp/seabot_interfaces/srv/service__type_support.cpp.o[0m
[13.480s] [ 25%] [32mBuilding CXX object CMakeFiles/seabot_interfaces__rosidl_typesupport_introspection_cpp.dir/rosidl_typesupport_introspection_cpp/seabot_interfaces/msg/detail/feedback__type_support.cpp.o[0m
[13.530s] [ 27%] [32mBuilding CXX object CMakeFiles/seabot_interfaces__rosidl_typesupport_fastrtps_cpp.dir/rosidl_typesupport_fastrtps_cpp/seabot_interfaces/msg/detail/dds_fastrtps/feedback__type_support.cpp.o[0m
[13.635s] [ 29%] [32mBuilding CXX object CMakeFiles/seabot_interfaces__rosidl_typesupport_introspection_cpp.dir/rosidl_typesupport_introspection_cpp/seabot_interfaces/msg/detail/sensor_data__type_support.cpp.o[0m
[13.726s] [ 31%] [32m[1mLinking C shared library libseabot_interfaces__rosidl_generator_c.so[0m
[13.728s] [ 34%] [32mBuilding CXX object CMakeFiles/seabot_interfaces__rosidl_typesupport_fastrtps_cpp.dir/rosidl_typesupport_fastrtps_cpp/seabot_interfaces/msg/detail/dds_fastrtps/sensor_data__type_support.cpp.o[0m
[13.830s] [ 34%] Built target seabot_interfaces__rosidl_generator_c
[13.838s] [ 36%] [32mBuilding CXX object CMakeFiles/seabot_interfaces__rosidl_typesupport_fastrtps_cpp.dir/rosidl_typesupport_fastrtps_cpp/seabot_interfaces/srv/detail/dds_fastrtps/service__type_support.cpp.o[0m
[14.032s] [ 38%] [34m[1mGenerating C type support for eProsima Fast-RTPS[0m
[14.090s] [ 40%] [32mBuilding CXX object CMakeFiles/seabot_interfaces__rosidl_typesupport_introspection_cpp.dir/rosidl_typesupport_introspection_cpp/seabot_interfaces/srv/detail/service__type_support.cpp.o[0m
[14.136s] [ 42%] [32m[1mLinking CXX shared library libseabot_interfaces__rosidl_typesupport_cpp.so[0m
[14.176s] [ 42%] Built target seabot_interfaces__rosidl_typesupport_cpp
[14.183s] [ 44%] [34m[1mGenerating C introspection for ROS interfaces[0m
[14.464s] [ 46%] [34m[1mGenerating C type support dispatch for ROS interfaces[0m
[14.549s] [ 53%] [32mBuilding CXX object CMakeFiles/seabot_interfaces__rosidl_typesupport_fastrtps_c.dir/rosidl_typesupport_fastrtps_c/seabot_interfaces/msg/detail/sensor_data__type_support_c.cpp.o[0m
[14.549s] [ 53%] [32mBuilding CXX object CMakeFiles/seabot_interfaces__rosidl_typesupport_fastrtps_c.dir/rosidl_typesupport_fastrtps_c/seabot_interfaces/srv/detail/service__type_support_c.cpp.o[0m
[14.549s] [ 53%] [32mBuilding CXX object CMakeFiles/seabot_interfaces__rosidl_typesupport_fastrtps_c.dir/rosidl_typesupport_fastrtps_c/seabot_interfaces/msg/detail/feedback__type_support_c.cpp.o[0m
[14.570s] [ 55%] [32m[1mLinking CXX shared library libseabot_interfaces__rosidl_typesupport_introspection_cpp.so[0m
[14.686s] [ 59%] [32mBuilding C object CMakeFiles/seabot_interfaces__rosidl_typesupport_introspection_c.dir/rosidl_typesupport_introspection_c/seabot_interfaces/msg/detail/sensor_data__type_support.c.o[0m
[14.686s] [ 59%] [32mBuilding C object CMakeFiles/seabot_interfaces__rosidl_typesupport_introspection_c.dir/rosidl_typesupport_introspection_c/seabot_interfaces/msg/detail/feedback__type_support.c.o[0m
[14.705s] [ 59%] Built target seabot_interfaces__rosidl_typesupport_introspection_cpp
[14.716s] [ 61%] [32mBuilding C object CMakeFiles/seabot_interfaces__rosidl_typesupport_introspection_c.dir/rosidl_typesupport_introspection_c/seabot_interfaces/srv/detail/service__type_support.c.o[0m
[14.818s] [ 63%] [32m[1mLinking C shared library libseabot_interfaces__rosidl_typesupport_introspection_c.so[0m
[14.853s] [ 63%] Built target seabot_interfaces__rosidl_typesupport_introspection_c
[14.886s] [ 70%] [32mBuilding CXX object CMakeFiles/seabot_interfaces__rosidl_typesupport_c.dir/rosidl_typesupport_c/seabot_interfaces/msg/feedback__type_support.cpp.o[0m
[14.886s] [ 70%] [32mBuilding CXX object CMakeFiles/seabot_interfaces__rosidl_typesupport_c.dir/rosidl_typesupport_c/seabot_interfaces/msg/sensor_data__type_support.cpp.o[0m
[14.887s] [ 70%] [32mBuilding CXX object CMakeFiles/seabot_interfaces__rosidl_typesupport_c.dir/rosidl_typesupport_c/seabot_interfaces/srv/service__type_support.cpp.o[0m
[14.985s] [ 72%] [32m[1mLinking CXX shared library libseabot_interfaces__rosidl_typesupport_fastrtps_c.so[0m
[15.010s] [ 74%] [32m[1mLinking CXX shared library libseabot_interfaces__rosidl_typesupport_fastrtps_cpp.so[0m
[15.010s] [ 76%] [32m[1mLinking CXX shared library libseabot_interfaces__rosidl_typesupport_c.so[0m
[15.041s] [ 76%] Built target seabot_interfaces__rosidl_typesupport_c
[15.112s] [ 76%] Built target seabot_interfaces__rosidl_typesupport_fastrtps_cpp
[15.112s] [ 76%] Built target seabot_interfaces__rosidl_typesupport_fastrtps_c
[15.126s] [ 76%] Built target seabot_interfaces
[15.140s] [ 78%] [34m[1mGenerating Python code for ROS interfaces[0m
[15.765s] [ 78%] Built target seabot_interfaces__py
[15.779s] [ 85%] [32mBuilding C object CMakeFiles/seabot_interfaces__rosidl_generator_py.dir/rosidl_generator_py/seabot_interfaces/srv/_service_s.c.o[0m
[15.779s] [ 85%] [32mBuilding C object CMakeFiles/seabot_interfaces__rosidl_generator_py.dir/rosidl_generator_py/seabot_interfaces/msg/_feedback_s.c.o[0m
[15.779s] [ 85%] [32mBuilding C object CMakeFiles/seabot_interfaces__rosidl_generator_py.dir/rosidl_generator_py/seabot_interfaces/msg/_sensor_data_s.c.o[0m
[17.765s] [ 87%] [32m[1mLinking C shared library rosidl_generator_py/seabot_interfaces/libseabot_interfaces__rosidl_generator_py.so[0m
[17.801s] [ 87%] Built target seabot_interfaces__rosidl_generator_py
[17.818s] [ 91%] [32mBuilding C object CMakeFiles/seabot_interfaces__rosidl_typesupport_c__pyext.dir/rosidl_generator_py/seabot_interfaces/_seabot_interfaces_s.ep.rosidl_typesupport_c.c.o[0m
[17.818s] [ 91%] [32mBuilding C object CMakeFiles/seabot_interfaces__rosidl_typesupport_fastrtps_c__pyext.dir/rosidl_generator_py/seabot_interfaces/_seabot_interfaces_s.ep.rosidl_typesupport_fastrtps_c.c.o[0m
[17.818s] [ 93%] [32mBuilding C object CMakeFiles/seabot_interfaces__rosidl_typesupport_introspection_c__pyext.dir/rosidl_generator_py/seabot_interfaces/_seabot_interfaces_s.ep.rosidl_typesupport_introspection_c.c.o[0m
[17.911s] [100%] [32m[1mLinking C shared library rosidl_generator_py/seabot_interfaces/seabot_interfaces_s__rosidl_typesupport_fastrtps_c.cpython-310-x86_64-linux-gnu.so[0m
[17.911s] [100%] [32m[1mLinking C shared library rosidl_generator_py/seabot_interfaces/seabot_interfaces_s__rosidl_typesupport_c.cpython-310-x86_64-linux-gnu.so[0m
[17.911s] [100%] [32m[1mLinking C shared library rosidl_generator_py/seabot_interfaces/seabot_interfaces_s__rosidl_typesupport_introspection_c.cpython-310-x86_64-linux-gnu.so[0m
[17.934s] [100%] Built target seabot_interfaces__rosidl_typesupport_fastrtps_c__pyext
[17.934s] [100%] Built target seabot_interfaces__rosidl_typesupport_c__pyext
[17.934s] [100%] Built target seabot_interfaces__rosidl_typesupport_introspection_c__pyext
[17.944s] Invoked command in '/home/bninaos/seabot_interfaces/build/seabot_interfaces' returned '0': CMAKE_PREFIX_PATH=/opt/ros/humble /usr/bin/cmake --build /home/bninaos/seabot_interfaces/build/seabot_interfaces -- -j8 -l8
[18.010s] Invoking command in '/home/bninaos/seabot_interfaces/build/seabot_interfaces': CMAKE_PREFIX_PATH=/opt/ros/humble /usr/bin/cmake --install /home/bninaos/seabot_interfaces/build/seabot_interfaces
[18.016s] -- Install configuration: ""
[18.016s] -- Installing: /home/bninaos/seabot_interfaces/install/seabot_interfaces/share/ament_index/resource_index/rosidl_interfaces/seabot_interfaces
[18.016s] -- Installing: /home/bninaos/seabot_interfaces/install/seabot_interfaces/include/seabot_interfaces/seabot_interfaces
[18.016s] -- Installing: /home/bninaos/seabot_interfaces/install/seabot_interfaces/include/seabot_interfaces/seabot_interfaces/msg
[18.016s] -- Installing: /home/bninaos/seabot_interfaces/install/seabot_interfaces/include/seabot_interfaces/seabot_interfaces/msg/rosidl_generator_c__visibility_control.h
[18.016s] -- Installing: /home/bninaos/seabot_interfaces/install/seabot_interfaces/include/seabot_interfaces/seabot_interfaces/msg/feedback.h
[18.017s] -- Installing: /home/bninaos/seabot_interfaces/install/seabot_interfaces/include/seabot_interfaces/seabot_interfaces/msg/sensor_data.h
[18.017s] -- Installing: /home/bninaos/seabot_interfaces/install/seabot_interfaces/include/seabot_interfaces/seabot_interfaces/msg/detail
[18.017s] -- Installing: /home/bninaos/seabot_interfaces/install/seabot_interfaces/include/seabot_interfaces/seabot_interfaces/msg/detail/feedback__type_support.h
[18.017s] -- Installing: /home/bninaos/seabot_interfaces/install/seabot_interfaces/include/seabot_interfaces/seabot_interfaces/msg/detail/sensor_data__functions.c
[18.017s] -- Installing: /home/bninaos/seabot_interfaces/install/seabot_interfaces/include/seabot_interfaces/seabot_interfaces/msg/detail/sensor_data__type_support.h
[18.017s] -- Installing: /home/bninaos/seabot_interfaces/install/seabot_interfaces/include/seabot_interfaces/seabot_interfaces/msg/detail/feedback__functions.h
[18.017s] -- Installing: /home/bninaos/seabot_interfaces/install/seabot_interfaces/include/seabot_interfaces/seabot_interfaces/msg/detail/feedback__functions.c
[18.017s] -- Installing: /home/bninaos/seabot_interfaces/install/seabot_interfaces/include/seabot_interfaces/seabot_interfaces/msg/detail/feedback__struct.h
[18.017s] -- Installing: /home/bninaos/seabot_interfaces/install/seabot_interfaces/include/seabot_interfaces/seabot_interfaces/msg/detail/sensor_data__struct.h
[18.017s] -- Installing: /home/bninaos/seabot_interfaces/install/seabot_interfaces/include/seabot_interfaces/seabot_interfaces/msg/detail/sensor_data__functions.h
[18.017s] -- Installing: /home/bninaos/seabot_interfaces/install/seabot_interfaces/include/seabot_interfaces/seabot_interfaces/srv
[18.017s] -- Installing: /home/bninaos/seabot_interfaces/install/seabot_interfaces/include/seabot_interfaces/seabot_interfaces/srv/service.h
[18.017s] -- Installing: /home/bninaos/seabot_interfaces/install/seabot_interfaces/include/seabot_interfaces/seabot_interfaces/srv/detail
[18.017s] -- Installing: /home/bninaos/seabot_interfaces/install/seabot_interfaces/include/seabot_interfaces/seabot_interfaces/srv/detail/service__type_support.h
[18.017s] -- Installing: /home/bninaos/seabot_interfaces/install/seabot_interfaces/include/seabot_interfaces/seabot_interfaces/srv/detail/service__functions.h
[18.017s] -- Installing: /home/bninaos/seabot_interfaces/install/seabot_interfaces/include/seabot_interfaces/seabot_interfaces/srv/detail/service__functions.c
[18.017s] -- Installing: /home/bninaos/seabot_interfaces/install/seabot_interfaces/include/seabot_interfaces/seabot_interfaces/srv/detail/service__struct.h
[18.018s] -- Installing: /home/bninaos/seabot_interfaces/install/seabot_interfaces/share/seabot_interfaces/environment/library_path.sh
[18.018s] -- Installing: /home/bninaos/seabot_interfaces/install/seabot_interfaces/share/seabot_interfaces/environment/library_path.dsv
[18.018s] -- Installing: /home/bninaos/seabot_interfaces/install/seabot_interfaces/lib/libseabot_interfaces__rosidl_generator_c.so
[18.018s] -- Set runtime path of "/home/bninaos/seabot_interfaces/install/seabot_interfaces/lib/libseabot_interfaces__rosidl_generator_c.so" to ""
[18.018s] -- Up-to-date: /home/bninaos/seabot_interfaces/install/seabot_interfaces/include/seabot_interfaces/seabot_interfaces
[18.018s] -- Up-to-date: /home/bninaos/seabot_interfaces/install/seabot_interfaces/include/seabot_interfaces/seabot_interfaces/msg
[18.018s] -- Installing: /home/bninaos/seabot_interfaces/install/seabot_interfaces/include/seabot_interfaces/seabot_interfaces/msg/rosidl_typesupport_fastrtps_c__visibility_control.h
[18.018s] -- Up-to-date: /home/bninaos/seabot_interfaces/install/seabot_interfaces/include/seabot_interfaces/seabot_interfaces/msg/detail
[18.018s] -- Installing: /home/bninaos/seabot_interfaces/install/seabot_interfaces/include/seabot_interfaces/seabot_interfaces/msg/detail/feedback__rosidl_typesupport_fastrtps_c.h
[18.018s] -- Installing: /home/bninaos/seabot_interfaces/install/seabot_interfaces/include/seabot_interfaces/seabot_interfaces/msg/detail/sensor_data__rosidl_typesupport_fastrtps_c.h
[18.018s] -- Up-to-date: /home/bninaos/seabot_interfaces/install/seabot_interfaces/include/seabot_interfaces/seabot_interfaces/srv
[18.018s] -- Up-to-date: /home/bninaos/seabot_interfaces/install/seabot_interfaces/include/seabot_interfaces/seabot_interfaces/srv/detail
[18.018s] -- Installing: /home/bninaos/seabot_interfaces/install/seabot_interfaces/include/seabot_interfaces/seabot_interfaces/srv/detail/service__rosidl_typesupport_fastrtps_c.h
[18.019s] -- Installing: /home/bninaos/seabot_interfaces/install/seabot_interfaces/lib/libseabot_interfaces__rosidl_typesupport_fastrtps_c.so
[18.019s] -- Set runtime path of "/home/bninaos/seabot_interfaces/install/seabot_interfaces/lib/libseabot_interfaces__rosidl_typesupport_fastrtps_c.so" to ""
[18.019s] -- Up-to-date: /home/bninaos/seabot_interfaces/install/seabot_interfaces/include/seabot_interfaces/seabot_interfaces
[18.019s] -- Up-to-date: /home/bninaos/seabot_interfaces/install/seabot_interfaces/include/seabot_interfaces/seabot_interfaces/msg
[18.019s] -- Installing: /home/bninaos/seabot_interfaces/install/seabot_interfaces/include/seabot_interfaces/seabot_interfaces/msg/rosidl_typesupport_introspection_c__visibility_control.h
[18.019s] -- Up-to-date: /home/bninaos/seabot_interfaces/install/seabot_interfaces/include/seabot_interfaces/seabot_interfaces/msg/detail
[18.019s] -- Installing: /home/bninaos/seabot_interfaces/install/seabot_interfaces/include/seabot_interfaces/seabot_interfaces/msg/detail/sensor_data__rosidl_typesupport_introspection_c.h
[18.019s] -- Installing: /home/bninaos/seabot_interfaces/install/seabot_interfaces/include/seabot_interfaces/seabot_interfaces/msg/detail/feedback__type_support.c
[18.019s] -- Installing: /home/bninaos/seabot_interfaces/install/seabot_interfaces/include/seabot_interfaces/seabot_interfaces/msg/detail/sensor_data__type_support.c
[18.019s] -- Installing: /home/bninaos/seabot_interfaces/install/seabot_interfaces/include/seabot_interfaces/seabot_interfaces/msg/detail/feedback__rosidl_typesupport_introspection_c.h
[18.019s] -- Up-to-date: /home/bninaos/seabot_interfaces/install/seabot_interfaces/include/seabot_interfaces/seabot_interfaces/srv
[18.019s] -- Up-to-date: /home/bninaos/seabot_interfaces/install/seabot_interfaces/include/seabot_interfaces/seabot_interfaces/srv/detail
[18.019s] -- Installing: /home/bninaos/seabot_interfaces/install/seabot_interfaces/include/seabot_interfaces/seabot_interfaces/srv/detail/service__rosidl_typesupport_introspection_c.h
[18.019s] -- Installing: /home/bninaos/seabot_interfaces/install/seabot_interfaces/include/seabot_interfaces/seabot_interfaces/srv/detail/service__type_support.c
[18.019s] -- Installing: /home/bninaos/seabot_interfaces/install/seabot_interfaces/lib/libseabot_interfaces__rosidl_typesupport_introspection_c.so
[18.019s] -- Set runtime path of "/home/bninaos/seabot_interfaces/install/seabot_interfaces/lib/libseabot_interfaces__rosidl_typesupport_introspection_c.so" to ""
[18.019s] -- Installing: /home/bninaos/seabot_interfaces/install/seabot_interfaces/lib/libseabot_interfaces__rosidl_typesupport_c.so
[18.019s] -- Set runtime path of "/home/bninaos/seabot_interfaces/install/seabot_interfaces/lib/libseabot_interfaces__rosidl_typesupport_c.so" to ""
[18.019s] -- Up-to-date: /home/bninaos/seabot_interfaces/install/seabot_interfaces/include/seabot_interfaces/seabot_interfaces
[18.020s] -- Up-to-date: /home/bninaos/seabot_interfaces/install/seabot_interfaces/include/seabot_interfaces/seabot_interfaces/msg
[18.020s] -- Installing: /home/bninaos/seabot_interfaces/install/seabot_interfaces/include/seabot_interfaces/seabot_interfaces/msg/sensor_data.hpp
[18.020s] -- Up-to-date: /home/bninaos/seabot_interfaces/install/seabot_interfaces/include/seabot_interfaces/seabot_interfaces/msg/detail
[18.020s] -- Installing: /home/bninaos/seabot_interfaces/install/seabot_interfaces/include/seabot_interfaces/seabot_interfaces/msg/detail/feedback__struct.hpp
[18.020s] -- Installing: /home/bninaos/seabot_interfaces/install/seabot_interfaces/include/seabot_interfaces/seabot_interfaces/msg/detail/sensor_data__struct.hpp
[18.020s] -- Installing: /home/bninaos/seabot_interfaces/install/seabot_interfaces/include/seabot_interfaces/seabot_interfaces/msg/detail/sensor_data__traits.hpp
[18.020s] -- Installing: /home/bninaos/seabot_interfaces/install/seabot_interfaces/include/seabot_interfaces/seabot_interfaces/msg/detail/feedback__traits.hpp
[18.020s] -- Installing: /home/bninaos/seabot_interfaces/install/seabot_interfaces/include/seabot_interfaces/seabot_interfaces/msg/detail/feedback__builder.hpp
[18.020s] -- Installing: /home/bninaos/seabot_interfaces/install/seabot_interfaces/include/seabot_interfaces/seabot_interfaces/msg/detail/sensor_data__builder.hpp
[18.020s] -- Installing: /home/bninaos/seabot_interfaces/install/seabot_interfaces/include/seabot_interfaces/seabot_interfaces/msg/feedback.hpp
[18.020s] -- Up-to-date: /home/bninaos/seabot_interfaces/install/seabot_interfaces/include/seabot_interfaces/seabot_interfaces/srv
[18.020s] -- Up-to-date: /home/bninaos/seabot_interfaces/install/seabot_interfaces/include/seabot_interfaces/seabot_interfaces/srv/detail
[18.020s] -- Installing: /home/bninaos/seabot_interfaces/install/seabot_interfaces/include/seabot_interfaces/seabot_interfaces/srv/detail/service__struct.hpp
[18.020s] -- Installing: /home/bninaos/seabot_interfaces/install/seabot_interfaces/include/seabot_interfaces/seabot_interfaces/srv/detail/service__traits.hpp
[18.020s] -- Installing: /home/bninaos/seabot_interfaces/install/seabot_interfaces/include/seabot_interfaces/seabot_interfaces/srv/detail/service__builder.hpp
[18.020s] -- Installing: /home/bninaos/seabot_interfaces/install/seabot_interfaces/include/seabot_interfaces/seabot_interfaces/srv/service.hpp
[18.020s] -- Up-to-date: /home/bninaos/seabot_interfaces/install/seabot_interfaces/include/seabot_interfaces/seabot_interfaces
[18.020s] -- Up-to-date: /home/bninaos/seabot_interfaces/install/seabot_interfaces/include/seabot_interfaces/seabot_interfaces/msg
[18.020s] -- Installing: /home/bninaos/seabot_interfaces/install/seabot_interfaces/include/seabot_interfaces/seabot_interfaces/msg/rosidl_typesupport_fastrtps_cpp__visibility_control.h
[18.020s] -- Up-to-date: /home/bninaos/seabot_interfaces/install/seabot_interfaces/include/seabot_interfaces/seabot_interfaces/msg/detail
[18.020s] -- Installing: /home/bninaos/seabot_interfaces/install/seabot_interfaces/include/seabot_interfaces/seabot_interfaces/msg/detail/sensor_data__rosidl_typesupport_fastrtps_cpp.hpp
[18.021s] -- Installing: /home/bninaos/seabot_interfaces/install/seabot_interfaces/include/seabot_interfaces/seabot_interfaces/msg/detail/feedback__rosidl_typesupport_fastrtps_cpp.hpp
[18.021s] -- Installing: /home/bninaos/seabot_interfaces/install/seabot_interfaces/include/seabot_interfaces/seabot_interfaces/msg/detail/dds_fastrtps
[18.021s] -- Up-to-date: /home/bninaos/seabot_interfaces/install/seabot_interfaces/include/seabot_interfaces/seabot_interfaces/srv
[18.021s] -- Up-to-date: /home/bninaos/seabot_interfaces/install/seabot_interfaces/include/seabot_interfaces/seabot_interfaces/srv/detail
[18.021s] -- Installing: /home/bninaos/seabot_interfaces/install/seabot_interfaces/include/seabot_interfaces/seabot_interfaces/srv/detail/service__rosidl_typesupport_fastrtps_cpp.hpp
[18.021s] -- Installing: /home/bninaos/seabot_interfaces/install/seabot_interfaces/include/seabot_interfaces/seabot_interfaces/srv/detail/dds_fastrtps
[18.021s] -- Installing: /home/bninaos/seabot_interfaces/install/seabot_interfaces/lib/libseabot_interfaces__rosidl_typesupport_fastrtps_cpp.so
[18.021s] -- Set runtime path of "/home/bninaos/seabot_interfaces/install/seabot_interfaces/lib/libseabot_interfaces__rosidl_typesupport_fastrtps_cpp.so" to ""
[18.021s] -- Up-to-date: /home/bninaos/seabot_interfaces/install/seabot_interfaces/include/seabot_interfaces/seabot_interfaces
[18.021s] -- Up-to-date: /home/bninaos/seabot_interfaces/install/seabot_interfaces/include/seabot_interfaces/seabot_interfaces/msg
[18.021s] -- Up-to-date: /home/bninaos/seabot_interfaces/install/seabot_interfaces/include/seabot_interfaces/seabot_interfaces/msg/detail
[18.021s] -- Installing: /home/bninaos/seabot_interfaces/install/seabot_interfaces/include/seabot_interfaces/seabot_interfaces/msg/detail/sensor_data__type_support.cpp
[18.021s] -- Installing: /home/bninaos/seabot_interfaces/install/seabot_interfaces/include/seabot_interfaces/seabot_interfaces/msg/detail/feedback__type_support.cpp
[18.021s] -- Installing: /home/bninaos/seabot_interfaces/install/seabot_interfaces/include/seabot_interfaces/seabot_interfaces/msg/detail/sensor_data__rosidl_typesupport_introspection_cpp.hpp
[18.021s] -- Installing: /home/bninaos/seabot_interfaces/install/seabot_interfaces/include/seabot_interfaces/seabot_interfaces/msg/detail/feedback__rosidl_typesupport_introspection_cpp.hpp
[18.021s] -- Up-to-date: /home/bninaos/seabot_interfaces/install/seabot_interfaces/include/seabot_interfaces/seabot_interfaces/srv
[18.021s] -- Up-to-date: /home/bninaos/seabot_interfaces/install/seabot_interfaces/include/seabot_interfaces/seabot_interfaces/srv/detail
[18.021s] -- Installing: /home/bninaos/seabot_interfaces/install/seabot_interfaces/include/seabot_interfaces/seabot_interfaces/srv/detail/service__rosidl_typesupport_introspection_cpp.hpp
[18.021s] -- Installing: /home/bninaos/seabot_interfaces/install/seabot_interfaces/include/seabot_interfaces/seabot_interfaces/srv/detail/service__type_support.cpp
[18.021s] -- Installing: /home/bninaos/seabot_interfaces/install/seabot_interfaces/lib/libseabot_interfaces__rosidl_typesupport_introspection_cpp.so
[18.021s] -- Set runtime path of "/home/bninaos/seabot_interfaces/install/seabot_interfaces/lib/libseabot_interfaces__rosidl_typesupport_introspection_cpp.so" to ""
[18.021s] -- Installing: /home/bninaos/seabot_interfaces/install/seabot_interfaces/lib/libseabot_interfaces__rosidl_typesupport_cpp.so
[18.022s] -- Set runtime path of "/home/bninaos/seabot_interfaces/install/seabot_interfaces/lib/libseabot_interfaces__rosidl_typesupport_cpp.so" to ""
[18.022s] -- Installing: /home/bninaos/seabot_interfaces/install/seabot_interfaces/share/seabot_interfaces/environment/pythonpath.sh
[18.022s] -- Installing: /home/bninaos/seabot_interfaces/install/seabot_interfaces/share/seabot_interfaces/environment/pythonpath.dsv
[18.022s] -- Installing: /home/bninaos/seabot_interfaces/install/seabot_interfaces/local/lib/python3.10/dist-packages/seabot_interfaces-0.0.0-py3.10.egg-info
[18.022s] -- Installing: /home/bninaos/seabot_interfaces/install/seabot_interfaces/local/lib/python3.10/dist-packages/seabot_interfaces-0.0.0-py3.10.egg-info/PKG-INFO
[18.022s] -- Installing: /home/bninaos/seabot_interfaces/install/seabot_interfaces/local/lib/python3.10/dist-packages/seabot_interfaces-0.0.0-py3.10.egg-info/dependency_links.txt
[18.022s] -- Installing: /home/bninaos/seabot_interfaces/install/seabot_interfaces/local/lib/python3.10/dist-packages/seabot_interfaces-0.0.0-py3.10.egg-info/top_level.txt
[18.022s] -- Installing: /home/bninaos/seabot_interfaces/install/seabot_interfaces/local/lib/python3.10/dist-packages/seabot_interfaces-0.0.0-py3.10.egg-info/SOURCES.txt
[18.022s] -- Installing: /home/bninaos/seabot_interfaces/install/seabot_interfaces/local/lib/python3.10/dist-packages/seabot_interfaces
[18.022s] -- Installing: /home/bninaos/seabot_interfaces/install/seabot_interfaces/local/lib/python3.10/dist-packages/seabot_interfaces/seabot_interfaces_s__rosidl_typesupport_introspection_c.cpython-310-x86_64-linux-gnu.so
[18.022s] -- Installing: /home/bninaos/seabot_interfaces/install/seabot_interfaces/local/lib/python3.10/dist-packages/seabot_interfaces/_seabot_interfaces_s.ep.rosidl_typesupport_introspection_c.c
[18.022s] -- Installing: /home/bninaos/seabot_interfaces/install/seabot_interfaces/local/lib/python3.10/dist-packages/seabot_interfaces/libseabot_interfaces__rosidl_generator_py.so
[18.022s] -- Installing: /home/bninaos/seabot_interfaces/install/seabot_interfaces/local/lib/python3.10/dist-packages/seabot_interfaces/__init__.py
[18.022s] -- Installing: /home/bninaos/seabot_interfaces/install/seabot_interfaces/local/lib/python3.10/dist-packages/seabot_interfaces/msg
[18.022s] -- Installing: /home/bninaos/seabot_interfaces/install/seabot_interfaces/local/lib/python3.10/dist-packages/seabot_interfaces/msg/_feedback_s.c
[18.022s] -- Installing: /home/bninaos/seabot_interfaces/install/seabot_interfaces/local/lib/python3.10/dist-packages/seabot_interfaces/msg/__init__.py
[18.022s] -- Installing: /home/bninaos/seabot_interfaces/install/seabot_interfaces/local/lib/python3.10/dist-packages/seabot_interfaces/msg/_feedback.py
[18.023s] -- Installing: /home/bninaos/seabot_interfaces/install/seabot_interfaces/local/lib/python3.10/dist-packages/seabot_interfaces/msg/_sensor_data_s.c
[18.023s] -- Installing: /home/bninaos/seabot_interfaces/install/seabot_interfaces/local/lib/python3.10/dist-packages/seabot_interfaces/msg/_sensor_data.py
[18.023s] -- Installing: /home/bninaos/seabot_interfaces/install/seabot_interfaces/local/lib/python3.10/dist-packages/seabot_interfaces/srv
[18.023s] -- Installing: /home/bninaos/seabot_interfaces/install/seabot_interfaces/local/lib/python3.10/dist-packages/seabot_interfaces/srv/__init__.py
[18.023s] -- Installing: /home/bninaos/seabot_interfaces/install/seabot_interfaces/local/lib/python3.10/dist-packages/seabot_interfaces/srv/_service.py
[18.023s] -- Installing: /home/bninaos/seabot_interfaces/install/seabot_interfaces/local/lib/python3.10/dist-packages/seabot_interfaces/srv/_service_s.c
[18.023s] -- Installing: /home/bninaos/seabot_interfaces/install/seabot_interfaces/local/lib/python3.10/dist-packages/seabot_interfaces/_seabot_interfaces_s.ep.rosidl_typesupport_c.c
[18.023s] -- Installing: /home/bninaos/seabot_interfaces/install/seabot_interfaces/local/lib/python3.10/dist-packages/seabot_interfaces/seabot_interfaces_s__rosidl_typesupport_fastrtps_c.cpython-310-x86_64-linux-gnu.so
[18.023s] -- Installing: /home/bninaos/seabot_interfaces/install/seabot_interfaces/local/lib/python3.10/dist-packages/seabot_interfaces/_seabot_interfaces_s.ep.rosidl_typesupport_fastrtps_c.c
[18.023s] -- Installing: /home/bninaos/seabot_interfaces/install/seabot_interfaces/local/lib/python3.10/dist-packages/seabot_interfaces/seabot_interfaces_s__rosidl_typesupport_c.cpython-310-x86_64-linux-gnu.so
[18.047s] Listing '/home/bninaos/seabot_interfaces/install/seabot_interfaces/local/lib/python3.10/dist-packages/seabot_interfaces'...
[18.047s] Compiling '/home/bninaos/seabot_interfaces/install/seabot_interfaces/local/lib/python3.10/dist-packages/seabot_interfaces/__init__.py'...
[18.047s] Listing '/home/bninaos/seabot_interfaces/install/seabot_interfaces/local/lib/python3.10/dist-packages/seabot_interfaces/msg'...
[18.047s] Compiling '/home/bninaos/seabot_interfaces/install/seabot_interfaces/local/lib/python3.10/dist-packages/seabot_interfaces/msg/__init__.py'...
[18.047s] Compiling '/home/bninaos/seabot_interfaces/install/seabot_interfaces/local/lib/python3.10/dist-packages/seabot_interfaces/msg/_feedback.py'...
[18.047s] Compiling '/home/bninaos/seabot_interfaces/install/seabot_interfaces/local/lib/python3.10/dist-packages/seabot_interfaces/msg/_sensor_data.py'...
[18.047s] Listing '/home/bninaos/seabot_interfaces/install/seabot_interfaces/local/lib/python3.10/dist-packages/seabot_interfaces/srv'...
[18.047s] Compiling '/home/bninaos/seabot_interfaces/install/seabot_interfaces/local/lib/python3.10/dist-packages/seabot_interfaces/srv/__init__.py'...
[18.047s] Compiling '/home/bninaos/seabot_interfaces/install/seabot_interfaces/local/lib/python3.10/dist-packages/seabot_interfaces/srv/_service.py'...
[18.050s] -- Installing: /home/bninaos/seabot_interfaces/install/seabot_interfaces/local/lib/python3.10/dist-packages/seabot_interfaces/seabot_interfaces_s__rosidl_typesupport_fastrtps_c.cpython-310-x86_64-linux-gnu.so
[18.051s] -- Set runtime path of "/home/bninaos/seabot_interfaces/install/seabot_interfaces/local/lib/python3.10/dist-packages/seabot_interfaces/seabot_interfaces_s__rosidl_typesupport_fastrtps_c.cpython-310-x86_64-linux-gnu.so" to ""
[18.051s] -- Installing: /home/bninaos/seabot_interfaces/install/seabot_interfaces/local/lib/python3.10/dist-packages/seabot_interfaces/seabot_interfaces_s__rosidl_typesupport_introspection_c.cpython-310-x86_64-linux-gnu.so
[18.051s] -- Set runtime path of "/home/bninaos/seabot_interfaces/install/seabot_interfaces/local/lib/python3.10/dist-packages/seabot_interfaces/seabot_interfaces_s__rosidl_typesupport_introspection_c.cpython-310-x86_64-linux-gnu.so" to ""
[18.051s] -- Installing: /home/bninaos/seabot_interfaces/install/seabot_interfaces/local/lib/python3.10/dist-packages/seabot_interfaces/seabot_interfaces_s__rosidl_typesupport_c.cpython-310-x86_64-linux-gnu.so
[18.051s] -- Set runtime path of "/home/bninaos/seabot_interfaces/install/seabot_interfaces/local/lib/python3.10/dist-packages/seabot_interfaces/seabot_interfaces_s__rosidl_typesupport_c.cpython-310-x86_64-linux-gnu.so" to ""
[18.051s] -- Installing: /home/bninaos/seabot_interfaces/install/seabot_interfaces/lib/libseabot_interfaces__rosidl_generator_py.so
[18.051s] -- Set runtime path of "/home/bninaos/seabot_interfaces/install/seabot_interfaces/lib/libseabot_interfaces__rosidl_generator_py.so" to ""
[18.051s] -- Installing: /home/bninaos/seabot_interfaces/install/seabot_interfaces/share/seabot_interfaces/msg/Feedback.idl
[18.051s] -- Installing: /home/bninaos/seabot_interfaces/install/seabot_interfaces/share/seabot_interfaces/msg/SensorData.idl
[18.051s] -- Installing: /home/bninaos/seabot_interfaces/install/seabot_interfaces/share/seabot_interfaces/srv/Service.idl
[18.051s] -- Installing: /home/bninaos/seabot_interfaces/install/seabot_interfaces/share/seabot_interfaces/msg/Feedback.msg
[18.051s] -- Installing: /home/bninaos/seabot_interfaces/install/seabot_interfaces/share/seabot_interfaces/msg/SensorData.msg
[18.051s] -- Installing: /home/bninaos/seabot_interfaces/install/seabot_interfaces/share/seabot_interfaces/srv/Service.srv
[18.051s] -- Installing: /home/bninaos/seabot_interfaces/install/seabot_interfaces/share/seabot_interfaces/srv/Service_Request.msg
[18.052s] -- Installing: /home/bninaos/seabot_interfaces/install/seabot_interfaces/share/seabot_interfaces/srv/Service_Response.msg
[18.052s] -- Installing: /home/bninaos/seabot_interfaces/install/seabot_interfaces/share/ament_index/resource_index/package_run_dependencies/seabot_interfaces
[18.052s] -- Installing: /home/bninaos/seabot_interfaces/install/seabot_interfaces/share/ament_index/resource_index/parent_prefix_path/seabot_interfaces
[18.052s] -- Installing: /home/bninaos/seabot_interfaces/install/seabot_interfaces/share/seabot_interfaces/environment/ament_prefix_path.sh
[18.052s] -- Installing: /home/bninaos/seabot_interfaces/install/seabot_interfaces/share/seabot_interfaces/environment/ament_prefix_path.dsv
[18.052s] -- Installing: /home/bninaos/seabot_interfaces/install/seabot_interfaces/share/seabot_interfaces/environment/path.sh
[18.052s] -- Installing: /home/bninaos/seabot_interfaces/install/seabot_interfaces/share/seabot_interfaces/environment/path.dsv
[18.052s] -- Installing: /home/bninaos/seabot_interfaces/install/seabot_interfaces/share/seabot_interfaces/local_setup.bash
[18.052s] -- Installing: /home/bninaos/seabot_interfaces/install/seabot_interfaces/share/seabot_interfaces/local_setup.sh
[18.052s] -- Installing: /home/bninaos/seabot_interfaces/install/seabot_interfaces/share/seabot_interfaces/local_setup.zsh
[18.052s] -- Installing: /home/bninaos/seabot_interfaces/install/seabot_interfaces/share/seabot_interfaces/local_setup.dsv
[18.052s] -- Installing: /home/bninaos/seabot_interfaces/install/seabot_interfaces/share/seabot_interfaces/package.dsv
[18.052s] -- Installing: /home/bninaos/seabot_interfaces/install/seabot_interfaces/share/ament_index/resource_index/packages/seabot_interfaces
[18.052s] -- Installing: /home/bninaos/seabot_interfaces/install/seabot_interfaces/share/seabot_interfaces/cmake/export_seabot_interfaces__rosidl_generator_cExport.cmake
[18.053s] -- Installing: /home/bninaos/seabot_interfaces/install/seabot_interfaces/share/seabot_interfaces/cmake/export_seabot_interfaces__rosidl_generator_cExport-noconfig.cmake
[18.053s] -- Installing: /home/bninaos/seabot_interfaces/install/seabot_interfaces/share/seabot_interfaces/cmake/export_seabot_interfaces__rosidl_typesupport_fastrtps_cExport.cmake
[18.053s] -- Installing: /home/bninaos/seabot_interfaces/install/seabot_interfaces/share/seabot_interfaces/cmake/export_seabot_interfaces__rosidl_typesupport_fastrtps_cExport-noconfig.cmake
[18.053s] -- Installing: /home/bninaos/seabot_interfaces/install/seabot_interfaces/share/seabot_interfaces/cmake/seabot_interfaces__rosidl_typesupport_introspection_cExport.cmake
[18.053s] -- Installing: /home/bninaos/seabot_interfaces/install/seabot_interfaces/share/seabot_interfaces/cmake/seabot_interfaces__rosidl_typesupport_introspection_cExport-noconfig.cmake
[18.053s] -- Installing: /home/bninaos/seabot_interfaces/install/seabot_interfaces/share/seabot_interfaces/cmake/seabot_interfaces__rosidl_typesupport_cExport.cmake
[18.053s] -- Installing: /home/bninaos/seabot_interfaces/install/seabot_interfaces/share/seabot_interfaces/cmake/seabot_interfaces__rosidl_typesupport_cExport-noconfig.cmake
[18.053s] -- Installing: /home/bninaos/seabot_interfaces/install/seabot_interfaces/share/seabot_interfaces/cmake/export_seabot_interfaces__rosidl_generator_cppExport.cmake
[18.053s] -- Installing: /home/bninaos/seabot_interfaces/install/seabot_interfaces/share/seabot_interfaces/cmake/export_seabot_interfaces__rosidl_typesupport_fastrtps_cppExport.cmake
[18.053s] -- Installing: /home/bninaos/seabot_interfaces/install/seabot_interfaces/share/seabot_interfaces/cmake/export_seabot_interfaces__rosidl_typesupport_fastrtps_cppExport-noconfig.cmake
[18.053s] -- Installing: /home/bninaos/seabot_interfaces/install/seabot_interfaces/share/seabot_interfaces/cmake/seabot_interfaces__rosidl_typesupport_introspection_cppExport.cmake
[18.053s] -- Installing: /home/bninaos/seabot_interfaces/install/seabot_interfaces/share/seabot_interfaces/cmake/seabot_interfaces__rosidl_typesupport_introspection_cppExport-noconfig.cmake
[18.054s] -- Installing: /home/bninaos/seabot_interfaces/install/seabot_interfaces/share/seabot_interfaces/cmake/seabot_interfaces__rosidl_typesupport_cppExport.cmake
[18.054s] -- Installing: /home/bninaos/seabot_interfaces/install/seabot_interfaces/share/seabot_interfaces/cmake/seabot_interfaces__rosidl_typesupport_cppExport-noconfig.cmake
[18.054s] -- Installing: /home/bninaos/seabot_interfaces/install/seabot_interfaces/share/seabot_interfaces/cmake/export_seabot_interfaces__rosidl_generator_pyExport.cmake
[18.054s] -- Installing: /home/bninaos/seabot_interfaces/install/seabot_interfaces/share/seabot_interfaces/cmake/export_seabot_interfaces__rosidl_generator_pyExport-noconfig.cmake
[18.054s] -- Installing: /home/bninaos/seabot_interfaces/install/seabot_interfaces/share/seabot_interfaces/cmake/rosidl_cmake-extras.cmake
[18.054s] -- Installing: /home/bninaos/seabot_interfaces/install/seabot_interfaces/share/seabot_interfaces/cmake/ament_cmake_export_include_directories-extras.cmake
[18.054s] -- Installing: /home/bninaos/seabot_interfaces/install/seabot_interfaces/share/seabot_interfaces/cmake/ament_cmake_export_libraries-extras.cmake
[18.054s] -- Installing: /home/bninaos/seabot_interfaces/install/seabot_interfaces/share/seabot_interfaces/cmake/ament_cmake_export_targets-extras.cmake
[18.054s] -- Installing: /home/bninaos/seabot_interfaces/install/seabot_interfaces/share/seabot_interfaces/cmake/rosidl_cmake_export_typesupport_targets-extras.cmake
[18.054s] -- Installing: /home/bninaos/seabot_interfaces/install/seabot_interfaces/share/seabot_interfaces/cmake/ament_cmake_export_dependencies-extras.cmake
[18.054s] -- Installing: /home/bninaos/seabot_interfaces/install/seabot_interfaces/share/seabot_interfaces/cmake/rosidl_cmake_export_typesupport_libraries-extras.cmake
[18.054s] -- Installing: /home/bninaos/seabot_interfaces/install/seabot_interfaces/share/seabot_interfaces/cmake/seabot_interfacesConfig.cmake
[18.054s] -- Installing: /home/bninaos/seabot_interfaces/install/seabot_interfaces/share/seabot_interfaces/cmake/seabot_interfacesConfig-version.cmake
[18.054s] -- Installing: /home/bninaos/seabot_interfaces/install/seabot_interfaces/share/seabot_interfaces/package.xml
[18.056s] Invoked command in '/home/bninaos/seabot_interfaces/build/seabot_interfaces' returned '0': CMAKE_PREFIX_PATH=/opt/ros/humble /usr/bin/cmake --install /home/bninaos/seabot_interfaces/build/seabot_interfaces
