[0.028s] Invoking command in '/home/bninaos/Documents/ros2_ws/build/cpp_srvcli': CMAKE_PREFIX_PATH=/home/bninaos/Documents/ros2_ws/install/seabot_interfaces:/home/bninaos/Documents/ros2_ws/install/cpp_srvcli:/home/bninaos/Documents/ros2_ws/install/cpp_pubsub:/home/bninaos/microros/install/micro_ros_setup:/home/bninaos/microros/install/micro_ros_agent:/home/bninaos/microros/install/micro_ros_msgs:/opt/ros/humble /usr/bin/cmake --build /home/bninaos/Documents/ros2_ws/build/cpp_srvcli -- -j8 -l8
[0.074s] [ 50%] Built target server
[0.098s] [35m[1mConsolidate compiler generated dependencies of target client[0m
[0.131s] [ 75%] [32mBuilding CXX object CMakeFiles/client.dir/src/Client.cpp.o[0m
[2.437s] [100%] [32m[1mLinking CXX executable client[0m
[2.540s] [100%] Built target client
[2.563s] Invoked command in '/home/bninaos/Documents/ros2_ws/build/cpp_srvcli' returned '0': CMAKE_PREFIX_PATH=/home/bninaos/Documents/ros2_ws/install/seabot_interfaces:/home/bninaos/Documents/ros2_ws/install/cpp_srvcli:/home/bninaos/Documents/ros2_ws/install/cpp_pubsub:/home/bninaos/microros/install/micro_ros_setup:/home/bninaos/microros/install/micro_ros_agent:/home/bninaos/microros/install/micro_ros_msgs:/opt/ros/humble /usr/bin/cmake --build /home/bninaos/Documents/ros2_ws/build/cpp_srvcli -- -j8 -l8
[2.625s] Invoking command in '/home/bninaos/Documents/ros2_ws/build/cpp_srvcli': CMAKE_PREFIX_PATH=/home/bninaos/Documents/ros2_ws/install/seabot_interfaces:/home/bninaos/Documents/ros2_ws/install/cpp_srvcli:/home/bninaos/Documents/ros2_ws/install/cpp_pubsub:/home/bninaos/microros/install/micro_ros_setup:/home/bninaos/microros/install/micro_ros_agent:/home/bninaos/microros/install/micro_ros_msgs:/opt/ros/humble /usr/bin/cmake --install /home/bninaos/Documents/ros2_ws/build/cpp_srvcli
[2.634s] -- Install configuration: ""
[2.635s] -- Up-to-date: /home/bninaos/Documents/ros2_ws/install/cpp_srvcli/lib/cpp_srvcli/server
[2.635s] -- Installing: /home/bninaos/Documents/ros2_ws/install/cpp_srvcli/lib/cpp_srvcli/client
[2.637s] -- Set runtime path of "/home/bninaos/Documents/ros2_ws/install/cpp_srvcli/lib/cpp_srvcli/client" to ""
[2.637s] -- Up-to-date: /home/bninaos/Documents/ros2_ws/install/cpp_srvcli/share/ament_index/resource_index/package_run_dependencies/cpp_srvcli
[2.637s] -- Up-to-date: /home/bninaos/Documents/ros2_ws/install/cpp_srvcli/share/ament_index/resource_index/parent_prefix_path/cpp_srvcli
[2.637s] -- Up-to-date: /home/bninaos/Documents/ros2_ws/install/cpp_srvcli/share/cpp_srvcli/environment/ament_prefix_path.sh
[2.637s] -- Up-to-date: /home/bninaos/Documents/ros2_ws/install/cpp_srvcli/share/cpp_srvcli/environment/ament_prefix_path.dsv
[2.637s] -- Up-to-date: /home/bninaos/Documents/ros2_ws/install/cpp_srvcli/share/cpp_srvcli/environment/path.sh
[2.637s] -- Up-to-date: /home/bninaos/Documents/ros2_ws/install/cpp_srvcli/share/cpp_srvcli/environment/path.dsv
[2.637s] -- Up-to-date: /home/bninaos/Documents/ros2_ws/install/cpp_srvcli/share/cpp_srvcli/local_setup.bash
[2.637s] -- Up-to-date: /home/bninaos/Documents/ros2_ws/install/cpp_srvcli/share/cpp_srvcli/local_setup.sh
[2.638s] -- Up-to-date: /home/bninaos/Documents/ros2_ws/install/cpp_srvcli/share/cpp_srvcli/local_setup.zsh
[2.638s] -- Up-to-date: /home/bninaos/Documents/ros2_ws/install/cpp_srvcli/share/cpp_srvcli/local_setup.dsv
[2.638s] -- Installing: /home/bninaos/Documents/ros2_ws/install/cpp_srvcli/share/cpp_srvcli/package.dsv
[2.638s] -- Up-to-date: /home/bninaos/Documents/ros2_ws/install/cpp_srvcli/share/ament_index/resource_index/packages/cpp_srvcli
[2.638s] -- Up-to-date: /home/bninaos/Documents/ros2_ws/install/cpp_srvcli/share/cpp_srvcli/cmake/cpp_srvcliConfig.cmake
[2.638s] -- Up-to-date: /home/bninaos/Documents/ros2_ws/install/cpp_srvcli/share/cpp_srvcli/cmake/cpp_srvcliConfig-version.cmake
[2.638s] -- Up-to-date: /home/bninaos/Documents/ros2_ws/install/cpp_srvcli/share/cpp_srvcli/package.xml
[2.639s] Invoked command in '/home/bninaos/Documents/ros2_ws/build/cpp_srvcli' returned '0': CMAKE_PREFIX_PATH=/home/bninaos/Documents/ros2_ws/install/seabot_interfaces:/home/bninaos/Documents/ros2_ws/install/cpp_srvcli:/home/bninaos/Documents/ros2_ws/install/cpp_pubsub:/home/bninaos/microros/install/micro_ros_setup:/home/bninaos/microros/install/micro_ros_agent:/home/bninaos/microros/install/micro_ros_msgs:/opt/ros/humble /usr/bin/cmake --install /home/bninaos/Documents/ros2_ws/build/cpp_srvcli
