[0.063s] Invoking command in '/home/bninaos/Documents/ros2_ws/build/seabot_interfaces': CMAKE_PREFIX_PATH=${CMAKE_PREFIX_PATH}:/opt/ros/humble /usr/bin/cmake --build /home/bninaos/Documents/ros2_ws/build/seabot_interfaces -- -j8 -l8
[0.544s] [  2%] Built target seabot_interfaces__cpp
[0.545s] [ 12%] Built target seabot_interfaces__rosidl_generator_c
[0.677s] [ 23%] Built target seabot_interfaces__rosidl_typesupport_fastrtps_cpp
[0.683s] [ 34%] Built target seabot_interfaces__rosidl_typesupport_introspection_cpp
[0.716s] [ 44%] Built target seabot_interfaces__rosidl_typesupport_cpp
[0.718s] [ 44%] Built target ament_cmake_python_copy_seabot_interfaces
[0.734s] [ 55%] Built target seabot_interfaces__rosidl_typesupport_fastrtps_c
[0.745s] [ 76%] Built target seabot_interfaces__rosidl_typesupport_c
[0.745s] [ 76%] Built target seabot_interfaces__rosidl_typesupport_introspection_c
[0.811s] [ 76%] Built target seabot_interfaces
[0.939s] [ 78%] Built target seabot_interfaces__py
[1.180s] running egg_info
[1.181s] writing seabot_interfaces.egg-info/PKG-INFO
[1.181s] writing dependency_links to seabot_interfaces.egg-info/dependency_links.txt
[1.182s] writing top-level names to seabot_interfaces.egg-info/top_level.txt
[1.182s] [ 87%] Built target seabot_interfaces__rosidl_generator_py
[1.321s] reading manifest file 'seabot_interfaces.egg-info/SOURCES.txt'
[1.352s] writing manifest file 'seabot_interfaces.egg-info/SOURCES.txt'
[1.446s] [ 87%] Built target ament_cmake_python_build_seabot_interfaces_egg
[1.491s] [100%] Built target seabot_interfaces__rosidl_typesupport_introspection_c__pyext
[1.491s] [100%] Built target seabot_interfaces__rosidl_typesupport_c__pyext
[1.491s] [100%] Built target seabot_interfaces__rosidl_typesupport_fastrtps_c__pyext
[1.500s] Invoked command in '/home/bninaos/Documents/ros2_ws/build/seabot_interfaces' returned '0': CMAKE_PREFIX_PATH=${CMAKE_PREFIX_PATH}:/opt/ros/humble /usr/bin/cmake --build /home/bninaos/Documents/ros2_ws/build/seabot_interfaces -- -j8 -l8
[1.572s] Invoking command in '/home/bninaos/Documents/ros2_ws/build/seabot_interfaces': CMAKE_PREFIX_PATH=${CMAKE_PREFIX_PATH}:/opt/ros/humble /usr/bin/cmake --install /home/bninaos/Documents/ros2_ws/build/seabot_interfaces
[1.594s] -- Install configuration: ""
[1.595s] -- Up-to-date: /home/bninaos/Documents/ros2_ws/install/seabot_interfaces/share/ament_index/resource_index/rosidl_interfaces/seabot_interfaces
[1.595s] -- Up-to-date: /home/bninaos/Documents/ros2_ws/install/seabot_interfaces/include/seabot_interfaces/seabot_interfaces
[1.618s] -- Up-to-date: /home/bninaos/Documents/ros2_ws/install/seabot_interfaces/include/seabot_interfaces/seabot_interfaces/msg
[1.619s] -- Up-to-date: /home/bninaos/Documents/ros2_ws/install/seabot_interfaces/include/seabot_interfaces/seabot_interfaces/msg/rosidl_generator_c__visibility_control.h
[1.619s] -- Up-to-date: /home/bninaos/Documents/ros2_ws/install/seabot_interfaces/include/seabot_interfaces/seabot_interfaces/msg/feedback.h
[1.619s] -- Up-to-date: /home/bninaos/Documents/ros2_ws/install/seabot_interfaces/include/seabot_interfaces/seabot_interfaces/msg/sensor_data.h
[1.620s] -- Up-to-date: /home/bninaos/Documents/ros2_ws/install/seabot_interfaces/include/seabot_interfaces/seabot_interfaces/msg/detail
[1.620s] -- Up-to-date: /home/bninaos/Documents/ros2_ws/install/seabot_interfaces/include/seabot_interfaces/seabot_interfaces/msg/detail/feedback__type_support.h
[1.620s] -- Up-to-date: /home/bninaos/Documents/ros2_ws/install/seabot_interfaces/include/seabot_interfaces/seabot_interfaces/msg/detail/sensor_data__functions.c
[1.620s] -- Up-to-date: /home/bninaos/Documents/ros2_ws/install/seabot_interfaces/include/seabot_interfaces/seabot_interfaces/msg/detail/sensor_data__type_support.h
[1.620s] -- Up-to-date: /home/bninaos/Documents/ros2_ws/install/seabot_interfaces/include/seabot_interfaces/seabot_interfaces/msg/detail/feedback__functions.h
[1.620s] -- Up-to-date: /home/bninaos/Documents/ros2_ws/install/seabot_interfaces/include/seabot_interfaces/seabot_interfaces/msg/detail/feedback__functions.c
[1.620s] -- Up-to-date: /home/bninaos/Documents/ros2_ws/install/seabot_interfaces/include/seabot_interfaces/seabot_interfaces/msg/detail/feedback__struct.h
[1.620s] -- Up-to-date: /home/bninaos/Documents/ros2_ws/install/seabot_interfaces/include/seabot_interfaces/seabot_interfaces/msg/detail/sensor_data__struct.h
[1.621s] -- Up-to-date: /home/bninaos/Documents/ros2_ws/install/seabot_interfaces/include/seabot_interfaces/seabot_interfaces/msg/detail/sensor_data__functions.h
[1.621s] -- Up-to-date: /home/bninaos/Documents/ros2_ws/install/seabot_interfaces/include/seabot_interfaces/seabot_interfaces/srv
[1.621s] -- Up-to-date: /home/bninaos/Documents/ros2_ws/install/seabot_interfaces/include/seabot_interfaces/seabot_interfaces/srv/service.h
[1.621s] -- Up-to-date: /home/bninaos/Documents/ros2_ws/install/seabot_interfaces/include/seabot_interfaces/seabot_interfaces/srv/detail
[1.621s] -- Up-to-date: /home/bninaos/Documents/ros2_ws/install/seabot_interfaces/include/seabot_interfaces/seabot_interfaces/srv/detail/service__type_support.h
[1.621s] -- Up-to-date: /home/bninaos/Documents/ros2_ws/install/seabot_interfaces/include/seabot_interfaces/seabot_interfaces/srv/detail/service__functions.h
[1.621s] -- Up-to-date: /home/bninaos/Documents/ros2_ws/install/seabot_interfaces/include/seabot_interfaces/seabot_interfaces/srv/detail/service__functions.c
[1.621s] -- Up-to-date: /home/bninaos/Documents/ros2_ws/install/seabot_interfaces/include/seabot_interfaces/seabot_interfaces/srv/detail/service__struct.h
[1.622s] -- Up-to-date: /home/bninaos/Documents/ros2_ws/install/seabot_interfaces/share/seabot_interfaces/environment/library_path.sh
[1.622s] -- Up-to-date: /home/bninaos/Documents/ros2_ws/install/seabot_interfaces/share/seabot_interfaces/environment/library_path.dsv
[1.626s] -- Up-to-date: /home/bninaos/Documents/ros2_ws/install/seabot_interfaces/lib/libseabot_interfaces__rosidl_generator_c.so
[1.626s] -- Up-to-date: /home/bninaos/Documents/ros2_ws/install/seabot_interfaces/include/seabot_interfaces/seabot_interfaces
[1.626s] -- Up-to-date: /home/bninaos/Documents/ros2_ws/install/seabot_interfaces/include/seabot_interfaces/seabot_interfaces/msg
[1.626s] -- Up-to-date: /home/bninaos/Documents/ros2_ws/install/seabot_interfaces/include/seabot_interfaces/seabot_interfaces/msg/rosidl_typesupport_fastrtps_c__visibility_control.h
[1.626s] -- Up-to-date: /home/bninaos/Documents/ros2_ws/install/seabot_interfaces/include/seabot_interfaces/seabot_interfaces/msg/detail
[1.626s] -- Up-to-date: /home/bninaos/Documents/ros2_ws/install/seabot_interfaces/include/seabot_interfaces/seabot_interfaces/msg/detail/feedback__rosidl_typesupport_fastrtps_c.h
[1.626s] -- Up-to-date: /home/bninaos/Documents/ros2_ws/install/seabot_interfaces/include/seabot_interfaces/seabot_interfaces/msg/detail/sensor_data__rosidl_typesupport_fastrtps_c.h
[1.626s] -- Up-to-date: /home/bninaos/Documents/ros2_ws/install/seabot_interfaces/include/seabot_interfaces/seabot_interfaces/srv
[1.626s] -- Up-to-date: /home/bninaos/Documents/ros2_ws/install/seabot_interfaces/include/seabot_interfaces/seabot_interfaces/srv/detail
[1.626s] -- Up-to-date: /home/bninaos/Documents/ros2_ws/install/seabot_interfaces/include/seabot_interfaces/seabot_interfaces/srv/detail/service__rosidl_typesupport_fastrtps_c.h
[1.626s] -- Up-to-date: /home/bninaos/Documents/ros2_ws/install/seabot_interfaces/lib/libseabot_interfaces__rosidl_typesupport_fastrtps_c.so
[1.627s] -- Up-to-date: /home/bninaos/Documents/ros2_ws/install/seabot_interfaces/include/seabot_interfaces/seabot_interfaces
[1.627s] -- Up-to-date: /home/bninaos/Documents/ros2_ws/install/seabot_interfaces/include/seabot_interfaces/seabot_interfaces/msg
[1.627s] -- Up-to-date: /home/bninaos/Documents/ros2_ws/install/seabot_interfaces/include/seabot_interfaces/seabot_interfaces/msg/rosidl_typesupport_introspection_c__visibility_control.h
[1.627s] -- Up-to-date: /home/bninaos/Documents/ros2_ws/install/seabot_interfaces/include/seabot_interfaces/seabot_interfaces/msg/detail
[1.627s] -- Up-to-date: /home/bninaos/Documents/ros2_ws/install/seabot_interfaces/include/seabot_interfaces/seabot_interfaces/msg/detail/sensor_data__rosidl_typesupport_introspection_c.h
[1.627s] -- Up-to-date: /home/bninaos/Documents/ros2_ws/install/seabot_interfaces/include/seabot_interfaces/seabot_interfaces/msg/detail/feedback__type_support.c
[1.627s] -- Up-to-date: /home/bninaos/Documents/ros2_ws/install/seabot_interfaces/include/seabot_interfaces/seabot_interfaces/msg/detail/sensor_data__type_support.c
[1.627s] -- Up-to-date: /home/bninaos/Documents/ros2_ws/install/seabot_interfaces/include/seabot_interfaces/seabot_interfaces/msg/detail/feedback__rosidl_typesupport_introspection_c.h
[1.627s] -- Up-to-date: /home/bninaos/Documents/ros2_ws/install/seabot_interfaces/include/seabot_interfaces/seabot_interfaces/srv
[1.627s] -- Up-to-date: /home/bninaos/Documents/ros2_ws/install/seabot_interfaces/include/seabot_interfaces/seabot_interfaces/srv/detail
[1.627s] -- Up-to-date: /home/bninaos/Documents/ros2_ws/install/seabot_interfaces/include/seabot_interfaces/seabot_interfaces/srv/detail/service__rosidl_typesupport_introspection_c.h
[1.627s] -- Up-to-date: /home/bninaos/Documents/ros2_ws/install/seabot_interfaces/include/seabot_interfaces/seabot_interfaces/srv/detail/service__type_support.c
[1.627s] -- Up-to-date: /home/bninaos/Documents/ros2_ws/install/seabot_interfaces/lib/libseabot_interfaces__rosidl_typesupport_introspection_c.so
[1.628s] -- Up-to-date: /home/bninaos/Documents/ros2_ws/install/seabot_interfaces/lib/libseabot_interfaces__rosidl_typesupport_c.so
[1.628s] -- Up-to-date: /home/bninaos/Documents/ros2_ws/install/seabot_interfaces/include/seabot_interfaces/seabot_interfaces
[1.628s] -- Up-to-date: /home/bninaos/Documents/ros2_ws/install/seabot_interfaces/include/seabot_interfaces/seabot_interfaces/msg
[1.628s] -- Up-to-date: /home/bninaos/Documents/ros2_ws/install/seabot_interfaces/include/seabot_interfaces/seabot_interfaces/msg/sensor_data.hpp
[1.628s] -- Up-to-date: /home/bninaos/Documents/ros2_ws/install/seabot_interfaces/include/seabot_interfaces/seabot_interfaces/msg/detail
[1.628s] -- Up-to-date: /home/bninaos/Documents/ros2_ws/install/seabot_interfaces/include/seabot_interfaces/seabot_interfaces/msg/detail/feedback__struct.hpp
[1.628s] -- Up-to-date: /home/bninaos/Documents/ros2_ws/install/seabot_interfaces/include/seabot_interfaces/seabot_interfaces/msg/detail/sensor_data__struct.hpp
[1.628s] -- Up-to-date: /home/bninaos/Documents/ros2_ws/install/seabot_interfaces/include/seabot_interfaces/seabot_interfaces/msg/detail/sensor_data__traits.hpp
[1.628s] -- Up-to-date: /home/bninaos/Documents/ros2_ws/install/seabot_interfaces/include/seabot_interfaces/seabot_interfaces/msg/detail/feedback__traits.hpp
[1.628s] -- Up-to-date: /home/bninaos/Documents/ros2_ws/install/seabot_interfaces/include/seabot_interfaces/seabot_interfaces/msg/detail/feedback__builder.hpp
[1.628s] -- Up-to-date: /home/bninaos/Documents/ros2_ws/install/seabot_interfaces/include/seabot_interfaces/seabot_interfaces/msg/detail/sensor_data__builder.hpp
[1.629s] -- Up-to-date: /home/bninaos/Documents/ros2_ws/install/seabot_interfaces/include/seabot_interfaces/seabot_interfaces/msg/feedback.hpp
[1.629s] -- Up-to-date: /home/bninaos/Documents/ros2_ws/install/seabot_interfaces/include/seabot_interfaces/seabot_interfaces/srv
[1.629s] -- Up-to-date: /home/bninaos/Documents/ros2_ws/install/seabot_interfaces/include/seabot_interfaces/seabot_interfaces/srv/detail
[1.629s] -- Up-to-date: /home/bninaos/Documents/ros2_ws/install/seabot_interfaces/include/seabot_interfaces/seabot_interfaces/srv/detail/service__struct.hpp
[1.629s] -- Up-to-date: /home/bninaos/Documents/ros2_ws/install/seabot_interfaces/include/seabot_interfaces/seabot_interfaces/srv/detail/service__traits.hpp
[1.629s] -- Up-to-date: /home/bninaos/Documents/ros2_ws/install/seabot_interfaces/include/seabot_interfaces/seabot_interfaces/srv/detail/service__builder.hpp
[1.629s] -- Up-to-date: /home/bninaos/Documents/ros2_ws/install/seabot_interfaces/include/seabot_interfaces/seabot_interfaces/srv/service.hpp
[1.629s] -- Up-to-date: /home/bninaos/Documents/ros2_ws/install/seabot_interfaces/include/seabot_interfaces/seabot_interfaces
[1.629s] -- Up-to-date: /home/bninaos/Documents/ros2_ws/install/seabot_interfaces/include/seabot_interfaces/seabot_interfaces/msg
[1.629s] -- Up-to-date: /home/bninaos/Documents/ros2_ws/install/seabot_interfaces/include/seabot_interfaces/seabot_interfaces/msg/rosidl_typesupport_fastrtps_cpp__visibility_control.h
[1.629s] -- Up-to-date: /home/bninaos/Documents/ros2_ws/install/seabot_interfaces/include/seabot_interfaces/seabot_interfaces/msg/detail
[1.629s] -- Up-to-date: /home/bninaos/Documents/ros2_ws/install/seabot_interfaces/include/seabot_interfaces/seabot_interfaces/msg/detail/sensor_data__rosidl_typesupport_fastrtps_cpp.hpp
[1.629s] -- Up-to-date: /home/bninaos/Documents/ros2_ws/install/seabot_interfaces/include/seabot_interfaces/seabot_interfaces/msg/detail/feedback__rosidl_typesupport_fastrtps_cpp.hpp
[1.630s] -- Up-to-date: /home/bninaos/Documents/ros2_ws/install/seabot_interfaces/include/seabot_interfaces/seabot_interfaces/msg/detail/dds_fastrtps
[1.630s] -- Up-to-date: /home/bninaos/Documents/ros2_ws/install/seabot_interfaces/include/seabot_interfaces/seabot_interfaces/srv
[1.630s] -- Up-to-date: /home/bninaos/Documents/ros2_ws/install/seabot_interfaces/include/seabot_interfaces/seabot_interfaces/srv/detail
[1.630s] -- Up-to-date: /home/bninaos/Documents/ros2_ws/install/seabot_interfaces/include/seabot_interfaces/seabot_interfaces/srv/detail/service__rosidl_typesupport_fastrtps_cpp.hpp
[1.630s] -- Up-to-date: /home/bninaos/Documents/ros2_ws/install/seabot_interfaces/include/seabot_interfaces/seabot_interfaces/srv/detail/dds_fastrtps
[1.631s] -- Up-to-date: /home/bninaos/Documents/ros2_ws/install/seabot_interfaces/lib/libseabot_interfaces__rosidl_typesupport_fastrtps_cpp.so
[1.631s] -- Up-to-date: /home/bninaos/Documents/ros2_ws/install/seabot_interfaces/include/seabot_interfaces/seabot_interfaces
[1.631s] -- Up-to-date: /home/bninaos/Documents/ros2_ws/install/seabot_interfaces/include/seabot_interfaces/seabot_interfaces/msg
[1.631s] -- Up-to-date: /home/bninaos/Documents/ros2_ws/install/seabot_interfaces/include/seabot_interfaces/seabot_interfaces/msg/detail
[1.631s] -- Up-to-date: /home/bninaos/Documents/ros2_ws/install/seabot_interfaces/include/seabot_interfaces/seabot_interfaces/msg/detail/sensor_data__type_support.cpp
[1.631s] -- Up-to-date: /home/bninaos/Documents/ros2_ws/install/seabot_interfaces/include/seabot_interfaces/seabot_interfaces/msg/detail/feedback__type_support.cpp
[1.631s] -- Up-to-date: /home/bninaos/Documents/ros2_ws/install/seabot_interfaces/include/seabot_interfaces/seabot_interfaces/msg/detail/sensor_data__rosidl_typesupport_introspection_cpp.hpp
[1.631s] -- Up-to-date: /home/bninaos/Documents/ros2_ws/install/seabot_interfaces/include/seabot_interfaces/seabot_interfaces/msg/detail/feedback__rosidl_typesupport_introspection_cpp.hpp
[1.631s] -- Up-to-date: /home/bninaos/Documents/ros2_ws/install/seabot_interfaces/include/seabot_interfaces/seabot_interfaces/srv
[1.631s] -- Up-to-date: /home/bninaos/Documents/ros2_ws/install/seabot_interfaces/include/seabot_interfaces/seabot_interfaces/srv/detail
[1.631s] -- Up-to-date: /home/bninaos/Documents/ros2_ws/install/seabot_interfaces/include/seabot_interfaces/seabot_interfaces/srv/detail/service__rosidl_typesupport_introspection_cpp.hpp
[1.631s] -- Up-to-date: /home/bninaos/Documents/ros2_ws/install/seabot_interfaces/include/seabot_interfaces/seabot_interfaces/srv/detail/service__type_support.cpp
[1.632s] -- Up-to-date: /home/bninaos/Documents/ros2_ws/install/seabot_interfaces/lib/libseabot_interfaces__rosidl_typesupport_introspection_cpp.so
[1.632s] -- Up-to-date: /home/bninaos/Documents/ros2_ws/install/seabot_interfaces/lib/libseabot_interfaces__rosidl_typesupport_cpp.so
[1.632s] -- Up-to-date: /home/bninaos/Documents/ros2_ws/install/seabot_interfaces/share/seabot_interfaces/environment/pythonpath.sh
[1.632s] -- Up-to-date: /home/bninaos/Documents/ros2_ws/install/seabot_interfaces/share/seabot_interfaces/environment/pythonpath.dsv
[1.632s] -- Up-to-date: /home/bninaos/Documents/ros2_ws/install/seabot_interfaces/local/lib/python3.10/dist-packages/seabot_interfaces-0.0.0-py3.10.egg-info
[1.632s] -- Installing: /home/bninaos/Documents/ros2_ws/install/seabot_interfaces/local/lib/python3.10/dist-packages/seabot_interfaces-0.0.0-py3.10.egg-info/PKG-INFO
[1.632s] -- Installing: /home/bninaos/Documents/ros2_ws/install/seabot_interfaces/local/lib/python3.10/dist-packages/seabot_interfaces-0.0.0-py3.10.egg-info/dependency_links.txt
[1.632s] -- Installing: /home/bninaos/Documents/ros2_ws/install/seabot_interfaces/local/lib/python3.10/dist-packages/seabot_interfaces-0.0.0-py3.10.egg-info/top_level.txt
[1.632s] -- Installing: /home/bninaos/Documents/ros2_ws/install/seabot_interfaces/local/lib/python3.10/dist-packages/seabot_interfaces-0.0.0-py3.10.egg-info/SOURCES.txt
[1.632s] -- Up-to-date: /home/bninaos/Documents/ros2_ws/install/seabot_interfaces/local/lib/python3.10/dist-packages/seabot_interfaces
[1.632s] -- Up-to-date: /home/bninaos/Documents/ros2_ws/install/seabot_interfaces/local/lib/python3.10/dist-packages/seabot_interfaces/seabot_interfaces_s__rosidl_typesupport_introspection_c.cpython-310-x86_64-linux-gnu.so
[1.633s] -- Up-to-date: /home/bninaos/Documents/ros2_ws/install/seabot_interfaces/local/lib/python3.10/dist-packages/seabot_interfaces/_seabot_interfaces_s.ep.rosidl_typesupport_introspection_c.c
[1.633s] -- Up-to-date: /home/bninaos/Documents/ros2_ws/install/seabot_interfaces/local/lib/python3.10/dist-packages/seabot_interfaces/libseabot_interfaces__rosidl_generator_py.so
[1.633s] -- Up-to-date: /home/bninaos/Documents/ros2_ws/install/seabot_interfaces/local/lib/python3.10/dist-packages/seabot_interfaces/__init__.py
[1.633s] -- Up-to-date: /home/bninaos/Documents/ros2_ws/install/seabot_interfaces/local/lib/python3.10/dist-packages/seabot_interfaces/msg
[1.633s] -- Up-to-date: /home/bninaos/Documents/ros2_ws/install/seabot_interfaces/local/lib/python3.10/dist-packages/seabot_interfaces/msg/_feedback_s.c
[1.633s] -- Up-to-date: /home/bninaos/Documents/ros2_ws/install/seabot_interfaces/local/lib/python3.10/dist-packages/seabot_interfaces/msg/__init__.py
[1.633s] -- Up-to-date: /home/bninaos/Documents/ros2_ws/install/seabot_interfaces/local/lib/python3.10/dist-packages/seabot_interfaces/msg/_feedback.py
[1.633s] -- Up-to-date: /home/bninaos/Documents/ros2_ws/install/seabot_interfaces/local/lib/python3.10/dist-packages/seabot_interfaces/msg/_sensor_data_s.c
[1.633s] -- Up-to-date: /home/bninaos/Documents/ros2_ws/install/seabot_interfaces/local/lib/python3.10/dist-packages/seabot_interfaces/msg/_sensor_data.py
[1.633s] -- Up-to-date: /home/bninaos/Documents/ros2_ws/install/seabot_interfaces/local/lib/python3.10/dist-packages/seabot_interfaces/srv
[1.633s] -- Up-to-date: /home/bninaos/Documents/ros2_ws/install/seabot_interfaces/local/lib/python3.10/dist-packages/seabot_interfaces/srv/__init__.py
[1.633s] -- Up-to-date: /home/bninaos/Documents/ros2_ws/install/seabot_interfaces/local/lib/python3.10/dist-packages/seabot_interfaces/srv/_service.py
[1.633s] -- Up-to-date: /home/bninaos/Documents/ros2_ws/install/seabot_interfaces/local/lib/python3.10/dist-packages/seabot_interfaces/srv/_service_s.c
[1.633s] -- Up-to-date: /home/bninaos/Documents/ros2_ws/install/seabot_interfaces/local/lib/python3.10/dist-packages/seabot_interfaces/_seabot_interfaces_s.ep.rosidl_typesupport_c.c
[1.633s] -- Up-to-date: /home/bninaos/Documents/ros2_ws/install/seabot_interfaces/local/lib/python3.10/dist-packages/seabot_interfaces/seabot_interfaces_s__rosidl_typesupport_fastrtps_c.cpython-310-x86_64-linux-gnu.so
[1.633s] -- Up-to-date: /home/bninaos/Documents/ros2_ws/install/seabot_interfaces/local/lib/python3.10/dist-packages/seabot_interfaces/_seabot_interfaces_s.ep.rosidl_typesupport_fastrtps_c.c
[1.633s] -- Up-to-date: /home/bninaos/Documents/ros2_ws/install/seabot_interfaces/local/lib/python3.10/dist-packages/seabot_interfaces/seabot_interfaces_s__rosidl_typesupport_c.cpython-310-x86_64-linux-gnu.so
[1.777s] Listing '/home/bninaos/Documents/ros2_ws/install/seabot_interfaces/local/lib/python3.10/dist-packages/seabot_interfaces'...
[1.778s] Listing '/home/bninaos/Documents/ros2_ws/install/seabot_interfaces/local/lib/python3.10/dist-packages/seabot_interfaces/msg'...
[1.778s] Listing '/home/bninaos/Documents/ros2_ws/install/seabot_interfaces/local/lib/python3.10/dist-packages/seabot_interfaces/srv'...
[1.787s] -- Up-to-date: /home/bninaos/Documents/ros2_ws/install/seabot_interfaces/local/lib/python3.10/dist-packages/seabot_interfaces/seabot_interfaces_s__rosidl_typesupport_fastrtps_c.cpython-310-x86_64-linux-gnu.so
[1.787s] -- Up-to-date: /home/bninaos/Documents/ros2_ws/install/seabot_interfaces/local/lib/python3.10/dist-packages/seabot_interfaces/seabot_interfaces_s__rosidl_typesupport_introspection_c.cpython-310-x86_64-linux-gnu.so
[1.788s] -- Up-to-date: /home/bninaos/Documents/ros2_ws/install/seabot_interfaces/local/lib/python3.10/dist-packages/seabot_interfaces/seabot_interfaces_s__rosidl_typesupport_c.cpython-310-x86_64-linux-gnu.so
[1.811s] -- Up-to-date: /home/bninaos/Documents/ros2_ws/install/seabot_interfaces/lib/libseabot_interfaces__rosidl_generator_py.so
[1.811s] -- Up-to-date: /home/bninaos/Documents/ros2_ws/install/seabot_interfaces/share/seabot_interfaces/msg/Feedback.idl
[1.812s] -- Up-to-date: /home/bninaos/Documents/ros2_ws/install/seabot_interfaces/share/seabot_interfaces/msg/SensorData.idl
[1.812s] -- Up-to-date: /home/bninaos/Documents/ros2_ws/install/seabot_interfaces/share/seabot_interfaces/srv/Service.idl
[1.812s] -- Up-to-date: /home/bninaos/Documents/ros2_ws/install/seabot_interfaces/share/seabot_interfaces/msg/Feedback.msg
[1.812s] -- Up-to-date: /home/bninaos/Documents/ros2_ws/install/seabot_interfaces/share/seabot_interfaces/msg/SensorData.msg
[1.813s] -- Up-to-date: /home/bninaos/Documents/ros2_ws/install/seabot_interfaces/share/seabot_interfaces/srv/Service.srv
[1.813s] -- Up-to-date: /home/bninaos/Documents/ros2_ws/install/seabot_interfaces/share/seabot_interfaces/srv/Service_Request.msg
[1.813s] -- Up-to-date: /home/bninaos/Documents/ros2_ws/install/seabot_interfaces/share/seabot_interfaces/srv/Service_Response.msg
[1.813s] -- Up-to-date: /home/bninaos/Documents/ros2_ws/install/seabot_interfaces/share/ament_index/resource_index/package_run_dependencies/seabot_interfaces
[1.813s] -- Up-to-date: /home/bninaos/Documents/ros2_ws/install/seabot_interfaces/share/ament_index/resource_index/parent_prefix_path/seabot_interfaces
[1.813s] -- Up-to-date: /home/bninaos/Documents/ros2_ws/install/seabot_interfaces/share/seabot_interfaces/environment/ament_prefix_path.sh
[1.813s] -- Up-to-date: /home/bninaos/Documents/ros2_ws/install/seabot_interfaces/share/seabot_interfaces/environment/ament_prefix_path.dsv
[1.814s] -- Up-to-date: /home/bninaos/Documents/ros2_ws/install/seabot_interfaces/share/seabot_interfaces/environment/path.sh
[1.814s] -- Up-to-date: /home/bninaos/Documents/ros2_ws/install/seabot_interfaces/share/seabot_interfaces/environment/path.dsv
[1.814s] -- Up-to-date: /home/bninaos/Documents/ros2_ws/install/seabot_interfaces/share/seabot_interfaces/local_setup.bash
[1.814s] -- Up-to-date: /home/bninaos/Documents/ros2_ws/install/seabot_interfaces/share/seabot_interfaces/local_setup.sh
[1.814s] -- Up-to-date: /home/bninaos/Documents/ros2_ws/install/seabot_interfaces/share/seabot_interfaces/local_setup.zsh
[1.814s] -- Up-to-date: /home/bninaos/Documents/ros2_ws/install/seabot_interfaces/share/seabot_interfaces/local_setup.dsv
[1.814s] -- Installing: /home/bninaos/Documents/ros2_ws/install/seabot_interfaces/share/seabot_interfaces/package.dsv
[1.821s] -- Up-to-date: /home/bninaos/Documents/ros2_ws/install/seabot_interfaces/share/ament_index/resource_index/packages/seabot_interfaces
[1.821s] -- Up-to-date: /home/bninaos/Documents/ros2_ws/install/seabot_interfaces/share/seabot_interfaces/cmake/export_seabot_interfaces__rosidl_generator_cExport.cmake
[1.821s] -- Up-to-date: /home/bninaos/Documents/ros2_ws/install/seabot_interfaces/share/seabot_interfaces/cmake/export_seabot_interfaces__rosidl_generator_cExport-noconfig.cmake
[1.823s] -- Up-to-date: /home/bninaos/Documents/ros2_ws/install/seabot_interfaces/share/seabot_interfaces/cmake/export_seabot_interfaces__rosidl_typesupport_fastrtps_cExport.cmake
[1.823s] -- Up-to-date: /home/bninaos/Documents/ros2_ws/install/seabot_interfaces/share/seabot_interfaces/cmake/export_seabot_interfaces__rosidl_typesupport_fastrtps_cExport-noconfig.cmake
[1.828s] -- Up-to-date: /home/bninaos/Documents/ros2_ws/install/seabot_interfaces/share/seabot_interfaces/cmake/seabot_interfaces__rosidl_typesupport_introspection_cExport.cmake
[1.829s] -- Up-to-date: /home/bninaos/Documents/ros2_ws/install/seabot_interfaces/share/seabot_interfaces/cmake/seabot_interfaces__rosidl_typesupport_introspection_cExport-noconfig.cmake
[1.829s] -- Up-to-date: /home/bninaos/Documents/ros2_ws/install/seabot_interfaces/share/seabot_interfaces/cmake/seabot_interfaces__rosidl_typesupport_cExport.cmake
[1.829s] -- Up-to-date: /home/bninaos/Documents/ros2_ws/install/seabot_interfaces/share/seabot_interfaces/cmake/seabot_interfaces__rosidl_typesupport_cExport-noconfig.cmake
[1.829s] -- Up-to-date: /home/bninaos/Documents/ros2_ws/install/seabot_interfaces/share/seabot_interfaces/cmake/export_seabot_interfaces__rosidl_generator_cppExport.cmake
[1.829s] -- Up-to-date: /home/bninaos/Documents/ros2_ws/install/seabot_interfaces/share/seabot_interfaces/cmake/export_seabot_interfaces__rosidl_typesupport_fastrtps_cppExport.cmake
[1.829s] -- Up-to-date: /home/bninaos/Documents/ros2_ws/install/seabot_interfaces/share/seabot_interfaces/cmake/export_seabot_interfaces__rosidl_typesupport_fastrtps_cppExport-noconfig.cmake
[1.830s] -- Up-to-date: /home/bninaos/Documents/ros2_ws/install/seabot_interfaces/share/seabot_interfaces/cmake/seabot_interfaces__rosidl_typesupport_introspection_cppExport.cmake
[1.830s] -- Up-to-date: /home/bninaos/Documents/ros2_ws/install/seabot_interfaces/share/seabot_interfaces/cmake/seabot_interfaces__rosidl_typesupport_introspection_cppExport-noconfig.cmake
[1.830s] -- Up-to-date: /home/bninaos/Documents/ros2_ws/install/seabot_interfaces/share/seabot_interfaces/cmake/seabot_interfaces__rosidl_typesupport_cppExport.cmake
[1.830s] -- Up-to-date: /home/bninaos/Documents/ros2_ws/install/seabot_interfaces/share/seabot_interfaces/cmake/seabot_interfaces__rosidl_typesupport_cppExport-noconfig.cmake
[1.830s] -- Up-to-date: /home/bninaos/Documents/ros2_ws/install/seabot_interfaces/share/seabot_interfaces/cmake/export_seabot_interfaces__rosidl_generator_pyExport.cmake
[1.831s] -- Up-to-date: /home/bninaos/Documents/ros2_ws/install/seabot_interfaces/share/seabot_interfaces/cmake/export_seabot_interfaces__rosidl_generator_pyExport-noconfig.cmake
[1.831s] -- Up-to-date: /home/bninaos/Documents/ros2_ws/install/seabot_interfaces/share/seabot_interfaces/cmake/rosidl_cmake-extras.cmake
[1.831s] -- Up-to-date: /home/bninaos/Documents/ros2_ws/install/seabot_interfaces/share/seabot_interfaces/cmake/ament_cmake_export_include_directories-extras.cmake
[1.831s] -- Up-to-date: /home/bninaos/Documents/ros2_ws/install/seabot_interfaces/share/seabot_interfaces/cmake/ament_cmake_export_libraries-extras.cmake
[1.831s] -- Up-to-date: /home/bninaos/Documents/ros2_ws/install/seabot_interfaces/share/seabot_interfaces/cmake/ament_cmake_export_targets-extras.cmake
[1.832s] -- Up-to-date: /home/bninaos/Documents/ros2_ws/install/seabot_interfaces/share/seabot_interfaces/cmake/rosidl_cmake_export_typesupport_targets-extras.cmake
[1.832s] -- Up-to-date: /home/bninaos/Documents/ros2_ws/install/seabot_interfaces/share/seabot_interfaces/cmake/ament_cmake_export_dependencies-extras.cmake
[1.832s] -- Up-to-date: /home/bninaos/Documents/ros2_ws/install/seabot_interfaces/share/seabot_interfaces/cmake/rosidl_cmake_export_typesupport_libraries-extras.cmake
[1.832s] -- Up-to-date: /home/bninaos/Documents/ros2_ws/install/seabot_interfaces/share/seabot_interfaces/cmake/seabot_interfacesConfig.cmake
[1.832s] -- Up-to-date: /home/bninaos/Documents/ros2_ws/install/seabot_interfaces/share/seabot_interfaces/cmake/seabot_interfacesConfig-version.cmake
[1.832s] -- Up-to-date: /home/bninaos/Documents/ros2_ws/install/seabot_interfaces/share/seabot_interfaces/package.xml
[1.834s] Invoked command in '/home/bninaos/Documents/ros2_ws/build/seabot_interfaces' returned '0': CMAKE_PREFIX_PATH=${CMAKE_PREFIX_PATH}:/opt/ros/humble /usr/bin/cmake --install /home/bninaos/Documents/ros2_ws/build/seabot_interfaces
