[0.031s] Invoking command in '/home/bninaos/Documents/ros2_ws/build/cpp_srvcli': AMENT_PREFIX_PATH=/home/bninaos/Documents/ros2_ws/install/seabot_interfaces:${AMENT_PREFIX_PATH} CMAKE_PREFIX_PATH=/home/bninaos/Documents/ros2_ws/install/seabot_interfaces:/home/bninaos/microros/install/micro_ros_setup:/home/bninaos/microros/install/micro_ros_agent:/home/bninaos/microros/install/micro_ros_msgs:/opt/ros/humble LD_LIBRARY_PATH=/home/bninaos/Documents/ros2_ws/install/seabot_interfaces/lib:${LD_LIBRARY_PATH} PYTHONPATH=/home/bninaos/Documents/ros2_ws/install/seabot_interfaces/local/lib/python3.10/dist-packages:${PYTHONPATH} /usr/bin/cmake --build /home/bninaos/Documents/ros2_ws/build/cpp_srvcli -- -j8 -l8
[0.105s] [35m[1mConsolidate compiler generated dependencies of target server[0m
[0.119s] [ 25%] [32mBuilding CXX object CMakeFiles/server.dir/src/Server.cpp.o[0m
[0.122s] [ 75%] Built target client
[1.623s] [01m[K/home/bninaos/Documents/ros2_ws/src/cpp_srvcli/src/Server.cpp:6:73:[m[K [01;31m[Kerror: [m[Kfound ‘[01m[K:[m[K’ in nested-name-specifier, expected ‘[01m[K::[m[K’
[1.623s]     6 | void send_response(const std::shared_ptr<seabot_interfaces::srv::Service[01;31m[K:[m[KRequest> request,     // CHANGE
[1.623s]       |                                                                         [01;31m[K^[m[K
[1.623s]       |                                                                         [32m[K::[m[K
[1.626s] In file included from [01m[K/opt/ros/humble/include/rclcpp/rclcpp/logging.hpp:24[m[K,
[1.626s]                  from [01m[K/opt/ros/humble/include/rclcpp/rclcpp/client.hpp:40[m[K,
[1.626s]                  from [01m[K/opt/ros/humble/include/rclcpp/rclcpp/callback_group.hpp:24[m[K,
[1.626s]                  from [01m[K/opt/ros/humble/include/rclcpp/rclcpp/any_executable.hpp:20[m[K,
[1.626s]                  from [01m[K/opt/ros/humble/include/rclcpp/rclcpp/memory_strategy.hpp:25[m[K,
[1.627s]                  from [01m[K/opt/ros/humble/include/rclcpp/rclcpp/memory_strategies.hpp:18[m[K,
[1.627s]                  from [01m[K/opt/ros/humble/include/rclcpp/rclcpp/executor_options.hpp:20[m[K,
[1.627s]                  from [01m[K/opt/ros/humble/include/rclcpp/rclcpp/executor.hpp:37[m[K,
[1.627s]                  from [01m[K/opt/ros/humble/include/rclcpp/rclcpp/executors/multi_threaded_executor.hpp:25[m[K,
[1.627s]                  from [01m[K/opt/ros/humble/include/rclcpp/rclcpp/executors.hpp:21[m[K,
[1.627s]                  from [01m[K/opt/ros/humble/include/rclcpp/rclcpp/rclcpp.hpp:155[m[K,
[1.627s]                  from [01m[K/home/bninaos/Documents/ros2_ws/src/cpp_srvcli/src/Server.cpp:1[m[K:
[1.627s] [01m[K/home/bninaos/Documents/ros2_ws/src/cpp_srvcli/src/Server.cpp:[m[K In function ‘[01m[Kvoid send_response(std::shared_ptr<seabot_interfaces::srv::Service_Request_<std::allocator<void> > >, std::shared_ptr<seabot_interfaces::srv::Service_Response_<std::allocator<void> > >)[m[K’:
[1.627s] [01m[K/home/bninaos/Documents/ros2_ws/src/cpp_srvcli/src/Server.cpp:10:45:[m[K [01;35m[Kwarning: [m[Kformat ‘[01m[K%s[m[K’ expects argument of type ‘[01m[Kchar*[m[K’, but argument 5 has type ‘[01m[Kseabot_interfaces::srv::Service_Request_<std::allocator<void> >::_message_type[m[K’ {aka ‘[01m[Kstd::__cxx11::basic_string<char>[m[K’} [[01;35m[K]8;;https://gcc.gnu.org/onlinedocs/gcc/Warning-Options.html#index-Wformat=-Wformat=]8;;[m[K]
[1.627s]    10 |   RCLCPP_INFO(rclcpp::get_logger("rclcpp"), [01;35m[K"Incoming request\na: %s" " b: %.2f"[m[K,  // CHANGE
[1.627s]       |                                             [01;35m[K^~~~~~~~~~~~~~~~~~~~~~~~~~~~~~~~~~~~[m[K
[1.627s] [01m[K/home/bninaos/Documents/ros2_ws/src/cpp_srvcli/src/Server.cpp:10:68:[m[K [01;36m[Knote: [m[Kformat string is defined here
[1.627s]    10 |   RCLCPP_INFO(rclcpp::get_logger("rclcpp"), "Incoming request\na: [01;36m[K%s[m[K" " b: %.2f",  // CHANGE
[1.627s]       |                                                                   [01;36m[K~^[m[K
[1.627s]       |                                                                    [01;36m[K|[m[K
[1.627s]       |                                                                    [01;36m[Kchar*[m[K
[1.627s] In file included from [01m[K/opt/ros/humble/include/rclcpp/rclcpp/logging.hpp:24[m[K,
[1.627s]                  from [01m[K/opt/ros/humble/include/rclcpp/rclcpp/client.hpp:40[m[K,
[1.627s]                  from [01m[K/opt/ros/humble/include/rclcpp/rclcpp/callback_group.hpp:24[m[K,
[1.627s]                  from [01m[K/opt/ros/humble/include/rclcpp/rclcpp/any_executable.hpp:20[m[K,
[1.628s]                  from [01m[K/opt/ros/humble/include/rclcpp/rclcpp/memory_strategy.hpp:25[m[K,
[1.628s]                  from [01m[K/opt/ros/humble/include/rclcpp/rclcpp/memory_strategies.hpp:18[m[K,
[1.628s]                  from [01m[K/opt/ros/humble/include/rclcpp/rclcpp/executor_options.hpp:20[m[K,
[1.628s]                  from [01m[K/opt/ros/humble/include/rclcpp/rclcpp/executor.hpp:37[m[K,
[1.628s]                  from [01m[K/opt/ros/humble/include/rclcpp/rclcpp/executors/multi_threaded_executor.hpp:25[m[K,
[1.628s]                  from [01m[K/opt/ros/humble/include/rclcpp/rclcpp/executors.hpp:21[m[K,
[1.628s]                  from [01m[K/opt/ros/humble/include/rclcpp/rclcpp/rclcpp.hpp:155[m[K,
[1.628s]                  from [01m[K/home/bninaos/Documents/ros2_ws/src/cpp_srvcli/src/Server.cpp:1[m[K:
[1.628s] [01m[K/home/bninaos/Documents/ros2_ws/src/cpp_srvcli/src/Server.cpp:12:77:[m[K [01;31m[Kerror: [m[Kinvalid cast from type ‘[01m[Kseabot_interfaces::srv::Service_Response_<std::allocator<void> >::_feedback_type[m[K’ {aka ‘[01m[Kstd::__cxx11::basic_string<char>[m[K’} to type ‘[01m[Kchar[m[K’
[1.628s]    12 |   RCLCPP_INFO(rclcpp::get_logger("rclcpp"), "sending back response: [%ld]", [01;31m[K(char)response->feedback[m[K);
[1.628s]       |                                                                             [01;31m[K^~~~~~~~~~~~~~~~~~~~~~~~[m[K
[2.021s] gmake[2]: *** [CMakeFiles/server.dir/build.make:76: CMakeFiles/server.dir/src/Server.cpp.o] Error 1
[2.021s] gmake[1]: *** [CMakeFiles/Makefile2:139: CMakeFiles/server.dir/all] Error 2
[2.021s] gmake: *** [Makefile:146: all] Error 2
[2.023s] Invoked command in '/home/bninaos/Documents/ros2_ws/build/cpp_srvcli' returned '2': AMENT_PREFIX_PATH=/home/bninaos/Documents/ros2_ws/install/seabot_interfaces:${AMENT_PREFIX_PATH} CMAKE_PREFIX_PATH=/home/bninaos/Documents/ros2_ws/install/seabot_interfaces:/home/bninaos/microros/install/micro_ros_setup:/home/bninaos/microros/install/micro_ros_agent:/home/bninaos/microros/install/micro_ros_msgs:/opt/ros/humble LD_LIBRARY_PATH=/home/bninaos/Documents/ros2_ws/install/seabot_interfaces/lib:${LD_LIBRARY_PATH} PYTHONPATH=/home/bninaos/Documents/ros2_ws/install/seabot_interfaces/local/lib/python3.10/dist-packages:${PYTHONPATH} /usr/bin/cmake --build /home/bninaos/Documents/ros2_ws/build/cpp_srvcli -- -j8 -l8
