[0.890s] DEBUG:colcon:Command line arguments: ['/usr/bin/colcon', 'build']
[0.890s] DEBUG:colcon:Parsed command line arguments: Namespace(log_base=None, log_level=None, verb_name='build', build_base='build', install_base='install', merge_install=False, symlink_install=False, test_result_base=None, continue_on_error=False, executor='parallel', parallel_workers=8, event_handlers=None, ignore_user_meta=False, metas=['./colcon.meta'], base_paths=['.'], packages_ignore=None, packages_ignore_regex=None, paths=None, packages_up_to=None, packages_up_to_regex=None, packages_above=None, packages_above_and_dependencies=None, packages_above_depth=None, packages_select_by_dep=None, packages_skip_by_dep=None, packages_skip_up_to=None, packages_select_build_failed=False, packages_skip_build_finished=False, packages_select_test_failures=False, packages_skip_test_passed=False, packages_select=None, packages_skip=None, packages_select_regex=None, packages_skip_regex=None, packages_start=None, packages_end=None, allow_overriding=[], cmake_args=None, cmake_target=None, cmake_target_skip_unavailable=False, cmake_clean_cache=False, cmake_clean_first=False, cmake_force_configure=False, ament_cmake_args=None, catkin_cmake_args=None, catkin_skip_building_tests=False, mixin_files=None, mixin=None, verb_parser=<colcon_mixin.mixin.mixin_argument.MixinArgumentDecorator object at 0x769c75244310>, verb_extension=<colcon_core.verb.build.BuildVerb object at 0x769c7520b850>, main=<bound method BuildVerb.main of <colcon_core.verb.build.BuildVerb object at 0x769c7520b850>>, mixin_verb=('build',))
[4.463s] Level 1:colcon.colcon_core.package_discovery:discover_packages(colcon_meta) check parameters
[4.463s] Level 1:colcon.colcon_core.package_discovery:discover_packages(recursive) check parameters
[4.463s] Level 1:colcon.colcon_core.package_discovery:discover_packages(ignore) check parameters
[4.463s] Level 1:colcon.colcon_core.package_discovery:discover_packages(path) check parameters
[4.463s] Level 1:colcon.colcon_core.package_discovery:discover_packages(colcon_meta) discover
[4.463s] Level 1:colcon.colcon_core.package_discovery:discover_packages(recursive) discover
[4.463s] INFO:colcon.colcon_core.package_discovery:Crawling recursively for packages in '/home/bninaos/Documents'
[4.464s] Level 1:colcon.colcon_core.package_identification:_identify(.) by extensions ['ignore', 'ignore_ament_install']
[4.464s] Level 1:colcon.colcon_core.package_identification:_identify(.) by extension 'ignore'
[4.464s] Level 1:colcon.colcon_core.package_identification:_identify(.) by extension 'ignore_ament_install'
[4.464s] Level 1:colcon.colcon_core.package_identification:_identify(.) by extensions ['colcon_pkg']
[4.464s] Level 1:colcon.colcon_core.package_identification:_identify(.) by extension 'colcon_pkg'
[4.464s] Level 1:colcon.colcon_core.package_identification:_identify(.) by extensions ['colcon_meta']
[4.464s] Level 1:colcon.colcon_core.package_identification:_identify(.) by extension 'colcon_meta'
[4.465s] Level 1:colcon.colcon_core.package_identification:_identify(.) by extensions ['ros']
[4.465s] Level 1:colcon.colcon_core.package_identification:_identify(.) by extension 'ros'
[4.529s] Level 1:colcon.colcon_core.package_identification:_identify(.) by extensions ['cmake', 'python']
[4.529s] Level 1:colcon.colcon_core.package_identification:_identify(.) by extension 'cmake'
[4.529s] Level 1:colcon.colcon_core.package_identification:_identify(.) by extension 'python'
[4.529s] Level 1:colcon.colcon_core.package_identification:_identify(.) by extensions ['python_setup_py']
[4.529s] Level 1:colcon.colcon_core.package_identification:_identify(.) by extension 'python_setup_py'
[4.529s] Level 1:colcon.colcon_core.package_identification:_identify(build) by extensions ['ignore', 'ignore_ament_install']
[4.530s] Level 1:colcon.colcon_core.package_identification:_identify(build) by extension 'ignore'
[4.530s] Level 1:colcon.colcon_core.package_identification:_identify(build) ignored
[4.530s] Level 1:colcon.colcon_core.package_identification:_identify(install) by extensions ['ignore', 'ignore_ament_install']
[4.530s] Level 1:colcon.colcon_core.package_identification:_identify(install) by extension 'ignore'
[4.530s] Level 1:colcon.colcon_core.package_identification:_identify(install) ignored
[4.530s] Level 1:colcon.colcon_core.package_identification:_identify(log) by extensions ['ignore', 'ignore_ament_install']
[4.530s] Level 1:colcon.colcon_core.package_identification:_identify(log) by extension 'ignore'
[4.531s] Level 1:colcon.colcon_core.package_identification:_identify(log) ignored
[4.531s] Level 1:colcon.colcon_core.package_identification:_identify(ros2_ws) by extensions ['ignore', 'ignore_ament_install']
[4.531s] Level 1:colcon.colcon_core.package_identification:_identify(ros2_ws) by extension 'ignore'
[4.531s] Level 1:colcon.colcon_core.package_identification:_identify(ros2_ws) by extension 'ignore_ament_install'
[4.531s] Level 1:colcon.colcon_core.package_identification:_identify(ros2_ws) by extensions ['colcon_pkg']
[4.531s] Level 1:colcon.colcon_core.package_identification:_identify(ros2_ws) by extension 'colcon_pkg'
[4.531s] Level 1:colcon.colcon_core.package_identification:_identify(ros2_ws) by extensions ['colcon_meta']
[4.531s] Level 1:colcon.colcon_core.package_identification:_identify(ros2_ws) by extension 'colcon_meta'
[4.531s] Level 1:colcon.colcon_core.package_identification:_identify(ros2_ws) by extensions ['ros']
[4.531s] Level 1:colcon.colcon_core.package_identification:_identify(ros2_ws) by extension 'ros'
[4.532s] Level 1:colcon.colcon_core.package_identification:_identify(ros2_ws) by extensions ['cmake', 'python']
[4.532s] Level 1:colcon.colcon_core.package_identification:_identify(ros2_ws) by extension 'cmake'
[4.532s] Level 1:colcon.colcon_core.package_identification:_identify(ros2_ws) by extension 'python'
[4.532s] Level 1:colcon.colcon_core.package_identification:_identify(ros2_ws) by extensions ['python_setup_py']
[4.532s] Level 1:colcon.colcon_core.package_identification:_identify(ros2_ws) by extension 'python_setup_py'
[4.532s] Level 1:colcon.colcon_core.package_identification:_identify(ros2_ws/build) by extensions ['ignore', 'ignore_ament_install']
[4.532s] Level 1:colcon.colcon_core.package_identification:_identify(ros2_ws/build) by extension 'ignore'
[4.532s] Level 1:colcon.colcon_core.package_identification:_identify(ros2_ws/build) ignored
[4.532s] Level 1:colcon.colcon_core.package_identification:_identify(ros2_ws/install) by extensions ['ignore', 'ignore_ament_install']
[4.533s] Level 1:colcon.colcon_core.package_identification:_identify(ros2_ws/install) by extension 'ignore'
[4.533s] Level 1:colcon.colcon_core.package_identification:_identify(ros2_ws/install) ignored
[4.533s] Level 1:colcon.colcon_core.package_identification:_identify(ros2_ws/log) by extensions ['ignore', 'ignore_ament_install']
[4.533s] Level 1:colcon.colcon_core.package_identification:_identify(ros2_ws/log) by extension 'ignore'
[4.533s] Level 1:colcon.colcon_core.package_identification:_identify(ros2_ws/log) ignored
[4.533s] Level 1:colcon.colcon_core.package_identification:_identify(ros2_ws/src) by extensions ['ignore', 'ignore_ament_install']
[4.534s] Level 1:colcon.colcon_core.package_identification:_identify(ros2_ws/src) by extension 'ignore'
[4.534s] Level 1:colcon.colcon_core.package_identification:_identify(ros2_ws/src) by extension 'ignore_ament_install'
[4.534s] Level 1:colcon.colcon_core.package_identification:_identify(ros2_ws/src) by extensions ['colcon_pkg']
[4.534s] Level 1:colcon.colcon_core.package_identification:_identify(ros2_ws/src) by extension 'colcon_pkg'
[4.534s] Level 1:colcon.colcon_core.package_identification:_identify(ros2_ws/src) by extensions ['colcon_meta']
[4.534s] Level 1:colcon.colcon_core.package_identification:_identify(ros2_ws/src) by extension 'colcon_meta'
[4.534s] Level 1:colcon.colcon_core.package_identification:_identify(ros2_ws/src) by extensions ['ros']
[4.534s] Level 1:colcon.colcon_core.package_identification:_identify(ros2_ws/src) by extension 'ros'
[4.534s] Level 1:colcon.colcon_core.package_identification:_identify(ros2_ws/src) by extensions ['cmake', 'python']
[4.534s] Level 1:colcon.colcon_core.package_identification:_identify(ros2_ws/src) by extension 'cmake'
[4.534s] Level 1:colcon.colcon_core.package_identification:_identify(ros2_ws/src) by extension 'python'
[4.535s] Level 1:colcon.colcon_core.package_identification:_identify(ros2_ws/src) by extensions ['python_setup_py']
[4.535s] Level 1:colcon.colcon_core.package_identification:_identify(ros2_ws/src) by extension 'python_setup_py'
[4.535s] Level 1:colcon.colcon_core.package_identification:_identify(ros2_ws/src/cpp_pubsub) by extensions ['ignore', 'ignore_ament_install']
[4.535s] Level 1:colcon.colcon_core.package_identification:_identify(ros2_ws/src/cpp_pubsub) by extension 'ignore'
[4.535s] Level 1:colcon.colcon_core.package_identification:_identify(ros2_ws/src/cpp_pubsub) by extension 'ignore_ament_install'
[4.535s] Level 1:colcon.colcon_core.package_identification:_identify(ros2_ws/src/cpp_pubsub) by extensions ['colcon_pkg']
[4.535s] Level 1:colcon.colcon_core.package_identification:_identify(ros2_ws/src/cpp_pubsub) by extension 'colcon_pkg'
[4.536s] Level 1:colcon.colcon_core.package_identification:_identify(ros2_ws/src/cpp_pubsub) by extensions ['colcon_meta']
[4.536s] Level 1:colcon.colcon_core.package_identification:_identify(ros2_ws/src/cpp_pubsub) by extension 'colcon_meta'
[4.536s] Level 1:colcon.colcon_core.package_identification:_identify(ros2_ws/src/cpp_pubsub) by extensions ['ros']
[4.536s] Level 1:colcon.colcon_core.package_identification:_identify(ros2_ws/src/cpp_pubsub) by extension 'ros'
[4.578s] DEBUG:colcon.colcon_core.package_identification:Package 'ros2_ws/src/cpp_pubsub' with type 'ros.ament_cmake' and name 'cpp_pubsub'
[4.578s] Level 1:colcon.colcon_core.package_identification:_identify(ros2_ws/src/cpp_srvcli) by extensions ['ignore', 'ignore_ament_install']
[4.578s] Level 1:colcon.colcon_core.package_identification:_identify(ros2_ws/src/cpp_srvcli) by extension 'ignore'
[4.579s] Level 1:colcon.colcon_core.package_identification:_identify(ros2_ws/src/cpp_srvcli) by extension 'ignore_ament_install'
[4.579s] Level 1:colcon.colcon_core.package_identification:_identify(ros2_ws/src/cpp_srvcli) by extensions ['colcon_pkg']
[4.579s] Level 1:colcon.colcon_core.package_identification:_identify(ros2_ws/src/cpp_srvcli) by extension 'colcon_pkg'
[4.579s] Level 1:colcon.colcon_core.package_identification:_identify(ros2_ws/src/cpp_srvcli) by extensions ['colcon_meta']
[4.579s] Level 1:colcon.colcon_core.package_identification:_identify(ros2_ws/src/cpp_srvcli) by extension 'colcon_meta'
[4.579s] Level 1:colcon.colcon_core.package_identification:_identify(ros2_ws/src/cpp_srvcli) by extensions ['ros']
[4.579s] Level 1:colcon.colcon_core.package_identification:_identify(ros2_ws/src/cpp_srvcli) by extension 'ros'
[4.596s] DEBUG:colcon.colcon_core.package_identification:Package 'ros2_ws/src/cpp_srvcli' with type 'ros.ament_cmake' and name 'cpp_srvcli'
[4.597s] Level 1:colcon.colcon_core.package_identification:_identify(ros2_ws/src/seabot_interfaces) by extensions ['ignore', 'ignore_ament_install']
[4.597s] Level 1:colcon.colcon_core.package_identification:_identify(ros2_ws/src/seabot_interfaces) by extension 'ignore'
[4.597s] Level 1:colcon.colcon_core.package_identification:_identify(ros2_ws/src/seabot_interfaces) by extension 'ignore_ament_install'
[4.597s] Level 1:colcon.colcon_core.package_identification:_identify(ros2_ws/src/seabot_interfaces) by extensions ['colcon_pkg']
[4.597s] Level 1:colcon.colcon_core.package_identification:_identify(ros2_ws/src/seabot_interfaces) by extension 'colcon_pkg'
[4.597s] Level 1:colcon.colcon_core.package_identification:_identify(ros2_ws/src/seabot_interfaces) by extensions ['colcon_meta']
[4.597s] Level 1:colcon.colcon_core.package_identification:_identify(ros2_ws/src/seabot_interfaces) by extension 'colcon_meta'
[4.597s] Level 1:colcon.colcon_core.package_identification:_identify(ros2_ws/src/seabot_interfaces) by extensions ['ros']
[4.597s] Level 1:colcon.colcon_core.package_identification:_identify(ros2_ws/src/seabot_interfaces) by extension 'ros'
[4.604s] DEBUG:colcon.colcon_core.package_identification:Package 'ros2_ws/src/seabot_interfaces' with type 'ros.ament_cmake' and name 'seabot_interfaces'
[4.604s] Level 1:colcon.colcon_core.package_discovery:discover_packages(recursive) using defaults
[4.604s] Level 1:colcon.colcon_core.package_discovery:discover_packages(ignore) discover
[4.605s] Level 1:colcon.colcon_core.package_discovery:discover_packages(ignore) using defaults
[4.605s] Level 1:colcon.colcon_core.package_discovery:discover_packages(path) discover
[4.605s] Level 1:colcon.colcon_core.package_discovery:discover_packages(path) using defaults
[5.017s] Level 1:colcon.colcon_core.package_discovery:discover_packages(prefix_path) check parameters
[5.017s] Level 1:colcon.colcon_core.package_discovery:discover_packages(prefix_path) discover
[5.029s] WARNING:colcon.colcon_ros.prefix_path.ament:The path '/home/bninaos/Documents/install/cpp_srvcli' in the environment variable AMENT_PREFIX_PATH doesn't exist
[5.029s] WARNING:colcon.colcon_ros.prefix_path.ament:The path '/home/bninaos/Documents/install/cpp_pubsub' in the environment variable AMENT_PREFIX_PATH doesn't exist
[5.029s] WARNING:colcon.colcon_ros.prefix_path.ament:The path '/home/bninaos/Documents/install/seabot_interfaces' in the environment variable AMENT_PREFIX_PATH doesn't exist
[5.041s] WARNING:colcon.colcon_ros.prefix_path.catkin:The path '/home/bninaos/Documents/install/cpp_srvcli' in the environment variable CMAKE_PREFIX_PATH doesn't exist
[5.041s] WARNING:colcon.colcon_ros.prefix_path.catkin:The path '/home/bninaos/Documents/install/cpp_pubsub' in the environment variable CMAKE_PREFIX_PATH doesn't exist
[5.041s] WARNING:colcon.colcon_ros.prefix_path.catkin:The path '/home/bninaos/Documents/install/seabot_interfaces' in the environment variable CMAKE_PREFIX_PATH doesn't exist
[5.043s] DEBUG:colcon.colcon_installed_package_information.package_discovery:Found 0 installed packages in /home/bninaos/Documents/install
[5.044s] DEBUG:colcon.colcon_installed_package_information.package_discovery:Found 3 installed packages in /home/bninaos/microros/install
[5.046s] DEBUG:colcon.colcon_installed_package_information.package_discovery:Found 180 installed packages in /opt/ros/humble
[5.048s] Level 1:colcon.colcon_core.package_discovery:discover_packages(prefix_path) using defaults
[5.212s] Level 5:colcon.colcon_core.verb:set package 'seabot_interfaces' build argument 'cmake_args' from command line to 'None'
[5.213s] Level 5:colcon.colcon_core.verb:set package 'seabot_interfaces' build argument 'cmake_target' from command line to 'None'
[5.213s] Level 5:colcon.colcon_core.verb:set package 'seabot_interfaces' build argument 'cmake_target_skip_unavailable' from command line to 'False'
[5.213s] Level 5:colcon.colcon_core.verb:set package 'seabot_interfaces' build argument 'cmake_clean_cache' from command line to 'False'
[5.213s] Level 5:colcon.colcon_core.verb:set package 'seabot_interfaces' build argument 'cmake_clean_first' from command line to 'False'
[5.213s] Level 5:colcon.colcon_core.verb:set package 'seabot_interfaces' build argument 'cmake_force_configure' from command line to 'False'
[5.213s] Level 5:colcon.colcon_core.verb:set package 'seabot_interfaces' build argument 'ament_cmake_args' from command line to 'None'
[5.213s] Level 5:colcon.colcon_core.verb:set package 'seabot_interfaces' build argument 'catkin_cmake_args' from command line to 'None'
[5.213s] Level 5:colcon.colcon_core.verb:set package 'seabot_interfaces' build argument 'catkin_skip_building_tests' from command line to 'False'
[5.213s] DEBUG:colcon.colcon_core.verb:Building package 'seabot_interfaces' with the following arguments: {'ament_cmake_args': None, 'build_base': '/home/bninaos/Documents/build/seabot_interfaces', 'catkin_cmake_args': None, 'catkin_skip_building_tests': False, 'cmake_args': None, 'cmake_clean_cache': False, 'cmake_clean_first': False, 'cmake_force_configure': False, 'cmake_target': None, 'cmake_target_skip_unavailable': False, 'install_base': '/home/bninaos/Documents/install/seabot_interfaces', 'merge_install': False, 'path': '/home/bninaos/Documents/ros2_ws/src/seabot_interfaces', 'symlink_install': False, 'test_result_base': None}
[5.214s] Level 5:colcon.colcon_core.verb:set package 'cpp_pubsub' build argument 'cmake_args' from command line to 'None'
[5.214s] Level 5:colcon.colcon_core.verb:set package 'cpp_pubsub' build argument 'cmake_target' from command line to 'None'
[5.214s] Level 5:colcon.colcon_core.verb:set package 'cpp_pubsub' build argument 'cmake_target_skip_unavailable' from command line to 'False'
[5.214s] Level 5:colcon.colcon_core.verb:set package 'cpp_pubsub' build argument 'cmake_clean_cache' from command line to 'False'
[5.214s] Level 5:colcon.colcon_core.verb:set package 'cpp_pubsub' build argument 'cmake_clean_first' from command line to 'False'
[5.214s] Level 5:colcon.colcon_core.verb:set package 'cpp_pubsub' build argument 'cmake_force_configure' from command line to 'False'
[5.214s] Level 5:colcon.colcon_core.verb:set package 'cpp_pubsub' build argument 'ament_cmake_args' from command line to 'None'
[5.214s] Level 5:colcon.colcon_core.verb:set package 'cpp_pubsub' build argument 'catkin_cmake_args' from command line to 'None'
[5.214s] Level 5:colcon.colcon_core.verb:set package 'cpp_pubsub' build argument 'catkin_skip_building_tests' from command line to 'False'
[5.214s] DEBUG:colcon.colcon_core.verb:Building package 'cpp_pubsub' with the following arguments: {'ament_cmake_args': None, 'build_base': '/home/bninaos/Documents/build/cpp_pubsub', 'catkin_cmake_args': None, 'catkin_skip_building_tests': False, 'cmake_args': None, 'cmake_clean_cache': False, 'cmake_clean_first': False, 'cmake_force_configure': False, 'cmake_target': None, 'cmake_target_skip_unavailable': False, 'install_base': '/home/bninaos/Documents/install/cpp_pubsub', 'merge_install': False, 'path': '/home/bninaos/Documents/ros2_ws/src/cpp_pubsub', 'symlink_install': False, 'test_result_base': None}
[5.215s] Level 5:colcon.colcon_core.verb:set package 'cpp_srvcli' build argument 'cmake_args' from command line to 'None'
[5.215s] Level 5:colcon.colcon_core.verb:set package 'cpp_srvcli' build argument 'cmake_target' from command line to 'None'
[5.215s] Level 5:colcon.colcon_core.verb:set package 'cpp_srvcli' build argument 'cmake_target_skip_unavailable' from command line to 'False'
[5.215s] Level 5:colcon.colcon_core.verb:set package 'cpp_srvcli' build argument 'cmake_clean_cache' from command line to 'False'
[5.215s] Level 5:colcon.colcon_core.verb:set package 'cpp_srvcli' build argument 'cmake_clean_first' from command line to 'False'
[5.215s] Level 5:colcon.colcon_core.verb:set package 'cpp_srvcli' build argument 'cmake_force_configure' from command line to 'False'
[5.215s] Level 5:colcon.colcon_core.verb:set package 'cpp_srvcli' build argument 'ament_cmake_args' from command line to 'None'
[5.215s] Level 5:colcon.colcon_core.verb:set package 'cpp_srvcli' build argument 'catkin_cmake_args' from command line to 'None'
[5.215s] Level 5:colcon.colcon_core.verb:set package 'cpp_srvcli' build argument 'catkin_skip_building_tests' from command line to 'False'
[5.215s] DEBUG:colcon.colcon_core.verb:Building package 'cpp_srvcli' with the following arguments: {'ament_cmake_args': None, 'build_base': '/home/bninaos/Documents/build/cpp_srvcli', 'catkin_cmake_args': None, 'catkin_skip_building_tests': False, 'cmake_args': None, 'cmake_clean_cache': False, 'cmake_clean_first': False, 'cmake_force_configure': False, 'cmake_target': None, 'cmake_target_skip_unavailable': False, 'install_base': '/home/bninaos/Documents/install/cpp_srvcli', 'merge_install': False, 'path': '/home/bninaos/Documents/ros2_ws/src/cpp_srvcli', 'symlink_install': False, 'test_result_base': None}
[5.216s] INFO:colcon.colcon_core.executor:Executing jobs using 'parallel' executor
[5.218s] DEBUG:colcon.colcon_parallel_executor.executor.parallel:run_until_complete
[5.218s] INFO:colcon.colcon_ros.task.ament_cmake.build:Building ROS package in '/home/bninaos/Documents/ros2_ws/src/seabot_interfaces' with build type 'ament_cmake'
[5.219s] INFO:colcon.colcon_cmake.task.cmake.build:Building CMake package in '/home/bninaos/Documents/ros2_ws/src/seabot_interfaces'
[5.278s] INFO:colcon.colcon_core.plugin_system:Skipping extension 'colcon_core.shell.bat': Not used on non-Windows systems
[5.279s] INFO:colcon.colcon_core.shell:Skip shell extension 'powershell' for command environment: Not usable outside of PowerShell
[5.279s] DEBUG:colcon.colcon_core.shell:Skip shell extension 'dsv' for command environment
[5.292s] DEBUG:colcon.colcon_core.event_handler.log_command:Invoking command in '/home/bninaos/Documents/build/seabot_interfaces': CMAKE_PREFIX_PATH=${CMAKE_PREFIX_PATH}:/opt/ros/humble /usr/bin/cmake /home/bninaos/Documents/ros2_ws/src/seabot_interfaces -DCMAKE_INSTALL_PREFIX=/home/bninaos/Documents/install/seabot_interfaces
[11.387s] DEBUG:colcon.colcon_core.event_handler.log_command:Invoked command in '/home/bninaos/Documents/build/seabot_interfaces' returned '0': CMAKE_PREFIX_PATH=${CMAKE_PREFIX_PATH}:/opt/ros/humble /usr/bin/cmake /home/bninaos/Documents/ros2_ws/src/seabot_interfaces -DCMAKE_INSTALL_PREFIX=/home/bninaos/Documents/install/seabot_interfaces
[11.391s] DEBUG:colcon.colcon_core.event_handler.log_command:Invoking command in '/home/bninaos/Documents/build/seabot_interfaces': CMAKE_PREFIX_PATH=${CMAKE_PREFIX_PATH}:/opt/ros/humble /usr/bin/cmake --build /home/bninaos/Documents/build/seabot_interfaces -- -j8 -l8
[16.033s] DEBUG:colcon.colcon_core.event_handler.log_command:Invoked command in '/home/bninaos/Documents/build/seabot_interfaces' returned '0': CMAKE_PREFIX_PATH=${CMAKE_PREFIX_PATH}:/opt/ros/humble /usr/bin/cmake --build /home/bninaos/Documents/build/seabot_interfaces -- -j8 -l8
[16.238s] DEBUG:colcon.colcon_core.event_handler.log_command:Invoking command in '/home/bninaos/Documents/build/seabot_interfaces': CMAKE_PREFIX_PATH=${CMAKE_PREFIX_PATH}:/opt/ros/humble /usr/bin/cmake --install /home/bninaos/Documents/build/seabot_interfaces
[16.397s] Level 1:colcon.colcon_core.environment:create_environment_scripts_only(seabot_interfaces)
[16.398s] DEBUG:colcon.colcon_core.event_handler.log_command:Invoked command in '/home/bninaos/Documents/build/seabot_interfaces' returned '0': CMAKE_PREFIX_PATH=${CMAKE_PREFIX_PATH}:/opt/ros/humble /usr/bin/cmake --install /home/bninaos/Documents/build/seabot_interfaces
[16.514s] Level 1:colcon.colcon_core.environment:checking '/home/bninaos/Documents/install/seabot_interfaces' for CMake module files
[16.515s] Level 1:colcon.colcon_core.environment:checking '/home/bninaos/Documents/install/seabot_interfaces' for CMake config files
[16.515s] Level 1:colcon.colcon_core.shell:create_environment_hook('seabot_interfaces', 'cmake_prefix_path')
[16.516s] INFO:colcon.colcon_core.shell:Creating environment hook '/home/bninaos/Documents/install/seabot_interfaces/share/seabot_interfaces/hook/cmake_prefix_path.ps1'
[16.524s] INFO:colcon.colcon_core.shell:Creating environment descriptor '/home/bninaos/Documents/install/seabot_interfaces/share/seabot_interfaces/hook/cmake_prefix_path.dsv'
[16.540s] INFO:colcon.colcon_core.shell:Creating environment hook '/home/bninaos/Documents/install/seabot_interfaces/share/seabot_interfaces/hook/cmake_prefix_path.sh'
[16.541s] Level 1:colcon.colcon_core.environment:checking '/home/bninaos/Documents/install/seabot_interfaces/lib'
[16.542s] Level 1:colcon.colcon_core.shell:create_environment_hook('seabot_interfaces', 'ld_library_path_lib')
[16.542s] INFO:colcon.colcon_core.shell:Creating environment hook '/home/bninaos/Documents/install/seabot_interfaces/share/seabot_interfaces/hook/ld_library_path_lib.ps1'
[16.543s] INFO:colcon.colcon_core.shell:Creating environment descriptor '/home/bninaos/Documents/install/seabot_interfaces/share/seabot_interfaces/hook/ld_library_path_lib.dsv'
[16.543s] INFO:colcon.colcon_core.shell:Creating environment hook '/home/bninaos/Documents/install/seabot_interfaces/share/seabot_interfaces/hook/ld_library_path_lib.sh'
[16.544s] Level 1:colcon.colcon_core.environment:checking '/home/bninaos/Documents/install/seabot_interfaces/bin'
[16.544s] Level 1:colcon.colcon_core.environment:checking '/home/bninaos/Documents/install/seabot_interfaces/lib/pkgconfig/seabot_interfaces.pc'
[16.544s] Level 1:colcon.colcon_core.environment:checking '/home/bninaos/Documents/install/seabot_interfaces/lib/python3.10/site-packages'
[16.545s] Level 1:colcon.colcon_core.environment:checking '/home/bninaos/Documents/install/seabot_interfaces/bin'
[16.545s] INFO:colcon.colcon_core.shell:Creating package script '/home/bninaos/Documents/install/seabot_interfaces/share/seabot_interfaces/package.ps1'
[16.547s] INFO:colcon.colcon_core.shell:Creating package descriptor '/home/bninaos/Documents/install/seabot_interfaces/share/seabot_interfaces/package.dsv'
[16.548s] INFO:colcon.colcon_core.shell:Creating package script '/home/bninaos/Documents/install/seabot_interfaces/share/seabot_interfaces/package.sh'
[16.550s] INFO:colcon.colcon_core.shell:Creating package script '/home/bninaos/Documents/install/seabot_interfaces/share/seabot_interfaces/package.bash'
[16.561s] INFO:colcon.colcon_core.shell:Creating package script '/home/bninaos/Documents/install/seabot_interfaces/share/seabot_interfaces/package.zsh'
[16.579s] Level 1:colcon.colcon_core.environment:create_file_with_runtime_dependencies(/home/bninaos/Documents/install/seabot_interfaces/share/colcon-core/packages/seabot_interfaces)
[16.766s] Level 1:colcon.colcon_core.environment:create_environment_scripts_only(seabot_interfaces)
[16.766s] Level 1:colcon.colcon_core.environment:checking '/home/bninaos/Documents/install/seabot_interfaces' for CMake module files
[16.767s] Level 1:colcon.colcon_core.environment:checking '/home/bninaos/Documents/install/seabot_interfaces' for CMake config files
[16.768s] Level 1:colcon.colcon_core.shell:create_environment_hook('seabot_interfaces', 'cmake_prefix_path')
[16.768s] INFO:colcon.colcon_core.shell:Creating environment hook '/home/bninaos/Documents/install/seabot_interfaces/share/seabot_interfaces/hook/cmake_prefix_path.ps1'
[16.769s] INFO:colcon.colcon_core.shell:Creating environment descriptor '/home/bninaos/Documents/install/seabot_interfaces/share/seabot_interfaces/hook/cmake_prefix_path.dsv'
[16.770s] INFO:colcon.colcon_core.shell:Creating environment hook '/home/bninaos/Documents/install/seabot_interfaces/share/seabot_interfaces/hook/cmake_prefix_path.sh'
[16.771s] Level 1:colcon.colcon_core.environment:checking '/home/bninaos/Documents/install/seabot_interfaces/lib'
[16.771s] Level 1:colcon.colcon_core.shell:create_environment_hook('seabot_interfaces', 'ld_library_path_lib')
[16.771s] INFO:colcon.colcon_core.shell:Creating environment hook '/home/bninaos/Documents/install/seabot_interfaces/share/seabot_interfaces/hook/ld_library_path_lib.ps1'
[16.772s] INFO:colcon.colcon_core.shell:Creating environment descriptor '/home/bninaos/Documents/install/seabot_interfaces/share/seabot_interfaces/hook/ld_library_path_lib.dsv'
[16.772s] INFO:colcon.colcon_core.shell:Creating environment hook '/home/bninaos/Documents/install/seabot_interfaces/share/seabot_interfaces/hook/ld_library_path_lib.sh'
[16.773s] Level 1:colcon.colcon_core.environment:checking '/home/bninaos/Documents/install/seabot_interfaces/bin'
[16.773s] Level 1:colcon.colcon_core.environment:checking '/home/bninaos/Documents/install/seabot_interfaces/lib/pkgconfig/seabot_interfaces.pc'
[16.773s] Level 1:colcon.colcon_core.environment:checking '/home/bninaos/Documents/install/seabot_interfaces/lib/python3.10/site-packages'
[16.774s] Level 1:colcon.colcon_core.environment:checking '/home/bninaos/Documents/install/seabot_interfaces/bin'
[16.774s] INFO:colcon.colcon_core.shell:Creating package script '/home/bninaos/Documents/install/seabot_interfaces/share/seabot_interfaces/package.ps1'
[16.775s] INFO:colcon.colcon_core.shell:Creating package descriptor '/home/bninaos/Documents/install/seabot_interfaces/share/seabot_interfaces/package.dsv'
[16.776s] INFO:colcon.colcon_core.shell:Creating package script '/home/bninaos/Documents/install/seabot_interfaces/share/seabot_interfaces/package.sh'
[16.777s] INFO:colcon.colcon_core.shell:Creating package script '/home/bninaos/Documents/install/seabot_interfaces/share/seabot_interfaces/package.bash'
[16.794s] INFO:colcon.colcon_core.shell:Creating package script '/home/bninaos/Documents/install/seabot_interfaces/share/seabot_interfaces/package.zsh'
[16.795s] Level 1:colcon.colcon_core.environment:create_file_with_runtime_dependencies(/home/bninaos/Documents/install/seabot_interfaces/share/colcon-core/packages/seabot_interfaces)
[16.795s] INFO:colcon.colcon_ros.task.ament_cmake.build:Building ROS package in '/home/bninaos/Documents/ros2_ws/src/cpp_pubsub' with build type 'ament_cmake'
[16.796s] INFO:colcon.colcon_cmake.task.cmake.build:Building CMake package in '/home/bninaos/Documents/ros2_ws/src/cpp_pubsub'
[16.796s] INFO:colcon.colcon_core.shell:Skip shell extension 'powershell' for command environment: Not usable outside of PowerShell
[16.796s] DEBUG:colcon.colcon_core.shell:Skip shell extension 'dsv' for command environment
[16.804s] INFO:colcon.colcon_ros.task.ament_cmake.build:Building ROS package in '/home/bninaos/Documents/ros2_ws/src/cpp_srvcli' with build type 'ament_cmake'
[16.804s] INFO:colcon.colcon_cmake.task.cmake.build:Building CMake package in '/home/bninaos/Documents/ros2_ws/src/cpp_srvcli'
[16.805s] INFO:colcon.colcon_core.shell:Skip shell extension 'powershell' for command environment: Not usable outside of PowerShell
[16.805s] DEBUG:colcon.colcon_core.shell:Skip shell extension 'dsv' for command environment
[16.816s] DEBUG:colcon.colcon_core.event_handler.log_command:Invoking command in '/home/bninaos/Documents/build/cpp_pubsub': CMAKE_PREFIX_PATH=/home/bninaos/Documents/install/seabot_interfaces:/home/bninaos/Documents/install/cpp_srvcli:/home/bninaos/Documents/install/cpp_pubsub:/home/bninaos/microros/install/micro_ros_setup:/home/bninaos/microros/install/micro_ros_agent:/home/bninaos/microros/install/micro_ros_msgs:/opt/ros/humble /usr/bin/cmake /home/bninaos/Documents/ros2_ws/src/cpp_pubsub -DCMAKE_INSTALL_PREFIX=/home/bninaos/Documents/install/cpp_pubsub
[16.823s] DEBUG:colcon.colcon_core.event_handler.log_command:Invoking command in '/home/bninaos/Documents/build/cpp_srvcli': CMAKE_PREFIX_PATH=/home/bninaos/Documents/install/seabot_interfaces:/home/bninaos/Documents/install/cpp_srvcli:/home/bninaos/Documents/install/cpp_pubsub:/home/bninaos/microros/install/micro_ros_setup:/home/bninaos/microros/install/micro_ros_agent:/home/bninaos/microros/install/micro_ros_msgs:/opt/ros/humble /usr/bin/cmake /home/bninaos/Documents/ros2_ws/src/cpp_srvcli -DCMAKE_INSTALL_PREFIX=/home/bninaos/Documents/install/cpp_srvcli
[19.488s] DEBUG:colcon.colcon_core.event_handler.log_command:Invoked command in '/home/bninaos/Documents/build/cpp_srvcli' returned '0': CMAKE_PREFIX_PATH=/home/bninaos/Documents/install/seabot_interfaces:/home/bninaos/Documents/install/cpp_srvcli:/home/bninaos/Documents/install/cpp_pubsub:/home/bninaos/microros/install/micro_ros_setup:/home/bninaos/microros/install/micro_ros_agent:/home/bninaos/microros/install/micro_ros_msgs:/opt/ros/humble /usr/bin/cmake /home/bninaos/Documents/ros2_ws/src/cpp_srvcli -DCMAKE_INSTALL_PREFIX=/home/bninaos/Documents/install/cpp_srvcli
[19.490s] DEBUG:colcon.colcon_core.event_handler.log_command:Invoking command in '/home/bninaos/Documents/build/cpp_srvcli': CMAKE_PREFIX_PATH=/home/bninaos/Documents/install/seabot_interfaces:/home/bninaos/Documents/install/cpp_srvcli:/home/bninaos/Documents/install/cpp_pubsub:/home/bninaos/microros/install/micro_ros_setup:/home/bninaos/microros/install/micro_ros_agent:/home/bninaos/microros/install/micro_ros_msgs:/opt/ros/humble /usr/bin/cmake --build /home/bninaos/Documents/build/cpp_srvcli -- -j8 -l8
[19.602s] DEBUG:colcon.colcon_core.event_handler.log_command:Invoked command in '/home/bninaos/Documents/build/cpp_pubsub' returned '0': CMAKE_PREFIX_PATH=/home/bninaos/Documents/install/seabot_interfaces:/home/bninaos/Documents/install/cpp_srvcli:/home/bninaos/Documents/install/cpp_pubsub:/home/bninaos/microros/install/micro_ros_setup:/home/bninaos/microros/install/micro_ros_agent:/home/bninaos/microros/install/micro_ros_msgs:/opt/ros/humble /usr/bin/cmake /home/bninaos/Documents/ros2_ws/src/cpp_pubsub -DCMAKE_INSTALL_PREFIX=/home/bninaos/Documents/install/cpp_pubsub
[19.606s] DEBUG:colcon.colcon_core.event_handler.log_command:Invoking command in '/home/bninaos/Documents/build/cpp_pubsub': CMAKE_PREFIX_PATH=/home/bninaos/Documents/install/seabot_interfaces:/home/bninaos/Documents/install/cpp_srvcli:/home/bninaos/Documents/install/cpp_pubsub:/home/bninaos/microros/install/micro_ros_setup:/home/bninaos/microros/install/micro_ros_agent:/home/bninaos/microros/install/micro_ros_msgs:/opt/ros/humble /usr/bin/cmake --build /home/bninaos/Documents/build/cpp_pubsub -- -j8 -l8
[24.998s] DEBUG:colcon.colcon_core.event_handler.log_command:Invoked command in '/home/bninaos/Documents/build/cpp_srvcli' returned '0': CMAKE_PREFIX_PATH=/home/bninaos/Documents/install/seabot_interfaces:/home/bninaos/Documents/install/cpp_srvcli:/home/bninaos/Documents/install/cpp_pubsub:/home/bninaos/microros/install/micro_ros_setup:/home/bninaos/microros/install/micro_ros_agent:/home/bninaos/microros/install/micro_ros_msgs:/opt/ros/humble /usr/bin/cmake --build /home/bninaos/Documents/build/cpp_srvcli -- -j8 -l8
[25.024s] DEBUG:colcon.colcon_core.event_handler.log_command:Invoking command in '/home/bninaos/Documents/build/cpp_srvcli': CMAKE_PREFIX_PATH=/home/bninaos/Documents/install/seabot_interfaces:/home/bninaos/Documents/install/cpp_srvcli:/home/bninaos/Documents/install/cpp_pubsub:/home/bninaos/microros/install/micro_ros_setup:/home/bninaos/microros/install/micro_ros_agent:/home/bninaos/microros/install/micro_ros_msgs:/opt/ros/humble /usr/bin/cmake --install /home/bninaos/Documents/build/cpp_srvcli
[25.036s] Level 1:colcon.colcon_core.environment:create_environment_scripts_only(cpp_srvcli)
[25.037s] Level 1:colcon.colcon_core.environment:checking '/home/bninaos/Documents/install/cpp_srvcli' for CMake module files
[25.037s] DEBUG:colcon.colcon_core.event_handler.log_command:Invoked command in '/home/bninaos/Documents/build/cpp_srvcli' returned '0': CMAKE_PREFIX_PATH=/home/bninaos/Documents/install/seabot_interfaces:/home/bninaos/Documents/install/cpp_srvcli:/home/bninaos/Documents/install/cpp_pubsub:/home/bninaos/microros/install/micro_ros_setup:/home/bninaos/microros/install/micro_ros_agent:/home/bninaos/microros/install/micro_ros_msgs:/opt/ros/humble /usr/bin/cmake --install /home/bninaos/Documents/build/cpp_srvcli
[25.038s] Level 1:colcon.colcon_core.environment:checking '/home/bninaos/Documents/install/cpp_srvcli' for CMake config files
[25.038s] Level 1:colcon.colcon_core.shell:create_environment_hook('cpp_srvcli', 'cmake_prefix_path')
[25.039s] INFO:colcon.colcon_core.shell:Creating environment hook '/home/bninaos/Documents/install/cpp_srvcli/share/cpp_srvcli/hook/cmake_prefix_path.ps1'
[25.039s] INFO:colcon.colcon_core.shell:Creating environment descriptor '/home/bninaos/Documents/install/cpp_srvcli/share/cpp_srvcli/hook/cmake_prefix_path.dsv'
[25.039s] INFO:colcon.colcon_core.shell:Creating environment hook '/home/bninaos/Documents/install/cpp_srvcli/share/cpp_srvcli/hook/cmake_prefix_path.sh'
[25.040s] Level 1:colcon.colcon_core.environment:checking '/home/bninaos/Documents/install/cpp_srvcli/lib'
[25.040s] Level 1:colcon.colcon_core.environment:checking '/home/bninaos/Documents/install/cpp_srvcli/bin'
[25.040s] Level 1:colcon.colcon_core.environment:checking '/home/bninaos/Documents/install/cpp_srvcli/lib/pkgconfig/cpp_srvcli.pc'
[25.041s] Level 1:colcon.colcon_core.environment:checking '/home/bninaos/Documents/install/cpp_srvcli/lib/python3.10/site-packages'
[25.041s] Level 1:colcon.colcon_core.environment:checking '/home/bninaos/Documents/install/cpp_srvcli/bin'
[25.041s] INFO:colcon.colcon_core.shell:Creating package script '/home/bninaos/Documents/install/cpp_srvcli/share/cpp_srvcli/package.ps1'
[25.042s] INFO:colcon.colcon_core.shell:Creating package descriptor '/home/bninaos/Documents/install/cpp_srvcli/share/cpp_srvcli/package.dsv'
[25.042s] INFO:colcon.colcon_core.shell:Creating package script '/home/bninaos/Documents/install/cpp_srvcli/share/cpp_srvcli/package.sh'
[25.043s] INFO:colcon.colcon_core.shell:Creating package script '/home/bninaos/Documents/install/cpp_srvcli/share/cpp_srvcli/package.bash'
[25.043s] INFO:colcon.colcon_core.shell:Creating package script '/home/bninaos/Documents/install/cpp_srvcli/share/cpp_srvcli/package.zsh'
[25.044s] Level 1:colcon.colcon_core.environment:create_file_with_runtime_dependencies(/home/bninaos/Documents/install/cpp_srvcli/share/colcon-core/packages/cpp_srvcli)
[25.069s] Level 1:colcon.colcon_core.environment:create_environment_scripts_only(cpp_srvcli)
[25.070s] Level 1:colcon.colcon_core.environment:checking '/home/bninaos/Documents/install/cpp_srvcli' for CMake module files
[25.071s] Level 1:colcon.colcon_core.environment:checking '/home/bninaos/Documents/install/cpp_srvcli' for CMake config files
[25.071s] Level 1:colcon.colcon_core.shell:create_environment_hook('cpp_srvcli', 'cmake_prefix_path')
[25.071s] INFO:colcon.colcon_core.shell:Creating environment hook '/home/bninaos/Documents/install/cpp_srvcli/share/cpp_srvcli/hook/cmake_prefix_path.ps1'
[25.072s] INFO:colcon.colcon_core.shell:Creating environment descriptor '/home/bninaos/Documents/install/cpp_srvcli/share/cpp_srvcli/hook/cmake_prefix_path.dsv'
[25.072s] INFO:colcon.colcon_core.shell:Creating environment hook '/home/bninaos/Documents/install/cpp_srvcli/share/cpp_srvcli/hook/cmake_prefix_path.sh'
[25.073s] Level 1:colcon.colcon_core.environment:checking '/home/bninaos/Documents/install/cpp_srvcli/lib'
[25.073s] Level 1:colcon.colcon_core.environment:checking '/home/bninaos/Documents/install/cpp_srvcli/bin'
[25.073s] Level 1:colcon.colcon_core.environment:checking '/home/bninaos/Documents/install/cpp_srvcli/lib/pkgconfig/cpp_srvcli.pc'
[25.074s] Level 1:colcon.colcon_core.environment:checking '/home/bninaos/Documents/install/cpp_srvcli/lib/python3.10/site-packages'
[25.074s] Level 1:colcon.colcon_core.environment:checking '/home/bninaos/Documents/install/cpp_srvcli/bin'
[25.074s] INFO:colcon.colcon_core.shell:Creating package script '/home/bninaos/Documents/install/cpp_srvcli/share/cpp_srvcli/package.ps1'
[25.075s] INFO:colcon.colcon_core.shell:Creating package descriptor '/home/bninaos/Documents/install/cpp_srvcli/share/cpp_srvcli/package.dsv'
[25.076s] INFO:colcon.colcon_core.shell:Creating package script '/home/bninaos/Documents/install/cpp_srvcli/share/cpp_srvcli/package.sh'
[25.076s] INFO:colcon.colcon_core.shell:Creating package script '/home/bninaos/Documents/install/cpp_srvcli/share/cpp_srvcli/package.bash'
[25.077s] INFO:colcon.colcon_core.shell:Creating package script '/home/bninaos/Documents/install/cpp_srvcli/share/cpp_srvcli/package.zsh'
[25.077s] Level 1:colcon.colcon_core.environment:create_file_with_runtime_dependencies(/home/bninaos/Documents/install/cpp_srvcli/share/colcon-core/packages/cpp_srvcli)
[29.604s] DEBUG:colcon.colcon_core.event_handler.log_command:Invoked command in '/home/bninaos/Documents/build/cpp_pubsub' returned '0': CMAKE_PREFIX_PATH=/home/bninaos/Documents/install/seabot_interfaces:/home/bninaos/Documents/install/cpp_srvcli:/home/bninaos/Documents/install/cpp_pubsub:/home/bninaos/microros/install/micro_ros_setup:/home/bninaos/microros/install/micro_ros_agent:/home/bninaos/microros/install/micro_ros_msgs:/opt/ros/humble /usr/bin/cmake --build /home/bninaos/Documents/build/cpp_pubsub -- -j8 -l8
[29.631s] DEBUG:colcon.colcon_core.event_handler.log_command:Invoking command in '/home/bninaos/Documents/build/cpp_pubsub': CMAKE_PREFIX_PATH=/home/bninaos/Documents/install/seabot_interfaces:/home/bninaos/Documents/install/cpp_srvcli:/home/bninaos/Documents/install/cpp_pubsub:/home/bninaos/microros/install/micro_ros_setup:/home/bninaos/microros/install/micro_ros_agent:/home/bninaos/microros/install/micro_ros_msgs:/opt/ros/humble /usr/bin/cmake --install /home/bninaos/Documents/build/cpp_pubsub
[29.648s] Level 1:colcon.colcon_core.environment:create_environment_scripts_only(cpp_pubsub)
[29.648s] Level 1:colcon.colcon_core.environment:checking '/home/bninaos/Documents/install/cpp_pubsub' for CMake module files
[29.649s] DEBUG:colcon.colcon_core.event_handler.log_command:Invoked command in '/home/bninaos/Documents/build/cpp_pubsub' returned '0': CMAKE_PREFIX_PATH=/home/bninaos/Documents/install/seabot_interfaces:/home/bninaos/Documents/install/cpp_srvcli:/home/bninaos/Documents/install/cpp_pubsub:/home/bninaos/microros/install/micro_ros_setup:/home/bninaos/microros/install/micro_ros_agent:/home/bninaos/microros/install/micro_ros_msgs:/opt/ros/humble /usr/bin/cmake --install /home/bninaos/Documents/build/cpp_pubsub
[29.649s] Level 1:colcon.colcon_core.environment:checking '/home/bninaos/Documents/install/cpp_pubsub' for CMake config files
[29.650s] Level 1:colcon.colcon_core.shell:create_environment_hook('cpp_pubsub', 'cmake_prefix_path')
[29.650s] INFO:colcon.colcon_core.shell:Creating environment hook '/home/bninaos/Documents/install/cpp_pubsub/share/cpp_pubsub/hook/cmake_prefix_path.ps1'
[29.651s] INFO:colcon.colcon_core.shell:Creating environment descriptor '/home/bninaos/Documents/install/cpp_pubsub/share/cpp_pubsub/hook/cmake_prefix_path.dsv'
[29.651s] INFO:colcon.colcon_core.shell:Creating environment hook '/home/bninaos/Documents/install/cpp_pubsub/share/cpp_pubsub/hook/cmake_prefix_path.sh'
[29.652s] Level 1:colcon.colcon_core.environment:checking '/home/bninaos/Documents/install/cpp_pubsub/lib'
[29.652s] Level 1:colcon.colcon_core.environment:checking '/home/bninaos/Documents/install/cpp_pubsub/bin'
[29.652s] Level 1:colcon.colcon_core.environment:checking '/home/bninaos/Documents/install/cpp_pubsub/lib/pkgconfig/cpp_pubsub.pc'
[29.652s] Level 1:colcon.colcon_core.environment:checking '/home/bninaos/Documents/install/cpp_pubsub/lib/python3.10/site-packages'
[29.653s] Level 1:colcon.colcon_core.environment:checking '/home/bninaos/Documents/install/cpp_pubsub/bin'
[29.653s] INFO:colcon.colcon_core.shell:Creating package script '/home/bninaos/Documents/install/cpp_pubsub/share/cpp_pubsub/package.ps1'
[29.653s] INFO:colcon.colcon_core.shell:Creating package descriptor '/home/bninaos/Documents/install/cpp_pubsub/share/cpp_pubsub/package.dsv'
[29.654s] INFO:colcon.colcon_core.shell:Creating package script '/home/bninaos/Documents/install/cpp_pubsub/share/cpp_pubsub/package.sh'
[29.654s] INFO:colcon.colcon_core.shell:Creating package script '/home/bninaos/Documents/install/cpp_pubsub/share/cpp_pubsub/package.bash'
[29.655s] INFO:colcon.colcon_core.shell:Creating package script '/home/bninaos/Documents/install/cpp_pubsub/share/cpp_pubsub/package.zsh'
[29.655s] Level 1:colcon.colcon_core.environment:create_file_with_runtime_dependencies(/home/bninaos/Documents/install/cpp_pubsub/share/colcon-core/packages/cpp_pubsub)
[29.708s] Level 1:colcon.colcon_core.environment:create_environment_scripts_only(cpp_pubsub)
[29.708s] Level 1:colcon.colcon_core.environment:checking '/home/bninaos/Documents/install/cpp_pubsub' for CMake module files
[29.710s] Level 1:colcon.colcon_core.environment:checking '/home/bninaos/Documents/install/cpp_pubsub' for CMake config files
[29.710s] Level 1:colcon.colcon_core.shell:create_environment_hook('cpp_pubsub', 'cmake_prefix_path')
[29.711s] INFO:colcon.colcon_core.shell:Creating environment hook '/home/bninaos/Documents/install/cpp_pubsub/share/cpp_pubsub/hook/cmake_prefix_path.ps1'
[29.712s] INFO:colcon.colcon_core.shell:Creating environment descriptor '/home/bninaos/Documents/install/cpp_pubsub/share/cpp_pubsub/hook/cmake_prefix_path.dsv'
[29.712s] INFO:colcon.colcon_core.shell:Creating environment hook '/home/bninaos/Documents/install/cpp_pubsub/share/cpp_pubsub/hook/cmake_prefix_path.sh'
[29.713s] Level 1:colcon.colcon_core.environment:checking '/home/bninaos/Documents/install/cpp_pubsub/lib'
[29.713s] Level 1:colcon.colcon_core.environment:checking '/home/bninaos/Documents/install/cpp_pubsub/bin'
[29.713s] Level 1:colcon.colcon_core.environment:checking '/home/bninaos/Documents/install/cpp_pubsub/lib/pkgconfig/cpp_pubsub.pc'
[29.714s] Level 1:colcon.colcon_core.environment:checking '/home/bninaos/Documents/install/cpp_pubsub/lib/python3.10/site-packages'
[29.714s] Level 1:colcon.colcon_core.environment:checking '/home/bninaos/Documents/install/cpp_pubsub/bin'
[29.715s] INFO:colcon.colcon_core.shell:Creating package script '/home/bninaos/Documents/install/cpp_pubsub/share/cpp_pubsub/package.ps1'
[29.716s] INFO:colcon.colcon_core.shell:Creating package descriptor '/home/bninaos/Documents/install/cpp_pubsub/share/cpp_pubsub/package.dsv'
[29.717s] INFO:colcon.colcon_core.shell:Creating package script '/home/bninaos/Documents/install/cpp_pubsub/share/cpp_pubsub/package.sh'
[29.718s] INFO:colcon.colcon_core.shell:Creating package script '/home/bninaos/Documents/install/cpp_pubsub/share/cpp_pubsub/package.bash'
[29.719s] INFO:colcon.colcon_core.shell:Creating package script '/home/bninaos/Documents/install/cpp_pubsub/share/cpp_pubsub/package.zsh'
[29.719s] Level 1:colcon.colcon_core.environment:create_file_with_runtime_dependencies(/home/bninaos/Documents/install/cpp_pubsub/share/colcon-core/packages/cpp_pubsub)
[29.720s] DEBUG:colcon.colcon_parallel_executor.executor.parallel:closing loop
[29.721s] DEBUG:colcon.colcon_parallel_executor.executor.parallel:loop closed
[29.721s] DEBUG:colcon.colcon_parallel_executor.executor.parallel:run_until_complete finished with '0'
[29.721s] DEBUG:colcon.colcon_core.event_reactor:joining thread
[29.752s] INFO:colcon.colcon_core.plugin_system:Skipping extension 'colcon_notification.desktop_notification.terminal_notifier': Not used on non-Darwin systems
[29.752s] INFO:colcon.colcon_core.plugin_system:Skipping extension 'colcon_notification.desktop_notification.win32': Not used on non-Windows systems
[29.752s] INFO:colcon.colcon_notification.desktop_notification:Sending desktop notification using 'notify2'
[29.778s] DEBUG:colcon.colcon_core.event_reactor:joined thread
[29.779s] INFO:colcon.colcon_core.shell:Creating prefix script '/home/bninaos/Documents/install/local_setup.ps1'
[29.796s] INFO:colcon.colcon_core.shell:Creating prefix util module '/home/bninaos/Documents/install/_local_setup_util_ps1.py'
[29.822s] INFO:colcon.colcon_core.shell:Creating prefix chain script '/home/bninaos/Documents/install/setup.ps1'
[29.832s] INFO:colcon.colcon_core.shell:Creating prefix script '/home/bninaos/Documents/install/local_setup.sh'
[29.833s] INFO:colcon.colcon_core.shell:Creating prefix util module '/home/bninaos/Documents/install/_local_setup_util_sh.py'
[29.834s] INFO:colcon.colcon_core.shell:Creating prefix chain script '/home/bninaos/Documents/install/setup.sh'
[29.837s] INFO:colcon.colcon_core.shell:Creating prefix script '/home/bninaos/Documents/install/local_setup.bash'
[29.855s] INFO:colcon.colcon_core.shell:Creating prefix chain script '/home/bninaos/Documents/install/setup.bash'
[29.858s] INFO:colcon.colcon_core.shell:Creating prefix script '/home/bninaos/Documents/install/local_setup.zsh'
[29.873s] INFO:colcon.colcon_core.shell:Creating prefix chain script '/home/bninaos/Documents/install/setup.zsh'
