[0.019s] Invoking command in '/home/bninaos/Documents/build/cpp_srvcli': CMAKE_PREFIX_PATH=/home/bninaos/Documents/install/seabot_interfaces:/home/bninaos/Documents/install/cpp_srvcli:/home/bninaos/Documents/install/cpp_pubsub:/home/bninaos/microros/install/micro_ros_setup:/home/bninaos/microros/install/micro_ros_agent:/home/bninaos/microros/install/micro_ros_msgs:/opt/ros/humble /usr/bin/cmake /home/bninaos/Documents/ros2_ws/src/cpp_srvcli -DCMAKE_INSTALL_PREFIX=/home/bninaos/Documents/install/cpp_srvcli
[0.165s] -- The C compiler identification is GNU 11.4.0
[0.264s] -- The CXX compiler identification is GNU 11.4.0
[0.273s] -- Detecting C compiler ABI info
[0.363s] -- Detecting C compiler ABI info - done
[0.373s] -- Check for working C compiler: /usr/bin/cc - skipped
[0.374s] -- Detecting C compile features
[0.375s] -- Detecting C compile features - done
[0.379s] -- Detecting CXX compiler ABI info
[0.472s] -- Detecting CXX compiler ABI info - done
[0.484s] -- Check for working CXX compiler: /usr/bin/c++ - skipped
[0.484s] -- Detecting CXX compile features
[0.485s] -- Detecting CXX compile features - done
[0.488s] -- Found ament_cmake: 1.3.10 (/opt/ros/humble/share/ament_cmake/cmake)
[0.662s] -- Found Python3: /usr/bin/python3 (found version "3.10.12") found components: Interpreter 
[0.754s] -- Found ament_lint_auto: 0.12.11 (/opt/ros/humble/share/ament_lint_auto/cmake)
[0.861s] -- Found rclcpp: 16.0.10 (/opt/ros/humble/share/rclcpp/cmake)
[0.987s] -- Found rosidl_generator_c: 3.1.5 (/opt/ros/humble/share/rosidl_generator_c/cmake)
[0.991s] -- Found rosidl_adapter: 3.1.5 (/opt/ros/humble/share/rosidl_adapter/cmake)
[0.998s] -- Found rosidl_generator_cpp: 3.1.5 (/opt/ros/humble/share/rosidl_generator_cpp/cmake)
[1.009s] -- Using all available rosidl_typesupport_c: rosidl_typesupport_fastrtps_c;rosidl_typesupport_introspection_c
[1.024s] -- Using all available rosidl_typesupport_cpp: rosidl_typesupport_fastrtps_cpp;rosidl_typesupport_introspection_cpp
[1.254s] -- Found rmw_implementation_cmake: 6.1.2 (/opt/ros/humble/share/rmw_implementation_cmake/cmake)
[1.260s] -- Found rmw_fastrtps_cpp: 6.2.7 (/opt/ros/humble/share/rmw_fastrtps_cpp/cmake)
[1.933s] -- Found OpenSSL: /usr/lib/x86_64-linux-gnu/libcrypto.so (found version "3.0.2")  
[1.990s] -- Found FastRTPS: /opt/ros/humble/include  
[2.044s] -- Using RMW implementation 'rmw_fastrtps_cpp' as default
[2.158s] -- Looking for pthread.h
[2.299s] -- Looking for pthread.h - found
[2.299s] -- Performing Test CMAKE_HAVE_LIBC_PTHREAD
[2.401s] -- Performing Test CMAKE_HAVE_LIBC_PTHREAD - Success
[2.403s] -- Found Threads: TRUE  
[2.635s] -- Found seabot_interfaces: 0.0.0 (/home/bninaos/Documents/install/seabot_interfaces/share/seabot_interfaces/cmake)
[2.659s] -- Added test 'cppcheck' to perform static code analysis on C / C++ code
[2.660s] -- Configured cppcheck include dirs: 
[2.660s] -- Configured cppcheck exclude dirs and/or files: 
[2.661s] -- Added test 'lint_cmake' to check CMake code style
[2.662s] -- Added test 'uncrustify' to check C / C++ code style
[2.662s] -- Configured uncrustify additional arguments: 
[2.662s] -- Added test 'xmllint' to check XML markup files
[2.665s] -- Configuring done
[2.675s] -- Generating done
[2.676s] -- Build files have been written to: /home/bninaos/Documents/build/cpp_srvcli
[2.684s] Invoked command in '/home/bninaos/Documents/build/cpp_srvcli' returned '0': CMAKE_PREFIX_PATH=/home/bninaos/Documents/install/seabot_interfaces:/home/bninaos/Documents/install/cpp_srvcli:/home/bninaos/Documents/install/cpp_pubsub:/home/bninaos/microros/install/micro_ros_setup:/home/bninaos/microros/install/micro_ros_agent:/home/bninaos/microros/install/micro_ros_msgs:/opt/ros/humble /usr/bin/cmake /home/bninaos/Documents/ros2_ws/src/cpp_srvcli -DCMAKE_INSTALL_PREFIX=/home/bninaos/Documents/install/cpp_srvcli
[2.685s] Invoking command in '/home/bninaos/Documents/build/cpp_srvcli': CMAKE_PREFIX_PATH=/home/bninaos/Documents/install/seabot_interfaces:/home/bninaos/Documents/install/cpp_srvcli:/home/bninaos/Documents/install/cpp_pubsub:/home/bninaos/microros/install/micro_ros_setup:/home/bninaos/microros/install/micro_ros_agent:/home/bninaos/microros/install/micro_ros_msgs:/opt/ros/humble /usr/bin/cmake --build /home/bninaos/Documents/build/cpp_srvcli -- -j8 -l8
[2.754s] [ 25%] [32mBuilding CXX object CMakeFiles/client.dir/src/Client.cpp.o[0m
[2.756s] [ 50%] [32mBuilding CXX object CMakeFiles/server.dir/src/Server.cpp.o[0m
[7.838s] [ 75%] [32m[1mLinking CXX executable server[0m
[7.977s] [100%] [32m[1mLinking CXX executable client[0m
[8.176s] [100%] Built target server
[8.183s] [100%] Built target client
[8.193s] Invoked command in '/home/bninaos/Documents/build/cpp_srvcli' returned '0': CMAKE_PREFIX_PATH=/home/bninaos/Documents/install/seabot_interfaces:/home/bninaos/Documents/install/cpp_srvcli:/home/bninaos/Documents/install/cpp_pubsub:/home/bninaos/microros/install/micro_ros_setup:/home/bninaos/microros/install/micro_ros_agent:/home/bninaos/microros/install/micro_ros_msgs:/opt/ros/humble /usr/bin/cmake --build /home/bninaos/Documents/build/cpp_srvcli -- -j8 -l8
[8.220s] Invoking command in '/home/bninaos/Documents/build/cpp_srvcli': CMAKE_PREFIX_PATH=/home/bninaos/Documents/install/seabot_interfaces:/home/bninaos/Documents/install/cpp_srvcli:/home/bninaos/Documents/install/cpp_pubsub:/home/bninaos/microros/install/micro_ros_setup:/home/bninaos/microros/install/micro_ros_agent:/home/bninaos/microros/install/micro_ros_msgs:/opt/ros/humble /usr/bin/cmake --install /home/bninaos/Documents/build/cpp_srvcli
[8.227s] -- Install configuration: ""
[8.227s] -- Installing: /home/bninaos/Documents/install/cpp_srvcli/lib/cpp_srvcli/server
[8.228s] -- Set runtime path of "/home/bninaos/Documents/install/cpp_srvcli/lib/cpp_srvcli/server" to ""
[8.228s] -- Installing: /home/bninaos/Documents/install/cpp_srvcli/lib/cpp_srvcli/client
[8.229s] -- Set runtime path of "/home/bninaos/Documents/install/cpp_srvcli/lib/cpp_srvcli/client" to ""
[8.229s] -- Installing: /home/bninaos/Documents/install/cpp_srvcli/share/ament_index/resource_index/package_run_dependencies/cpp_srvcli
[8.229s] -- Installing: /home/bninaos/Documents/install/cpp_srvcli/share/ament_index/resource_index/parent_prefix_path/cpp_srvcli
[8.229s] -- Installing: /home/bninaos/Documents/install/cpp_srvcli/share/cpp_srvcli/environment/ament_prefix_path.sh
[8.229s] -- Installing: /home/bninaos/Documents/install/cpp_srvcli/share/cpp_srvcli/environment/ament_prefix_path.dsv
[8.229s] -- Installing: /home/bninaos/Documents/install/cpp_srvcli/share/cpp_srvcli/environment/path.sh
[8.229s] -- Installing: /home/bninaos/Documents/install/cpp_srvcli/share/cpp_srvcli/environment/path.dsv
[8.229s] -- Installing: /home/bninaos/Documents/install/cpp_srvcli/share/cpp_srvcli/local_setup.bash
[8.229s] -- Installing: /home/bninaos/Documents/install/cpp_srvcli/share/cpp_srvcli/local_setup.sh
[8.230s] -- Installing: /home/bninaos/Documents/install/cpp_srvcli/share/cpp_srvcli/local_setup.zsh
[8.230s] -- Installing: /home/bninaos/Documents/install/cpp_srvcli/share/cpp_srvcli/local_setup.dsv
[8.230s] -- Installing: /home/bninaos/Documents/install/cpp_srvcli/share/cpp_srvcli/package.dsv
[8.230s] -- Installing: /home/bninaos/Documents/install/cpp_srvcli/share/ament_index/resource_index/packages/cpp_srvcli
[8.230s] -- Installing: /home/bninaos/Documents/install/cpp_srvcli/share/cpp_srvcli/cmake/cpp_srvcliConfig.cmake
[8.230s] -- Installing: /home/bninaos/Documents/install/cpp_srvcli/share/cpp_srvcli/cmake/cpp_srvcliConfig-version.cmake
[8.231s] -- Installing: /home/bninaos/Documents/install/cpp_srvcli/share/cpp_srvcli/package.xml
[8.233s] Invoked command in '/home/bninaos/Documents/build/cpp_srvcli' returned '0': CMAKE_PREFIX_PATH=/home/bninaos/Documents/install/seabot_interfaces:/home/bninaos/Documents/install/cpp_srvcli:/home/bninaos/Documents/install/cpp_pubsub:/home/bninaos/microros/install/micro_ros_setup:/home/bninaos/microros/install/micro_ros_agent:/home/bninaos/microros/install/micro_ros_msgs:/opt/ros/humble /usr/bin/cmake --install /home/bninaos/Documents/build/cpp_srvcli
