[01m[K/home/bninaos/Documents/ros2_ws/src/cpp_srvcli/src/Client.cpp:[m[K In function ‘[01m[Kint main(int, char**)[m[K’:
[01m[K/home/bninaos/Documents/ros2_ws/src/cpp_srvcli/src/Client.cpp:16:12:[m[K [01;31m[Kerror: [m[Kinvalid conversion from ‘[01m[Kint[m[K’ to ‘[01m[Kconst char*[m[K’ [[01;31m[K]8;;https://gcc.gnu.org/onlinedocs/gcc/Warning-Options.html#index-fpermissive-fpermissive]8;;[m[K]
   16 |     printf([01;31m[Kargc[m[K);
      |            [01;31m[K^~~~[m[K
      |            [01;31m[K|[m[K
      |            [01;31m[Kint[m[K
In file included from [01m[K/usr/include/c++/11/cstdio:42[m[K,
                 from [01m[K/usr/include/c++/11/ext/string_conversions.h:43[m[K,
                 from [01m[K/usr/include/c++/11/bits/basic_string.h:6608[m[K,
                 from [01m[K/usr/include/c++/11/string:55[m[K,
                 from [01m[K/usr/include/c++/11/stdexcept:39[m[K,
                 from [01m[K/usr/include/c++/11/system_error:41[m[K,
                 from [01m[K/usr/include/c++/11/mutex:42[m[K,
                 from [01m[K/usr/include/c++/11/future:38[m[K,
                 from [01m[K/opt/ros/humble/include/rclcpp/rclcpp/executors.hpp:18[m[K,
                 from [01m[K/opt/ros/humble/include/rclcpp/rclcpp/rclcpp.hpp:155[m[K,
                 from [01m[K/home/bninaos/Documents/ros2_ws/src/cpp_srvcli/src/Client.cpp:1[m[K:
[01m[K/usr/include/stdio.h:356:43:[m[K [01;36m[Knote: [m[K  initializing argument 1 of ‘[01m[Kint printf(const char*, ...)[m[K’
  356 | extern int printf ([01;36m[Kconst char *__restrict __format[m[K, ...);
      |                    [01;36m[K~~~~~~~~~~~~~~~~~~~~~~~^~~~~~~~[m[K
[01m[K/home/bninaos/Documents/ros2_ws/src/cpp_srvcli/src/Client.cpp:16:11:[m[K [01;35m[Kwarning: [m[Kformat not a string literal and no format arguments [[01;35m[K]8;;https://gcc.gnu.org/onlinedocs/gcc/Warning-Options.html#index-Wformat-security-Wformat-security]8;;[m[K]
   16 |     [01;35m[Kprintf(argc)[m[K;
      |     [01;35m[K~~~~~~^~~~~~[m[K
gmake[2]: *** [CMakeFiles/client.dir/build.make:76: CMakeFiles/client.dir/src/Client.cpp.o] Error 1
gmake[1]: *** [CMakeFiles/Makefile2:165: CMakeFiles/client.dir/all] Error 2
gmake: *** [Makefile:146: all] Error 2
