[0.038s] Invoking command in '/home/bninaos/Documents/ros2_ws/build/cpp_srvcli': CMAKE_PREFIX_PATH=/home/bninaos/Documents/ros2_ws/install/seabot_interfaces:/home/bninaos/Documents/ros2_ws/install/cpp_srvcli:/home/bninaos/Documents/ros2_ws/install/cpp_pubsub:/home/bninaos/microros/install/micro_ros_setup:/home/bninaos/microros/install/micro_ros_agent:/home/bninaos/microros/install/micro_ros_msgs:/opt/ros/humble /usr/bin/cmake --build /home/bninaos/Documents/ros2_ws/build/cpp_srvcli -- -j8 -l8
[0.090s] [ 50%] Built target server
[0.144s] [35m[1mConsolidate compiler generated dependencies of target client[0m
[0.172s] [ 75%] [32mBuilding CXX object CMakeFiles/client.dir/src/Client.cpp.o[0m
[1.669s] [01m[K/home/bninaos/Documents/ros2_ws/src/cpp_srvcli/src/Client.cpp:[m[K In function ‘[01m[Kint main(int, char**)[m[K’:
[1.669s] [01m[K/home/bninaos/Documents/ros2_ws/src/cpp_srvcli/src/Client.cpp:16:12:[m[K [01;31m[Kerror: [m[Kinvalid conversion from ‘[01m[Kint[m[K’ to ‘[01m[Kconst char*[m[K’ [[01;31m[K]8;;https://gcc.gnu.org/onlinedocs/gcc/Warning-Options.html#index-fpermissive-fpermissive]8;;[m[K]
[1.669s]    16 |     printf([01;31m[Kargc[m[K);
[1.669s]       |            [01;31m[K^~~~[m[K
[1.669s]       |            [01;31m[K|[m[K
[1.669s]       |            [01;31m[Kint[m[K
[1.669s] In file included from [01m[K/usr/include/c++/11/cstdio:42[m[K,
[1.669s]                  from [01m[K/usr/include/c++/11/ext/string_conversions.h:43[m[K,
[1.669s]                  from [01m[K/usr/include/c++/11/bits/basic_string.h:6608[m[K,
[1.669s]                  from [01m[K/usr/include/c++/11/string:55[m[K,
[1.669s]                  from [01m[K/usr/include/c++/11/stdexcept:39[m[K,
[1.670s]                  from [01m[K/usr/include/c++/11/system_error:41[m[K,
[1.670s]                  from [01m[K/usr/include/c++/11/mutex:42[m[K,
[1.670s]                  from [01m[K/usr/include/c++/11/future:38[m[K,
[1.670s]                  from [01m[K/opt/ros/humble/include/rclcpp/rclcpp/executors.hpp:18[m[K,
[1.670s]                  from [01m[K/opt/ros/humble/include/rclcpp/rclcpp/rclcpp.hpp:155[m[K,
[1.670s]                  from [01m[K/home/bninaos/Documents/ros2_ws/src/cpp_srvcli/src/Client.cpp:1[m[K:
[1.670s] [01m[K/usr/include/stdio.h:356:43:[m[K [01;36m[Knote: [m[K  initializing argument 1 of ‘[01m[Kint printf(const char*, ...)[m[K’
[1.670s]   356 | extern int printf ([01;36m[Kconst char *__restrict __format[m[K, ...);
[1.670s]       |                    [01;36m[K~~~~~~~~~~~~~~~~~~~~~~~^~~~~~~~[m[K
[1.670s] [01m[K/home/bninaos/Documents/ros2_ws/src/cpp_srvcli/src/Client.cpp:16:11:[m[K [01;35m[Kwarning: [m[Kformat not a string literal and no format arguments [[01;35m[K]8;;https://gcc.gnu.org/onlinedocs/gcc/Warning-Options.html#index-Wformat-security-Wformat-security]8;;[m[K]
[1.670s]    16 |     [01;35m[Kprintf(argc)[m[K;
[1.670s]       |     [01;35m[K~~~~~~^~~~~~[m[K
[2.103s] gmake[2]: *** [CMakeFiles/client.dir/build.make:76: CMakeFiles/client.dir/src/Client.cpp.o] Error 1
[2.104s] gmake[1]: *** [CMakeFiles/Makefile2:165: CMakeFiles/client.dir/all] Error 2
[2.104s] gmake: *** [Makefile:146: all] Error 2
[2.105s] Invoked command in '/home/bninaos/Documents/ros2_ws/build/cpp_srvcli' returned '2': CMAKE_PREFIX_PATH=/home/bninaos/Documents/ros2_ws/install/seabot_interfaces:/home/bninaos/Documents/ros2_ws/install/cpp_srvcli:/home/bninaos/Documents/ros2_ws/install/cpp_pubsub:/home/bninaos/microros/install/micro_ros_setup:/home/bninaos/microros/install/micro_ros_agent:/home/bninaos/microros/install/micro_ros_msgs:/opt/ros/humble /usr/bin/cmake --build /home/bninaos/Documents/ros2_ws/build/cpp_srvcli -- -j8 -l8
