[0.006s] Invoking command in '/home/bninaos/Documents/ros2_ws/build/cpp_pubsub': CMAKE_PREFIX_PATH=/home/bninaos/Documents/ros2_ws/install/seabot_interfaces:/home/bninaos/Documents/ros2_ws/install/cpp_srvcli:/home/bninaos/Documents/ros2_ws/install/cpp_pubsub:/home/bninaos/microros/install/micro_ros_setup:/home/bninaos/microros/install/micro_ros_agent:/home/bninaos/microros/install/micro_ros_msgs:/opt/ros/humble /usr/bin/cmake /home/bninaos/Documents/ros2_ws/src/cpp_pubsub -DCMAKE_INSTALL_PREFIX=/home/bninaos/Documents/ros2_ws/install/cpp_pubsub
[0.091s] -- The C compiler identification is GNU 11.4.0
[0.129s] -- The CXX compiler identification is GNU 11.4.0
[0.134s] -- Detecting C compiler ABI info
[0.186s] -- Detecting C compiler ABI info - done
[0.192s] -- Check for working C compiler: /usr/bin/cc - skipped
[0.192s] -- Detecting C compile features
[0.192s] -- Detecting C compile features - done
[0.194s] -- Detecting CXX compiler ABI info
[0.271s] -- Detecting CXX compiler ABI info - done
[0.277s] -- Check for working CXX compiler: /usr/bin/c++ - skipped
[0.277s] -- Detecting CXX compile features
[0.277s] -- Detecting CXX compile features - done
[0.279s] -- Found ament_cmake: 1.3.10 (/opt/ros/humble/share/ament_cmake/cmake)
[0.377s] -- Found Python3: /usr/bin/python3 (found version "3.10.12") found components: Interpreter 
[0.439s] -- Found rclcpp: 16.0.10 (/opt/ros/humble/share/rclcpp/cmake)
[0.464s] -- Found rosidl_generator_c: 3.1.5 (/opt/ros/humble/share/rosidl_generator_c/cmake)
[0.467s] -- Found rosidl_adapter: 3.1.5 (/opt/ros/humble/share/rosidl_adapter/cmake)
[0.472s] -- Found rosidl_generator_cpp: 3.1.5 (/opt/ros/humble/share/rosidl_generator_cpp/cmake)
[0.480s] -- Using all available rosidl_typesupport_c: rosidl_typesupport_fastrtps_c;rosidl_typesupport_introspection_c
[0.490s] -- Using all available rosidl_typesupport_cpp: rosidl_typesupport_fastrtps_cpp;rosidl_typesupport_introspection_cpp
[0.519s] -- Found rmw_implementation_cmake: 6.1.2 (/opt/ros/humble/share/rmw_implementation_cmake/cmake)
[0.521s] -- Found rmw_fastrtps_cpp: 6.2.7 (/opt/ros/humble/share/rmw_fastrtps_cpp/cmake)
[0.578s] -- Found OpenSSL: /usr/lib/x86_64-linux-gnu/libcrypto.so (found version "3.0.2")  
[0.592s] -- Found FastRTPS: /opt/ros/humble/include  
[0.616s] -- Using RMW implementation 'rmw_fastrtps_cpp' as default
[0.621s] -- Looking for pthread.h
[0.672s] -- Looking for pthread.h - found
[0.672s] -- Performing Test CMAKE_HAVE_LIBC_PTHREAD
[0.745s] -- Performing Test CMAKE_HAVE_LIBC_PTHREAD - Success
[0.746s] -- Found Threads: TRUE  
[0.781s] -- Found seabot_interfaces: 0.0.0 (/home/bninaos/Documents/ros2_ws/install/seabot_interfaces/share/seabot_interfaces/cmake)
[0.834s] -- Configuring done
[0.842s] -- Generating done
[0.843s] -- Build files have been written to: /home/bninaos/Documents/ros2_ws/build/cpp_pubsub
[0.850s] Invoked command in '/home/bninaos/Documents/ros2_ws/build/cpp_pubsub' returned '0': CMAKE_PREFIX_PATH=/home/bninaos/Documents/ros2_ws/install/seabot_interfaces:/home/bninaos/Documents/ros2_ws/install/cpp_srvcli:/home/bninaos/Documents/ros2_ws/install/cpp_pubsub:/home/bninaos/microros/install/micro_ros_setup:/home/bninaos/microros/install/micro_ros_agent:/home/bninaos/microros/install/micro_ros_msgs:/opt/ros/humble /usr/bin/cmake /home/bninaos/Documents/ros2_ws/src/cpp_pubsub -DCMAKE_INSTALL_PREFIX=/home/bninaos/Documents/ros2_ws/install/cpp_pubsub
[0.851s] Invoking command in '/home/bninaos/Documents/ros2_ws/build/cpp_pubsub': CMAKE_PREFIX_PATH=/home/bninaos/Documents/ros2_ws/install/seabot_interfaces:/home/bninaos/Documents/ros2_ws/install/cpp_srvcli:/home/bninaos/Documents/ros2_ws/install/cpp_pubsub:/home/bninaos/microros/install/micro_ros_setup:/home/bninaos/microros/install/micro_ros_agent:/home/bninaos/microros/install/micro_ros_msgs:/opt/ros/humble /usr/bin/cmake --build /home/bninaos/Documents/ros2_ws/build/cpp_pubsub -- -j8 -l8
[0.887s] [ 50%] [32mBuilding CXX object CMakeFiles/talker.dir/src/Publisher.cpp.o[0m
[0.887s] [ 50%] [32mBuilding CXX object CMakeFiles/listener.dir/src/Subscriber.cpp.o[0m
[4.073s] [ 75%] [32m[1mLinking CXX executable talker[0m
[4.206s] [ 75%] Built target talker
[6.647s] [100%] [32m[1mLinking CXX executable listener[0m
[6.910s] [100%] Built target listener
[6.924s] Invoked command in '/home/bninaos/Documents/ros2_ws/build/cpp_pubsub' returned '0': CMAKE_PREFIX_PATH=/home/bninaos/Documents/ros2_ws/install/seabot_interfaces:/home/bninaos/Documents/ros2_ws/install/cpp_srvcli:/home/bninaos/Documents/ros2_ws/install/cpp_pubsub:/home/bninaos/microros/install/micro_ros_setup:/home/bninaos/microros/install/micro_ros_agent:/home/bninaos/microros/install/micro_ros_msgs:/opt/ros/humble /usr/bin/cmake --build /home/bninaos/Documents/ros2_ws/build/cpp_pubsub -- -j8 -l8
[6.944s] Invoking command in '/home/bninaos/Documents/ros2_ws/build/cpp_pubsub': CMAKE_PREFIX_PATH=/home/bninaos/Documents/ros2_ws/install/seabot_interfaces:/home/bninaos/Documents/ros2_ws/install/cpp_srvcli:/home/bninaos/Documents/ros2_ws/install/cpp_pubsub:/home/bninaos/microros/install/micro_ros_setup:/home/bninaos/microros/install/micro_ros_agent:/home/bninaos/microros/install/micro_ros_msgs:/opt/ros/humble /usr/bin/cmake --install /home/bninaos/Documents/ros2_ws/build/cpp_pubsub
[6.949s] -- Install configuration: ""
[6.949s] -- Installing: /home/bninaos/Documents/ros2_ws/install/cpp_pubsub/lib/cpp_pubsub/talker
[6.950s] -- Set runtime path of "/home/bninaos/Documents/ros2_ws/install/cpp_pubsub/lib/cpp_pubsub/talker" to ""
[6.950s] -- Installing: /home/bninaos/Documents/ros2_ws/install/cpp_pubsub/lib/cpp_pubsub/listener
[6.953s] -- Set runtime path of "/home/bninaos/Documents/ros2_ws/install/cpp_pubsub/lib/cpp_pubsub/listener" to ""
[6.953s] -- Installing: /home/bninaos/Documents/ros2_ws/install/cpp_pubsub/share/ament_index/resource_index/package_run_dependencies/cpp_pubsub
[6.953s] -- Installing: /home/bninaos/Documents/ros2_ws/install/cpp_pubsub/share/ament_index/resource_index/parent_prefix_path/cpp_pubsub
[6.954s] -- Installing: /home/bninaos/Documents/ros2_ws/install/cpp_pubsub/share/cpp_pubsub/environment/ament_prefix_path.sh
[6.954s] -- Installing: /home/bninaos/Documents/ros2_ws/install/cpp_pubsub/share/cpp_pubsub/environment/ament_prefix_path.dsv
[6.954s] -- Installing: /home/bninaos/Documents/ros2_ws/install/cpp_pubsub/share/cpp_pubsub/environment/path.sh
[6.954s] -- Installing: /home/bninaos/Documents/ros2_ws/install/cpp_pubsub/share/cpp_pubsub/environment/path.dsv
[6.954s] -- Installing: /home/bninaos/Documents/ros2_ws/install/cpp_pubsub/share/cpp_pubsub/local_setup.bash
[6.954s] -- Installing: /home/bninaos/Documents/ros2_ws/install/cpp_pubsub/share/cpp_pubsub/local_setup.sh
[6.954s] -- Installing: /home/bninaos/Documents/ros2_ws/install/cpp_pubsub/share/cpp_pubsub/local_setup.zsh
[6.954s] -- Installing: /home/bninaos/Documents/ros2_ws/install/cpp_pubsub/share/cpp_pubsub/local_setup.dsv
[6.954s] -- Installing: /home/bninaos/Documents/ros2_ws/install/cpp_pubsub/share/cpp_pubsub/package.dsv
[6.954s] -- Installing: /home/bninaos/Documents/ros2_ws/install/cpp_pubsub/share/ament_index/resource_index/packages/cpp_pubsub
[6.954s] -- Installing: /home/bninaos/Documents/ros2_ws/install/cpp_pubsub/share/cpp_pubsub/cmake/cpp_pubsubConfig.cmake
[6.954s] -- Installing: /home/bninaos/Documents/ros2_ws/install/cpp_pubsub/share/cpp_pubsub/cmake/cpp_pubsubConfig-version.cmake
[6.955s] -- Installing: /home/bninaos/Documents/ros2_ws/install/cpp_pubsub/share/cpp_pubsub/package.xml
[6.956s] Invoked command in '/home/bninaos/Documents/ros2_ws/build/cpp_pubsub' returned '0': CMAKE_PREFIX_PATH=/home/bninaos/Documents/ros2_ws/install/seabot_interfaces:/home/bninaos/Documents/ros2_ws/install/cpp_srvcli:/home/bninaos/Documents/ros2_ws/install/cpp_pubsub:/home/bninaos/microros/install/micro_ros_setup:/home/bninaos/microros/install/micro_ros_agent:/home/bninaos/microros/install/micro_ros_msgs:/opt/ros/humble /usr/bin/cmake --install /home/bninaos/Documents/ros2_ws/build/cpp_pubsub
