[0.009s] Invoking command in '/home/bninaos/Documents/ros2_ws/build/cpp_srvcli': AMENT_PREFIX_PATH=/home/bninaos/Documents/ros2_ws/install/seabot_interfaces:${AMENT_PREFIX_PATH} CMAKE_PREFIX_PATH=/home/bninaos/Documents/ros2_ws/install/seabot_interfaces:/home/bninaos/microros/install/micro_ros_setup:/home/bninaos/microros/install/micro_ros_agent:/home/bninaos/microros/install/micro_ros_msgs:/opt/ros/humble LD_LIBRARY_PATH=/home/bninaos/Documents/ros2_ws/install/seabot_interfaces/lib:${LD_LIBRARY_PATH} PYTHONPATH=/home/bninaos/Documents/ros2_ws/install/seabot_interfaces/local/lib/python3.10/dist-packages:${PYTHONPATH} /usr/bin/cmake --build /home/bninaos/Documents/ros2_ws/build/cpp_srvcli -- -j8 -l8
[0.038s] [35m[1mConsolidate compiler generated dependencies of target server[0m
[0.038s] [35m[1mConsolidate compiler generated dependencies of target client[0m
[0.052s] [ 75%] [32mBuilding CXX object CMakeFiles/server.dir/src/Server.cpp.o[0m
[0.052s] [ 75%] Built target client
[1.561s] [01m[K/home/bninaos/Documents/ros2_ws/src/cpp_srvcli/src/Server.cpp:6:73:[m[K [01;31m[Kerror: [m[Kfound ‘[01m[K:[m[K’ in nested-name-specifier, expected ‘[01m[K::[m[K’
[1.561s]     6 | void send_response(const std::shared_ptr<seabot_interfaces::srv::Service[01;31m[K:[m[KRequest> request,     // CHANGE
[1.561s]       |                                                                         [01;31m[K^[m[K
[1.561s]       |                                                                         [32m[K::[m[K
[1.564s] In file included from [01m[K/opt/ros/humble/include/rclcpp/rclcpp/logging.hpp:24[m[K,
[1.564s]                  from [01m[K/opt/ros/humble/include/rclcpp/rclcpp/client.hpp:40[m[K,
[1.564s]                  from [01m[K/opt/ros/humble/include/rclcpp/rclcpp/callback_group.hpp:24[m[K,
[1.564s]                  from [01m[K/opt/ros/humble/include/rclcpp/rclcpp/any_executable.hpp:20[m[K,
[1.564s]                  from [01m[K/opt/ros/humble/include/rclcpp/rclcpp/memory_strategy.hpp:25[m[K,
[1.564s]                  from [01m[K/opt/ros/humble/include/rclcpp/rclcpp/memory_strategies.hpp:18[m[K,
[1.564s]                  from [01m[K/opt/ros/humble/include/rclcpp/rclcpp/executor_options.hpp:20[m[K,
[1.565s]                  from [01m[K/opt/ros/humble/include/rclcpp/rclcpp/executor.hpp:37[m[K,
[1.565s]                  from [01m[K/opt/ros/humble/include/rclcpp/rclcpp/executors/multi_threaded_executor.hpp:25[m[K,
[1.565s]                  from [01m[K/opt/ros/humble/include/rclcpp/rclcpp/executors.hpp:21[m[K,
[1.565s]                  from [01m[K/opt/ros/humble/include/rclcpp/rclcpp/rclcpp.hpp:155[m[K,
[1.565s]                  from [01m[K/home/bninaos/Documents/ros2_ws/src/cpp_srvcli/src/Server.cpp:1[m[K:
[1.565s] [01m[K/home/bninaos/Documents/ros2_ws/src/cpp_srvcli/src/Server.cpp:[m[K In function ‘[01m[Kvoid send_response(std::shared_ptr<seabot_interfaces::srv::Service_Request_<std::allocator<void> > >, std::shared_ptr<seabot_interfaces::srv::Service_Response_<std::allocator<void> > >)[m[K’:
[1.565s] [01m[K/home/bninaos/Documents/ros2_ws/src/cpp_srvcli/src/Server.cpp:10:45:[m[K [01;35m[Kwarning: [m[Kformat ‘[01m[K%s[m[K’ expects argument of type ‘[01m[Kchar*[m[K’, but argument 5 has type ‘[01m[Kseabot_interfaces::srv::Service_Request_<std::allocator<void> >::_message_type[m[K’ {aka ‘[01m[Kstd::__cxx11::basic_string<char>[m[K’} [[01;35m[K]8;;https://gcc.gnu.org/onlinedocs/gcc/Warning-Options.html#index-Wformat=-Wformat=]8;;[m[K]
[1.565s]    10 |   RCLCPP_INFO(rclcpp::get_logger("rclcpp"), [01;35m[K"Incoming request\na: %s" " b: %.2f"[m[K,  // CHANGE
[1.565s]       |                                             [01;35m[K^~~~~~~~~~~~~~~~~~~~~~~~~~~~~~~~~~~~[m[K
[1.565s] [01m[K/home/bninaos/Documents/ros2_ws/src/cpp_srvcli/src/Server.cpp:10:68:[m[K [01;36m[Knote: [m[Kformat string is defined here
[1.565s]    10 |   RCLCPP_INFO(rclcpp::get_logger("rclcpp"), "Incoming request\na: [01;36m[K%s[m[K" " b: %.2f",  // CHANGE
[1.565s]       |                                                                   [01;36m[K~^[m[K
[1.565s]       |                                                                    [01;36m[K|[m[K
[1.565s]       |                                                                    [01;36m[Kchar*[m[K
[1.565s] In file included from [01m[K/opt/ros/humble/include/rclcpp/rclcpp/logging.hpp:24[m[K,
[1.565s]                  from [01m[K/opt/ros/humble/include/rclcpp/rclcpp/client.hpp:40[m[K,
[1.565s]                  from [01m[K/opt/ros/humble/include/rclcpp/rclcpp/callback_group.hpp:24[m[K,
[1.565s]                  from [01m[K/opt/ros/humble/include/rclcpp/rclcpp/any_executable.hpp:20[m[K,
[1.565s]                  from [01m[K/opt/ros/humble/include/rclcpp/rclcpp/memory_strategy.hpp:25[m[K,
[1.565s]                  from [01m[K/opt/ros/humble/include/rclcpp/rclcpp/memory_strategies.hpp:18[m[K,
[1.565s]                  from [01m[K/opt/ros/humble/include/rclcpp/rclcpp/executor_options.hpp:20[m[K,
[1.565s]                  from [01m[K/opt/ros/humble/include/rclcpp/rclcpp/executor.hpp:37[m[K,
[1.565s]                  from [01m[K/opt/ros/humble/include/rclcpp/rclcpp/executors/multi_threaded_executor.hpp:25[m[K,
[1.566s]                  from [01m[K/opt/ros/humble/include/rclcpp/rclcpp/executors.hpp:21[m[K,
[1.566s]                  from [01m[K/opt/ros/humble/include/rclcpp/rclcpp/rclcpp.hpp:155[m[K,
[1.566s]                  from [01m[K/home/bninaos/Documents/ros2_ws/src/cpp_srvcli/src/Server.cpp:1[m[K:
[1.566s] [01m[K/home/bninaos/Documents/ros2_ws/src/cpp_srvcli/src/Server.cpp:12:78:[m[K [01;31m[Kerror: [m[K‘[01m[Kstring[m[K’ was not declared in this scope
[1.566s]    12 |   RCLCPP_INFO(rclcpp::get_logger("rclcpp"), "sending back response: [%ld]", ([01;31m[Kstring[m[K)response->feedback);
[1.566s]       |                                                                              [01;31m[K^~~~~~[m[K
[1.573s] [01m[K/home/bninaos/Documents/ros2_ws/src/cpp_srvcli/src/Server.cpp:12:78:[m[K [01;36m[Knote: [m[Ksuggested alternatives:
[1.573s] In file included from [01m[K/usr/include/c++/11/iosfwd:39[m[K,
[1.573s]                  from [01m[K/usr/include/c++/11/bits/shared_ptr.h:52[m[K,
[1.573s]                  from [01m[K/usr/include/c++/11/memory:77[m[K,
[1.573s]                  from [01m[K/opt/ros/humble/include/rclcpp/rclcpp/rclcpp.hpp:153[m[K,
[1.573s]                  from [01m[K/home/bninaos/Documents/ros2_ws/src/cpp_srvcli/src/Server.cpp:1[m[K:
[1.573s] [01m[K/usr/include/c++/11/bits/stringfwd.h:79:33:[m[K [01;36m[Knote: [m[K  ‘[01m[Kstd::string[m[K’
[1.573s]    79 |   typedef basic_string<char>    [01;36m[Kstring[m[K;
[1.573s]       |                                 [01;36m[K^~~~~~[m[K
[1.574s] In file included from [01m[K/usr/include/c++/11/stdexcept:39[m[K,
[1.574s]                  from [01m[K/usr/include/c++/11/system_error:41[m[K,
[1.574s]                  from [01m[K/usr/include/c++/11/mutex:42[m[K,
[1.574s]                  from [01m[K/usr/include/c++/11/future:38[m[K,
[1.574s]                  from [01m[K/opt/ros/humble/include/rclcpp/rclcpp/executors.hpp:18[m[K,
[1.574s]                  from [01m[K/opt/ros/humble/include/rclcpp/rclcpp/rclcpp.hpp:155[m[K,
[1.574s]                  from [01m[K/home/bninaos/Documents/ros2_ws/src/cpp_srvcli/src/Server.cpp:1[m[K:
[1.574s] [01m[K/usr/include/c++/11/string:67:11:[m[K [01;36m[Knote: [m[K  ‘[01m[Kstd::pmr::string[m[K’
[1.574s]    67 |     using [01;36m[Kstring[m[K    = basic_string<char>;
[1.574s]       |           [01;36m[K^~~~~~[m[K
[1.968s] gmake[2]: *** [CMakeFiles/server.dir/build.make:76: CMakeFiles/server.dir/src/Server.cpp.o] Error 1
[1.968s] gmake[1]: *** [CMakeFiles/Makefile2:139: CMakeFiles/server.dir/all] Error 2
[1.969s] gmake: *** [Makefile:146: all] Error 2
[1.970s] Invoked command in '/home/bninaos/Documents/ros2_ws/build/cpp_srvcli' returned '2': AMENT_PREFIX_PATH=/home/bninaos/Documents/ros2_ws/install/seabot_interfaces:${AMENT_PREFIX_PATH} CMAKE_PREFIX_PATH=/home/bninaos/Documents/ros2_ws/install/seabot_interfaces:/home/bninaos/microros/install/micro_ros_setup:/home/bninaos/microros/install/micro_ros_agent:/home/bninaos/microros/install/micro_ros_msgs:/opt/ros/humble LD_LIBRARY_PATH=/home/bninaos/Documents/ros2_ws/install/seabot_interfaces/lib:${LD_LIBRARY_PATH} PYTHONPATH=/home/bninaos/Documents/ros2_ws/install/seabot_interfaces/local/lib/python3.10/dist-packages:${PYTHONPATH} /usr/bin/cmake --build /home/bninaos/Documents/ros2_ws/build/cpp_srvcli -- -j8 -l8
