[0.068s] DEBUG:colcon:Command line arguments: ['/usr/bin/colcon', 'build']
[0.068s] DEBUG:colcon:Parsed command line arguments: Namespace(log_base=None, log_level=None, verb_name='build', build_base='build', install_base='install', merge_install=False, symlink_install=False, test_result_base=None, continue_on_error=False, executor='parallel', parallel_workers=8, event_handlers=None, ignore_user_meta=False, metas=['./colcon.meta'], base_paths=['.'], packages_ignore=None, packages_ignore_regex=None, paths=None, packages_up_to=None, packages_up_to_regex=None, packages_above=None, packages_above_and_dependencies=None, packages_above_depth=None, packages_select_by_dep=None, packages_skip_by_dep=None, packages_skip_up_to=None, packages_select_build_failed=False, packages_skip_build_finished=False, packages_select_test_failures=False, packages_skip_test_passed=False, packages_select=None, packages_skip=None, packages_select_regex=None, packages_skip_regex=None, packages_start=None, packages_end=None, allow_overriding=[], cmake_args=None, cmake_target=None, cmake_target_skip_unavailable=False, cmake_clean_cache=False, cmake_clean_first=False, cmake_force_configure=False, ament_cmake_args=None, catkin_cmake_args=None, catkin_skip_building_tests=False, mixin_files=None, mixin=None, verb_parser=<colcon_mixin.mixin.mixin_argument.MixinArgumentDecorator object at 0x79007da0fd60>, verb_extension=<colcon_core.verb.build.BuildVerb object at 0x79007da0f2e0>, main=<bound method BuildVerb.main of <colcon_core.verb.build.BuildVerb object at 0x79007da0f2e0>>, mixin_verb=('build',))
[0.149s] Level 1:colcon.colcon_core.package_discovery:discover_packages(colcon_meta) check parameters
[0.150s] Level 1:colcon.colcon_core.package_discovery:discover_packages(recursive) check parameters
[0.150s] Level 1:colcon.colcon_core.package_discovery:discover_packages(ignore) check parameters
[0.150s] Level 1:colcon.colcon_core.package_discovery:discover_packages(path) check parameters
[0.150s] Level 1:colcon.colcon_core.package_discovery:discover_packages(colcon_meta) discover
[0.150s] Level 1:colcon.colcon_core.package_discovery:discover_packages(recursive) discover
[0.150s] INFO:colcon.colcon_core.package_discovery:Crawling recursively for packages in '/home/bninaos/seabot_interfaces'
[0.150s] Level 1:colcon.colcon_core.package_identification:_identify(.) by extensions ['ignore', 'ignore_ament_install']
[0.150s] Level 1:colcon.colcon_core.package_identification:_identify(.) by extension 'ignore'
[0.150s] Level 1:colcon.colcon_core.package_identification:_identify(.) by extension 'ignore_ament_install'
[0.150s] Level 1:colcon.colcon_core.package_identification:_identify(.) by extensions ['colcon_pkg']
[0.150s] Level 1:colcon.colcon_core.package_identification:_identify(.) by extension 'colcon_pkg'
[0.150s] Level 1:colcon.colcon_core.package_identification:_identify(.) by extensions ['colcon_meta']
[0.150s] Level 1:colcon.colcon_core.package_identification:_identify(.) by extension 'colcon_meta'
[0.150s] Level 1:colcon.colcon_core.package_identification:_identify(.) by extensions ['ros']
[0.150s] Level 1:colcon.colcon_core.package_identification:_identify(.) by extension 'ros'
[0.159s] DEBUG:colcon.colcon_core.package_identification:Package '.' with type 'ros.ament_cmake' and name 'seabot_interfaces'
[0.159s] Level 1:colcon.colcon_core.package_discovery:discover_packages(recursive) using defaults
[0.159s] Level 1:colcon.colcon_core.package_discovery:discover_packages(ignore) discover
[0.159s] Level 1:colcon.colcon_core.package_discovery:discover_packages(ignore) using defaults
[0.159s] Level 1:colcon.colcon_core.package_discovery:discover_packages(path) discover
[0.159s] Level 1:colcon.colcon_core.package_discovery:discover_packages(path) using defaults
[0.173s] Level 1:colcon.colcon_core.package_discovery:discover_packages(prefix_path) check parameters
[0.173s] Level 1:colcon.colcon_core.package_discovery:discover_packages(prefix_path) discover
[0.174s] DEBUG:colcon.colcon_installed_package_information.package_discovery:Found 180 installed packages in /opt/ros/humble
[0.175s] Level 1:colcon.colcon_core.package_discovery:discover_packages(prefix_path) using defaults
[0.191s] Level 5:colcon.colcon_core.verb:set package 'seabot_interfaces' build argument 'cmake_args' from command line to 'None'
[0.192s] Level 5:colcon.colcon_core.verb:set package 'seabot_interfaces' build argument 'cmake_target' from command line to 'None'
[0.192s] Level 5:colcon.colcon_core.verb:set package 'seabot_interfaces' build argument 'cmake_target_skip_unavailable' from command line to 'False'
[0.192s] Level 5:colcon.colcon_core.verb:set package 'seabot_interfaces' build argument 'cmake_clean_cache' from command line to 'False'
[0.192s] Level 5:colcon.colcon_core.verb:set package 'seabot_interfaces' build argument 'cmake_clean_first' from command line to 'False'
[0.192s] Level 5:colcon.colcon_core.verb:set package 'seabot_interfaces' build argument 'cmake_force_configure' from command line to 'False'
[0.192s] Level 5:colcon.colcon_core.verb:set package 'seabot_interfaces' build argument 'ament_cmake_args' from command line to 'None'
[0.192s] Level 5:colcon.colcon_core.verb:set package 'seabot_interfaces' build argument 'catkin_cmake_args' from command line to 'None'
[0.192s] Level 5:colcon.colcon_core.verb:set package 'seabot_interfaces' build argument 'catkin_skip_building_tests' from command line to 'False'
[0.192s] DEBUG:colcon.colcon_core.verb:Building package 'seabot_interfaces' with the following arguments: {'ament_cmake_args': None, 'build_base': '/home/bninaos/seabot_interfaces/build/seabot_interfaces', 'catkin_cmake_args': None, 'catkin_skip_building_tests': False, 'cmake_args': None, 'cmake_clean_cache': False, 'cmake_clean_first': False, 'cmake_force_configure': False, 'cmake_target': None, 'cmake_target_skip_unavailable': False, 'install_base': '/home/bninaos/seabot_interfaces/install/seabot_interfaces', 'merge_install': False, 'path': '/home/bninaos/seabot_interfaces', 'symlink_install': False, 'test_result_base': None}
[0.192s] INFO:colcon.colcon_core.executor:Executing jobs using 'parallel' executor
[0.193s] DEBUG:colcon.colcon_parallel_executor.executor.parallel:run_until_complete
[0.193s] INFO:colcon.colcon_ros.task.ament_cmake.build:Building ROS package in '/home/bninaos/seabot_interfaces' with build type 'ament_cmake'
[0.193s] INFO:colcon.colcon_cmake.task.cmake.build:Building CMake package in '/home/bninaos/seabot_interfaces'
[0.194s] INFO:colcon.colcon_core.plugin_system:Skipping extension 'colcon_core.shell.bat': Not used on non-Windows systems
[0.194s] INFO:colcon.colcon_core.shell:Skip shell extension 'powershell' for command environment: Not usable outside of PowerShell
[0.194s] DEBUG:colcon.colcon_core.shell:Skip shell extension 'dsv' for command environment
[0.199s] DEBUG:colcon.colcon_core.event_handler.log_command:Invoking command in '/home/bninaos/seabot_interfaces/build/seabot_interfaces': CMAKE_PREFIX_PATH=/opt/ros/humble /usr/bin/cmake /home/bninaos/seabot_interfaces -DCMAKE_INSTALL_PREFIX=/home/bninaos/seabot_interfaces/install/seabot_interfaces
[11.823s] DEBUG:colcon.colcon_core.event_handler.log_command:Invoked command in '/home/bninaos/seabot_interfaces/build/seabot_interfaces' returned '0': CMAKE_PREFIX_PATH=/opt/ros/humble /usr/bin/cmake /home/bninaos/seabot_interfaces -DCMAKE_INSTALL_PREFIX=/home/bninaos/seabot_interfaces/install/seabot_interfaces
[11.823s] DEBUG:colcon.colcon_core.event_handler.log_command:Invoking command in '/home/bninaos/seabot_interfaces/build/seabot_interfaces': CMAKE_PREFIX_PATH=/opt/ros/humble /usr/bin/cmake --build /home/bninaos/seabot_interfaces/build/seabot_interfaces -- -j8 -l8
[18.137s] DEBUG:colcon.colcon_core.event_handler.log_command:Invoked command in '/home/bninaos/seabot_interfaces/build/seabot_interfaces' returned '0': CMAKE_PREFIX_PATH=/opt/ros/humble /usr/bin/cmake --build /home/bninaos/seabot_interfaces/build/seabot_interfaces -- -j8 -l8
[18.203s] DEBUG:colcon.colcon_core.event_handler.log_command:Invoking command in '/home/bninaos/seabot_interfaces/build/seabot_interfaces': CMAKE_PREFIX_PATH=/opt/ros/humble /usr/bin/cmake --install /home/bninaos/seabot_interfaces/build/seabot_interfaces
[18.249s] Level 1:colcon.colcon_core.environment:create_environment_scripts_only(seabot_interfaces)
[18.249s] DEBUG:colcon.colcon_core.event_handler.log_command:Invoked command in '/home/bninaos/seabot_interfaces/build/seabot_interfaces' returned '0': CMAKE_PREFIX_PATH=/opt/ros/humble /usr/bin/cmake --install /home/bninaos/seabot_interfaces/build/seabot_interfaces
[18.250s] Level 1:colcon.colcon_core.environment:checking '/home/bninaos/seabot_interfaces/install/seabot_interfaces' for CMake module files
[18.251s] Level 1:colcon.colcon_core.environment:checking '/home/bninaos/seabot_interfaces/install/seabot_interfaces' for CMake config files
[18.251s] Level 1:colcon.colcon_core.shell:create_environment_hook('seabot_interfaces', 'cmake_prefix_path')
[18.251s] INFO:colcon.colcon_core.shell:Creating environment hook '/home/bninaos/seabot_interfaces/install/seabot_interfaces/share/seabot_interfaces/hook/cmake_prefix_path.ps1'
[18.252s] INFO:colcon.colcon_core.shell:Creating environment descriptor '/home/bninaos/seabot_interfaces/install/seabot_interfaces/share/seabot_interfaces/hook/cmake_prefix_path.dsv'
[18.252s] INFO:colcon.colcon_core.shell:Creating environment hook '/home/bninaos/seabot_interfaces/install/seabot_interfaces/share/seabot_interfaces/hook/cmake_prefix_path.sh'
[18.253s] Level 1:colcon.colcon_core.environment:checking '/home/bninaos/seabot_interfaces/install/seabot_interfaces/lib'
[18.253s] Level 1:colcon.colcon_core.shell:create_environment_hook('seabot_interfaces', 'ld_library_path_lib')
[18.253s] INFO:colcon.colcon_core.shell:Creating environment hook '/home/bninaos/seabot_interfaces/install/seabot_interfaces/share/seabot_interfaces/hook/ld_library_path_lib.ps1'
[18.253s] INFO:colcon.colcon_core.shell:Creating environment descriptor '/home/bninaos/seabot_interfaces/install/seabot_interfaces/share/seabot_interfaces/hook/ld_library_path_lib.dsv'
[18.253s] INFO:colcon.colcon_core.shell:Creating environment hook '/home/bninaos/seabot_interfaces/install/seabot_interfaces/share/seabot_interfaces/hook/ld_library_path_lib.sh'
[18.253s] Level 1:colcon.colcon_core.environment:checking '/home/bninaos/seabot_interfaces/install/seabot_interfaces/bin'
[18.253s] Level 1:colcon.colcon_core.environment:checking '/home/bninaos/seabot_interfaces/install/seabot_interfaces/lib/pkgconfig/seabot_interfaces.pc'
[18.254s] Level 1:colcon.colcon_core.environment:checking '/home/bninaos/seabot_interfaces/install/seabot_interfaces/lib/python3.10/site-packages'
[18.254s] Level 1:colcon.colcon_core.environment:checking '/home/bninaos/seabot_interfaces/install/seabot_interfaces/bin'
[18.254s] INFO:colcon.colcon_core.shell:Creating package script '/home/bninaos/seabot_interfaces/install/seabot_interfaces/share/seabot_interfaces/package.ps1'
[18.255s] INFO:colcon.colcon_core.shell:Creating package descriptor '/home/bninaos/seabot_interfaces/install/seabot_interfaces/share/seabot_interfaces/package.dsv'
[18.255s] INFO:colcon.colcon_core.shell:Creating package script '/home/bninaos/seabot_interfaces/install/seabot_interfaces/share/seabot_interfaces/package.sh'
[18.255s] INFO:colcon.colcon_core.shell:Creating package script '/home/bninaos/seabot_interfaces/install/seabot_interfaces/share/seabot_interfaces/package.bash'
[18.256s] INFO:colcon.colcon_core.shell:Creating package script '/home/bninaos/seabot_interfaces/install/seabot_interfaces/share/seabot_interfaces/package.zsh'
[18.256s] Level 1:colcon.colcon_core.environment:create_file_with_runtime_dependencies(/home/bninaos/seabot_interfaces/install/seabot_interfaces/share/colcon-core/packages/seabot_interfaces)
[18.308s] Level 1:colcon.colcon_core.environment:create_environment_scripts_only(seabot_interfaces)
[18.309s] Level 1:colcon.colcon_core.environment:checking '/home/bninaos/seabot_interfaces/install/seabot_interfaces' for CMake module files
[18.309s] Level 1:colcon.colcon_core.environment:checking '/home/bninaos/seabot_interfaces/install/seabot_interfaces' for CMake config files
[18.309s] Level 1:colcon.colcon_core.shell:create_environment_hook('seabot_interfaces', 'cmake_prefix_path')
[18.309s] INFO:colcon.colcon_core.shell:Creating environment hook '/home/bninaos/seabot_interfaces/install/seabot_interfaces/share/seabot_interfaces/hook/cmake_prefix_path.ps1'
[18.310s] INFO:colcon.colcon_core.shell:Creating environment descriptor '/home/bninaos/seabot_interfaces/install/seabot_interfaces/share/seabot_interfaces/hook/cmake_prefix_path.dsv'
[18.310s] INFO:colcon.colcon_core.shell:Creating environment hook '/home/bninaos/seabot_interfaces/install/seabot_interfaces/share/seabot_interfaces/hook/cmake_prefix_path.sh'
[18.310s] Level 1:colcon.colcon_core.environment:checking '/home/bninaos/seabot_interfaces/install/seabot_interfaces/lib'
[18.310s] Level 1:colcon.colcon_core.shell:create_environment_hook('seabot_interfaces', 'ld_library_path_lib')
[18.311s] INFO:colcon.colcon_core.shell:Creating environment hook '/home/bninaos/seabot_interfaces/install/seabot_interfaces/share/seabot_interfaces/hook/ld_library_path_lib.ps1'
[18.311s] INFO:colcon.colcon_core.shell:Creating environment descriptor '/home/bninaos/seabot_interfaces/install/seabot_interfaces/share/seabot_interfaces/hook/ld_library_path_lib.dsv'
[18.311s] INFO:colcon.colcon_core.shell:Creating environment hook '/home/bninaos/seabot_interfaces/install/seabot_interfaces/share/seabot_interfaces/hook/ld_library_path_lib.sh'
[18.311s] Level 1:colcon.colcon_core.environment:checking '/home/bninaos/seabot_interfaces/install/seabot_interfaces/bin'
[18.311s] Level 1:colcon.colcon_core.environment:checking '/home/bninaos/seabot_interfaces/install/seabot_interfaces/lib/pkgconfig/seabot_interfaces.pc'
[18.311s] Level 1:colcon.colcon_core.environment:checking '/home/bninaos/seabot_interfaces/install/seabot_interfaces/lib/python3.10/site-packages'
[18.311s] Level 1:colcon.colcon_core.environment:checking '/home/bninaos/seabot_interfaces/install/seabot_interfaces/bin'
[18.312s] INFO:colcon.colcon_core.shell:Creating package script '/home/bninaos/seabot_interfaces/install/seabot_interfaces/share/seabot_interfaces/package.ps1'
[18.312s] INFO:colcon.colcon_core.shell:Creating package descriptor '/home/bninaos/seabot_interfaces/install/seabot_interfaces/share/seabot_interfaces/package.dsv'
[18.312s] INFO:colcon.colcon_core.shell:Creating package script '/home/bninaos/seabot_interfaces/install/seabot_interfaces/share/seabot_interfaces/package.sh'
[18.313s] INFO:colcon.colcon_core.shell:Creating package script '/home/bninaos/seabot_interfaces/install/seabot_interfaces/share/seabot_interfaces/package.bash'
[18.321s] INFO:colcon.colcon_core.shell:Creating package script '/home/bninaos/seabot_interfaces/install/seabot_interfaces/share/seabot_interfaces/package.zsh'
[18.321s] Level 1:colcon.colcon_core.environment:create_file_with_runtime_dependencies(/home/bninaos/seabot_interfaces/install/seabot_interfaces/share/colcon-core/packages/seabot_interfaces)
[18.322s] DEBUG:colcon.colcon_parallel_executor.executor.parallel:closing loop
[18.322s] DEBUG:colcon.colcon_parallel_executor.executor.parallel:loop closed
[18.322s] DEBUG:colcon.colcon_parallel_executor.executor.parallel:run_until_complete finished with '0'
[18.322s] DEBUG:colcon.colcon_core.event_reactor:joining thread
[18.325s] INFO:colcon.colcon_core.plugin_system:Skipping extension 'colcon_notification.desktop_notification.terminal_notifier': Not used on non-Darwin systems
[18.325s] INFO:colcon.colcon_core.plugin_system:Skipping extension 'colcon_notification.desktop_notification.win32': Not used on non-Windows systems
[18.325s] INFO:colcon.colcon_notification.desktop_notification:Sending desktop notification using 'notify2'
[18.334s] DEBUG:colcon.colcon_core.event_reactor:joined thread
[18.334s] INFO:colcon.colcon_core.shell:Creating prefix script '/home/bninaos/seabot_interfaces/install/local_setup.ps1'
[18.335s] INFO:colcon.colcon_core.shell:Creating prefix util module '/home/bninaos/seabot_interfaces/install/_local_setup_util_ps1.py'
[18.336s] INFO:colcon.colcon_core.shell:Creating prefix chain script '/home/bninaos/seabot_interfaces/install/setup.ps1'
[18.336s] INFO:colcon.colcon_core.shell:Creating prefix script '/home/bninaos/seabot_interfaces/install/local_setup.sh'
[18.337s] INFO:colcon.colcon_core.shell:Creating prefix util module '/home/bninaos/seabot_interfaces/install/_local_setup_util_sh.py'
[18.337s] INFO:colcon.colcon_core.shell:Creating prefix chain script '/home/bninaos/seabot_interfaces/install/setup.sh'
[18.338s] INFO:colcon.colcon_core.shell:Creating prefix script '/home/bninaos/seabot_interfaces/install/local_setup.bash'
[18.338s] INFO:colcon.colcon_core.shell:Creating prefix chain script '/home/bninaos/seabot_interfaces/install/setup.bash'
[18.338s] INFO:colcon.colcon_core.shell:Creating prefix script '/home/bninaos/seabot_interfaces/install/local_setup.zsh'
[18.339s] INFO:colcon.colcon_core.shell:Creating prefix chain script '/home/bninaos/seabot_interfaces/install/setup.zsh'
