[0.070s] DEBUG:colcon:Command line arguments: ['/usr/bin/colcon', 'build', '--packages-select', 'cpp_srvcli']
[0.070s] DEBUG:colcon:Parsed command line arguments: Namespace(log_base=None, log_level=None, verb_name='build', build_base='build', install_base='install', merge_install=False, symlink_install=False, test_result_base=None, continue_on_error=False, executor='parallel', parallel_workers=8, event_handlers=None, ignore_user_meta=False, metas=['./colcon.meta'], base_paths=['.'], packages_ignore=None, packages_ignore_regex=None, paths=None, packages_up_to=None, packages_up_to_regex=None, packages_above=None, packages_above_and_dependencies=None, packages_above_depth=None, packages_select_by_dep=None, packages_skip_by_dep=None, packages_skip_up_to=None, packages_select_build_failed=False, packages_skip_build_finished=False, packages_select_test_failures=False, packages_skip_test_passed=False, packages_select=['cpp_srvcli'], packages_skip=None, packages_select_regex=None, packages_skip_regex=None, packages_start=None, packages_end=None, allow_overriding=[], cmake_args=None, cmake_target=None, cmake_target_skip_unavailable=False, cmake_clean_cache=False, cmake_clean_first=False, cmake_force_configure=False, ament_cmake_args=None, catkin_cmake_args=None, catkin_skip_building_tests=False, mixin_files=None, mixin=None, verb_parser=<colcon_mixin.mixin.mixin_argument.MixinArgumentDecorator object at 0x7c738c530250>, verb_extension=<colcon_core.verb.build.BuildVerb object at 0x7c738c6f7790>, main=<bound method BuildVerb.main of <colcon_core.verb.build.BuildVerb object at 0x7c738c6f7790>>, mixin_verb=('build',))
[0.157s] Level 1:colcon.colcon_core.package_discovery:discover_packages(colcon_meta) check parameters
[0.157s] Level 1:colcon.colcon_core.package_discovery:discover_packages(recursive) check parameters
[0.157s] Level 1:colcon.colcon_core.package_discovery:discover_packages(ignore) check parameters
[0.157s] Level 1:colcon.colcon_core.package_discovery:discover_packages(path) check parameters
[0.157s] Level 1:colcon.colcon_core.package_discovery:discover_packages(colcon_meta) discover
[0.157s] Level 1:colcon.colcon_core.package_discovery:discover_packages(recursive) discover
[0.157s] INFO:colcon.colcon_core.package_discovery:Crawling recursively for packages in '/home/bninaos/Documents'
[0.158s] Level 1:colcon.colcon_core.package_identification:_identify(.) by extensions ['ignore', 'ignore_ament_install']
[0.158s] Level 1:colcon.colcon_core.package_identification:_identify(.) by extension 'ignore'
[0.158s] Level 1:colcon.colcon_core.package_identification:_identify(.) by extension 'ignore_ament_install'
[0.158s] Level 1:colcon.colcon_core.package_identification:_identify(.) by extensions ['colcon_pkg']
[0.158s] Level 1:colcon.colcon_core.package_identification:_identify(.) by extension 'colcon_pkg'
[0.158s] Level 1:colcon.colcon_core.package_identification:_identify(.) by extensions ['colcon_meta']
[0.158s] Level 1:colcon.colcon_core.package_identification:_identify(.) by extension 'colcon_meta'
[0.158s] Level 1:colcon.colcon_core.package_identification:_identify(.) by extensions ['ros']
[0.158s] Level 1:colcon.colcon_core.package_identification:_identify(.) by extension 'ros'
[0.165s] Level 1:colcon.colcon_core.package_identification:_identify(.) by extensions ['cmake', 'python']
[0.165s] Level 1:colcon.colcon_core.package_identification:_identify(.) by extension 'cmake'
[0.165s] Level 1:colcon.colcon_core.package_identification:_identify(.) by extension 'python'
[0.165s] Level 1:colcon.colcon_core.package_identification:_identify(.) by extensions ['python_setup_py']
[0.165s] Level 1:colcon.colcon_core.package_identification:_identify(.) by extension 'python_setup_py'
[0.166s] Level 1:colcon.colcon_core.package_identification:_identify(build) by extensions ['ignore', 'ignore_ament_install']
[0.166s] Level 1:colcon.colcon_core.package_identification:_identify(build) by extension 'ignore'
[0.166s] Level 1:colcon.colcon_core.package_identification:_identify(build) ignored
[0.166s] Level 1:colcon.colcon_core.package_identification:_identify(install) by extensions ['ignore', 'ignore_ament_install']
[0.166s] Level 1:colcon.colcon_core.package_identification:_identify(install) by extension 'ignore'
[0.166s] Level 1:colcon.colcon_core.package_identification:_identify(install) ignored
[0.166s] Level 1:colcon.colcon_core.package_identification:_identify(log) by extensions ['ignore', 'ignore_ament_install']
[0.166s] Level 1:colcon.colcon_core.package_identification:_identify(log) by extension 'ignore'
[0.166s] Level 1:colcon.colcon_core.package_identification:_identify(log) ignored
[0.166s] Level 1:colcon.colcon_core.package_identification:_identify(ros2_ws) by extensions ['ignore', 'ignore_ament_install']
[0.166s] Level 1:colcon.colcon_core.package_identification:_identify(ros2_ws) by extension 'ignore'
[0.166s] Level 1:colcon.colcon_core.package_identification:_identify(ros2_ws) by extension 'ignore_ament_install'
[0.166s] Level 1:colcon.colcon_core.package_identification:_identify(ros2_ws) by extensions ['colcon_pkg']
[0.166s] Level 1:colcon.colcon_core.package_identification:_identify(ros2_ws) by extension 'colcon_pkg'
[0.166s] Level 1:colcon.colcon_core.package_identification:_identify(ros2_ws) by extensions ['colcon_meta']
[0.166s] Level 1:colcon.colcon_core.package_identification:_identify(ros2_ws) by extension 'colcon_meta'
[0.166s] Level 1:colcon.colcon_core.package_identification:_identify(ros2_ws) by extensions ['ros']
[0.166s] Level 1:colcon.colcon_core.package_identification:_identify(ros2_ws) by extension 'ros'
[0.166s] Level 1:colcon.colcon_core.package_identification:_identify(ros2_ws) by extensions ['cmake', 'python']
[0.166s] Level 1:colcon.colcon_core.package_identification:_identify(ros2_ws) by extension 'cmake'
[0.166s] Level 1:colcon.colcon_core.package_identification:_identify(ros2_ws) by extension 'python'
[0.166s] Level 1:colcon.colcon_core.package_identification:_identify(ros2_ws) by extensions ['python_setup_py']
[0.166s] Level 1:colcon.colcon_core.package_identification:_identify(ros2_ws) by extension 'python_setup_py'
[0.166s] Level 1:colcon.colcon_core.package_identification:_identify(ros2_ws/build) by extensions ['ignore', 'ignore_ament_install']
[0.166s] Level 1:colcon.colcon_core.package_identification:_identify(ros2_ws/build) by extension 'ignore'
[0.166s] Level 1:colcon.colcon_core.package_identification:_identify(ros2_ws/build) ignored
[0.167s] Level 1:colcon.colcon_core.package_identification:_identify(ros2_ws/install) by extensions ['ignore', 'ignore_ament_install']
[0.167s] Level 1:colcon.colcon_core.package_identification:_identify(ros2_ws/install) by extension 'ignore'
[0.167s] Level 1:colcon.colcon_core.package_identification:_identify(ros2_ws/install) ignored
[0.167s] Level 1:colcon.colcon_core.package_identification:_identify(ros2_ws/log) by extensions ['ignore', 'ignore_ament_install']
[0.167s] Level 1:colcon.colcon_core.package_identification:_identify(ros2_ws/log) by extension 'ignore'
[0.167s] Level 1:colcon.colcon_core.package_identification:_identify(ros2_ws/log) ignored
[0.167s] Level 1:colcon.colcon_core.package_identification:_identify(ros2_ws/src) by extensions ['ignore', 'ignore_ament_install']
[0.167s] Level 1:colcon.colcon_core.package_identification:_identify(ros2_ws/src) by extension 'ignore'
[0.167s] Level 1:colcon.colcon_core.package_identification:_identify(ros2_ws/src) by extension 'ignore_ament_install'
[0.167s] Level 1:colcon.colcon_core.package_identification:_identify(ros2_ws/src) by extensions ['colcon_pkg']
[0.167s] Level 1:colcon.colcon_core.package_identification:_identify(ros2_ws/src) by extension 'colcon_pkg'
[0.167s] Level 1:colcon.colcon_core.package_identification:_identify(ros2_ws/src) by extensions ['colcon_meta']
[0.167s] Level 1:colcon.colcon_core.package_identification:_identify(ros2_ws/src) by extension 'colcon_meta'
[0.167s] Level 1:colcon.colcon_core.package_identification:_identify(ros2_ws/src) by extensions ['ros']
[0.167s] Level 1:colcon.colcon_core.package_identification:_identify(ros2_ws/src) by extension 'ros'
[0.167s] Level 1:colcon.colcon_core.package_identification:_identify(ros2_ws/src) by extensions ['cmake', 'python']
[0.167s] Level 1:colcon.colcon_core.package_identification:_identify(ros2_ws/src) by extension 'cmake'
[0.167s] Level 1:colcon.colcon_core.package_identification:_identify(ros2_ws/src) by extension 'python'
[0.167s] Level 1:colcon.colcon_core.package_identification:_identify(ros2_ws/src) by extensions ['python_setup_py']
[0.167s] Level 1:colcon.colcon_core.package_identification:_identify(ros2_ws/src) by extension 'python_setup_py'
[0.167s] Level 1:colcon.colcon_core.package_identification:_identify(ros2_ws/src/cpp_pubsub) by extensions ['ignore', 'ignore_ament_install']
[0.167s] Level 1:colcon.colcon_core.package_identification:_identify(ros2_ws/src/cpp_pubsub) by extension 'ignore'
[0.167s] Level 1:colcon.colcon_core.package_identification:_identify(ros2_ws/src/cpp_pubsub) by extension 'ignore_ament_install'
[0.167s] Level 1:colcon.colcon_core.package_identification:_identify(ros2_ws/src/cpp_pubsub) by extensions ['colcon_pkg']
[0.167s] Level 1:colcon.colcon_core.package_identification:_identify(ros2_ws/src/cpp_pubsub) by extension 'colcon_pkg'
[0.167s] Level 1:colcon.colcon_core.package_identification:_identify(ros2_ws/src/cpp_pubsub) by extensions ['colcon_meta']
[0.167s] Level 1:colcon.colcon_core.package_identification:_identify(ros2_ws/src/cpp_pubsub) by extension 'colcon_meta'
[0.167s] Level 1:colcon.colcon_core.package_identification:_identify(ros2_ws/src/cpp_pubsub) by extensions ['ros']
[0.167s] Level 1:colcon.colcon_core.package_identification:_identify(ros2_ws/src/cpp_pubsub) by extension 'ros'
[0.169s] DEBUG:colcon.colcon_core.package_identification:Package 'ros2_ws/src/cpp_pubsub' with type 'ros.ament_cmake' and name 'cpp_pubsub'
[0.169s] Level 1:colcon.colcon_core.package_identification:_identify(ros2_ws/src/cpp_srvcli) by extensions ['ignore', 'ignore_ament_install']
[0.169s] Level 1:colcon.colcon_core.package_identification:_identify(ros2_ws/src/cpp_srvcli) by extension 'ignore'
[0.169s] Level 1:colcon.colcon_core.package_identification:_identify(ros2_ws/src/cpp_srvcli) by extension 'ignore_ament_install'
[0.169s] Level 1:colcon.colcon_core.package_identification:_identify(ros2_ws/src/cpp_srvcli) by extensions ['colcon_pkg']
[0.169s] Level 1:colcon.colcon_core.package_identification:_identify(ros2_ws/src/cpp_srvcli) by extension 'colcon_pkg'
[0.169s] Level 1:colcon.colcon_core.package_identification:_identify(ros2_ws/src/cpp_srvcli) by extensions ['colcon_meta']
[0.169s] Level 1:colcon.colcon_core.package_identification:_identify(ros2_ws/src/cpp_srvcli) by extension 'colcon_meta'
[0.169s] Level 1:colcon.colcon_core.package_identification:_identify(ros2_ws/src/cpp_srvcli) by extensions ['ros']
[0.169s] Level 1:colcon.colcon_core.package_identification:_identify(ros2_ws/src/cpp_srvcli) by extension 'ros'
[0.170s] DEBUG:colcon.colcon_core.package_identification:Package 'ros2_ws/src/cpp_srvcli' with type 'ros.ament_cmake' and name 'cpp_srvcli'
[0.170s] Level 1:colcon.colcon_core.package_identification:_identify(ros2_ws/src/seabot_interfaces) by extensions ['ignore', 'ignore_ament_install']
[0.170s] Level 1:colcon.colcon_core.package_identification:_identify(ros2_ws/src/seabot_interfaces) by extension 'ignore'
[0.170s] Level 1:colcon.colcon_core.package_identification:_identify(ros2_ws/src/seabot_interfaces) by extension 'ignore_ament_install'
[0.170s] Level 1:colcon.colcon_core.package_identification:_identify(ros2_ws/src/seabot_interfaces) by extensions ['colcon_pkg']
[0.170s] Level 1:colcon.colcon_core.package_identification:_identify(ros2_ws/src/seabot_interfaces) by extension 'colcon_pkg'
[0.170s] Level 1:colcon.colcon_core.package_identification:_identify(ros2_ws/src/seabot_interfaces) by extensions ['colcon_meta']
[0.170s] Level 1:colcon.colcon_core.package_identification:_identify(ros2_ws/src/seabot_interfaces) by extension 'colcon_meta'
[0.170s] Level 1:colcon.colcon_core.package_identification:_identify(ros2_ws/src/seabot_interfaces) by extensions ['ros']
[0.170s] Level 1:colcon.colcon_core.package_identification:_identify(ros2_ws/src/seabot_interfaces) by extension 'ros'
[0.170s] DEBUG:colcon.colcon_core.package_identification:Package 'ros2_ws/src/seabot_interfaces' with type 'ros.ament_cmake' and name 'seabot_interfaces'
[0.170s] Level 1:colcon.colcon_core.package_discovery:discover_packages(recursive) using defaults
[0.171s] Level 1:colcon.colcon_core.package_discovery:discover_packages(ignore) discover
[0.171s] Level 1:colcon.colcon_core.package_discovery:discover_packages(ignore) using defaults
[0.171s] Level 1:colcon.colcon_core.package_discovery:discover_packages(path) discover
[0.171s] Level 1:colcon.colcon_core.package_discovery:discover_packages(path) using defaults
[0.185s] INFO:colcon.colcon_core.package_selection:Skipping not selected package 'seabot_interfaces' in 'ros2_ws/src/seabot_interfaces'
[0.185s] INFO:colcon.colcon_core.package_selection:Skipping not selected package 'cpp_pubsub' in 'ros2_ws/src/cpp_pubsub'
[0.185s] Level 1:colcon.colcon_core.package_discovery:discover_packages(prefix_path) check parameters
[0.185s] Level 1:colcon.colcon_core.package_discovery:discover_packages(prefix_path) discover
[0.187s] DEBUG:colcon.colcon_installed_package_information.package_discovery:Found 4 installed packages in /home/bninaos/Documents/ros2_ws/install
[0.187s] DEBUG:colcon.colcon_installed_package_information.package_discovery:Found 3 installed packages in /home/bninaos/microros/install
[0.187s] DEBUG:colcon.colcon_installed_package_information.package_discovery:Found 180 installed packages in /opt/ros/humble
[0.188s] Level 1:colcon.colcon_core.package_discovery:discover_packages(prefix_path) using defaults
[0.203s] Level 5:colcon.colcon_core.verb:set package 'cpp_srvcli' build argument 'cmake_args' from command line to 'None'
[0.204s] Level 5:colcon.colcon_core.verb:set package 'cpp_srvcli' build argument 'cmake_target' from command line to 'None'
[0.204s] Level 5:colcon.colcon_core.verb:set package 'cpp_srvcli' build argument 'cmake_target_skip_unavailable' from command line to 'False'
[0.204s] Level 5:colcon.colcon_core.verb:set package 'cpp_srvcli' build argument 'cmake_clean_cache' from command line to 'False'
[0.204s] Level 5:colcon.colcon_core.verb:set package 'cpp_srvcli' build argument 'cmake_clean_first' from command line to 'False'
[0.204s] Level 5:colcon.colcon_core.verb:set package 'cpp_srvcli' build argument 'cmake_force_configure' from command line to 'False'
[0.204s] Level 5:colcon.colcon_core.verb:set package 'cpp_srvcli' build argument 'ament_cmake_args' from command line to 'None'
[0.204s] Level 5:colcon.colcon_core.verb:set package 'cpp_srvcli' build argument 'catkin_cmake_args' from command line to 'None'
[0.204s] Level 5:colcon.colcon_core.verb:set package 'cpp_srvcli' build argument 'catkin_skip_building_tests' from command line to 'False'
[0.204s] DEBUG:colcon.colcon_core.verb:Building package 'cpp_srvcli' with the following arguments: {'ament_cmake_args': None, 'build_base': '/home/bninaos/Documents/build/cpp_srvcli', 'catkin_cmake_args': None, 'catkin_skip_building_tests': False, 'cmake_args': None, 'cmake_clean_cache': False, 'cmake_clean_first': False, 'cmake_force_configure': False, 'cmake_target': None, 'cmake_target_skip_unavailable': False, 'install_base': '/home/bninaos/Documents/install/cpp_srvcli', 'merge_install': False, 'path': '/home/bninaos/Documents/ros2_ws/src/cpp_srvcli', 'symlink_install': False, 'test_result_base': None}
[0.204s] INFO:colcon.colcon_core.executor:Executing jobs using 'parallel' executor
[0.205s] DEBUG:colcon.colcon_parallel_executor.executor.parallel:run_until_complete
[0.205s] INFO:colcon.colcon_ros.task.ament_cmake.build:Building ROS package in '/home/bninaos/Documents/ros2_ws/src/cpp_srvcli' with build type 'ament_cmake'
[0.205s] INFO:colcon.colcon_cmake.task.cmake.build:Building CMake package in '/home/bninaos/Documents/ros2_ws/src/cpp_srvcli'
[0.206s] INFO:colcon.colcon_core.plugin_system:Skipping extension 'colcon_core.shell.bat': Not used on non-Windows systems
[0.206s] INFO:colcon.colcon_core.shell:Skip shell extension 'powershell' for command environment: Not usable outside of PowerShell
[0.206s] DEBUG:colcon.colcon_core.shell:Skip shell extension 'dsv' for command environment
[0.247s] DEBUG:colcon.colcon_core.event_handler.log_command:Invoking command in '/home/bninaos/Documents/build/cpp_srvcli': AMENT_PREFIX_PATH=/home/bninaos/Documents/install/seabot_interfaces:${AMENT_PREFIX_PATH} CMAKE_PREFIX_PATH=/home/bninaos/Documents/install/seabot_interfaces:/home/bninaos/microros/install/micro_ros_setup:/home/bninaos/microros/install/micro_ros_agent:/home/bninaos/microros/install/micro_ros_msgs:/home/bninaos/Documents/ros2_ws/install/cpp_srvcli:/home/bninaos/Documents/ros2_ws/install/cpp_pubsub:/home/bninaos/Documents/ros2_ws/install/seabot_interfaces:/opt/ros/humble LD_LIBRARY_PATH=/home/bninaos/Documents/install/seabot_interfaces/lib:${LD_LIBRARY_PATH} PYTHONPATH=/home/bninaos/Documents/install/seabot_interfaces/local/lib/python3.10/dist-packages:${PYTHONPATH} /usr/bin/cmake --build /home/bninaos/Documents/build/cpp_srvcli -- -j8 -l8
[0.354s] DEBUG:colcon.colcon_core.event_handler.log_command:Invoked command in '/home/bninaos/Documents/build/cpp_srvcli' returned '0': AMENT_PREFIX_PATH=/home/bninaos/Documents/install/seabot_interfaces:${AMENT_PREFIX_PATH} CMAKE_PREFIX_PATH=/home/bninaos/Documents/install/seabot_interfaces:/home/bninaos/microros/install/micro_ros_setup:/home/bninaos/microros/install/micro_ros_agent:/home/bninaos/microros/install/micro_ros_msgs:/home/bninaos/Documents/ros2_ws/install/cpp_srvcli:/home/bninaos/Documents/ros2_ws/install/cpp_pubsub:/home/bninaos/Documents/ros2_ws/install/seabot_interfaces:/opt/ros/humble LD_LIBRARY_PATH=/home/bninaos/Documents/install/seabot_interfaces/lib:${LD_LIBRARY_PATH} PYTHONPATH=/home/bninaos/Documents/install/seabot_interfaces/local/lib/python3.10/dist-packages:${PYTHONPATH} /usr/bin/cmake --build /home/bninaos/Documents/build/cpp_srvcli -- -j8 -l8
[0.388s] DEBUG:colcon.colcon_core.event_handler.log_command:Invoking command in '/home/bninaos/Documents/build/cpp_srvcli': AMENT_PREFIX_PATH=/home/bninaos/Documents/install/seabot_interfaces:${AMENT_PREFIX_PATH} CMAKE_PREFIX_PATH=/home/bninaos/Documents/install/seabot_interfaces:/home/bninaos/microros/install/micro_ros_setup:/home/bninaos/microros/install/micro_ros_agent:/home/bninaos/microros/install/micro_ros_msgs:/home/bninaos/Documents/ros2_ws/install/cpp_srvcli:/home/bninaos/Documents/ros2_ws/install/cpp_pubsub:/home/bninaos/Documents/ros2_ws/install/seabot_interfaces:/opt/ros/humble LD_LIBRARY_PATH=/home/bninaos/Documents/install/seabot_interfaces/lib:${LD_LIBRARY_PATH} PYTHONPATH=/home/bninaos/Documents/install/seabot_interfaces/local/lib/python3.10/dist-packages:${PYTHONPATH} /usr/bin/cmake --install /home/bninaos/Documents/build/cpp_srvcli
[0.397s] Level 1:colcon.colcon_core.environment:create_environment_scripts_only(cpp_srvcli)
[0.398s] DEBUG:colcon.colcon_core.event_handler.log_command:Invoked command in '/home/bninaos/Documents/build/cpp_srvcli' returned '0': AMENT_PREFIX_PATH=/home/bninaos/Documents/install/seabot_interfaces:${AMENT_PREFIX_PATH} CMAKE_PREFIX_PATH=/home/bninaos/Documents/install/seabot_interfaces:/home/bninaos/microros/install/micro_ros_setup:/home/bninaos/microros/install/micro_ros_agent:/home/bninaos/microros/install/micro_ros_msgs:/home/bninaos/Documents/ros2_ws/install/cpp_srvcli:/home/bninaos/Documents/ros2_ws/install/cpp_pubsub:/home/bninaos/Documents/ros2_ws/install/seabot_interfaces:/opt/ros/humble LD_LIBRARY_PATH=/home/bninaos/Documents/install/seabot_interfaces/lib:${LD_LIBRARY_PATH} PYTHONPATH=/home/bninaos/Documents/install/seabot_interfaces/local/lib/python3.10/dist-packages:${PYTHONPATH} /usr/bin/cmake --install /home/bninaos/Documents/build/cpp_srvcli
[0.399s] Level 1:colcon.colcon_core.environment:checking '/home/bninaos/Documents/install/cpp_srvcli' for CMake module files
[0.400s] Level 1:colcon.colcon_core.environment:checking '/home/bninaos/Documents/install/cpp_srvcli' for CMake config files
[0.400s] Level 1:colcon.colcon_core.shell:create_environment_hook('cpp_srvcli', 'cmake_prefix_path')
[0.400s] INFO:colcon.colcon_core.shell:Creating environment hook '/home/bninaos/Documents/install/cpp_srvcli/share/cpp_srvcli/hook/cmake_prefix_path.ps1'
[0.401s] INFO:colcon.colcon_core.shell:Creating environment descriptor '/home/bninaos/Documents/install/cpp_srvcli/share/cpp_srvcli/hook/cmake_prefix_path.dsv'
[0.402s] INFO:colcon.colcon_core.shell:Creating environment hook '/home/bninaos/Documents/install/cpp_srvcli/share/cpp_srvcli/hook/cmake_prefix_path.sh'
[0.403s] Level 1:colcon.colcon_core.environment:checking '/home/bninaos/Documents/install/cpp_srvcli/lib'
[0.403s] Level 1:colcon.colcon_core.environment:checking '/home/bninaos/Documents/install/cpp_srvcli/bin'
[0.403s] Level 1:colcon.colcon_core.environment:checking '/home/bninaos/Documents/install/cpp_srvcli/lib/pkgconfig/cpp_srvcli.pc'
[0.403s] Level 1:colcon.colcon_core.environment:checking '/home/bninaos/Documents/install/cpp_srvcli/lib/python3.10/site-packages'
[0.403s] Level 1:colcon.colcon_core.environment:checking '/home/bninaos/Documents/install/cpp_srvcli/bin'
[0.404s] INFO:colcon.colcon_core.shell:Creating package script '/home/bninaos/Documents/install/cpp_srvcli/share/cpp_srvcli/package.ps1'
[0.404s] INFO:colcon.colcon_core.shell:Creating package descriptor '/home/bninaos/Documents/install/cpp_srvcli/share/cpp_srvcli/package.dsv'
[0.405s] INFO:colcon.colcon_core.shell:Creating package script '/home/bninaos/Documents/install/cpp_srvcli/share/cpp_srvcli/package.sh'
[0.406s] INFO:colcon.colcon_core.shell:Creating package script '/home/bninaos/Documents/install/cpp_srvcli/share/cpp_srvcli/package.bash'
[0.407s] INFO:colcon.colcon_core.shell:Creating package script '/home/bninaos/Documents/install/cpp_srvcli/share/cpp_srvcli/package.zsh'
[0.407s] Level 1:colcon.colcon_core.environment:create_file_with_runtime_dependencies(/home/bninaos/Documents/install/cpp_srvcli/share/colcon-core/packages/cpp_srvcli)
[0.442s] Level 1:colcon.colcon_core.environment:create_environment_scripts_only(cpp_srvcli)
[0.442s] Level 1:colcon.colcon_core.environment:checking '/home/bninaos/Documents/install/cpp_srvcli' for CMake module files
[0.443s] Level 1:colcon.colcon_core.environment:checking '/home/bninaos/Documents/install/cpp_srvcli' for CMake config files
[0.443s] Level 1:colcon.colcon_core.shell:create_environment_hook('cpp_srvcli', 'cmake_prefix_path')
[0.443s] INFO:colcon.colcon_core.shell:Creating environment hook '/home/bninaos/Documents/install/cpp_srvcli/share/cpp_srvcli/hook/cmake_prefix_path.ps1'
[0.444s] INFO:colcon.colcon_core.shell:Creating environment descriptor '/home/bninaos/Documents/install/cpp_srvcli/share/cpp_srvcli/hook/cmake_prefix_path.dsv'
[0.444s] INFO:colcon.colcon_core.shell:Creating environment hook '/home/bninaos/Documents/install/cpp_srvcli/share/cpp_srvcli/hook/cmake_prefix_path.sh'
[0.445s] Level 1:colcon.colcon_core.environment:checking '/home/bninaos/Documents/install/cpp_srvcli/lib'
[0.445s] Level 1:colcon.colcon_core.environment:checking '/home/bninaos/Documents/install/cpp_srvcli/bin'
[0.445s] Level 1:colcon.colcon_core.environment:checking '/home/bninaos/Documents/install/cpp_srvcli/lib/pkgconfig/cpp_srvcli.pc'
[0.445s] Level 1:colcon.colcon_core.environment:checking '/home/bninaos/Documents/install/cpp_srvcli/lib/python3.10/site-packages'
[0.445s] Level 1:colcon.colcon_core.environment:checking '/home/bninaos/Documents/install/cpp_srvcli/bin'
[0.445s] INFO:colcon.colcon_core.shell:Creating package script '/home/bninaos/Documents/install/cpp_srvcli/share/cpp_srvcli/package.ps1'
[0.446s] INFO:colcon.colcon_core.shell:Creating package descriptor '/home/bninaos/Documents/install/cpp_srvcli/share/cpp_srvcli/package.dsv'
[0.446s] INFO:colcon.colcon_core.shell:Creating package script '/home/bninaos/Documents/install/cpp_srvcli/share/cpp_srvcli/package.sh'
[0.447s] INFO:colcon.colcon_core.shell:Creating package script '/home/bninaos/Documents/install/cpp_srvcli/share/cpp_srvcli/package.bash'
[0.447s] INFO:colcon.colcon_core.shell:Creating package script '/home/bninaos/Documents/install/cpp_srvcli/share/cpp_srvcli/package.zsh'
[0.447s] Level 1:colcon.colcon_core.environment:create_file_with_runtime_dependencies(/home/bninaos/Documents/install/cpp_srvcli/share/colcon-core/packages/cpp_srvcli)
[0.448s] DEBUG:colcon.colcon_parallel_executor.executor.parallel:closing loop
[0.448s] DEBUG:colcon.colcon_parallel_executor.executor.parallel:loop closed
[0.448s] DEBUG:colcon.colcon_parallel_executor.executor.parallel:run_until_complete finished with '0'
[0.448s] DEBUG:colcon.colcon_core.event_reactor:joining thread
[0.460s] INFO:colcon.colcon_core.plugin_system:Skipping extension 'colcon_notification.desktop_notification.terminal_notifier': Not used on non-Darwin systems
[0.461s] INFO:colcon.colcon_core.plugin_system:Skipping extension 'colcon_notification.desktop_notification.win32': Not used on non-Windows systems
[0.461s] INFO:colcon.colcon_notification.desktop_notification:Sending desktop notification using 'notify2'
[0.470s] DEBUG:colcon.colcon_core.event_reactor:joined thread
[0.470s] INFO:colcon.colcon_core.shell:Creating prefix script '/home/bninaos/Documents/install/local_setup.ps1'
[0.471s] INFO:colcon.colcon_core.shell:Creating prefix util module '/home/bninaos/Documents/install/_local_setup_util_ps1.py'
[0.472s] INFO:colcon.colcon_core.shell:Creating prefix chain script '/home/bninaos/Documents/install/setup.ps1'
[0.473s] INFO:colcon.colcon_core.shell:Creating prefix script '/home/bninaos/Documents/install/local_setup.sh'
[0.473s] INFO:colcon.colcon_core.shell:Creating prefix util module '/home/bninaos/Documents/install/_local_setup_util_sh.py'
[0.473s] INFO:colcon.colcon_core.shell:Creating prefix chain script '/home/bninaos/Documents/install/setup.sh'
[0.474s] INFO:colcon.colcon_core.shell:Creating prefix script '/home/bninaos/Documents/install/local_setup.bash'
[0.480s] INFO:colcon.colcon_core.shell:Creating prefix chain script '/home/bninaos/Documents/install/setup.bash'
[0.482s] INFO:colcon.colcon_core.shell:Creating prefix script '/home/bninaos/Documents/install/local_setup.zsh'
[0.482s] INFO:colcon.colcon_core.shell:Creating prefix chain script '/home/bninaos/Documents/install/setup.zsh'
