[0.073s] Invoking command in '/home/bninaos/Documents/build/seabot_interfaces': CMAKE_PREFIX_PATH=${CMAKE_PREFIX_PATH}:/opt/ros/humble /usr/bin/cmake /home/bninaos/Documents/ros2_ws/src/seabot_interfaces -DCMAKE_INSTALL_PREFIX=/home/bninaos/Documents/install/seabot_interfaces
[1.363s] -- The C compiler identification is GNU 11.4.0
[2.462s] -- The CXX compiler identification is GNU 11.4.0
[2.488s] -- Detecting C compiler ABI info
[2.716s] -- Detecting C compiler ABI info - done
[2.733s] -- Check for working C compiler: /usr/bin/cc - skipped
[2.734s] -- Detecting C compile features
[2.749s] -- Detecting C compile features - done
[2.756s] -- Detecting CXX compiler ABI info
[2.926s] -- Detecting CXX compiler ABI info - done
[2.934s] -- Check for working CXX compiler: /usr/bin/c++ - skipped
[2.934s] -- Detecting CXX compile features
[2.934s] -- Detecting CXX compile features - done
[3.048s] -- Found ament_cmake: 1.3.10 (/opt/ros/humble/share/ament_cmake/cmake)
[3.544s] -- Found Python3: /usr/bin/python3 (found version "3.10.12") found components: Interpreter 
[4.065s] -- Found ament_lint_auto: 0.12.11 (/opt/ros/humble/share/ament_lint_auto/cmake)
[4.304s] -- Found rosidl_default_generators: 1.2.0 (/opt/ros/humble/share/rosidl_default_generators/cmake)
[4.319s] -- Using all available rosidl_typesupport_c: rosidl_typesupport_fastrtps_c;rosidl_typesupport_introspection_c
[4.348s] -- Found rosidl_adapter: 3.1.5 (/opt/ros/humble/share/rosidl_adapter/cmake)
[4.521s] -- Using all available rosidl_typesupport_cpp: rosidl_typesupport_fastrtps_cpp;rosidl_typesupport_introspection_cpp
[5.146s] -- Found ament_cmake_ros: 0.10.0 (/opt/ros/humble/share/ament_cmake_ros/cmake)
[5.403s] -- Using all available rosidl_typesupport_c: rosidl_typesupport_fastrtps_c;rosidl_typesupport_introspection_c
[5.816s] -- Using all available rosidl_typesupport_cpp: rosidl_typesupport_fastrtps_cpp;rosidl_typesupport_introspection_cpp
[5.852s] -- Found PythonInterp: /usr/bin/python3 (found suitable version "3.10.12", minimum required is "3.6") 
[5.854s] -- Found python_cmake_module: 0.10.0 (/opt/ros/humble/share/python_cmake_module/cmake)
[5.924s] -- Found PythonLibs: /usr/lib/x86_64-linux-gnu/libpython3.10.so (found suitable version "3.10.12", minimum required is "3.5") 
[5.924s] -- Using PYTHON_EXECUTABLE: /usr/bin/python3
[5.925s] -- Using PYTHON_INCLUDE_DIRS: /usr/include/python3.10
[5.925s] -- Using PYTHON_LIBRARIES: /usr/lib/x86_64-linux-gnu/libpython3.10.so
[5.960s] -- Found PythonExtra: .so  
[6.069s] -- Added test 'cppcheck' to perform static code analysis on C / C++ code
[6.069s] -- Configured cppcheck include dirs: 
[6.070s] -- Configured cppcheck exclude dirs and/or files: 
[6.073s] -- Added test 'flake8' to check Python code syntax and style conventions
[6.081s] -- Added test 'lint_cmake' to check CMake code style
[6.085s] -- Added test 'pep257' to check Python code against some of the docstring style conventions in PEP 257
[6.112s] -- Added test 'uncrustify' to check C / C++ code style
[6.112s] -- Configured uncrustify additional arguments: 
[6.116s] -- Added test 'xmllint' to check XML markup files
[6.122s] -- Configuring done
[6.152s] -- Generating done
[6.156s] -- Build files have been written to: /home/bninaos/Documents/build/seabot_interfaces
[6.167s] Invoked command in '/home/bninaos/Documents/build/seabot_interfaces' returned '0': CMAKE_PREFIX_PATH=${CMAKE_PREFIX_PATH}:/opt/ros/humble /usr/bin/cmake /home/bninaos/Documents/ros2_ws/src/seabot_interfaces -DCMAKE_INSTALL_PREFIX=/home/bninaos/Documents/install/seabot_interfaces
[6.172s] Invoking command in '/home/bninaos/Documents/build/seabot_interfaces': CMAKE_PREFIX_PATH=${CMAKE_PREFIX_PATH}:/opt/ros/humble /usr/bin/cmake --build /home/bninaos/Documents/build/seabot_interfaces -- -j8 -l8
[6.245s] [  2%] [34m[1mGenerating C code for ROS interfaces[0m
[6.260s] [  4%] [34m[1mGenerating C++ code for ROS interfaces[0m
[6.280s] [  4%] Built target ament_cmake_python_copy_seabot_interfaces
[6.524s] running egg_info
[6.524s] creating seabot_interfaces.egg-info
[6.525s] writing seabot_interfaces.egg-info/PKG-INFO
[6.525s] writing dependency_links to seabot_interfaces.egg-info/dependency_links.txt
[6.525s] writing top-level names to seabot_interfaces.egg-info/top_level.txt
[6.525s] writing manifest file 'seabot_interfaces.egg-info/SOURCES.txt'
[6.549s] reading manifest file 'seabot_interfaces.egg-info/SOURCES.txt'
[6.550s] writing manifest file 'seabot_interfaces.egg-info/SOURCES.txt'
[6.581s] [  4%] Built target ament_cmake_python_build_seabot_interfaces_egg
[6.782s] [  6%] [32mBuilding C object CMakeFiles/seabot_interfaces__rosidl_generator_c.dir/rosidl_generator_c/seabot_interfaces/msg/detail/feedback__functions.c.o[0m
[6.783s] [  8%] [32mBuilding C object CMakeFiles/seabot_interfaces__rosidl_generator_c.dir/rosidl_generator_c/seabot_interfaces/msg/detail/sensor_data__functions.c.o[0m
[6.783s] [ 10%] [32mBuilding C object CMakeFiles/seabot_interfaces__rosidl_generator_c.dir/rosidl_generator_c/seabot_interfaces/srv/detail/service__functions.c.o[0m
[6.787s] [ 10%] Built target seabot_interfaces__cpp
[6.796s] [ 14%] [34m[1mGenerating C++ type support dispatch for ROS interfaces[0m
[6.797s] [ 14%] [34m[1mGenerating C++ introspection for ROS interfaces[0m
[6.797s] [ 17%] [34m[1mGenerating C++ type support for eProsima Fast-RTPS[0m
[7.070s] [ 19%] [32m[1mLinking C shared library libseabot_interfaces__rosidl_generator_c.so[0m
[7.102s] [ 23%] [32mBuilding CXX object CMakeFiles/seabot_interfaces__rosidl_typesupport_cpp.dir/rosidl_typesupport_cpp/seabot_interfaces/msg/sensor_data__type_support.cpp.o[0m
[7.102s] [ 23%] [32mBuilding CXX object CMakeFiles/seabot_interfaces__rosidl_typesupport_cpp.dir/rosidl_typesupport_cpp/seabot_interfaces/msg/feedback__type_support.cpp.o[0m
[7.102s] [ 25%] [32mBuilding CXX object CMakeFiles/seabot_interfaces__rosidl_typesupport_cpp.dir/rosidl_typesupport_cpp/seabot_interfaces/srv/service__type_support.cpp.o[0m
[7.144s] [ 25%] Built target seabot_interfaces__rosidl_generator_c
[7.159s] [ 27%] [34m[1mGenerating C introspection for ROS interfaces[0m
[7.160s] [ 29%] [34m[1mGenerating C type support for eProsima Fast-RTPS[0m
[7.160s] [ 31%] [34m[1mGenerating C type support dispatch for ROS interfaces[0m
[7.305s] [ 34%] [32mBuilding CXX object CMakeFiles/seabot_interfaces__rosidl_typesupport_introspection_cpp.dir/rosidl_typesupport_introspection_cpp/seabot_interfaces/msg/detail/feedback__type_support.cpp.o[0m
[7.331s] [ 36%] [32mBuilding CXX object CMakeFiles/seabot_interfaces__rosidl_typesupport_fastrtps_cpp.dir/rosidl_typesupport_fastrtps_cpp/seabot_interfaces/msg/detail/dds_fastrtps/feedback__type_support.cpp.o[0m
[7.528s] [ 38%] [32mBuilding CXX object CMakeFiles/seabot_interfaces__rosidl_typesupport_c.dir/rosidl_typesupport_c/seabot_interfaces/msg/feedback__type_support.cpp.o[0m
[7.644s] [ 40%] [32mBuilding C object CMakeFiles/seabot_interfaces__rosidl_typesupport_introspection_c.dir/rosidl_typesupport_introspection_c/seabot_interfaces/msg/detail/feedback__type_support.c.o[0m
[7.664s] [ 42%] [32mBuilding CXX object CMakeFiles/seabot_interfaces__rosidl_typesupport_fastrtps_c.dir/rosidl_typesupport_fastrtps_c/seabot_interfaces/msg/detail/feedback__type_support_c.cpp.o[0m
[7.727s] [ 44%] [32mBuilding CXX object CMakeFiles/seabot_interfaces__rosidl_typesupport_c.dir/rosidl_typesupport_c/seabot_interfaces/msg/sensor_data__type_support.cpp.o[0m
[7.732s] [ 46%] [32mBuilding C object CMakeFiles/seabot_interfaces__rosidl_typesupport_introspection_c.dir/rosidl_typesupport_introspection_c/seabot_interfaces/msg/detail/sensor_data__type_support.c.o[0m
[7.779s] [ 48%] [32mBuilding CXX object CMakeFiles/seabot_interfaces__rosidl_typesupport_c.dir/rosidl_typesupport_c/seabot_interfaces/srv/service__type_support.cpp.o[0m
[7.797s] [ 51%] [32mBuilding C object CMakeFiles/seabot_interfaces__rosidl_typesupport_introspection_c.dir/rosidl_typesupport_introspection_c/seabot_interfaces/srv/detail/service__type_support.c.o[0m
[7.827s] [ 53%] [32m[1mLinking CXX shared library libseabot_interfaces__rosidl_typesupport_c.so[0m
[7.863s] [ 55%] [32m[1mLinking C shared library libseabot_interfaces__rosidl_typesupport_introspection_c.so[0m
[7.887s] [ 55%] Built target seabot_interfaces__rosidl_typesupport_c
[7.903s] [ 57%] [32mBuilding CXX object CMakeFiles/seabot_interfaces__rosidl_typesupport_introspection_cpp.dir/rosidl_typesupport_introspection_cpp/seabot_interfaces/msg/detail/sensor_data__type_support.cpp.o[0m
[7.911s] [ 57%] Built target seabot_interfaces__rosidl_typesupport_introspection_c
[7.930s] [ 59%] [32mBuilding CXX object CMakeFiles/seabot_interfaces__rosidl_typesupport_introspection_cpp.dir/rosidl_typesupport_introspection_cpp/seabot_interfaces/srv/detail/service__type_support.cpp.o[0m
[8.055s] [ 61%] [32mBuilding CXX object CMakeFiles/seabot_interfaces__rosidl_typesupport_fastrtps_c.dir/rosidl_typesupport_fastrtps_c/seabot_interfaces/msg/detail/sensor_data__type_support_c.cpp.o[0m
[8.057s] [ 63%] [32mBuilding CXX object CMakeFiles/seabot_interfaces__rosidl_typesupport_fastrtps_c.dir/rosidl_typesupport_fastrtps_c/seabot_interfaces/srv/detail/service__type_support_c.cpp.o[0m
[8.110s] [ 65%] [32m[1mLinking CXX shared library libseabot_interfaces__rosidl_typesupport_cpp.so[0m
[8.268s] [ 65%] Built target seabot_interfaces__rosidl_typesupport_cpp
[8.287s] [ 68%] [32mBuilding CXX object CMakeFiles/seabot_interfaces__rosidl_typesupport_fastrtps_cpp.dir/rosidl_typesupport_fastrtps_cpp/seabot_interfaces/msg/detail/dds_fastrtps/sensor_data__type_support.cpp.o[0m
[8.405s] [ 70%] [32mBuilding CXX object CMakeFiles/seabot_interfaces__rosidl_typesupport_fastrtps_cpp.dir/rosidl_typesupport_fastrtps_cpp/seabot_interfaces/srv/detail/dds_fastrtps/service__type_support.cpp.o[0m
[8.550s] [ 72%] [32m[1mLinking CXX shared library libseabot_interfaces__rosidl_typesupport_introspection_cpp.so[0m
[8.615s] [ 72%] Built target seabot_interfaces__rosidl_typesupport_introspection_cpp
[8.618s] [ 74%] [32m[1mLinking CXX shared library libseabot_interfaces__rosidl_typesupport_fastrtps_c.so[0m
[8.787s] [ 74%] Built target seabot_interfaces__rosidl_typesupport_fastrtps_c
[8.895s] [ 76%] [32m[1mLinking CXX shared library libseabot_interfaces__rosidl_typesupport_fastrtps_cpp.so[0m
[8.963s] [ 76%] Built target seabot_interfaces__rosidl_typesupport_fastrtps_cpp
[8.982s] [ 76%] Built target seabot_interfaces
[9.014s] [ 78%] [34m[1mGenerating Python code for ROS interfaces[0m
[9.721s] [ 78%] Built target seabot_interfaces__py
[9.739s] [ 80%] [32mBuilding C object CMakeFiles/seabot_interfaces__rosidl_generator_py.dir/rosidl_generator_py/seabot_interfaces/msg/_feedback_s.c.o[0m
[9.740s] [ 85%] [32mBuilding C object CMakeFiles/seabot_interfaces__rosidl_generator_py.dir/rosidl_generator_py/seabot_interfaces/srv/_service_s.c.o[0m
[9.740s] [ 85%] [32mBuilding C object CMakeFiles/seabot_interfaces__rosidl_generator_py.dir/rosidl_generator_py/seabot_interfaces/msg/_sensor_data_s.c.o[0m
[10.543s] [ 87%] [32m[1mLinking C shared library rosidl_generator_py/seabot_interfaces/libseabot_interfaces__rosidl_generator_py.so[0m
[10.611s] [ 87%] Built target seabot_interfaces__rosidl_generator_py
[10.645s] [ 91%] [32mBuilding C object CMakeFiles/seabot_interfaces__rosidl_typesupport_fastrtps_c__pyext.dir/rosidl_generator_py/seabot_interfaces/_seabot_interfaces_s.ep.rosidl_typesupport_fastrtps_c.c.o[0m
[10.645s] [ 91%] [32mBuilding C object CMakeFiles/seabot_interfaces__rosidl_typesupport_c__pyext.dir/rosidl_generator_py/seabot_interfaces/_seabot_interfaces_s.ep.rosidl_typesupport_c.c.o[0m
[10.645s] [ 93%] [32mBuilding C object CMakeFiles/seabot_interfaces__rosidl_typesupport_introspection_c__pyext.dir/rosidl_generator_py/seabot_interfaces/_seabot_interfaces_s.ep.rosidl_typesupport_introspection_c.c.o[0m
[10.740s] [ 95%] [32m[1mLinking C shared library rosidl_generator_py/seabot_interfaces/seabot_interfaces_s__rosidl_typesupport_fastrtps_c.cpython-310-x86_64-linux-gnu.so[0m
[10.750s] [ 97%] [32m[1mLinking C shared library rosidl_generator_py/seabot_interfaces/seabot_interfaces_s__rosidl_typesupport_c.cpython-310-x86_64-linux-gnu.so[0m
[10.752s] [100%] [32m[1mLinking C shared library rosidl_generator_py/seabot_interfaces/seabot_interfaces_s__rosidl_typesupport_introspection_c.cpython-310-x86_64-linux-gnu.so[0m
[10.781s] [100%] Built target seabot_interfaces__rosidl_typesupport_fastrtps_c__pyext
[10.786s] [100%] Built target seabot_interfaces__rosidl_typesupport_c__pyext
[10.794s] [100%] Built target seabot_interfaces__rosidl_typesupport_introspection_c__pyext
[10.814s] Invoked command in '/home/bninaos/Documents/build/seabot_interfaces' returned '0': CMAKE_PREFIX_PATH=${CMAKE_PREFIX_PATH}:/opt/ros/humble /usr/bin/cmake --build /home/bninaos/Documents/build/seabot_interfaces -- -j8 -l8
[11.018s] Invoking command in '/home/bninaos/Documents/build/seabot_interfaces': CMAKE_PREFIX_PATH=${CMAKE_PREFIX_PATH}:/opt/ros/humble /usr/bin/cmake --install /home/bninaos/Documents/build/seabot_interfaces
[11.033s] -- Install configuration: ""
[11.033s] -- Installing: /home/bninaos/Documents/install/seabot_interfaces/share/ament_index/resource_index/rosidl_interfaces/seabot_interfaces
[11.034s] -- Installing: /home/bninaos/Documents/install/seabot_interfaces/include/seabot_interfaces/seabot_interfaces
[11.034s] -- Installing: /home/bninaos/Documents/install/seabot_interfaces/include/seabot_interfaces/seabot_interfaces/msg
[11.034s] -- Installing: /home/bninaos/Documents/install/seabot_interfaces/include/seabot_interfaces/seabot_interfaces/msg/rosidl_generator_c__visibility_control.h
[11.034s] -- Installing: /home/bninaos/Documents/install/seabot_interfaces/include/seabot_interfaces/seabot_interfaces/msg/feedback.h
[11.035s] -- Installing: /home/bninaos/Documents/install/seabot_interfaces/include/seabot_interfaces/seabot_interfaces/msg/sensor_data.h
[11.035s] -- Installing: /home/bninaos/Documents/install/seabot_interfaces/include/seabot_interfaces/seabot_interfaces/msg/detail
[11.036s] -- Installing: /home/bninaos/Documents/install/seabot_interfaces/include/seabot_interfaces/seabot_interfaces/msg/detail/feedback__type_support.h
[11.036s] -- Installing: /home/bninaos/Documents/install/seabot_interfaces/include/seabot_interfaces/seabot_interfaces/msg/detail/sensor_data__functions.c
[11.036s] -- Installing: /home/bninaos/Documents/install/seabot_interfaces/include/seabot_interfaces/seabot_interfaces/msg/detail/sensor_data__type_support.h
[11.036s] -- Installing: /home/bninaos/Documents/install/seabot_interfaces/include/seabot_interfaces/seabot_interfaces/msg/detail/feedback__functions.h
[11.036s] -- Installing: /home/bninaos/Documents/install/seabot_interfaces/include/seabot_interfaces/seabot_interfaces/msg/detail/feedback__functions.c
[11.037s] -- Installing: /home/bninaos/Documents/install/seabot_interfaces/include/seabot_interfaces/seabot_interfaces/msg/detail/feedback__struct.h
[11.037s] -- Installing: /home/bninaos/Documents/install/seabot_interfaces/include/seabot_interfaces/seabot_interfaces/msg/detail/sensor_data__struct.h
[11.037s] -- Installing: /home/bninaos/Documents/install/seabot_interfaces/include/seabot_interfaces/seabot_interfaces/msg/detail/sensor_data__functions.h
[11.037s] -- Installing: /home/bninaos/Documents/install/seabot_interfaces/include/seabot_interfaces/seabot_interfaces/srv
[11.037s] -- Installing: /home/bninaos/Documents/install/seabot_interfaces/include/seabot_interfaces/seabot_interfaces/srv/service.h
[11.037s] -- Installing: /home/bninaos/Documents/install/seabot_interfaces/include/seabot_interfaces/seabot_interfaces/srv/detail
[11.037s] -- Installing: /home/bninaos/Documents/install/seabot_interfaces/include/seabot_interfaces/seabot_interfaces/srv/detail/service__type_support.h
[11.038s] -- Installing: /home/bninaos/Documents/install/seabot_interfaces/include/seabot_interfaces/seabot_interfaces/srv/detail/service__functions.h
[11.038s] -- Installing: /home/bninaos/Documents/install/seabot_interfaces/include/seabot_interfaces/seabot_interfaces/srv/detail/service__functions.c
[11.038s] -- Installing: /home/bninaos/Documents/install/seabot_interfaces/include/seabot_interfaces/seabot_interfaces/srv/detail/service__struct.h
[11.038s] -- Installing: /home/bninaos/Documents/install/seabot_interfaces/share/seabot_interfaces/environment/library_path.sh
[11.038s] -- Installing: /home/bninaos/Documents/install/seabot_interfaces/share/seabot_interfaces/environment/library_path.dsv
[11.054s] -- Installing: /home/bninaos/Documents/install/seabot_interfaces/lib/libseabot_interfaces__rosidl_generator_c.so
[11.055s] -- Set runtime path of "/home/bninaos/Documents/install/seabot_interfaces/lib/libseabot_interfaces__rosidl_generator_c.so" to ""
[11.055s] -- Up-to-date: /home/bninaos/Documents/install/seabot_interfaces/include/seabot_interfaces/seabot_interfaces
[11.055s] -- Up-to-date: /home/bninaos/Documents/install/seabot_interfaces/include/seabot_interfaces/seabot_interfaces/msg
[11.056s] -- Installing: /home/bninaos/Documents/install/seabot_interfaces/include/seabot_interfaces/seabot_interfaces/msg/rosidl_typesupport_fastrtps_c__visibility_control.h
[11.056s] -- Up-to-date: /home/bninaos/Documents/install/seabot_interfaces/include/seabot_interfaces/seabot_interfaces/msg/detail
[11.056s] -- Installing: /home/bninaos/Documents/install/seabot_interfaces/include/seabot_interfaces/seabot_interfaces/msg/detail/feedback__rosidl_typesupport_fastrtps_c.h
[11.056s] -- Installing: /home/bninaos/Documents/install/seabot_interfaces/include/seabot_interfaces/seabot_interfaces/msg/detail/sensor_data__rosidl_typesupport_fastrtps_c.h
[11.057s] -- Up-to-date: /home/bninaos/Documents/install/seabot_interfaces/include/seabot_interfaces/seabot_interfaces/srv
[11.057s] -- Up-to-date: /home/bninaos/Documents/install/seabot_interfaces/include/seabot_interfaces/seabot_interfaces/srv/detail
[11.057s] -- Installing: /home/bninaos/Documents/install/seabot_interfaces/include/seabot_interfaces/seabot_interfaces/srv/detail/service__rosidl_typesupport_fastrtps_c.h
[11.058s] -- Installing: /home/bninaos/Documents/install/seabot_interfaces/lib/libseabot_interfaces__rosidl_typesupport_fastrtps_c.so
[11.058s] -- Set runtime path of "/home/bninaos/Documents/install/seabot_interfaces/lib/libseabot_interfaces__rosidl_typesupport_fastrtps_c.so" to ""
[11.058s] -- Up-to-date: /home/bninaos/Documents/install/seabot_interfaces/include/seabot_interfaces/seabot_interfaces
[11.058s] -- Up-to-date: /home/bninaos/Documents/install/seabot_interfaces/include/seabot_interfaces/seabot_interfaces/msg
[11.058s] -- Installing: /home/bninaos/Documents/install/seabot_interfaces/include/seabot_interfaces/seabot_interfaces/msg/rosidl_typesupport_introspection_c__visibility_control.h
[11.059s] -- Up-to-date: /home/bninaos/Documents/install/seabot_interfaces/include/seabot_interfaces/seabot_interfaces/msg/detail
[11.059s] -- Installing: /home/bninaos/Documents/install/seabot_interfaces/include/seabot_interfaces/seabot_interfaces/msg/detail/sensor_data__rosidl_typesupport_introspection_c.h
[11.059s] -- Installing: /home/bninaos/Documents/install/seabot_interfaces/include/seabot_interfaces/seabot_interfaces/msg/detail/feedback__type_support.c
[11.059s] -- Installing: /home/bninaos/Documents/install/seabot_interfaces/include/seabot_interfaces/seabot_interfaces/msg/detail/sensor_data__type_support.c
[11.060s] -- Installing: /home/bninaos/Documents/install/seabot_interfaces/include/seabot_interfaces/seabot_interfaces/msg/detail/feedback__rosidl_typesupport_introspection_c.h
[11.060s] -- Up-to-date: /home/bninaos/Documents/install/seabot_interfaces/include/seabot_interfaces/seabot_interfaces/srv
[11.060s] -- Up-to-date: /home/bninaos/Documents/install/seabot_interfaces/include/seabot_interfaces/seabot_interfaces/srv/detail
[11.060s] -- Installing: /home/bninaos/Documents/install/seabot_interfaces/include/seabot_interfaces/seabot_interfaces/srv/detail/service__rosidl_typesupport_introspection_c.h
[11.061s] -- Installing: /home/bninaos/Documents/install/seabot_interfaces/include/seabot_interfaces/seabot_interfaces/srv/detail/service__type_support.c
[11.061s] -- Installing: /home/bninaos/Documents/install/seabot_interfaces/lib/libseabot_interfaces__rosidl_typesupport_introspection_c.so
[11.061s] -- Set runtime path of "/home/bninaos/Documents/install/seabot_interfaces/lib/libseabot_interfaces__rosidl_typesupport_introspection_c.so" to ""
[11.061s] -- Installing: /home/bninaos/Documents/install/seabot_interfaces/lib/libseabot_interfaces__rosidl_typesupport_c.so
[11.061s] -- Set runtime path of "/home/bninaos/Documents/install/seabot_interfaces/lib/libseabot_interfaces__rosidl_typesupport_c.so" to ""
[11.062s] -- Up-to-date: /home/bninaos/Documents/install/seabot_interfaces/include/seabot_interfaces/seabot_interfaces
[11.062s] -- Up-to-date: /home/bninaos/Documents/install/seabot_interfaces/include/seabot_interfaces/seabot_interfaces/msg
[11.062s] -- Installing: /home/bninaos/Documents/install/seabot_interfaces/include/seabot_interfaces/seabot_interfaces/msg/sensor_data.hpp
[11.062s] -- Up-to-date: /home/bninaos/Documents/install/seabot_interfaces/include/seabot_interfaces/seabot_interfaces/msg/detail
[11.062s] -- Installing: /home/bninaos/Documents/install/seabot_interfaces/include/seabot_interfaces/seabot_interfaces/msg/detail/feedback__struct.hpp
[11.063s] -- Installing: /home/bninaos/Documents/install/seabot_interfaces/include/seabot_interfaces/seabot_interfaces/msg/detail/sensor_data__struct.hpp
[11.063s] -- Installing: /home/bninaos/Documents/install/seabot_interfaces/include/seabot_interfaces/seabot_interfaces/msg/detail/sensor_data__traits.hpp
[11.063s] -- Installing: /home/bninaos/Documents/install/seabot_interfaces/include/seabot_interfaces/seabot_interfaces/msg/detail/feedback__traits.hpp
[11.063s] -- Installing: /home/bninaos/Documents/install/seabot_interfaces/include/seabot_interfaces/seabot_interfaces/msg/detail/feedback__builder.hpp
[11.063s] -- Installing: /home/bninaos/Documents/install/seabot_interfaces/include/seabot_interfaces/seabot_interfaces/msg/detail/sensor_data__builder.hpp
[11.064s] -- Installing: /home/bninaos/Documents/install/seabot_interfaces/include/seabot_interfaces/seabot_interfaces/msg/feedback.hpp
[11.064s] -- Up-to-date: /home/bninaos/Documents/install/seabot_interfaces/include/seabot_interfaces/seabot_interfaces/srv
[11.064s] -- Up-to-date: /home/bninaos/Documents/install/seabot_interfaces/include/seabot_interfaces/seabot_interfaces/srv/detail
[11.064s] -- Installing: /home/bninaos/Documents/install/seabot_interfaces/include/seabot_interfaces/seabot_interfaces/srv/detail/service__struct.hpp
[11.065s] -- Installing: /home/bninaos/Documents/install/seabot_interfaces/include/seabot_interfaces/seabot_interfaces/srv/detail/service__traits.hpp
[11.065s] -- Installing: /home/bninaos/Documents/install/seabot_interfaces/include/seabot_interfaces/seabot_interfaces/srv/detail/service__builder.hpp
[11.065s] -- Installing: /home/bninaos/Documents/install/seabot_interfaces/include/seabot_interfaces/seabot_interfaces/srv/service.hpp
[11.065s] -- Up-to-date: /home/bninaos/Documents/install/seabot_interfaces/include/seabot_interfaces/seabot_interfaces
[11.065s] -- Up-to-date: /home/bninaos/Documents/install/seabot_interfaces/include/seabot_interfaces/seabot_interfaces/msg
[11.065s] -- Installing: /home/bninaos/Documents/install/seabot_interfaces/include/seabot_interfaces/seabot_interfaces/msg/rosidl_typesupport_fastrtps_cpp__visibility_control.h
[11.066s] -- Up-to-date: /home/bninaos/Documents/install/seabot_interfaces/include/seabot_interfaces/seabot_interfaces/msg/detail
[11.066s] -- Installing: /home/bninaos/Documents/install/seabot_interfaces/include/seabot_interfaces/seabot_interfaces/msg/detail/sensor_data__rosidl_typesupport_fastrtps_cpp.hpp
[11.066s] -- Installing: /home/bninaos/Documents/install/seabot_interfaces/include/seabot_interfaces/seabot_interfaces/msg/detail/feedback__rosidl_typesupport_fastrtps_cpp.hpp
[11.066s] -- Installing: /home/bninaos/Documents/install/seabot_interfaces/include/seabot_interfaces/seabot_interfaces/msg/detail/dds_fastrtps
[11.067s] -- Up-to-date: /home/bninaos/Documents/install/seabot_interfaces/include/seabot_interfaces/seabot_interfaces/srv
[11.067s] -- Up-to-date: /home/bninaos/Documents/install/seabot_interfaces/include/seabot_interfaces/seabot_interfaces/srv/detail
[11.067s] -- Installing: /home/bninaos/Documents/install/seabot_interfaces/include/seabot_interfaces/seabot_interfaces/srv/detail/service__rosidl_typesupport_fastrtps_cpp.hpp
[11.067s] -- Installing: /home/bninaos/Documents/install/seabot_interfaces/include/seabot_interfaces/seabot_interfaces/srv/detail/dds_fastrtps
[11.067s] -- Installing: /home/bninaos/Documents/install/seabot_interfaces/lib/libseabot_interfaces__rosidl_typesupport_fastrtps_cpp.so
[11.067s] -- Set runtime path of "/home/bninaos/Documents/install/seabot_interfaces/lib/libseabot_interfaces__rosidl_typesupport_fastrtps_cpp.so" to ""
[11.068s] -- Up-to-date: /home/bninaos/Documents/install/seabot_interfaces/include/seabot_interfaces/seabot_interfaces
[11.068s] -- Up-to-date: /home/bninaos/Documents/install/seabot_interfaces/include/seabot_interfaces/seabot_interfaces/msg
[11.068s] -- Up-to-date: /home/bninaos/Documents/install/seabot_interfaces/include/seabot_interfaces/seabot_interfaces/msg/detail
[11.068s] -- Installing: /home/bninaos/Documents/install/seabot_interfaces/include/seabot_interfaces/seabot_interfaces/msg/detail/sensor_data__type_support.cpp
[11.068s] -- Installing: /home/bninaos/Documents/install/seabot_interfaces/include/seabot_interfaces/seabot_interfaces/msg/detail/feedback__type_support.cpp
[11.068s] -- Installing: /home/bninaos/Documents/install/seabot_interfaces/include/seabot_interfaces/seabot_interfaces/msg/detail/sensor_data__rosidl_typesupport_introspection_cpp.hpp
[11.069s] -- Installing: /home/bninaos/Documents/install/seabot_interfaces/include/seabot_interfaces/seabot_interfaces/msg/detail/feedback__rosidl_typesupport_introspection_cpp.hpp
[11.069s] -- Up-to-date: /home/bninaos/Documents/install/seabot_interfaces/include/seabot_interfaces/seabot_interfaces/srv
[11.069s] -- Up-to-date: /home/bninaos/Documents/install/seabot_interfaces/include/seabot_interfaces/seabot_interfaces/srv/detail
[11.069s] -- Installing: /home/bninaos/Documents/install/seabot_interfaces/include/seabot_interfaces/seabot_interfaces/srv/detail/service__rosidl_typesupport_introspection_cpp.hpp
[11.069s] -- Installing: /home/bninaos/Documents/install/seabot_interfaces/include/seabot_interfaces/seabot_interfaces/srv/detail/service__type_support.cpp
[11.069s] -- Installing: /home/bninaos/Documents/install/seabot_interfaces/lib/libseabot_interfaces__rosidl_typesupport_introspection_cpp.so
[11.070s] -- Set runtime path of "/home/bninaos/Documents/install/seabot_interfaces/lib/libseabot_interfaces__rosidl_typesupport_introspection_cpp.so" to ""
[11.070s] -- Installing: /home/bninaos/Documents/install/seabot_interfaces/lib/libseabot_interfaces__rosidl_typesupport_cpp.so
[11.070s] -- Set runtime path of "/home/bninaos/Documents/install/seabot_interfaces/lib/libseabot_interfaces__rosidl_typesupport_cpp.so" to ""
[11.070s] -- Installing: /home/bninaos/Documents/install/seabot_interfaces/share/seabot_interfaces/environment/pythonpath.sh
[11.070s] -- Installing: /home/bninaos/Documents/install/seabot_interfaces/share/seabot_interfaces/environment/pythonpath.dsv
[11.070s] -- Installing: /home/bninaos/Documents/install/seabot_interfaces/local/lib/python3.10/dist-packages/seabot_interfaces-0.0.0-py3.10.egg-info
[11.070s] -- Installing: /home/bninaos/Documents/install/seabot_interfaces/local/lib/python3.10/dist-packages/seabot_interfaces-0.0.0-py3.10.egg-info/PKG-INFO
[11.071s] -- Installing: /home/bninaos/Documents/install/seabot_interfaces/local/lib/python3.10/dist-packages/seabot_interfaces-0.0.0-py3.10.egg-info/dependency_links.txt
[11.071s] -- Installing: /home/bninaos/Documents/install/seabot_interfaces/local/lib/python3.10/dist-packages/seabot_interfaces-0.0.0-py3.10.egg-info/top_level.txt
[11.071s] -- Installing: /home/bninaos/Documents/install/seabot_interfaces/local/lib/python3.10/dist-packages/seabot_interfaces-0.0.0-py3.10.egg-info/SOURCES.txt
[11.076s] -- Installing: /home/bninaos/Documents/install/seabot_interfaces/local/lib/python3.10/dist-packages/seabot_interfaces
[11.077s] -- Installing: /home/bninaos/Documents/install/seabot_interfaces/local/lib/python3.10/dist-packages/seabot_interfaces/seabot_interfaces_s__rosidl_typesupport_introspection_c.cpython-310-x86_64-linux-gnu.so
[11.077s] -- Installing: /home/bninaos/Documents/install/seabot_interfaces/local/lib/python3.10/dist-packages/seabot_interfaces/_seabot_interfaces_s.ep.rosidl_typesupport_introspection_c.c
[11.077s] -- Installing: /home/bninaos/Documents/install/seabot_interfaces/local/lib/python3.10/dist-packages/seabot_interfaces/libseabot_interfaces__rosidl_generator_py.so
[11.077s] -- Installing: /home/bninaos/Documents/install/seabot_interfaces/local/lib/python3.10/dist-packages/seabot_interfaces/__init__.py
[11.077s] -- Installing: /home/bninaos/Documents/install/seabot_interfaces/local/lib/python3.10/dist-packages/seabot_interfaces/msg
[11.077s] -- Installing: /home/bninaos/Documents/install/seabot_interfaces/local/lib/python3.10/dist-packages/seabot_interfaces/msg/_feedback_s.c
[11.078s] -- Installing: /home/bninaos/Documents/install/seabot_interfaces/local/lib/python3.10/dist-packages/seabot_interfaces/msg/__init__.py
[11.078s] -- Installing: /home/bninaos/Documents/install/seabot_interfaces/local/lib/python3.10/dist-packages/seabot_interfaces/msg/_feedback.py
[11.078s] -- Installing: /home/bninaos/Documents/install/seabot_interfaces/local/lib/python3.10/dist-packages/seabot_interfaces/msg/_sensor_data_s.c
[11.078s] -- Installing: /home/bninaos/Documents/install/seabot_interfaces/local/lib/python3.10/dist-packages/seabot_interfaces/msg/_sensor_data.py
[11.078s] -- Installing: /home/bninaos/Documents/install/seabot_interfaces/local/lib/python3.10/dist-packages/seabot_interfaces/srv
[11.078s] -- Installing: /home/bninaos/Documents/install/seabot_interfaces/local/lib/python3.10/dist-packages/seabot_interfaces/srv/__init__.py
[11.079s] -- Installing: /home/bninaos/Documents/install/seabot_interfaces/local/lib/python3.10/dist-packages/seabot_interfaces/srv/_service.py
[11.079s] -- Installing: /home/bninaos/Documents/install/seabot_interfaces/local/lib/python3.10/dist-packages/seabot_interfaces/srv/_service_s.c
[11.079s] -- Installing: /home/bninaos/Documents/install/seabot_interfaces/local/lib/python3.10/dist-packages/seabot_interfaces/_seabot_interfaces_s.ep.rosidl_typesupport_c.c
[11.079s] -- Installing: /home/bninaos/Documents/install/seabot_interfaces/local/lib/python3.10/dist-packages/seabot_interfaces/seabot_interfaces_s__rosidl_typesupport_fastrtps_c.cpython-310-x86_64-linux-gnu.so
[11.079s] -- Installing: /home/bninaos/Documents/install/seabot_interfaces/local/lib/python3.10/dist-packages/seabot_interfaces/_seabot_interfaces_s.ep.rosidl_typesupport_fastrtps_c.c
[11.079s] -- Installing: /home/bninaos/Documents/install/seabot_interfaces/local/lib/python3.10/dist-packages/seabot_interfaces/seabot_interfaces_s__rosidl_typesupport_c.cpython-310-x86_64-linux-gnu.so
[11.158s] Listing '/home/bninaos/Documents/install/seabot_interfaces/local/lib/python3.10/dist-packages/seabot_interfaces'...
[11.158s] Compiling '/home/bninaos/Documents/install/seabot_interfaces/local/lib/python3.10/dist-packages/seabot_interfaces/__init__.py'...
[11.158s] Listing '/home/bninaos/Documents/install/seabot_interfaces/local/lib/python3.10/dist-packages/seabot_interfaces/msg'...
[11.158s] Compiling '/home/bninaos/Documents/install/seabot_interfaces/local/lib/python3.10/dist-packages/seabot_interfaces/msg/__init__.py'...
[11.159s] Compiling '/home/bninaos/Documents/install/seabot_interfaces/local/lib/python3.10/dist-packages/seabot_interfaces/msg/_feedback.py'...
[11.159s] Compiling '/home/bninaos/Documents/install/seabot_interfaces/local/lib/python3.10/dist-packages/seabot_interfaces/msg/_sensor_data.py'...
[11.159s] Listing '/home/bninaos/Documents/install/seabot_interfaces/local/lib/python3.10/dist-packages/seabot_interfaces/srv'...
[11.159s] Compiling '/home/bninaos/Documents/install/seabot_interfaces/local/lib/python3.10/dist-packages/seabot_interfaces/srv/__init__.py'...
[11.159s] Compiling '/home/bninaos/Documents/install/seabot_interfaces/local/lib/python3.10/dist-packages/seabot_interfaces/srv/_service.py'...
[11.164s] -- Installing: /home/bninaos/Documents/install/seabot_interfaces/local/lib/python3.10/dist-packages/seabot_interfaces/seabot_interfaces_s__rosidl_typesupport_fastrtps_c.cpython-310-x86_64-linux-gnu.so
[11.165s] -- Set runtime path of "/home/bninaos/Documents/install/seabot_interfaces/local/lib/python3.10/dist-packages/seabot_interfaces/seabot_interfaces_s__rosidl_typesupport_fastrtps_c.cpython-310-x86_64-linux-gnu.so" to ""
[11.165s] -- Installing: /home/bninaos/Documents/install/seabot_interfaces/local/lib/python3.10/dist-packages/seabot_interfaces/seabot_interfaces_s__rosidl_typesupport_introspection_c.cpython-310-x86_64-linux-gnu.so
[11.165s] -- Set runtime path of "/home/bninaos/Documents/install/seabot_interfaces/local/lib/python3.10/dist-packages/seabot_interfaces/seabot_interfaces_s__rosidl_typesupport_introspection_c.cpython-310-x86_64-linux-gnu.so" to ""
[11.165s] -- Installing: /home/bninaos/Documents/install/seabot_interfaces/local/lib/python3.10/dist-packages/seabot_interfaces/seabot_interfaces_s__rosidl_typesupport_c.cpython-310-x86_64-linux-gnu.so
[11.166s] -- Set runtime path of "/home/bninaos/Documents/install/seabot_interfaces/local/lib/python3.10/dist-packages/seabot_interfaces/seabot_interfaces_s__rosidl_typesupport_c.cpython-310-x86_64-linux-gnu.so" to ""
[11.166s] -- Installing: /home/bninaos/Documents/install/seabot_interfaces/lib/libseabot_interfaces__rosidl_generator_py.so
[11.166s] -- Set runtime path of "/home/bninaos/Documents/install/seabot_interfaces/lib/libseabot_interfaces__rosidl_generator_py.so" to ""
[11.166s] -- Installing: /home/bninaos/Documents/install/seabot_interfaces/share/seabot_interfaces/msg/Feedback.idl
[11.166s] -- Installing: /home/bninaos/Documents/install/seabot_interfaces/share/seabot_interfaces/msg/SensorData.idl
[11.167s] -- Installing: /home/bninaos/Documents/install/seabot_interfaces/share/seabot_interfaces/srv/Service.idl
[11.167s] -- Installing: /home/bninaos/Documents/install/seabot_interfaces/share/seabot_interfaces/msg/Feedback.msg
[11.167s] -- Installing: /home/bninaos/Documents/install/seabot_interfaces/share/seabot_interfaces/msg/SensorData.msg
[11.167s] -- Installing: /home/bninaos/Documents/install/seabot_interfaces/share/seabot_interfaces/srv/Service.srv
[11.167s] -- Installing: /home/bninaos/Documents/install/seabot_interfaces/share/seabot_interfaces/srv/Service_Request.msg
[11.167s] -- Installing: /home/bninaos/Documents/install/seabot_interfaces/share/seabot_interfaces/srv/Service_Response.msg
[11.168s] -- Installing: /home/bninaos/Documents/install/seabot_interfaces/share/ament_index/resource_index/package_run_dependencies/seabot_interfaces
[11.168s] -- Installing: /home/bninaos/Documents/install/seabot_interfaces/share/ament_index/resource_index/parent_prefix_path/seabot_interfaces
[11.168s] -- Installing: /home/bninaos/Documents/install/seabot_interfaces/share/seabot_interfaces/environment/ament_prefix_path.sh
[11.168s] -- Installing: /home/bninaos/Documents/install/seabot_interfaces/share/seabot_interfaces/environment/ament_prefix_path.dsv
[11.168s] -- Installing: /home/bninaos/Documents/install/seabot_interfaces/share/seabot_interfaces/environment/path.sh
[11.168s] -- Installing: /home/bninaos/Documents/install/seabot_interfaces/share/seabot_interfaces/environment/path.dsv
[11.169s] -- Installing: /home/bninaos/Documents/install/seabot_interfaces/share/seabot_interfaces/local_setup.bash
[11.169s] -- Installing: /home/bninaos/Documents/install/seabot_interfaces/share/seabot_interfaces/local_setup.sh
[11.169s] -- Installing: /home/bninaos/Documents/install/seabot_interfaces/share/seabot_interfaces/local_setup.zsh
[11.169s] -- Installing: /home/bninaos/Documents/install/seabot_interfaces/share/seabot_interfaces/local_setup.dsv
[11.169s] -- Installing: /home/bninaos/Documents/install/seabot_interfaces/share/seabot_interfaces/package.dsv
[11.169s] -- Installing: /home/bninaos/Documents/install/seabot_interfaces/share/ament_index/resource_index/packages/seabot_interfaces
[11.170s] -- Installing: /home/bninaos/Documents/install/seabot_interfaces/share/seabot_interfaces/cmake/export_seabot_interfaces__rosidl_generator_cExport.cmake
[11.170s] -- Installing: /home/bninaos/Documents/install/seabot_interfaces/share/seabot_interfaces/cmake/export_seabot_interfaces__rosidl_generator_cExport-noconfig.cmake
[11.170s] -- Installing: /home/bninaos/Documents/install/seabot_interfaces/share/seabot_interfaces/cmake/export_seabot_interfaces__rosidl_typesupport_fastrtps_cExport.cmake
[11.170s] -- Installing: /home/bninaos/Documents/install/seabot_interfaces/share/seabot_interfaces/cmake/export_seabot_interfaces__rosidl_typesupport_fastrtps_cExport-noconfig.cmake
[11.170s] -- Installing: /home/bninaos/Documents/install/seabot_interfaces/share/seabot_interfaces/cmake/seabot_interfaces__rosidl_typesupport_introspection_cExport.cmake
[11.170s] -- Installing: /home/bninaos/Documents/install/seabot_interfaces/share/seabot_interfaces/cmake/seabot_interfaces__rosidl_typesupport_introspection_cExport-noconfig.cmake
[11.171s] -- Installing: /home/bninaos/Documents/install/seabot_interfaces/share/seabot_interfaces/cmake/seabot_interfaces__rosidl_typesupport_cExport.cmake
[11.171s] -- Installing: /home/bninaos/Documents/install/seabot_interfaces/share/seabot_interfaces/cmake/seabot_interfaces__rosidl_typesupport_cExport-noconfig.cmake
[11.171s] -- Installing: /home/bninaos/Documents/install/seabot_interfaces/share/seabot_interfaces/cmake/export_seabot_interfaces__rosidl_generator_cppExport.cmake
[11.171s] -- Installing: /home/bninaos/Documents/install/seabot_interfaces/share/seabot_interfaces/cmake/export_seabot_interfaces__rosidl_typesupport_fastrtps_cppExport.cmake
[11.171s] -- Installing: /home/bninaos/Documents/install/seabot_interfaces/share/seabot_interfaces/cmake/export_seabot_interfaces__rosidl_typesupport_fastrtps_cppExport-noconfig.cmake
[11.171s] -- Installing: /home/bninaos/Documents/install/seabot_interfaces/share/seabot_interfaces/cmake/seabot_interfaces__rosidl_typesupport_introspection_cppExport.cmake
[11.172s] -- Installing: /home/bninaos/Documents/install/seabot_interfaces/share/seabot_interfaces/cmake/seabot_interfaces__rosidl_typesupport_introspection_cppExport-noconfig.cmake
[11.172s] -- Installing: /home/bninaos/Documents/install/seabot_interfaces/share/seabot_interfaces/cmake/seabot_interfaces__rosidl_typesupport_cppExport.cmake
[11.172s] -- Installing: /home/bninaos/Documents/install/seabot_interfaces/share/seabot_interfaces/cmake/seabot_interfaces__rosidl_typesupport_cppExport-noconfig.cmake
[11.172s] -- Installing: /home/bninaos/Documents/install/seabot_interfaces/share/seabot_interfaces/cmake/export_seabot_interfaces__rosidl_generator_pyExport.cmake
[11.172s] -- Installing: /home/bninaos/Documents/install/seabot_interfaces/share/seabot_interfaces/cmake/export_seabot_interfaces__rosidl_generator_pyExport-noconfig.cmake
[11.172s] -- Installing: /home/bninaos/Documents/install/seabot_interfaces/share/seabot_interfaces/cmake/rosidl_cmake-extras.cmake
[11.172s] -- Installing: /home/bninaos/Documents/install/seabot_interfaces/share/seabot_interfaces/cmake/ament_cmake_export_include_directories-extras.cmake
[11.173s] -- Installing: /home/bninaos/Documents/install/seabot_interfaces/share/seabot_interfaces/cmake/ament_cmake_export_libraries-extras.cmake
[11.173s] -- Installing: /home/bninaos/Documents/install/seabot_interfaces/share/seabot_interfaces/cmake/ament_cmake_export_targets-extras.cmake
[11.173s] -- Installing: /home/bninaos/Documents/install/seabot_interfaces/share/seabot_interfaces/cmake/rosidl_cmake_export_typesupport_targets-extras.cmake
[11.173s] -- Installing: /home/bninaos/Documents/install/seabot_interfaces/share/seabot_interfaces/cmake/ament_cmake_export_dependencies-extras.cmake
[11.174s] -- Installing: /home/bninaos/Documents/install/seabot_interfaces/share/seabot_interfaces/cmake/rosidl_cmake_export_typesupport_libraries-extras.cmake
[11.174s] -- Installing: /home/bninaos/Documents/install/seabot_interfaces/share/seabot_interfaces/cmake/seabot_interfacesConfig.cmake
[11.174s] -- Installing: /home/bninaos/Documents/install/seabot_interfaces/share/seabot_interfaces/cmake/seabot_interfacesConfig-version.cmake
[11.174s] -- Installing: /home/bninaos/Documents/install/seabot_interfaces/share/seabot_interfaces/package.xml
[11.179s] Invoked command in '/home/bninaos/Documents/build/seabot_interfaces' returned '0': CMAKE_PREFIX_PATH=${CMAKE_PREFIX_PATH}:/opt/ros/humble /usr/bin/cmake --install /home/bninaos/Documents/build/seabot_interfaces
