[0.024s] Invoking command in '/home/bninaos/Documents/ros2_ws/build/cpp_srvcli': AMENT_PREFIX_PATH=/home/bninaos/Documents/ros2_ws/install/seabot_interfaces:${AMENT_PREFIX_PATH} CMAKE_PREFIX_PATH=/home/bninaos/Documents/ros2_ws/install/seabot_interfaces:/home/bninaos/microros/install/micro_ros_setup:/home/bninaos/microros/install/micro_ros_agent:/home/bninaos/microros/install/micro_ros_msgs:/opt/ros/humble LD_LIBRARY_PATH=/home/bninaos/Documents/ros2_ws/install/seabot_interfaces/lib:${LD_LIBRARY_PATH} PYTHONPATH=/home/bninaos/Documents/ros2_ws/install/seabot_interfaces/local/lib/python3.10/dist-packages:${PYTHONPATH} /usr/bin/cmake --build /home/bninaos/Documents/ros2_ws/build/cpp_srvcli -- -j8 -l8
[0.066s] [ 50%] Built target client
[0.117s] [35m[1mConsolidate compiler generated dependencies of target server[0m
[0.151s] [ 75%] [32mBuilding CXX object CMakeFiles/server.dir/src/Server.cpp.o[0m
[1.683s] In file included from [01m[K/opt/ros/humble/include/rclcpp/rclcpp/logging.hpp:24[m[K,
[1.683s]                  from [01m[K/opt/ros/humble/include/rclcpp/rclcpp/client.hpp:40[m[K,
[1.683s]                  from [01m[K/opt/ros/humble/include/rclcpp/rclcpp/callback_group.hpp:24[m[K,
[1.683s]                  from [01m[K/opt/ros/humble/include/rclcpp/rclcpp/any_executable.hpp:20[m[K,
[1.683s]                  from [01m[K/opt/ros/humble/include/rclcpp/rclcpp/memory_strategy.hpp:25[m[K,
[1.683s]                  from [01m[K/opt/ros/humble/include/rclcpp/rclcpp/memory_strategies.hpp:18[m[K,
[1.683s]                  from [01m[K/opt/ros/humble/include/rclcpp/rclcpp/executor_options.hpp:20[m[K,
[1.683s]                  from [01m[K/opt/ros/humble/include/rclcpp/rclcpp/executor.hpp:37[m[K,
[1.683s]                  from [01m[K/opt/ros/humble/include/rclcpp/rclcpp/executors/multi_threaded_executor.hpp:25[m[K,
[1.683s]                  from [01m[K/opt/ros/humble/include/rclcpp/rclcpp/executors.hpp:21[m[K,
[1.684s]                  from [01m[K/opt/ros/humble/include/rclcpp/rclcpp/rclcpp.hpp:155[m[K,
[1.684s]                  from [01m[K/home/bninaos/Documents/ros2_ws/src/cpp_srvcli/src/Server.cpp:1[m[K:
[1.684s] [01m[K/home/bninaos/Documents/ros2_ws/src/cpp_srvcli/src/Server.cpp:[m[K In function ‘[01m[Kvoid send_response(std::shared_ptr<seabot_interfaces::srv::Service_Request_<std::allocator<void> > >, std::shared_ptr<seabot_interfaces::srv::Service_Response_<std::allocator<void> > >)[m[K’:
[1.684s] [01m[K/home/bninaos/Documents/ros2_ws/src/cpp_srvcli/src/Server.cpp:10:45:[m[K [01;35m[Kwarning: [m[Kformat ‘[01m[K%s[m[K’ expects argument of type ‘[01m[Kchar*[m[K’, but argument 5 has type ‘[01m[Kseabot_interfaces::srv::Service_Request_<std::allocator<void> >::_message_type[m[K’ {aka ‘[01m[Kstd::__cxx11::basic_string<char>[m[K’} [[01;35m[K]8;;https://gcc.gnu.org/onlinedocs/gcc/Warning-Options.html#index-Wformat=-Wformat=]8;;[m[K]
[1.684s]    10 |   RCLCPP_INFO(rclcpp::get_logger("rclcpp"), [01;35m[K"Incoming request\na: %s" " b: %.2f"[m[K,  // CHANGE
[1.684s]       |                                             [01;35m[K^~~~~~~~~~~~~~~~~~~~~~~~~~~~~~~~~~~~[m[K
[1.684s] [01m[K/home/bninaos/Documents/ros2_ws/src/cpp_srvcli/src/Server.cpp:10:68:[m[K [01;36m[Knote: [m[Kformat string is defined here
[1.684s]    10 |   RCLCPP_INFO(rclcpp::get_logger("rclcpp"), "Incoming request\na: [01;36m[K%s[m[K" " b: %.2f",  // CHANGE
[1.684s]       |                                                                   [01;36m[K~^[m[K
[1.684s]       |                                                                    [01;36m[K|[m[K
[1.684s]       |                                                                    [01;36m[Kchar*[m[K
[1.684s] In file included from [01m[K/opt/ros/humble/include/rclcpp/rclcpp/logging.hpp:24[m[K,
[1.684s]                  from [01m[K/opt/ros/humble/include/rclcpp/rclcpp/client.hpp:40[m[K,
[1.684s]                  from [01m[K/opt/ros/humble/include/rclcpp/rclcpp/callback_group.hpp:24[m[K,
[1.684s]                  from [01m[K/opt/ros/humble/include/rclcpp/rclcpp/any_executable.hpp:20[m[K,
[1.684s]                  from [01m[K/opt/ros/humble/include/rclcpp/rclcpp/memory_strategy.hpp:25[m[K,
[1.684s]                  from [01m[K/opt/ros/humble/include/rclcpp/rclcpp/memory_strategies.hpp:18[m[K,
[1.684s]                  from [01m[K/opt/ros/humble/include/rclcpp/rclcpp/executor_options.hpp:20[m[K,
[1.684s]                  from [01m[K/opt/ros/humble/include/rclcpp/rclcpp/executor.hpp:37[m[K,
[1.684s]                  from [01m[K/opt/ros/humble/include/rclcpp/rclcpp/executors/multi_threaded_executor.hpp:25[m[K,
[1.684s]                  from [01m[K/opt/ros/humble/include/rclcpp/rclcpp/executors.hpp:21[m[K,
[1.684s]                  from [01m[K/opt/ros/humble/include/rclcpp/rclcpp/rclcpp.hpp:155[m[K,
[1.684s]                  from [01m[K/home/bninaos/Documents/ros2_ws/src/cpp_srvcli/src/Server.cpp:1[m[K:
[1.684s] [01m[K/home/bninaos/Documents/ros2_ws/src/cpp_srvcli/src/Server.cpp:12:45:[m[K [01;35m[Kwarning: [m[Kformat ‘[01m[K%s[m[K’ expects argument of type ‘[01m[Kchar*[m[K’, but argument 5 has type ‘[01m[Kseabot_interfaces::srv::Service_Response_<std::allocator<void> >::_feedback_type[m[K’ {aka ‘[01m[Kstd::__cxx11::basic_string<char>[m[K’} [[01;35m[K]8;;https://gcc.gnu.org/onlinedocs/gcc/Warning-Options.html#index-Wformat=-Wformat=]8;;[m[K]
[1.684s]    12 |   RCLCPP_INFO(rclcpp::get_logger("rclcpp"), [01;35m[K"sending back response: [%s]"[m[K, response->feedback);
[1.684s]       |                                             [01;35m[K^~~~~~~~~~~~~~~~~~~~~~~~~~~~~[m[K
[1.685s] [01m[K/home/bninaos/Documents/ros2_ws/src/cpp_srvcli/src/Server.cpp:12:71:[m[K [01;36m[Knote: [m[Kformat string is defined here
[1.685s]    12 |   RCLCPP_INFO(rclcpp::get_logger("rclcpp"), "sending back response: [[01;36m[K%s[m[K]", response->feedback);
[1.685s]       |                                                                      [01;36m[K~^[m[K
[1.685s]       |                                                                       [01;36m[K|[m[K
[1.685s]       |                                                                       [01;36m[Kchar*[m[K
[2.379s] [100%] [32m[1mLinking CXX executable server[0m
[2.476s] [100%] Built target server
[2.490s] Invoked command in '/home/bninaos/Documents/ros2_ws/build/cpp_srvcli' returned '0': AMENT_PREFIX_PATH=/home/bninaos/Documents/ros2_ws/install/seabot_interfaces:${AMENT_PREFIX_PATH} CMAKE_PREFIX_PATH=/home/bninaos/Documents/ros2_ws/install/seabot_interfaces:/home/bninaos/microros/install/micro_ros_setup:/home/bninaos/microros/install/micro_ros_agent:/home/bninaos/microros/install/micro_ros_msgs:/opt/ros/humble LD_LIBRARY_PATH=/home/bninaos/Documents/ros2_ws/install/seabot_interfaces/lib:${LD_LIBRARY_PATH} PYTHONPATH=/home/bninaos/Documents/ros2_ws/install/seabot_interfaces/local/lib/python3.10/dist-packages:${PYTHONPATH} /usr/bin/cmake --build /home/bninaos/Documents/ros2_ws/build/cpp_srvcli -- -j8 -l8
[2.543s] Invoking command in '/home/bninaos/Documents/ros2_ws/build/cpp_srvcli': AMENT_PREFIX_PATH=/home/bninaos/Documents/ros2_ws/install/seabot_interfaces:${AMENT_PREFIX_PATH} CMAKE_PREFIX_PATH=/home/bninaos/Documents/ros2_ws/install/seabot_interfaces:/home/bninaos/microros/install/micro_ros_setup:/home/bninaos/microros/install/micro_ros_agent:/home/bninaos/microros/install/micro_ros_msgs:/opt/ros/humble LD_LIBRARY_PATH=/home/bninaos/Documents/ros2_ws/install/seabot_interfaces/lib:${LD_LIBRARY_PATH} PYTHONPATH=/home/bninaos/Documents/ros2_ws/install/seabot_interfaces/local/lib/python3.10/dist-packages:${PYTHONPATH} /usr/bin/cmake --install /home/bninaos/Documents/ros2_ws/build/cpp_srvcli
[2.550s] -- Install configuration: ""
[2.551s] -- Installing: /home/bninaos/Documents/ros2_ws/install/cpp_srvcli/lib/cpp_srvcli/server
[2.552s] -- Set runtime path of "/home/bninaos/Documents/ros2_ws/install/cpp_srvcli/lib/cpp_srvcli/server" to ""
[2.552s] -- Installing: /home/bninaos/Documents/ros2_ws/install/cpp_srvcli/lib/cpp_srvcli/client
[2.553s] -- Set runtime path of "/home/bninaos/Documents/ros2_ws/install/cpp_srvcli/lib/cpp_srvcli/client" to ""
[2.553s] -- Installing: /home/bninaos/Documents/ros2_ws/install/cpp_srvcli/share/ament_index/resource_index/package_run_dependencies/cpp_srvcli
[2.553s] -- Installing: /home/bninaos/Documents/ros2_ws/install/cpp_srvcli/share/ament_index/resource_index/parent_prefix_path/cpp_srvcli
[2.553s] -- Installing: /home/bninaos/Documents/ros2_ws/install/cpp_srvcli/share/cpp_srvcli/environment/ament_prefix_path.sh
[2.553s] -- Installing: /home/bninaos/Documents/ros2_ws/install/cpp_srvcli/share/cpp_srvcli/environment/ament_prefix_path.dsv
[2.554s] -- Installing: /home/bninaos/Documents/ros2_ws/install/cpp_srvcli/share/cpp_srvcli/environment/path.sh
[2.554s] -- Installing: /home/bninaos/Documents/ros2_ws/install/cpp_srvcli/share/cpp_srvcli/environment/path.dsv
[2.554s] -- Installing: /home/bninaos/Documents/ros2_ws/install/cpp_srvcli/share/cpp_srvcli/local_setup.bash
[2.554s] -- Installing: /home/bninaos/Documents/ros2_ws/install/cpp_srvcli/share/cpp_srvcli/local_setup.sh
[2.554s] -- Installing: /home/bninaos/Documents/ros2_ws/install/cpp_srvcli/share/cpp_srvcli/local_setup.zsh
[2.554s] -- Installing: /home/bninaos/Documents/ros2_ws/install/cpp_srvcli/share/cpp_srvcli/local_setup.dsv
[2.554s] -- Installing: /home/bninaos/Documents/ros2_ws/install/cpp_srvcli/share/cpp_srvcli/package.dsv
[2.555s] -- Installing: /home/bninaos/Documents/ros2_ws/install/cpp_srvcli/share/ament_index/resource_index/packages/cpp_srvcli
[2.555s] -- Installing: /home/bninaos/Documents/ros2_ws/install/cpp_srvcli/share/cpp_srvcli/cmake/cpp_srvcliConfig.cmake
[2.555s] -- Installing: /home/bninaos/Documents/ros2_ws/install/cpp_srvcli/share/cpp_srvcli/cmake/cpp_srvcliConfig-version.cmake
[2.555s] -- Installing: /home/bninaos/Documents/ros2_ws/install/cpp_srvcli/share/cpp_srvcli/package.xml
[2.557s] Invoked command in '/home/bninaos/Documents/ros2_ws/build/cpp_srvcli' returned '0': AMENT_PREFIX_PATH=/home/bninaos/Documents/ros2_ws/install/seabot_interfaces:${AMENT_PREFIX_PATH} CMAKE_PREFIX_PATH=/home/bninaos/Documents/ros2_ws/install/seabot_interfaces:/home/bninaos/microros/install/micro_ros_setup:/home/bninaos/microros/install/micro_ros_agent:/home/bninaos/microros/install/micro_ros_msgs:/opt/ros/humble LD_LIBRARY_PATH=/home/bninaos/Documents/ros2_ws/install/seabot_interfaces/lib:${LD_LIBRARY_PATH} PYTHONPATH=/home/bninaos/Documents/ros2_ws/install/seabot_interfaces/local/lib/python3.10/dist-packages:${PYTHONPATH} /usr/bin/cmake --install /home/bninaos/Documents/ros2_ws/build/cpp_srvcli
