[0.070s] DEBUG:colcon:Command line arguments: ['/usr/bin/colcon', 'build']
[0.070s] DEBUG:colcon:Parsed command line arguments: Namespace(log_base=None, log_level=None, verb_name='build', build_base='build', install_base='install', merge_install=False, symlink_install=False, test_result_base=None, continue_on_error=False, executor='parallel', parallel_workers=8, event_handlers=None, ignore_user_meta=False, metas=['./colcon.meta'], base_paths=['.'], packages_ignore=None, packages_ignore_regex=None, paths=None, packages_up_to=None, packages_up_to_regex=None, packages_above=None, packages_above_and_dependencies=None, packages_above_depth=None, packages_select_by_dep=None, packages_skip_by_dep=None, packages_skip_up_to=None, packages_select_build_failed=False, packages_skip_build_finished=False, packages_select_test_failures=False, packages_skip_test_passed=False, packages_select=None, packages_skip=None, packages_select_regex=None, packages_skip_regex=None, packages_start=None, packages_end=None, allow_overriding=[], cmake_args=None, cmake_target=None, cmake_target_skip_unavailable=False, cmake_clean_cache=False, cmake_clean_first=False, cmake_force_configure=False, ament_cmake_args=None, catkin_cmake_args=None, catkin_skip_building_tests=False, mixin_files=None, mixin=None, verb_parser=<colcon_mixin.mixin.mixin_argument.MixinArgumentDecorator object at 0x7d99afb30220>, verb_extension=<colcon_core.verb.build.BuildVerb object at 0x7d99afcf7760>, main=<bound method BuildVerb.main of <colcon_core.verb.build.BuildVerb object at 0x7d99afcf7760>>, mixin_verb=('build',))
[0.173s] Level 1:colcon.colcon_core.package_discovery:discover_packages(colcon_meta) check parameters
[0.173s] Level 1:colcon.colcon_core.package_discovery:discover_packages(recursive) check parameters
[0.173s] Level 1:colcon.colcon_core.package_discovery:discover_packages(ignore) check parameters
[0.173s] Level 1:colcon.colcon_core.package_discovery:discover_packages(path) check parameters
[0.173s] Level 1:colcon.colcon_core.package_discovery:discover_packages(colcon_meta) discover
[0.173s] Level 1:colcon.colcon_core.package_discovery:discover_packages(recursive) discover
[0.173s] INFO:colcon.colcon_core.package_discovery:Crawling recursively for packages in '/home/bninaos/Documents/ros2_ws'
[0.173s] Level 1:colcon.colcon_core.package_identification:_identify(.) by extensions ['ignore', 'ignore_ament_install']
[0.173s] Level 1:colcon.colcon_core.package_identification:_identify(.) by extension 'ignore'
[0.173s] Level 1:colcon.colcon_core.package_identification:_identify(.) by extension 'ignore_ament_install'
[0.173s] Level 1:colcon.colcon_core.package_identification:_identify(.) by extensions ['colcon_pkg']
[0.173s] Level 1:colcon.colcon_core.package_identification:_identify(.) by extension 'colcon_pkg'
[0.173s] Level 1:colcon.colcon_core.package_identification:_identify(.) by extensions ['colcon_meta']
[0.173s] Level 1:colcon.colcon_core.package_identification:_identify(.) by extension 'colcon_meta'
[0.173s] Level 1:colcon.colcon_core.package_identification:_identify(.) by extensions ['ros']
[0.173s] Level 1:colcon.colcon_core.package_identification:_identify(.) by extension 'ros'
[0.181s] Level 1:colcon.colcon_core.package_identification:_identify(.) by extensions ['cmake', 'python']
[0.181s] Level 1:colcon.colcon_core.package_identification:_identify(.) by extension 'cmake'
[0.181s] Level 1:colcon.colcon_core.package_identification:_identify(.) by extension 'python'
[0.181s] Level 1:colcon.colcon_core.package_identification:_identify(.) by extensions ['python_setup_py']
[0.181s] Level 1:colcon.colcon_core.package_identification:_identify(.) by extension 'python_setup_py'
[0.181s] Level 1:colcon.colcon_core.package_identification:_identify(build) by extensions ['ignore', 'ignore_ament_install']
[0.181s] Level 1:colcon.colcon_core.package_identification:_identify(build) by extension 'ignore'
[0.181s] Level 1:colcon.colcon_core.package_identification:_identify(build) ignored
[0.181s] Level 1:colcon.colcon_core.package_identification:_identify(install) by extensions ['ignore', 'ignore_ament_install']
[0.181s] Level 1:colcon.colcon_core.package_identification:_identify(install) by extension 'ignore'
[0.181s] Level 1:colcon.colcon_core.package_identification:_identify(install) ignored
[0.181s] Level 1:colcon.colcon_core.package_identification:_identify(log) by extensions ['ignore', 'ignore_ament_install']
[0.181s] Level 1:colcon.colcon_core.package_identification:_identify(log) by extension 'ignore'
[0.182s] Level 1:colcon.colcon_core.package_identification:_identify(log) ignored
[0.182s] Level 1:colcon.colcon_core.package_identification:_identify(src) by extensions ['ignore', 'ignore_ament_install']
[0.182s] Level 1:colcon.colcon_core.package_identification:_identify(src) by extension 'ignore'
[0.182s] Level 1:colcon.colcon_core.package_identification:_identify(src) by extension 'ignore_ament_install'
[0.182s] Level 1:colcon.colcon_core.package_identification:_identify(src) by extensions ['colcon_pkg']
[0.182s] Level 1:colcon.colcon_core.package_identification:_identify(src) by extension 'colcon_pkg'
[0.182s] Level 1:colcon.colcon_core.package_identification:_identify(src) by extensions ['colcon_meta']
[0.182s] Level 1:colcon.colcon_core.package_identification:_identify(src) by extension 'colcon_meta'
[0.182s] Level 1:colcon.colcon_core.package_identification:_identify(src) by extensions ['ros']
[0.182s] Level 1:colcon.colcon_core.package_identification:_identify(src) by extension 'ros'
[0.182s] Level 1:colcon.colcon_core.package_identification:_identify(src) by extensions ['cmake', 'python']
[0.182s] Level 1:colcon.colcon_core.package_identification:_identify(src) by extension 'cmake'
[0.182s] Level 1:colcon.colcon_core.package_identification:_identify(src) by extension 'python'
[0.182s] Level 1:colcon.colcon_core.package_identification:_identify(src) by extensions ['python_setup_py']
[0.182s] Level 1:colcon.colcon_core.package_identification:_identify(src) by extension 'python_setup_py'
[0.182s] Level 1:colcon.colcon_core.package_identification:_identify(src/cpp_pubsub) by extensions ['ignore', 'ignore_ament_install']
[0.182s] Level 1:colcon.colcon_core.package_identification:_identify(src/cpp_pubsub) by extension 'ignore'
[0.182s] Level 1:colcon.colcon_core.package_identification:_identify(src/cpp_pubsub) by extension 'ignore_ament_install'
[0.182s] Level 1:colcon.colcon_core.package_identification:_identify(src/cpp_pubsub) by extensions ['colcon_pkg']
[0.182s] Level 1:colcon.colcon_core.package_identification:_identify(src/cpp_pubsub) by extension 'colcon_pkg'
[0.182s] Level 1:colcon.colcon_core.package_identification:_identify(src/cpp_pubsub) by extensions ['colcon_meta']
[0.182s] Level 1:colcon.colcon_core.package_identification:_identify(src/cpp_pubsub) by extension 'colcon_meta'
[0.182s] Level 1:colcon.colcon_core.package_identification:_identify(src/cpp_pubsub) by extensions ['ros']
[0.182s] Level 1:colcon.colcon_core.package_identification:_identify(src/cpp_pubsub) by extension 'ros'
[0.184s] DEBUG:colcon.colcon_core.package_identification:Package 'src/cpp_pubsub' with type 'ros.ament_cmake' and name 'cpp_pubsub'
[0.184s] Level 1:colcon.colcon_core.package_identification:_identify(src/cpp_srvcli) by extensions ['ignore', 'ignore_ament_install']
[0.184s] Level 1:colcon.colcon_core.package_identification:_identify(src/cpp_srvcli) by extension 'ignore'
[0.184s] Level 1:colcon.colcon_core.package_identification:_identify(src/cpp_srvcli) by extension 'ignore_ament_install'
[0.184s] Level 1:colcon.colcon_core.package_identification:_identify(src/cpp_srvcli) by extensions ['colcon_pkg']
[0.184s] Level 1:colcon.colcon_core.package_identification:_identify(src/cpp_srvcli) by extension 'colcon_pkg'
[0.184s] Level 1:colcon.colcon_core.package_identification:_identify(src/cpp_srvcli) by extensions ['colcon_meta']
[0.184s] Level 1:colcon.colcon_core.package_identification:_identify(src/cpp_srvcli) by extension 'colcon_meta'
[0.184s] Level 1:colcon.colcon_core.package_identification:_identify(src/cpp_srvcli) by extensions ['ros']
[0.184s] Level 1:colcon.colcon_core.package_identification:_identify(src/cpp_srvcli) by extension 'ros'
[0.185s] DEBUG:colcon.colcon_core.package_identification:Package 'src/cpp_srvcli' with type 'ros.ament_cmake' and name 'cpp_srvcli'
[0.185s] Level 1:colcon.colcon_core.package_identification:_identify(src/seabot_interfaces) by extensions ['ignore', 'ignore_ament_install']
[0.185s] Level 1:colcon.colcon_core.package_identification:_identify(src/seabot_interfaces) by extension 'ignore'
[0.185s] Level 1:colcon.colcon_core.package_identification:_identify(src/seabot_interfaces) by extension 'ignore_ament_install'
[0.185s] Level 1:colcon.colcon_core.package_identification:_identify(src/seabot_interfaces) by extensions ['colcon_pkg']
[0.185s] Level 1:colcon.colcon_core.package_identification:_identify(src/seabot_interfaces) by extension 'colcon_pkg'
[0.185s] Level 1:colcon.colcon_core.package_identification:_identify(src/seabot_interfaces) by extensions ['colcon_meta']
[0.185s] Level 1:colcon.colcon_core.package_identification:_identify(src/seabot_interfaces) by extension 'colcon_meta'
[0.185s] Level 1:colcon.colcon_core.package_identification:_identify(src/seabot_interfaces) by extensions ['ros']
[0.185s] Level 1:colcon.colcon_core.package_identification:_identify(src/seabot_interfaces) by extension 'ros'
[0.185s] DEBUG:colcon.colcon_core.package_identification:Package 'src/seabot_interfaces' with type 'ros.ament_cmake' and name 'seabot_interfaces'
[0.185s] Level 1:colcon.colcon_core.package_discovery:discover_packages(recursive) using defaults
[0.185s] Level 1:colcon.colcon_core.package_discovery:discover_packages(ignore) discover
[0.185s] Level 1:colcon.colcon_core.package_discovery:discover_packages(ignore) using defaults
[0.185s] Level 1:colcon.colcon_core.package_discovery:discover_packages(path) discover
[0.185s] Level 1:colcon.colcon_core.package_discovery:discover_packages(path) using defaults
[0.200s] Level 1:colcon.colcon_core.package_discovery:discover_packages(prefix_path) check parameters
[0.200s] Level 1:colcon.colcon_core.package_discovery:discover_packages(prefix_path) discover
[0.201s] DEBUG:colcon.colcon_installed_package_information.package_discovery:Found 4 installed packages in /home/bninaos/Documents/ros2_ws/install
[0.201s] DEBUG:colcon.colcon_installed_package_information.package_discovery:Found 3 installed packages in /home/bninaos/microros/install
[0.202s] DEBUG:colcon.colcon_installed_package_information.package_discovery:Found 180 installed packages in /opt/ros/humble
[0.202s] Level 1:colcon.colcon_core.package_discovery:discover_packages(prefix_path) using defaults
[0.218s] Level 5:colcon.colcon_core.verb:set package 'seabot_interfaces' build argument 'cmake_args' from command line to 'None'
[0.218s] Level 5:colcon.colcon_core.verb:set package 'seabot_interfaces' build argument 'cmake_target' from command line to 'None'
[0.218s] Level 5:colcon.colcon_core.verb:set package 'seabot_interfaces' build argument 'cmake_target_skip_unavailable' from command line to 'False'
[0.218s] Level 5:colcon.colcon_core.verb:set package 'seabot_interfaces' build argument 'cmake_clean_cache' from command line to 'False'
[0.218s] Level 5:colcon.colcon_core.verb:set package 'seabot_interfaces' build argument 'cmake_clean_first' from command line to 'False'
[0.218s] Level 5:colcon.colcon_core.verb:set package 'seabot_interfaces' build argument 'cmake_force_configure' from command line to 'False'
[0.218s] Level 5:colcon.colcon_core.verb:set package 'seabot_interfaces' build argument 'ament_cmake_args' from command line to 'None'
[0.218s] Level 5:colcon.colcon_core.verb:set package 'seabot_interfaces' build argument 'catkin_cmake_args' from command line to 'None'
[0.218s] Level 5:colcon.colcon_core.verb:set package 'seabot_interfaces' build argument 'catkin_skip_building_tests' from command line to 'False'
[0.218s] DEBUG:colcon.colcon_core.verb:Building package 'seabot_interfaces' with the following arguments: {'ament_cmake_args': None, 'build_base': '/home/bninaos/Documents/ros2_ws/build/seabot_interfaces', 'catkin_cmake_args': None, 'catkin_skip_building_tests': False, 'cmake_args': None, 'cmake_clean_cache': False, 'cmake_clean_first': False, 'cmake_force_configure': False, 'cmake_target': None, 'cmake_target_skip_unavailable': False, 'install_base': '/home/bninaos/Documents/ros2_ws/install/seabot_interfaces', 'merge_install': False, 'path': '/home/bninaos/Documents/ros2_ws/src/seabot_interfaces', 'symlink_install': False, 'test_result_base': None}
[0.218s] Level 5:colcon.colcon_core.verb:set package 'cpp_pubsub' build argument 'cmake_args' from command line to 'None'
[0.218s] Level 5:colcon.colcon_core.verb:set package 'cpp_pubsub' build argument 'cmake_target' from command line to 'None'
[0.218s] Level 5:colcon.colcon_core.verb:set package 'cpp_pubsub' build argument 'cmake_target_skip_unavailable' from command line to 'False'
[0.218s] Level 5:colcon.colcon_core.verb:set package 'cpp_pubsub' build argument 'cmake_clean_cache' from command line to 'False'
[0.218s] Level 5:colcon.colcon_core.verb:set package 'cpp_pubsub' build argument 'cmake_clean_first' from command line to 'False'
[0.218s] Level 5:colcon.colcon_core.verb:set package 'cpp_pubsub' build argument 'cmake_force_configure' from command line to 'False'
[0.218s] Level 5:colcon.colcon_core.verb:set package 'cpp_pubsub' build argument 'ament_cmake_args' from command line to 'None'
[0.218s] Level 5:colcon.colcon_core.verb:set package 'cpp_pubsub' build argument 'catkin_cmake_args' from command line to 'None'
[0.218s] Level 5:colcon.colcon_core.verb:set package 'cpp_pubsub' build argument 'catkin_skip_building_tests' from command line to 'False'
[0.218s] DEBUG:colcon.colcon_core.verb:Building package 'cpp_pubsub' with the following arguments: {'ament_cmake_args': None, 'build_base': '/home/bninaos/Documents/ros2_ws/build/cpp_pubsub', 'catkin_cmake_args': None, 'catkin_skip_building_tests': False, 'cmake_args': None, 'cmake_clean_cache': False, 'cmake_clean_first': False, 'cmake_force_configure': False, 'cmake_target': None, 'cmake_target_skip_unavailable': False, 'install_base': '/home/bninaos/Documents/ros2_ws/install/cpp_pubsub', 'merge_install': False, 'path': '/home/bninaos/Documents/ros2_ws/src/cpp_pubsub', 'symlink_install': False, 'test_result_base': None}
[0.218s] Level 5:colcon.colcon_core.verb:set package 'cpp_srvcli' build argument 'cmake_args' from command line to 'None'
[0.218s] Level 5:colcon.colcon_core.verb:set package 'cpp_srvcli' build argument 'cmake_target' from command line to 'None'
[0.219s] Level 5:colcon.colcon_core.verb:set package 'cpp_srvcli' build argument 'cmake_target_skip_unavailable' from command line to 'False'
[0.219s] Level 5:colcon.colcon_core.verb:set package 'cpp_srvcli' build argument 'cmake_clean_cache' from command line to 'False'
[0.219s] Level 5:colcon.colcon_core.verb:set package 'cpp_srvcli' build argument 'cmake_clean_first' from command line to 'False'
[0.219s] Level 5:colcon.colcon_core.verb:set package 'cpp_srvcli' build argument 'cmake_force_configure' from command line to 'False'
[0.219s] Level 5:colcon.colcon_core.verb:set package 'cpp_srvcli' build argument 'ament_cmake_args' from command line to 'None'
[0.219s] Level 5:colcon.colcon_core.verb:set package 'cpp_srvcli' build argument 'catkin_cmake_args' from command line to 'None'
[0.219s] Level 5:colcon.colcon_core.verb:set package 'cpp_srvcli' build argument 'catkin_skip_building_tests' from command line to 'False'
[0.219s] DEBUG:colcon.colcon_core.verb:Building package 'cpp_srvcli' with the following arguments: {'ament_cmake_args': None, 'build_base': '/home/bninaos/Documents/ros2_ws/build/cpp_srvcli', 'catkin_cmake_args': None, 'catkin_skip_building_tests': False, 'cmake_args': None, 'cmake_clean_cache': False, 'cmake_clean_first': False, 'cmake_force_configure': False, 'cmake_target': None, 'cmake_target_skip_unavailable': False, 'install_base': '/home/bninaos/Documents/ros2_ws/install/cpp_srvcli', 'merge_install': False, 'path': '/home/bninaos/Documents/ros2_ws/src/cpp_srvcli', 'symlink_install': False, 'test_result_base': None}
[0.219s] INFO:colcon.colcon_core.executor:Executing jobs using 'parallel' executor
[0.220s] DEBUG:colcon.colcon_parallel_executor.executor.parallel:run_until_complete
[0.220s] INFO:colcon.colcon_ros.task.ament_cmake.build:Building ROS package in '/home/bninaos/Documents/ros2_ws/src/seabot_interfaces' with build type 'ament_cmake'
[0.220s] INFO:colcon.colcon_cmake.task.cmake.build:Building CMake package in '/home/bninaos/Documents/ros2_ws/src/seabot_interfaces'
[0.221s] INFO:colcon.colcon_core.plugin_system:Skipping extension 'colcon_core.shell.bat': Not used on non-Windows systems
[0.222s] INFO:colcon.colcon_core.shell:Skip shell extension 'powershell' for command environment: Not usable outside of PowerShell
[0.222s] DEBUG:colcon.colcon_core.shell:Skip shell extension 'dsv' for command environment
[0.283s] DEBUG:colcon.colcon_core.event_handler.log_command:Invoking command in '/home/bninaos/Documents/ros2_ws/build/seabot_interfaces': CMAKE_PREFIX_PATH=${CMAKE_PREFIX_PATH}:/opt/ros/humble /usr/bin/cmake --build /home/bninaos/Documents/ros2_ws/build/seabot_interfaces -- -j8 -l8
[1.720s] DEBUG:colcon.colcon_core.event_handler.log_command:Invoked command in '/home/bninaos/Documents/ros2_ws/build/seabot_interfaces' returned '0': CMAKE_PREFIX_PATH=${CMAKE_PREFIX_PATH}:/opt/ros/humble /usr/bin/cmake --build /home/bninaos/Documents/ros2_ws/build/seabot_interfaces -- -j8 -l8
[1.792s] DEBUG:colcon.colcon_core.event_handler.log_command:Invoking command in '/home/bninaos/Documents/ros2_ws/build/seabot_interfaces': CMAKE_PREFIX_PATH=${CMAKE_PREFIX_PATH}:/opt/ros/humble /usr/bin/cmake --install /home/bninaos/Documents/ros2_ws/build/seabot_interfaces
[2.054s] Level 1:colcon.colcon_core.environment:create_environment_scripts_only(seabot_interfaces)
[2.054s] DEBUG:colcon.colcon_core.event_handler.log_command:Invoked command in '/home/bninaos/Documents/ros2_ws/build/seabot_interfaces' returned '0': CMAKE_PREFIX_PATH=${CMAKE_PREFIX_PATH}:/opt/ros/humble /usr/bin/cmake --install /home/bninaos/Documents/ros2_ws/build/seabot_interfaces
[2.056s] Level 1:colcon.colcon_core.environment:checking '/home/bninaos/Documents/ros2_ws/install/seabot_interfaces' for CMake module files
[2.056s] Level 1:colcon.colcon_core.environment:checking '/home/bninaos/Documents/ros2_ws/install/seabot_interfaces' for CMake config files
[2.083s] Level 1:colcon.colcon_core.shell:create_environment_hook('seabot_interfaces', 'cmake_prefix_path')
[2.083s] INFO:colcon.colcon_core.shell:Creating environment hook '/home/bninaos/Documents/ros2_ws/install/seabot_interfaces/share/seabot_interfaces/hook/cmake_prefix_path.ps1'
[2.086s] INFO:colcon.colcon_core.shell:Creating environment descriptor '/home/bninaos/Documents/ros2_ws/install/seabot_interfaces/share/seabot_interfaces/hook/cmake_prefix_path.dsv'
[2.087s] INFO:colcon.colcon_core.shell:Creating environment hook '/home/bninaos/Documents/ros2_ws/install/seabot_interfaces/share/seabot_interfaces/hook/cmake_prefix_path.sh'
[2.089s] Level 1:colcon.colcon_core.environment:checking '/home/bninaos/Documents/ros2_ws/install/seabot_interfaces/lib'
[2.090s] Level 1:colcon.colcon_core.shell:create_environment_hook('seabot_interfaces', 'ld_library_path_lib')
[2.090s] INFO:colcon.colcon_core.shell:Creating environment hook '/home/bninaos/Documents/ros2_ws/install/seabot_interfaces/share/seabot_interfaces/hook/ld_library_path_lib.ps1'
[2.091s] INFO:colcon.colcon_core.shell:Creating environment descriptor '/home/bninaos/Documents/ros2_ws/install/seabot_interfaces/share/seabot_interfaces/hook/ld_library_path_lib.dsv'
[2.091s] INFO:colcon.colcon_core.shell:Creating environment hook '/home/bninaos/Documents/ros2_ws/install/seabot_interfaces/share/seabot_interfaces/hook/ld_library_path_lib.sh'
[2.092s] Level 1:colcon.colcon_core.environment:checking '/home/bninaos/Documents/ros2_ws/install/seabot_interfaces/bin'
[2.092s] Level 1:colcon.colcon_core.environment:checking '/home/bninaos/Documents/ros2_ws/install/seabot_interfaces/lib/pkgconfig/seabot_interfaces.pc'
[2.092s] Level 1:colcon.colcon_core.environment:checking '/home/bninaos/Documents/ros2_ws/install/seabot_interfaces/lib/python3.10/site-packages'
[2.093s] Level 1:colcon.colcon_core.environment:checking '/home/bninaos/Documents/ros2_ws/install/seabot_interfaces/bin'
[2.093s] INFO:colcon.colcon_core.shell:Creating package script '/home/bninaos/Documents/ros2_ws/install/seabot_interfaces/share/seabot_interfaces/package.ps1'
[2.095s] INFO:colcon.colcon_core.shell:Creating package descriptor '/home/bninaos/Documents/ros2_ws/install/seabot_interfaces/share/seabot_interfaces/package.dsv'
[2.096s] INFO:colcon.colcon_core.shell:Creating package script '/home/bninaos/Documents/ros2_ws/install/seabot_interfaces/share/seabot_interfaces/package.sh'
[2.107s] INFO:colcon.colcon_core.shell:Creating package script '/home/bninaos/Documents/ros2_ws/install/seabot_interfaces/share/seabot_interfaces/package.bash'
[2.108s] INFO:colcon.colcon_core.shell:Creating package script '/home/bninaos/Documents/ros2_ws/install/seabot_interfaces/share/seabot_interfaces/package.zsh'
[2.110s] Level 1:colcon.colcon_core.environment:create_file_with_runtime_dependencies(/home/bninaos/Documents/ros2_ws/install/seabot_interfaces/share/colcon-core/packages/seabot_interfaces)
[2.213s] Level 1:colcon.colcon_core.environment:create_environment_scripts_only(seabot_interfaces)
[2.214s] Level 1:colcon.colcon_core.environment:checking '/home/bninaos/Documents/ros2_ws/install/seabot_interfaces' for CMake module files
[2.214s] Level 1:colcon.colcon_core.environment:checking '/home/bninaos/Documents/ros2_ws/install/seabot_interfaces' for CMake config files
[2.214s] Level 1:colcon.colcon_core.shell:create_environment_hook('seabot_interfaces', 'cmake_prefix_path')
[2.214s] INFO:colcon.colcon_core.shell:Creating environment hook '/home/bninaos/Documents/ros2_ws/install/seabot_interfaces/share/seabot_interfaces/hook/cmake_prefix_path.ps1'
[2.215s] INFO:colcon.colcon_core.shell:Creating environment descriptor '/home/bninaos/Documents/ros2_ws/install/seabot_interfaces/share/seabot_interfaces/hook/cmake_prefix_path.dsv'
[2.215s] INFO:colcon.colcon_core.shell:Creating environment hook '/home/bninaos/Documents/ros2_ws/install/seabot_interfaces/share/seabot_interfaces/hook/cmake_prefix_path.sh'
[2.215s] Level 1:colcon.colcon_core.environment:checking '/home/bninaos/Documents/ros2_ws/install/seabot_interfaces/lib'
[2.215s] Level 1:colcon.colcon_core.shell:create_environment_hook('seabot_interfaces', 'ld_library_path_lib')
[2.215s] INFO:colcon.colcon_core.shell:Creating environment hook '/home/bninaos/Documents/ros2_ws/install/seabot_interfaces/share/seabot_interfaces/hook/ld_library_path_lib.ps1'
[2.216s] INFO:colcon.colcon_core.shell:Creating environment descriptor '/home/bninaos/Documents/ros2_ws/install/seabot_interfaces/share/seabot_interfaces/hook/ld_library_path_lib.dsv'
[2.216s] INFO:colcon.colcon_core.shell:Creating environment hook '/home/bninaos/Documents/ros2_ws/install/seabot_interfaces/share/seabot_interfaces/hook/ld_library_path_lib.sh'
[2.216s] Level 1:colcon.colcon_core.environment:checking '/home/bninaos/Documents/ros2_ws/install/seabot_interfaces/bin'
[2.216s] Level 1:colcon.colcon_core.environment:checking '/home/bninaos/Documents/ros2_ws/install/seabot_interfaces/lib/pkgconfig/seabot_interfaces.pc'
[2.216s] Level 1:colcon.colcon_core.environment:checking '/home/bninaos/Documents/ros2_ws/install/seabot_interfaces/lib/python3.10/site-packages'
[2.216s] Level 1:colcon.colcon_core.environment:checking '/home/bninaos/Documents/ros2_ws/install/seabot_interfaces/bin'
[2.217s] INFO:colcon.colcon_core.shell:Creating package script '/home/bninaos/Documents/ros2_ws/install/seabot_interfaces/share/seabot_interfaces/package.ps1'
[2.220s] INFO:colcon.colcon_core.shell:Creating package descriptor '/home/bninaos/Documents/ros2_ws/install/seabot_interfaces/share/seabot_interfaces/package.dsv'
[2.221s] INFO:colcon.colcon_core.shell:Creating package script '/home/bninaos/Documents/ros2_ws/install/seabot_interfaces/share/seabot_interfaces/package.sh'
[2.221s] INFO:colcon.colcon_core.shell:Creating package script '/home/bninaos/Documents/ros2_ws/install/seabot_interfaces/share/seabot_interfaces/package.bash'
[2.231s] INFO:colcon.colcon_core.shell:Creating package script '/home/bninaos/Documents/ros2_ws/install/seabot_interfaces/share/seabot_interfaces/package.zsh'
[2.231s] Level 1:colcon.colcon_core.environment:create_file_with_runtime_dependencies(/home/bninaos/Documents/ros2_ws/install/seabot_interfaces/share/colcon-core/packages/seabot_interfaces)
[2.231s] INFO:colcon.colcon_ros.task.ament_cmake.build:Building ROS package in '/home/bninaos/Documents/ros2_ws/src/cpp_pubsub' with build type 'ament_cmake'
[2.231s] INFO:colcon.colcon_cmake.task.cmake.build:Building CMake package in '/home/bninaos/Documents/ros2_ws/src/cpp_pubsub'
[2.232s] INFO:colcon.colcon_core.shell:Skip shell extension 'powershell' for command environment: Not usable outside of PowerShell
[2.232s] DEBUG:colcon.colcon_core.shell:Skip shell extension 'dsv' for command environment
[2.234s] INFO:colcon.colcon_ros.task.ament_cmake.build:Building ROS package in '/home/bninaos/Documents/ros2_ws/src/cpp_srvcli' with build type 'ament_cmake'
[2.234s] INFO:colcon.colcon_cmake.task.cmake.build:Building CMake package in '/home/bninaos/Documents/ros2_ws/src/cpp_srvcli'
[2.234s] INFO:colcon.colcon_core.shell:Skip shell extension 'powershell' for command environment: Not usable outside of PowerShell
[2.234s] DEBUG:colcon.colcon_core.shell:Skip shell extension 'dsv' for command environment
[2.278s] DEBUG:colcon.colcon_core.event_handler.log_command:Invoking command in '/home/bninaos/Documents/ros2_ws/build/cpp_pubsub': CMAKE_PREFIX_PATH=/home/bninaos/Documents/ros2_ws/install/seabot_interfaces:/home/bninaos/microros/install/micro_ros_setup:/home/bninaos/microros/install/micro_ros_agent:/home/bninaos/microros/install/micro_ros_msgs:/home/bninaos/Documents/ros2_ws/install/cpp_srvcli:/home/bninaos/Documents/ros2_ws/install/cpp_pubsub:/opt/ros/humble LD_LIBRARY_PATH=/home/bninaos/Documents/ros2_ws/install/seabot_interfaces/lib:/home/bninaos/microros/install/micro_ros_agent/lib:/home/bninaos/microros/install/micro_ros_msgs/lib:/opt/ros/humble/lib/x86_64-linux-gnu:/opt/ros/humble/lib /usr/bin/cmake --build /home/bninaos/Documents/ros2_ws/build/cpp_pubsub -- -j8 -l8
[2.360s] DEBUG:colcon.colcon_core.event_handler.log_command:Invoking command in '/home/bninaos/Documents/ros2_ws/build/cpp_srvcli': CMAKE_PREFIX_PATH=/home/bninaos/Documents/ros2_ws/install/seabot_interfaces:/home/bninaos/microros/install/micro_ros_setup:/home/bninaos/microros/install/micro_ros_agent:/home/bninaos/microros/install/micro_ros_msgs:/home/bninaos/Documents/ros2_ws/install/cpp_srvcli:/home/bninaos/Documents/ros2_ws/install/cpp_pubsub:/opt/ros/humble LD_LIBRARY_PATH=/home/bninaos/Documents/ros2_ws/install/seabot_interfaces/lib:/home/bninaos/microros/install/micro_ros_agent/lib:/home/bninaos/microros/install/micro_ros_msgs/lib:/opt/ros/humble/lib/x86_64-linux-gnu:/opt/ros/humble/lib /usr/bin/cmake --build /home/bninaos/Documents/ros2_ws/build/cpp_srvcli -- -j8 -l8
[2.527s] DEBUG:colcon.colcon_core.event_handler.log_command:Invoked command in '/home/bninaos/Documents/ros2_ws/build/cpp_pubsub' returned '0': CMAKE_PREFIX_PATH=/home/bninaos/Documents/ros2_ws/install/seabot_interfaces:/home/bninaos/microros/install/micro_ros_setup:/home/bninaos/microros/install/micro_ros_agent:/home/bninaos/microros/install/micro_ros_msgs:/home/bninaos/Documents/ros2_ws/install/cpp_srvcli:/home/bninaos/Documents/ros2_ws/install/cpp_pubsub:/opt/ros/humble LD_LIBRARY_PATH=/home/bninaos/Documents/ros2_ws/install/seabot_interfaces/lib:/home/bninaos/microros/install/micro_ros_agent/lib:/home/bninaos/microros/install/micro_ros_msgs/lib:/opt/ros/humble/lib/x86_64-linux-gnu:/opt/ros/humble/lib /usr/bin/cmake --build /home/bninaos/Documents/ros2_ws/build/cpp_pubsub -- -j8 -l8
[2.550s] DEBUG:colcon.colcon_core.event_handler.log_command:Invoking command in '/home/bninaos/Documents/ros2_ws/build/cpp_pubsub': CMAKE_PREFIX_PATH=/home/bninaos/Documents/ros2_ws/install/seabot_interfaces:/home/bninaos/microros/install/micro_ros_setup:/home/bninaos/microros/install/micro_ros_agent:/home/bninaos/microros/install/micro_ros_msgs:/home/bninaos/Documents/ros2_ws/install/cpp_srvcli:/home/bninaos/Documents/ros2_ws/install/cpp_pubsub:/opt/ros/humble LD_LIBRARY_PATH=/home/bninaos/Documents/ros2_ws/install/seabot_interfaces/lib:/home/bninaos/microros/install/micro_ros_agent/lib:/home/bninaos/microros/install/micro_ros_msgs/lib:/opt/ros/humble/lib/x86_64-linux-gnu:/opt/ros/humble/lib /usr/bin/cmake --install /home/bninaos/Documents/ros2_ws/build/cpp_pubsub
[2.710s] Level 1:colcon.colcon_core.environment:create_environment_scripts_only(cpp_pubsub)
[2.710s] Level 1:colcon.colcon_core.environment:checking '/home/bninaos/Documents/ros2_ws/install/cpp_pubsub' for CMake module files
[2.711s] DEBUG:colcon.colcon_core.event_handler.log_command:Invoked command in '/home/bninaos/Documents/ros2_ws/build/cpp_pubsub' returned '0': CMAKE_PREFIX_PATH=/home/bninaos/Documents/ros2_ws/install/seabot_interfaces:/home/bninaos/microros/install/micro_ros_setup:/home/bninaos/microros/install/micro_ros_agent:/home/bninaos/microros/install/micro_ros_msgs:/home/bninaos/Documents/ros2_ws/install/cpp_srvcli:/home/bninaos/Documents/ros2_ws/install/cpp_pubsub:/opt/ros/humble LD_LIBRARY_PATH=/home/bninaos/Documents/ros2_ws/install/seabot_interfaces/lib:/home/bninaos/microros/install/micro_ros_agent/lib:/home/bninaos/microros/install/micro_ros_msgs/lib:/opt/ros/humble/lib/x86_64-linux-gnu:/opt/ros/humble/lib /usr/bin/cmake --install /home/bninaos/Documents/ros2_ws/build/cpp_pubsub
[2.719s] Level 1:colcon.colcon_core.environment:checking '/home/bninaos/Documents/ros2_ws/install/cpp_pubsub' for CMake config files
[2.719s] Level 1:colcon.colcon_core.shell:create_environment_hook('cpp_pubsub', 'cmake_prefix_path')
[2.719s] INFO:colcon.colcon_core.shell:Creating environment hook '/home/bninaos/Documents/ros2_ws/install/cpp_pubsub/share/cpp_pubsub/hook/cmake_prefix_path.ps1'
[2.720s] INFO:colcon.colcon_core.shell:Creating environment descriptor '/home/bninaos/Documents/ros2_ws/install/cpp_pubsub/share/cpp_pubsub/hook/cmake_prefix_path.dsv'
[2.720s] INFO:colcon.colcon_core.shell:Creating environment hook '/home/bninaos/Documents/ros2_ws/install/cpp_pubsub/share/cpp_pubsub/hook/cmake_prefix_path.sh'
[2.721s] Level 1:colcon.colcon_core.environment:checking '/home/bninaos/Documents/ros2_ws/install/cpp_pubsub/lib'
[2.721s] Level 1:colcon.colcon_core.environment:checking '/home/bninaos/Documents/ros2_ws/install/cpp_pubsub/bin'
[2.721s] Level 1:colcon.colcon_core.environment:checking '/home/bninaos/Documents/ros2_ws/install/cpp_pubsub/lib/pkgconfig/cpp_pubsub.pc'
[2.721s] Level 1:colcon.colcon_core.environment:checking '/home/bninaos/Documents/ros2_ws/install/cpp_pubsub/lib/python3.10/site-packages'
[2.721s] Level 1:colcon.colcon_core.environment:checking '/home/bninaos/Documents/ros2_ws/install/cpp_pubsub/bin'
[2.721s] INFO:colcon.colcon_core.shell:Creating package script '/home/bninaos/Documents/ros2_ws/install/cpp_pubsub/share/cpp_pubsub/package.ps1'
[2.722s] INFO:colcon.colcon_core.shell:Creating package descriptor '/home/bninaos/Documents/ros2_ws/install/cpp_pubsub/share/cpp_pubsub/package.dsv'
[2.722s] INFO:colcon.colcon_core.shell:Creating package script '/home/bninaos/Documents/ros2_ws/install/cpp_pubsub/share/cpp_pubsub/package.sh'
[2.722s] INFO:colcon.colcon_core.shell:Creating package script '/home/bninaos/Documents/ros2_ws/install/cpp_pubsub/share/cpp_pubsub/package.bash'
[2.722s] INFO:colcon.colcon_core.shell:Creating package script '/home/bninaos/Documents/ros2_ws/install/cpp_pubsub/share/cpp_pubsub/package.zsh'
[2.723s] Level 1:colcon.colcon_core.environment:create_file_with_runtime_dependencies(/home/bninaos/Documents/ros2_ws/install/cpp_pubsub/share/colcon-core/packages/cpp_pubsub)
[2.742s] Level 1:colcon.colcon_core.environment:create_environment_scripts_only(cpp_pubsub)
[2.742s] Level 1:colcon.colcon_core.environment:checking '/home/bninaos/Documents/ros2_ws/install/cpp_pubsub' for CMake module files
[2.743s] Level 1:colcon.colcon_core.environment:checking '/home/bninaos/Documents/ros2_ws/install/cpp_pubsub' for CMake config files
[2.743s] Level 1:colcon.colcon_core.shell:create_environment_hook('cpp_pubsub', 'cmake_prefix_path')
[2.743s] INFO:colcon.colcon_core.shell:Creating environment hook '/home/bninaos/Documents/ros2_ws/install/cpp_pubsub/share/cpp_pubsub/hook/cmake_prefix_path.ps1'
[2.743s] INFO:colcon.colcon_core.shell:Creating environment descriptor '/home/bninaos/Documents/ros2_ws/install/cpp_pubsub/share/cpp_pubsub/hook/cmake_prefix_path.dsv'
[2.743s] INFO:colcon.colcon_core.shell:Creating environment hook '/home/bninaos/Documents/ros2_ws/install/cpp_pubsub/share/cpp_pubsub/hook/cmake_prefix_path.sh'
[2.744s] Level 1:colcon.colcon_core.environment:checking '/home/bninaos/Documents/ros2_ws/install/cpp_pubsub/lib'
[2.744s] Level 1:colcon.colcon_core.environment:checking '/home/bninaos/Documents/ros2_ws/install/cpp_pubsub/bin'
[2.744s] Level 1:colcon.colcon_core.environment:checking '/home/bninaos/Documents/ros2_ws/install/cpp_pubsub/lib/pkgconfig/cpp_pubsub.pc'
[2.744s] Level 1:colcon.colcon_core.environment:checking '/home/bninaos/Documents/ros2_ws/install/cpp_pubsub/lib/python3.10/site-packages'
[2.744s] Level 1:colcon.colcon_core.environment:checking '/home/bninaos/Documents/ros2_ws/install/cpp_pubsub/bin'
[2.744s] INFO:colcon.colcon_core.shell:Creating package script '/home/bninaos/Documents/ros2_ws/install/cpp_pubsub/share/cpp_pubsub/package.ps1'
[2.745s] INFO:colcon.colcon_core.shell:Creating package descriptor '/home/bninaos/Documents/ros2_ws/install/cpp_pubsub/share/cpp_pubsub/package.dsv'
[2.745s] INFO:colcon.colcon_core.shell:Creating package script '/home/bninaos/Documents/ros2_ws/install/cpp_pubsub/share/cpp_pubsub/package.sh'
[2.745s] INFO:colcon.colcon_core.shell:Creating package script '/home/bninaos/Documents/ros2_ws/install/cpp_pubsub/share/cpp_pubsub/package.bash'
[2.745s] INFO:colcon.colcon_core.shell:Creating package script '/home/bninaos/Documents/ros2_ws/install/cpp_pubsub/share/cpp_pubsub/package.zsh'
[2.746s] Level 1:colcon.colcon_core.environment:create_file_with_runtime_dependencies(/home/bninaos/Documents/ros2_ws/install/cpp_pubsub/share/colcon-core/packages/cpp_pubsub)
[5.013s] DEBUG:colcon.colcon_core.event_handler.log_command:Invoked command in '/home/bninaos/Documents/ros2_ws/build/cpp_srvcli' returned '0': CMAKE_PREFIX_PATH=/home/bninaos/Documents/ros2_ws/install/seabot_interfaces:/home/bninaos/microros/install/micro_ros_setup:/home/bninaos/microros/install/micro_ros_agent:/home/bninaos/microros/install/micro_ros_msgs:/home/bninaos/Documents/ros2_ws/install/cpp_srvcli:/home/bninaos/Documents/ros2_ws/install/cpp_pubsub:/opt/ros/humble LD_LIBRARY_PATH=/home/bninaos/Documents/ros2_ws/install/seabot_interfaces/lib:/home/bninaos/microros/install/micro_ros_agent/lib:/home/bninaos/microros/install/micro_ros_msgs/lib:/opt/ros/humble/lib/x86_64-linux-gnu:/opt/ros/humble/lib /usr/bin/cmake --build /home/bninaos/Documents/ros2_ws/build/cpp_srvcli -- -j8 -l8
[5.033s] DEBUG:colcon.colcon_core.event_handler.log_command:Invoking command in '/home/bninaos/Documents/ros2_ws/build/cpp_srvcli': CMAKE_PREFIX_PATH=/home/bninaos/Documents/ros2_ws/install/seabot_interfaces:/home/bninaos/microros/install/micro_ros_setup:/home/bninaos/microros/install/micro_ros_agent:/home/bninaos/microros/install/micro_ros_msgs:/home/bninaos/Documents/ros2_ws/install/cpp_srvcli:/home/bninaos/Documents/ros2_ws/install/cpp_pubsub:/opt/ros/humble LD_LIBRARY_PATH=/home/bninaos/Documents/ros2_ws/install/seabot_interfaces/lib:/home/bninaos/microros/install/micro_ros_agent/lib:/home/bninaos/microros/install/micro_ros_msgs/lib:/opt/ros/humble/lib/x86_64-linux-gnu:/opt/ros/humble/lib /usr/bin/cmake --install /home/bninaos/Documents/ros2_ws/build/cpp_srvcli
[5.134s] Level 1:colcon.colcon_core.environment:create_environment_scripts_only(cpp_srvcli)
[5.135s] Level 1:colcon.colcon_core.environment:checking '/home/bninaos/Documents/ros2_ws/install/cpp_srvcli' for CMake module files
[5.136s] DEBUG:colcon.colcon_core.event_handler.log_command:Invoked command in '/home/bninaos/Documents/ros2_ws/build/cpp_srvcli' returned '0': CMAKE_PREFIX_PATH=/home/bninaos/Documents/ros2_ws/install/seabot_interfaces:/home/bninaos/microros/install/micro_ros_setup:/home/bninaos/microros/install/micro_ros_agent:/home/bninaos/microros/install/micro_ros_msgs:/home/bninaos/Documents/ros2_ws/install/cpp_srvcli:/home/bninaos/Documents/ros2_ws/install/cpp_pubsub:/opt/ros/humble LD_LIBRARY_PATH=/home/bninaos/Documents/ros2_ws/install/seabot_interfaces/lib:/home/bninaos/microros/install/micro_ros_agent/lib:/home/bninaos/microros/install/micro_ros_msgs/lib:/opt/ros/humble/lib/x86_64-linux-gnu:/opt/ros/humble/lib /usr/bin/cmake --install /home/bninaos/Documents/ros2_ws/build/cpp_srvcli
[5.136s] Level 1:colcon.colcon_core.environment:checking '/home/bninaos/Documents/ros2_ws/install/cpp_srvcli' for CMake config files
[5.189s] Level 1:colcon.colcon_core.shell:create_environment_hook('cpp_srvcli', 'cmake_prefix_path')
[5.189s] INFO:colcon.colcon_core.shell:Creating environment hook '/home/bninaos/Documents/ros2_ws/install/cpp_srvcli/share/cpp_srvcli/hook/cmake_prefix_path.ps1'
[5.190s] INFO:colcon.colcon_core.shell:Creating environment descriptor '/home/bninaos/Documents/ros2_ws/install/cpp_srvcli/share/cpp_srvcli/hook/cmake_prefix_path.dsv'
[5.191s] INFO:colcon.colcon_core.shell:Creating environment hook '/home/bninaos/Documents/ros2_ws/install/cpp_srvcli/share/cpp_srvcli/hook/cmake_prefix_path.sh'
[5.192s] Level 1:colcon.colcon_core.environment:checking '/home/bninaos/Documents/ros2_ws/install/cpp_srvcli/lib'
[5.192s] Level 1:colcon.colcon_core.environment:checking '/home/bninaos/Documents/ros2_ws/install/cpp_srvcli/bin'
[5.192s] Level 1:colcon.colcon_core.environment:checking '/home/bninaos/Documents/ros2_ws/install/cpp_srvcli/lib/pkgconfig/cpp_srvcli.pc'
[5.193s] Level 1:colcon.colcon_core.environment:checking '/home/bninaos/Documents/ros2_ws/install/cpp_srvcli/lib/python3.10/site-packages'
[5.193s] Level 1:colcon.colcon_core.environment:checking '/home/bninaos/Documents/ros2_ws/install/cpp_srvcli/bin'
[5.193s] INFO:colcon.colcon_core.shell:Creating package script '/home/bninaos/Documents/ros2_ws/install/cpp_srvcli/share/cpp_srvcli/package.ps1'
[5.194s] INFO:colcon.colcon_core.shell:Creating package descriptor '/home/bninaos/Documents/ros2_ws/install/cpp_srvcli/share/cpp_srvcli/package.dsv'
[5.195s] INFO:colcon.colcon_core.shell:Creating package script '/home/bninaos/Documents/ros2_ws/install/cpp_srvcli/share/cpp_srvcli/package.sh'
[5.196s] INFO:colcon.colcon_core.shell:Creating package script '/home/bninaos/Documents/ros2_ws/install/cpp_srvcli/share/cpp_srvcli/package.bash'
[5.197s] INFO:colcon.colcon_core.shell:Creating package script '/home/bninaos/Documents/ros2_ws/install/cpp_srvcli/share/cpp_srvcli/package.zsh'
[5.197s] Level 1:colcon.colcon_core.environment:create_file_with_runtime_dependencies(/home/bninaos/Documents/ros2_ws/install/cpp_srvcli/share/colcon-core/packages/cpp_srvcli)
[5.249s] Level 1:colcon.colcon_core.environment:create_environment_scripts_only(cpp_srvcli)
[5.249s] Level 1:colcon.colcon_core.environment:checking '/home/bninaos/Documents/ros2_ws/install/cpp_srvcli' for CMake module files
[5.250s] Level 1:colcon.colcon_core.environment:checking '/home/bninaos/Documents/ros2_ws/install/cpp_srvcli' for CMake config files
[5.251s] Level 1:colcon.colcon_core.shell:create_environment_hook('cpp_srvcli', 'cmake_prefix_path')
[5.251s] INFO:colcon.colcon_core.shell:Creating environment hook '/home/bninaos/Documents/ros2_ws/install/cpp_srvcli/share/cpp_srvcli/hook/cmake_prefix_path.ps1'
[5.252s] INFO:colcon.colcon_core.shell:Creating environment descriptor '/home/bninaos/Documents/ros2_ws/install/cpp_srvcli/share/cpp_srvcli/hook/cmake_prefix_path.dsv'
[5.253s] INFO:colcon.colcon_core.shell:Creating environment hook '/home/bninaos/Documents/ros2_ws/install/cpp_srvcli/share/cpp_srvcli/hook/cmake_prefix_path.sh'
[5.254s] Level 1:colcon.colcon_core.environment:checking '/home/bninaos/Documents/ros2_ws/install/cpp_srvcli/lib'
[5.254s] Level 1:colcon.colcon_core.environment:checking '/home/bninaos/Documents/ros2_ws/install/cpp_srvcli/bin'
[5.254s] Level 1:colcon.colcon_core.environment:checking '/home/bninaos/Documents/ros2_ws/install/cpp_srvcli/lib/pkgconfig/cpp_srvcli.pc'
[5.255s] Level 1:colcon.colcon_core.environment:checking '/home/bninaos/Documents/ros2_ws/install/cpp_srvcli/lib/python3.10/site-packages'
[5.255s] Level 1:colcon.colcon_core.environment:checking '/home/bninaos/Documents/ros2_ws/install/cpp_srvcli/bin'
[5.256s] INFO:colcon.colcon_core.shell:Creating package script '/home/bninaos/Documents/ros2_ws/install/cpp_srvcli/share/cpp_srvcli/package.ps1'
[5.256s] INFO:colcon.colcon_core.shell:Creating package descriptor '/home/bninaos/Documents/ros2_ws/install/cpp_srvcli/share/cpp_srvcli/package.dsv'
[5.257s] INFO:colcon.colcon_core.shell:Creating package script '/home/bninaos/Documents/ros2_ws/install/cpp_srvcli/share/cpp_srvcli/package.sh'
[5.258s] INFO:colcon.colcon_core.shell:Creating package script '/home/bninaos/Documents/ros2_ws/install/cpp_srvcli/share/cpp_srvcli/package.bash'
[5.258s] INFO:colcon.colcon_core.shell:Creating package script '/home/bninaos/Documents/ros2_ws/install/cpp_srvcli/share/cpp_srvcli/package.zsh'
[5.258s] Level 1:colcon.colcon_core.environment:create_file_with_runtime_dependencies(/home/bninaos/Documents/ros2_ws/install/cpp_srvcli/share/colcon-core/packages/cpp_srvcli)
[5.259s] DEBUG:colcon.colcon_parallel_executor.executor.parallel:closing loop
[5.259s] DEBUG:colcon.colcon_parallel_executor.executor.parallel:loop closed
[5.259s] DEBUG:colcon.colcon_parallel_executor.executor.parallel:run_until_complete finished with '0'
[5.259s] DEBUG:colcon.colcon_core.event_reactor:joining thread
[5.264s] INFO:colcon.colcon_core.plugin_system:Skipping extension 'colcon_notification.desktop_notification.terminal_notifier': Not used on non-Darwin systems
[5.264s] INFO:colcon.colcon_core.plugin_system:Skipping extension 'colcon_notification.desktop_notification.win32': Not used on non-Windows systems
[5.264s] INFO:colcon.colcon_notification.desktop_notification:Sending desktop notification using 'notify2'
[5.273s] DEBUG:colcon.colcon_core.event_reactor:joined thread
[5.273s] INFO:colcon.colcon_core.shell:Creating prefix script '/home/bninaos/Documents/ros2_ws/install/local_setup.ps1'
[5.274s] INFO:colcon.colcon_core.shell:Creating prefix util module '/home/bninaos/Documents/ros2_ws/install/_local_setup_util_ps1.py'
[5.275s] INFO:colcon.colcon_core.shell:Creating prefix chain script '/home/bninaos/Documents/ros2_ws/install/setup.ps1'
[5.275s] INFO:colcon.colcon_core.shell:Creating prefix script '/home/bninaos/Documents/ros2_ws/install/local_setup.sh'
[5.276s] INFO:colcon.colcon_core.shell:Creating prefix util module '/home/bninaos/Documents/ros2_ws/install/_local_setup_util_sh.py'
[5.276s] INFO:colcon.colcon_core.shell:Creating prefix chain script '/home/bninaos/Documents/ros2_ws/install/setup.sh'
[5.277s] INFO:colcon.colcon_core.shell:Creating prefix script '/home/bninaos/Documents/ros2_ws/install/local_setup.bash'
[5.278s] INFO:colcon.colcon_core.shell:Creating prefix chain script '/home/bninaos/Documents/ros2_ws/install/setup.bash'
[5.279s] INFO:colcon.colcon_core.shell:Creating prefix script '/home/bninaos/Documents/ros2_ws/install/local_setup.zsh'
[5.279s] INFO:colcon.colcon_core.shell:Creating prefix chain script '/home/bninaos/Documents/ros2_ws/install/setup.zsh'
