[01m[K/home/bninaos/Documents/ros2_ws/src/cpp_srvcli/src/Server.cpp:6:56:[m[K [01;31m[Kerror: [m[K‘[01m[KAddThreeInts[m[K’ is not a member of ‘[01m[Kseabot_interfaces::srv[m[K’
    6 | void add(const std::shared_ptr<seabot_interfaces::srv::[01;31m[KAddThreeInts[m[K::Request> request,     // CHANGE
      |                                                        [01;31m[K^~~~~~~~~~~~[m[K
[01m[K/home/bninaos/Documents/ros2_ws/src/cpp_srvcli/src/Server.cpp:6:77:[m[K [01;31m[Kerror: [m[Ktemplate argument 1 is invalid
    6 | td::shared_ptr<seabot_interfaces::srv::AddThreeInts::Request[01;31m[K>[m[K request,     // CHANGE
      |                                                             [01;31m[K^[m[K

[01m[K/home/bninaos/Documents/ros2_ws/src/cpp_srvcli/src/Server.cpp:6:56:[m[K [01;31m[Kerror: [m[K‘[01m[KAddThreeInts[m[K’ is not a member of ‘[01m[Kseabot_interfaces::srv[m[K’
    6 | void add(const std::shared_ptr<seabot_interfaces::srv::[01;31m[KAddThreeInts[m[K::Request> request,     // CHANGE
      |                                                        [01;31m[K^~~~~~~~~~~~[m[K
[01m[K/home/bninaos/Documents/ros2_ws/src/cpp_srvcli/src/Server.cpp:6:77:[m[K [01;31m[Kerror: [m[Ktemplate argument 1 is invalid
    6 | td::shared_ptr<seabot_interfaces::srv::AddThreeInts::Request[01;31m[K>[m[K request,     // CHANGE
      |                                                             [01;31m[K^[m[K

[01m[K/home/bninaos/Documents/ros2_ws/src/cpp_srvcli/src/Server.cpp:6:56:[m[K [01;31m[Kerror: [m[K‘[01m[KAddThreeInts[m[K’ is not a member of ‘[01m[Kseabot_interfaces::srv[m[K’
    6 | void add(const std::shared_ptr<seabot_interfaces::srv::[01;31m[KAddThreeInts[m[K::Request> request,     // CHANGE
      |                                                        [01;31m[K^~~~~~~~~~~~[m[K
[01m[K/home/bninaos/Documents/ros2_ws/src/cpp_srvcli/src/Server.cpp:6:77:[m[K [01;31m[Kerror: [m[Ktemplate argument 1 is invalid
    6 | td::shared_ptr<seabot_interfaces::srv::AddThreeInts::Request[01;31m[K>[m[K request,     // CHANGE
      |                                                             [01;31m[K^[m[K

[01m[K/home/bninaos/Documents/ros2_ws/src/cpp_srvcli/src/Server.cpp:6:16:[m[K [01;31m[Kerror: [m[Kinvalid template-id
    6 | void add(const [01;31m[Kstd[m[K::shared_ptr<seabot_interfaces::srv::AddThreeInts::Request> request,     // CHANGE
      |                [01;31m[K^~~[m[K
[01m[K/home/bninaos/Documents/ros2_ws/src/cpp_srvcli/src/Server.cpp:6:56:[m[K [01;31m[Kerror: [m[K‘[01m[KAddThreeInts[m[K’ is not a member of ‘[01m[Kseabot_interfaces::srv[m[K’
    6 | void add(const std::shared_ptr<seabot_interfaces::srv::[01;31m[KAddThreeInts[m[K::Request> request,     // CHANGE
      |                                                        [01;31m[K^~~~~~~~~~~~[m[K
[01m[K/home/bninaos/Documents/ros2_ws/src/cpp_srvcli/src/Server.cpp:6:6:[m[K [01;31m[Kerror: [m[Kvariable or field ‘[01m[Kadd[m[K’ declared void
    6 | void [01;31m[Kadd[m[K(const std::shared_ptr<seabot_interfaces::srv::AddThreeInts::Request> request,     // CHANGE
      |      [01;31m[K^~~[m[K
[01m[K/home/bninaos/Documents/ros2_ws/src/cpp_srvcli/src/Server.cpp:6:10:[m[K [01;31m[Kerror: [m[Kexpected primary-expression before ‘[01m[Kconst[m[K’
    6 | void add([01;31m[Kconst[m[K std::shared_ptr<seabot_interfaces::srv::AddThreeInts::Request> request,     // CHANGE
      |          [01;31m[K^~~~~[m[K
[01m[K/home/bninaos/Documents/ros2_ws/src/cpp_srvcli/src/Server.cpp:7:51:[m[K [01;31m[Kerror: [m[K‘[01m[KAddThreeInts[m[K’ is not a member of ‘[01m[Kseabot_interfaces::srv[m[K’
    7 |           std::shared_ptr<seabot_interfaces::srv::[01;31m[KAddThreeInts[m[K::Response>       response)  // CHANGE
      |                                                   [01;31m[K^~~~~~~~~~~~[m[K
[01m[K/home/bninaos/Documents/ros2_ws/src/cpp_srvcli/src/Server.cpp:7:73:[m[K [01;31m[Kerror: [m[Ktemplate argument 1 is invalid
    7 | d::shared_ptr<seabot_interfaces::srv::AddThreeInts::Response[01;31m[K>[m[K       response)  // CHANGE
      |                                                             [01;31m[K^[m[K

[01m[K/home/bninaos/Documents/ros2_ws/src/cpp_srvcli/src/Server.cpp:[m[K In function ‘[01m[Kint main(int, char**)[m[K’:
[01m[K/home/bninaos/Documents/ros2_ws/src/cpp_srvcli/src/Server.cpp:21:43:[m[K [01;31m[Kerror: [m[K‘[01m[KAddThreeInts[m[K’ is not a member of ‘[01m[Kseabot_interfaces::srv[m[K’
   21 |   rclcpp::Service<seabot_interfaces::srv::[01;31m[KAddThreeInts[m[K>::SharedPtr service =               // CHANGE
      |                                           [01;31m[K^~~~~~~~~~~~[m[K
[01m[K/home/bninaos/Documents/ros2_ws/src/cpp_srvcli/src/Server.cpp:21:55:[m[K [01;31m[Kerror: [m[Ktemplate argument 1 is invalid
   21 |   rclcpp::Service<seabot_interfaces::srv::AddThreeInts[01;31m[K>[m[K::SharedPtr service =               // CHANGE
      |                                                       [01;31m[K^[m[K
[01m[K/home/bninaos/Documents/ros2_ws/src/cpp_srvcli/src/Server.cpp:21:68:[m[K [01;31m[Kerror: [m[Kexpected initializer before ‘[01m[Kservice[m[K’
   21 | p::Service<seabot_interfaces::srv::AddThreeInts>::SharedPtr [01;31m[Kservice[m[K =               // CHANGE
      |                                                             [01;31m[K^~~~~~~[m[K

In file included from [01m[K/opt/ros/humble/include/rclcpp/rclcpp/logging.hpp:24[m[K,
                 from [01m[K/opt/ros/humble/include/rclcpp/rclcpp/client.hpp:40[m[K,
                 from [01m[K/opt/ros/humble/include/rclcpp/rclcpp/callback_group.hpp:24[m[K,
                 from [01m[K/opt/ros/humble/include/rclcpp/rclcpp/any_executable.hpp:20[m[K,
                 from [01m[K/opt/ros/humble/include/rclcpp/rclcpp/memory_strategy.hpp:25[m[K,
                 from [01m[K/opt/ros/humble/include/rclcpp/rclcpp/memory_strategies.hpp:18[m[K,
                 from [01m[K/opt/ros/humble/include/rclcpp/rclcpp/executor_options.hpp:20[m[K,
                 from [01m[K/opt/ros/humble/include/rclcpp/rclcpp/executor.hpp:37[m[K,
                 from [01m[K/opt/ros/humble/include/rclcpp/rclcpp/executors/multi_threaded_executor.hpp:25[m[K,
                 from [01m[K/opt/ros/humble/include/rclcpp/rclcpp/executors.hpp:21[m[K,
                 from [01m[K/opt/ros/humble/include/rclcpp/rclcpp/rclcpp.hpp:155[m[K,
                 from [01m[K/home/bninaos/Documents/ros2_ws/src/cpp_srvcli/src/Client.cpp:1[m[K:
[01m[K/home/bninaos/Documents/ros2_ws/src/cpp_srvcli/src/Client.cpp:[m[K In function ‘[01m[Kint main(int, char**)[m[K’:
[01m[K/home/bninaos/Documents/ros2_ws/src/cpp_srvcli/src/Client.cpp:41:47:[m[K [01;35m[Kwarning: [m[Kformat ‘[01m[K%s[m[K’ expects argument of type ‘[01m[Kchar*[m[K’, but argument 5 has type ‘[01m[Kseabot_interfaces::srv::Service_Response_<std::allocator<void> >::_feedback_type[m[K’ {aka ‘[01m[Kstd::__cxx11::basic_string<char>[m[K’} [[01;35m[K]8;;https://gcc.gnu.org/onlinedocs/gcc/Warning-Options.html#index-Wformat=-Wformat=]8;;[m[K]
   41 |     RCLCPP_INFO(rclcpp::get_logger("rclcpp"), [01;35m[K"Status: %s"[m[K, result.get()->feedback);
      |                                               [01;35m[K^~~~~~~~~~~~[m[K
[01m[K/home/bninaos/Documents/ros2_ws/src/cpp_srvcli/src/Client.cpp:41:57:[m[K [01;36m[Knote: [m[Kformat string is defined here
   41 |     RCLCPP_INFO(rclcpp::get_logger("rclcpp"), "Status: [01;36m[K%s[m[K", result.get()->feedback);
      |                                                        [01;36m[K~^[m[K
      |                                                         [01;36m[K|[m[K
      |                                                         [01;36m[Kchar*[m[K
gmake[2]: *** [CMakeFiles/server.dir/build.make:76: CMakeFiles/server.dir/src/Server.cpp.o] Error 1
gmake[1]: *** [CMakeFiles/Makefile2:139: CMakeFiles/server.dir/all] Error 2
gmake[1]: *** Waiting for unfinished jobs....
gmake: *** [Makefile:146: all] Error 2
