-- The C compiler identification is GNU 11.4.0
-- The CXX compiler identification is GNU 11.4.0
-- Detecting C compiler ABI info
-- Detecting C compiler ABI info - done
-- Check for working C compiler: /usr/bin/cc - skipped
-- Detecting C compile features
-- Detecting C compile features - done
-- Detecting CXX compiler ABI info
-- Detecting CXX compiler ABI info - done
-- Check for working CXX compiler: /usr/bin/c++ - skipped
-- Detecting CXX compile features
-- Detecting CXX compile features - done
-- Found ament_cmake: 1.3.10 (/opt/ros/humble/share/ament_cmake/cmake)
-- Found Python3: /usr/bin/python3 (found version "3.10.12") found components: Interpreter 
-- Found ament_lint_auto: 0.12.11 (/opt/ros/humble/share/ament_lint_auto/cmake)
-- Found rclcpp: 16.0.10 (/opt/ros/humble/share/rclcpp/cmake)
-- Found rosidl_generator_c: 3.1.5 (/opt/ros/humble/share/rosidl_generator_c/cmake)
-- Found rosidl_adapter: 3.1.5 (/opt/ros/humble/share/rosidl_adapter/cmake)
-- Found rosidl_generator_cpp: 3.1.5 (/opt/ros/humble/share/rosidl_generator_cpp/cmake)
-- Using all available rosidl_typesupport_c: rosidl_typesupport_fastrtps_c;rosidl_typesupport_introspection_c
-- Using all available rosidl_typesupport_cpp: rosidl_typesupport_fastrtps_cpp;rosidl_typesupport_introspection_cpp
-- Found rmw_implementation_cmake: 6.1.2 (/opt/ros/humble/share/rmw_implementation_cmake/cmake)
-- Found rmw_fastrtps_cpp: 6.2.7 (/opt/ros/humble/share/rmw_fastrtps_cpp/cmake)
-- Found OpenSSL: /usr/lib/x86_64-linux-gnu/libcrypto.so (found version "3.0.2")  
-- Found FastRTPS: /opt/ros/humble/include  
-- Using RMW implementation 'rmw_fastrtps_cpp' as default
-- Looking for pthread.h
-- Looking for pthread.h - found
-- Performing Test CMAKE_HAVE_LIBC_PTHREAD
-- Performing Test CMAKE_HAVE_LIBC_PTHREAD - Success
-- Found Threads: TRUE  
-- Found seabot_interfaces: 0.0.0 (/home/bninaos/Documents/ros2_ws/install/seabot_interfaces/share/seabot_interfaces/cmake)
-- Added test 'cppcheck' to perform static code analysis on C / C++ code
-- Configured cppcheck include dirs: 
-- Configured cppcheck exclude dirs and/or files: 
-- Added test 'lint_cmake' to check CMake code style
-- Added test 'uncrustify' to check C / C++ code style
-- Configured uncrustify additional arguments: 
-- Added test 'xmllint' to check XML markup files
-- Configuring done
-- Generating done
-- Build files have been written to: /home/bninaos/Documents/ros2_ws/build/cpp_srvcli
[ 50%] [32mBuilding CXX object CMakeFiles/client.dir/src/Client.cpp.o[0m
[ 50%] [32mBuilding CXX object CMakeFiles/server.dir/src/Server.cpp.o[0m
[01m[K/home/bninaos/Documents/ros2_ws/src/cpp_srvcli/src/Server.cpp:6:56:[m[K [01;31m[Kerror: [m[K‘[01m[KAddThreeInts[m[K’ is not a member of ‘[01m[Kseabot_interfaces::srv[m[K’
    6 | void add(const std::shared_ptr<seabot_interfaces::srv::[01;31m[KAddThreeInts[m[K::Request> request,     // CHANGE
      |                                                        [01;31m[K^~~~~~~~~~~~[m[K
[01m[K/home/bninaos/Documents/ros2_ws/src/cpp_srvcli/src/Server.cpp:6:77:[m[K [01;31m[Kerror: [m[Ktemplate argument 1 is invalid
    6 | td::shared_ptr<seabot_interfaces::srv::AddThreeInts::Request[01;31m[K>[m[K request,     // CHANGE
      |                                                             [01;31m[K^[m[K

[01m[K/home/bninaos/Documents/ros2_ws/src/cpp_srvcli/src/Server.cpp:6:56:[m[K [01;31m[Kerror: [m[K‘[01m[KAddThreeInts[m[K’ is not a member of ‘[01m[Kseabot_interfaces::srv[m[K’
    6 | void add(const std::shared_ptr<seabot_interfaces::srv::[01;31m[KAddThreeInts[m[K::Request> request,     // CHANGE
      |                                                        [01;31m[K^~~~~~~~~~~~[m[K
[01m[K/home/bninaos/Documents/ros2_ws/src/cpp_srvcli/src/Server.cpp:6:77:[m[K [01;31m[Kerror: [m[Ktemplate argument 1 is invalid
    6 | td::shared_ptr<seabot_interfaces::srv::AddThreeInts::Request[01;31m[K>[m[K request,     // CHANGE
      |                                                             [01;31m[K^[m[K

[01m[K/home/bninaos/Documents/ros2_ws/src/cpp_srvcli/src/Server.cpp:6:56:[m[K [01;31m[Kerror: [m[K‘[01m[KAddThreeInts[m[K’ is not a member of ‘[01m[Kseabot_interfaces::srv[m[K’
    6 | void add(const std::shared_ptr<seabot_interfaces::srv::[01;31m[KAddThreeInts[m[K::Request> request,     // CHANGE
      |                                                        [01;31m[K^~~~~~~~~~~~[m[K
[01m[K/home/bninaos/Documents/ros2_ws/src/cpp_srvcli/src/Server.cpp:6:77:[m[K [01;31m[Kerror: [m[Ktemplate argument 1 is invalid
    6 | td::shared_ptr<seabot_interfaces::srv::AddThreeInts::Request[01;31m[K>[m[K request,     // CHANGE
      |                                                             [01;31m[K^[m[K

[01m[K/home/bninaos/Documents/ros2_ws/src/cpp_srvcli/src/Server.cpp:6:16:[m[K [01;31m[Kerror: [m[Kinvalid template-id
    6 | void add(const [01;31m[Kstd[m[K::shared_ptr<seabot_interfaces::srv::AddThreeInts::Request> request,     // CHANGE
      |                [01;31m[K^~~[m[K
[01m[K/home/bninaos/Documents/ros2_ws/src/cpp_srvcli/src/Server.cpp:6:56:[m[K [01;31m[Kerror: [m[K‘[01m[KAddThreeInts[m[K’ is not a member of ‘[01m[Kseabot_interfaces::srv[m[K’
    6 | void add(const std::shared_ptr<seabot_interfaces::srv::[01;31m[KAddThreeInts[m[K::Request> request,     // CHANGE
      |                                                        [01;31m[K^~~~~~~~~~~~[m[K
[01m[K/home/bninaos/Documents/ros2_ws/src/cpp_srvcli/src/Server.cpp:6:6:[m[K [01;31m[Kerror: [m[Kvariable or field ‘[01m[Kadd[m[K’ declared void
    6 | void [01;31m[Kadd[m[K(const std::shared_ptr<seabot_interfaces::srv::AddThreeInts::Request> request,     // CHANGE
      |      [01;31m[K^~~[m[K
[01m[K/home/bninaos/Documents/ros2_ws/src/cpp_srvcli/src/Server.cpp:6:10:[m[K [01;31m[Kerror: [m[Kexpected primary-expression before ‘[01m[Kconst[m[K’
    6 | void add([01;31m[Kconst[m[K std::shared_ptr<seabot_interfaces::srv::AddThreeInts::Request> request,     // CHANGE
      |          [01;31m[K^~~~~[m[K
[01m[K/home/bninaos/Documents/ros2_ws/src/cpp_srvcli/src/Server.cpp:7:51:[m[K [01;31m[Kerror: [m[K‘[01m[KAddThreeInts[m[K’ is not a member of ‘[01m[Kseabot_interfaces::srv[m[K’
    7 |           std::shared_ptr<seabot_interfaces::srv::[01;31m[KAddThreeInts[m[K::Response>       response)  // CHANGE
      |                                                   [01;31m[K^~~~~~~~~~~~[m[K
[01m[K/home/bninaos/Documents/ros2_ws/src/cpp_srvcli/src/Server.cpp:7:73:[m[K [01;31m[Kerror: [m[Ktemplate argument 1 is invalid
    7 | d::shared_ptr<seabot_interfaces::srv::AddThreeInts::Response[01;31m[K>[m[K       response)  // CHANGE
      |                                                             [01;31m[K^[m[K

[01m[K/home/bninaos/Documents/ros2_ws/src/cpp_srvcli/src/Server.cpp:[m[K In function ‘[01m[Kint main(int, char**)[m[K’:
[01m[K/home/bninaos/Documents/ros2_ws/src/cpp_srvcli/src/Server.cpp:21:43:[m[K [01;31m[Kerror: [m[K‘[01m[KAddThreeInts[m[K’ is not a member of ‘[01m[Kseabot_interfaces::srv[m[K’
   21 |   rclcpp::Service<seabot_interfaces::srv::[01;31m[KAddThreeInts[m[K>::SharedPtr service =               // CHANGE
      |                                           [01;31m[K^~~~~~~~~~~~[m[K
[01m[K/home/bninaos/Documents/ros2_ws/src/cpp_srvcli/src/Server.cpp:21:55:[m[K [01;31m[Kerror: [m[Ktemplate argument 1 is invalid
   21 |   rclcpp::Service<seabot_interfaces::srv::AddThreeInts[01;31m[K>[m[K::SharedPtr service =               // CHANGE
      |                                                       [01;31m[K^[m[K
[01m[K/home/bninaos/Documents/ros2_ws/src/cpp_srvcli/src/Server.cpp:21:68:[m[K [01;31m[Kerror: [m[Kexpected initializer before ‘[01m[Kservice[m[K’
   21 | p::Service<seabot_interfaces::srv::AddThreeInts>::SharedPtr [01;31m[Kservice[m[K =               // CHANGE
      |                                                             [01;31m[K^~~~~~~[m[K

In file included from [01m[K/opt/ros/humble/include/rclcpp/rclcpp/logging.hpp:24[m[K,
                 from [01m[K/opt/ros/humble/include/rclcpp/rclcpp/client.hpp:40[m[K,
                 from [01m[K/opt/ros/humble/include/rclcpp/rclcpp/callback_group.hpp:24[m[K,
                 from [01m[K/opt/ros/humble/include/rclcpp/rclcpp/any_executable.hpp:20[m[K,
                 from [01m[K/opt/ros/humble/include/rclcpp/rclcpp/memory_strategy.hpp:25[m[K,
                 from [01m[K/opt/ros/humble/include/rclcpp/rclcpp/memory_strategies.hpp:18[m[K,
                 from [01m[K/opt/ros/humble/include/rclcpp/rclcpp/executor_options.hpp:20[m[K,
                 from [01m[K/opt/ros/humble/include/rclcpp/rclcpp/executor.hpp:37[m[K,
                 from [01m[K/opt/ros/humble/include/rclcpp/rclcpp/executors/multi_threaded_executor.hpp:25[m[K,
                 from [01m[K/opt/ros/humble/include/rclcpp/rclcpp/executors.hpp:21[m[K,
                 from [01m[K/opt/ros/humble/include/rclcpp/rclcpp/rclcpp.hpp:155[m[K,
                 from [01m[K/home/bninaos/Documents/ros2_ws/src/cpp_srvcli/src/Client.cpp:1[m[K:
[01m[K/home/bninaos/Documents/ros2_ws/src/cpp_srvcli/src/Client.cpp:[m[K In function ‘[01m[Kint main(int, char**)[m[K’:
[01m[K/home/bninaos/Documents/ros2_ws/src/cpp_srvcli/src/Client.cpp:41:47:[m[K [01;35m[Kwarning: [m[Kformat ‘[01m[K%s[m[K’ expects argument of type ‘[01m[Kchar*[m[K’, but argument 5 has type ‘[01m[Kseabot_interfaces::srv::Service_Response_<std::allocator<void> >::_feedback_type[m[K’ {aka ‘[01m[Kstd::__cxx11::basic_string<char>[m[K’} [[01;35m[K]8;;https://gcc.gnu.org/onlinedocs/gcc/Warning-Options.html#index-Wformat=-Wformat=]8;;[m[K]
   41 |     RCLCPP_INFO(rclcpp::get_logger("rclcpp"), [01;35m[K"Status: %s"[m[K, result.get()->feedback);
      |                                               [01;35m[K^~~~~~~~~~~~[m[K
[01m[K/home/bninaos/Documents/ros2_ws/src/cpp_srvcli/src/Client.cpp:41:57:[m[K [01;36m[Knote: [m[Kformat string is defined here
   41 |     RCLCPP_INFO(rclcpp::get_logger("rclcpp"), "Status: [01;36m[K%s[m[K", result.get()->feedback);
      |                                                        [01;36m[K~^[m[K
      |                                                         [01;36m[K|[m[K
      |                                                         [01;36m[Kchar*[m[K
gmake[2]: *** [CMakeFiles/server.dir/build.make:76: CMakeFiles/server.dir/src/Server.cpp.o] Error 1
gmake[1]: *** [CMakeFiles/Makefile2:139: CMakeFiles/server.dir/all] Error 2
gmake[1]: *** Waiting for unfinished jobs....
[ 75%] [32m[1mLinking CXX executable client[0m
[ 75%] Built target client
gmake: *** [Makefile:146: all] Error 2
