[0.018s] Invoking command in '/home/bninaos/Documents/build/cpp_pubsub': CMAKE_PREFIX_PATH=/home/bninaos/Documents/install/seabot_interfaces:/home/bninaos/Documents/install/cpp_srvcli:/home/bninaos/Documents/install/cpp_pubsub:/home/bninaos/microros/install/micro_ros_setup:/home/bninaos/microros/install/micro_ros_agent:/home/bninaos/microros/install/micro_ros_msgs:/opt/ros/humble /usr/bin/cmake /home/bninaos/Documents/ros2_ws/src/cpp_pubsub -DCMAKE_INSTALL_PREFIX=/home/bninaos/Documents/install/cpp_pubsub
[0.165s] -- The C compiler identification is GNU 11.4.0
[0.268s] -- The CXX compiler identification is GNU 11.4.0
[0.276s] -- Detecting C compiler ABI info
[0.366s] -- Detecting C compiler ABI info - done
[0.375s] -- Check for working C compiler: /usr/bin/cc - skipped
[0.375s] -- Detecting C compile features
[0.376s] -- Detecting C compile features - done
[0.379s] -- Detecting CXX compiler ABI info
[0.473s] -- Detecting CXX compiler ABI info - done
[0.485s] -- Check for working CXX compiler: /usr/bin/c++ - skipped
[0.485s] -- Detecting CXX compile features
[0.486s] -- Detecting CXX compile features - done
[0.488s] -- Found ament_cmake: 1.3.10 (/opt/ros/humble/share/ament_cmake/cmake)
[0.658s] -- Found Python3: /usr/bin/python3 (found version "3.10.12") found components: Interpreter 
[0.807s] -- Found rclcpp: 16.0.10 (/opt/ros/humble/share/rclcpp/cmake)
[0.994s] -- Found rosidl_generator_c: 3.1.5 (/opt/ros/humble/share/rosidl_generator_c/cmake)
[1.000s] -- Found rosidl_adapter: 3.1.5 (/opt/ros/humble/share/rosidl_adapter/cmake)
[1.008s] -- Found rosidl_generator_cpp: 3.1.5 (/opt/ros/humble/share/rosidl_generator_cpp/cmake)
[1.019s] -- Using all available rosidl_typesupport_c: rosidl_typesupport_fastrtps_c;rosidl_typesupport_introspection_c
[1.033s] -- Using all available rosidl_typesupport_cpp: rosidl_typesupport_fastrtps_cpp;rosidl_typesupport_introspection_cpp
[1.261s] -- Found rmw_implementation_cmake: 6.1.2 (/opt/ros/humble/share/rmw_implementation_cmake/cmake)
[1.267s] -- Found rmw_fastrtps_cpp: 6.2.7 (/opt/ros/humble/share/rmw_fastrtps_cpp/cmake)
[1.939s] -- Found OpenSSL: /usr/lib/x86_64-linux-gnu/libcrypto.so (found version "3.0.2")  
[1.997s] -- Found FastRTPS: /opt/ros/humble/include  
[2.050s] -- Using RMW implementation 'rmw_fastrtps_cpp' as default
[2.164s] -- Looking for pthread.h
[2.306s] -- Looking for pthread.h - found
[2.307s] -- Performing Test CMAKE_HAVE_LIBC_PTHREAD
[2.412s] -- Performing Test CMAKE_HAVE_LIBC_PTHREAD - Success
[2.414s] -- Found Threads: TRUE  
[2.641s] -- Found seabot_interfaces: 0.0.0 (/home/bninaos/Documents/install/seabot_interfaces/share/seabot_interfaces/cmake)
[2.763s] -- Configuring done
[2.787s] -- Generating done
[2.789s] -- Build files have been written to: /home/bninaos/Documents/build/cpp_pubsub
[2.804s] Invoked command in '/home/bninaos/Documents/build/cpp_pubsub' returned '0': CMAKE_PREFIX_PATH=/home/bninaos/Documents/install/seabot_interfaces:/home/bninaos/Documents/install/cpp_srvcli:/home/bninaos/Documents/install/cpp_pubsub:/home/bninaos/microros/install/micro_ros_setup:/home/bninaos/microros/install/micro_ros_agent:/home/bninaos/microros/install/micro_ros_msgs:/opt/ros/humble /usr/bin/cmake /home/bninaos/Documents/ros2_ws/src/cpp_pubsub -DCMAKE_INSTALL_PREFIX=/home/bninaos/Documents/install/cpp_pubsub
[2.808s] Invoking command in '/home/bninaos/Documents/build/cpp_pubsub': CMAKE_PREFIX_PATH=/home/bninaos/Documents/install/seabot_interfaces:/home/bninaos/Documents/install/cpp_srvcli:/home/bninaos/Documents/install/cpp_pubsub:/home/bninaos/microros/install/micro_ros_setup:/home/bninaos/microros/install/micro_ros_agent:/home/bninaos/microros/install/micro_ros_msgs:/opt/ros/humble /usr/bin/cmake --build /home/bninaos/Documents/build/cpp_pubsub -- -j8 -l8
[2.911s] [ 25%] [32mBuilding CXX object CMakeFiles/listener.dir/src/Subscriber.cpp.o[0m
[2.911s] [ 50%] [32mBuilding CXX object CMakeFiles/talker.dir/src/Publisher.cpp.o[0m
[8.790s] [ 75%] [32m[1mLinking CXX executable talker[0m
[8.967s] [ 75%] Built target talker
[12.409s] [100%] [32m[1mLinking CXX executable listener[0m
[12.797s] [100%] Built target listener
[12.807s] Invoked command in '/home/bninaos/Documents/build/cpp_pubsub' returned '0': CMAKE_PREFIX_PATH=/home/bninaos/Documents/install/seabot_interfaces:/home/bninaos/Documents/install/cpp_srvcli:/home/bninaos/Documents/install/cpp_pubsub:/home/bninaos/microros/install/micro_ros_setup:/home/bninaos/microros/install/micro_ros_agent:/home/bninaos/microros/install/micro_ros_msgs:/opt/ros/humble /usr/bin/cmake --build /home/bninaos/Documents/build/cpp_pubsub -- -j8 -l8
[12.833s] Invoking command in '/home/bninaos/Documents/build/cpp_pubsub': CMAKE_PREFIX_PATH=/home/bninaos/Documents/install/seabot_interfaces:/home/bninaos/Documents/install/cpp_srvcli:/home/bninaos/Documents/install/cpp_pubsub:/home/bninaos/microros/install/micro_ros_setup:/home/bninaos/microros/install/micro_ros_agent:/home/bninaos/microros/install/micro_ros_msgs:/opt/ros/humble /usr/bin/cmake --install /home/bninaos/Documents/build/cpp_pubsub
[12.841s] -- Install configuration: ""
[12.841s] -- Installing: /home/bninaos/Documents/install/cpp_pubsub/lib/cpp_pubsub/talker
[12.842s] -- Set runtime path of "/home/bninaos/Documents/install/cpp_pubsub/lib/cpp_pubsub/talker" to ""
[12.842s] -- Installing: /home/bninaos/Documents/install/cpp_pubsub/lib/cpp_pubsub/listener
[12.846s] -- Set runtime path of "/home/bninaos/Documents/install/cpp_pubsub/lib/cpp_pubsub/listener" to ""
[12.846s] -- Installing: /home/bninaos/Documents/install/cpp_pubsub/share/ament_index/resource_index/package_run_dependencies/cpp_pubsub
[12.846s] -- Installing: /home/bninaos/Documents/install/cpp_pubsub/share/ament_index/resource_index/parent_prefix_path/cpp_pubsub
[12.846s] -- Installing: /home/bninaos/Documents/install/cpp_pubsub/share/cpp_pubsub/environment/ament_prefix_path.sh
[12.847s] -- Installing: /home/bninaos/Documents/install/cpp_pubsub/share/cpp_pubsub/environment/ament_prefix_path.dsv
[12.847s] -- Installing: /home/bninaos/Documents/install/cpp_pubsub/share/cpp_pubsub/environment/path.sh
[12.847s] -- Installing: /home/bninaos/Documents/install/cpp_pubsub/share/cpp_pubsub/environment/path.dsv
[12.847s] -- Installing: /home/bninaos/Documents/install/cpp_pubsub/share/cpp_pubsub/local_setup.bash
[12.847s] -- Installing: /home/bninaos/Documents/install/cpp_pubsub/share/cpp_pubsub/local_setup.sh
[12.847s] -- Installing: /home/bninaos/Documents/install/cpp_pubsub/share/cpp_pubsub/local_setup.zsh
[12.847s] -- Installing: /home/bninaos/Documents/install/cpp_pubsub/share/cpp_pubsub/local_setup.dsv
[12.847s] -- Installing: /home/bninaos/Documents/install/cpp_pubsub/share/cpp_pubsub/package.dsv
[12.848s] -- Installing: /home/bninaos/Documents/install/cpp_pubsub/share/ament_index/resource_index/packages/cpp_pubsub
[12.848s] -- Installing: /home/bninaos/Documents/install/cpp_pubsub/share/cpp_pubsub/cmake/cpp_pubsubConfig.cmake
[12.848s] -- Installing: /home/bninaos/Documents/install/cpp_pubsub/share/cpp_pubsub/cmake/cpp_pubsubConfig-version.cmake
[12.848s] -- Installing: /home/bninaos/Documents/install/cpp_pubsub/share/cpp_pubsub/package.xml
[12.851s] Invoked command in '/home/bninaos/Documents/build/cpp_pubsub' returned '0': CMAKE_PREFIX_PATH=/home/bninaos/Documents/install/seabot_interfaces:/home/bninaos/Documents/install/cpp_srvcli:/home/bninaos/Documents/install/cpp_pubsub:/home/bninaos/microros/install/micro_ros_setup:/home/bninaos/microros/install/micro_ros_agent:/home/bninaos/microros/install/micro_ros_msgs:/opt/ros/humble /usr/bin/cmake --install /home/bninaos/Documents/build/cpp_pubsub
