CMake Error: Could not create named generator Visual Studio 17 2022

Generators
  Visual Studio 16 2019        = Generates Visual Studio 2019 project files.
                                 Use -A option to specify architecture.
  Visual Studio 15 2017 [arch] = Generates Visual Studio 2017 project files.
                                 Optional [arch] can be "Win64" or "ARM".
  Visual Studio 14 2015 [arch] = Generates Visual Studio 2015 project files.
                                 Optional [arch] can be "Win64" or "ARM".
  Visual Studio 12 2013 [arch] = Generates Visual Studio 2013 project files.
                                 Optional [arch] can be "Win64" or "ARM".
  Visual Studio 11 2012 [arch] = Generates Visual Studio 2012 project files.
                                 Optional [arch] can be "Win64" or "ARM".
  Visual Studio 10 2010 [arch] = Generates Visual Studio 2010 project files.
                                 Optional [arch] can be "Win64" or "IA64".
  Visual Studio 9 2008 [arch]  = Generates Visual Studio 2008 project files.
                                 Optional [arch] can be "Win64" or "IA64".
  Borland Makefiles            = Generates Borland makefiles.
* NMake Makefiles              = Generates NMake makefiles.
  NMake Makefiles JOM          = Generates JOM makefiles.
  Green Hills MULTI            = Generates Green Hills MULTI files
                                 (experimental, work-in-progress).
  MSYS Makefiles               = Generates MSYS makefiles.
  MinGW Makefiles              = Generates a make file for use with
                                 mingw32-make.
  Unix Makefiles               = Generates standard UNIX makefiles.
  Ninja                        = Generates build.ninja files.
  Watcom WMake                 = Generates Watcom WMake makefiles.
  CodeBlocks - MinGW Makefiles = Generates CodeBlocks project files.
  CodeBlocks - NMake Makefiles = Generates CodeBlocks project files.
  CodeBlocks - NMake Makefiles JOM
                               = Generates CodeBlocks project files.
  CodeBlocks - Ninja           = Generates CodeBlocks project files.
  CodeBlocks - Unix Makefiles  = Generates CodeBlocks project files.
  CodeLite - MinGW Makefiles   = Generates CodeLite project files.
  CodeLite - NMake Makefiles   = Generates CodeLite project files.
  CodeLite - Ninja             = Generates CodeLite project files.
  CodeLite - Unix Makefiles    = Generates CodeLite project files.
  Sublime Text 2 - MinGW Makefiles
                               = Generates Sublime Text 2 project files.
  Sublime Text 2 - NMake Makefiles
                               = Generates Sublime Text 2 project files.
  Sublime Text 2 - Ninja       = Generates Sublime Text 2 project files.
  Sublime Text 2 - Unix Makefiles
                               = Generates Sublime Text 2 project files.
  Kate - MinGW Makefiles       = Generates Kate project files.
  Kate - NMake Makefiles       = Generates Kate project files.
  Kate - Ninja                 = Generates Kate project files.
  Kate - Unix Makefiles        = Generates Kate project files.
  Eclipse CDT4 - NMake Makefiles
                               = Generates Eclipse CDT 4.0 project files.
  Eclipse CDT4 - MinGW Makefiles
                               = Generates Eclipse CDT 4.0 project files.
  Eclipse CDT4 - Ninja         = Generates Eclipse CDT 4.0 project files.
  Eclipse CDT4 - Unix Makefiles= Generates Eclipse CDT 4.0 project files.

Traceback (most recent call last):
  File "C:\Users\oubab\AppData\Local\Programs\Python\Python311\Lib\site-packages\colcon_core\executor\__init__.py", line 91, in __call__
    rc = await self.task(*args, **kwargs)
         ^^^^^^^^^^^^^^^^^^^^^^^^^^^^^^^^
  File "C:\Users\oubab\AppData\Local\Programs\Python\Python311\Lib\site-packages\colcon_core\task\__init__.py", line 93, in __call__
    return await task_method(*args, **kwargs)
           ^^^^^^^^^^^^^^^^^^^^^^^^^^^^^^^^^^
  File "C:\Users\oubab\AppData\Local\Programs\Python\Python311\Lib\site-packages\colcon_ros\task\ament_cmake\build.py", line 59, in build
    rc = await extension.build(
         ^^^^^^^^^^^^^^^^^^^^^^
  File "C:\Users\oubab\AppData\Local\Programs\Python\Python311\Lib\site-packages\colcon_cmake\task\cmake\build.py", line 87, in build
    rc = await self._reconfigure(args, env)
         ^^^^^^^^^^^^^^^^^^^^^^^^^^^^^^^^^^
  File "C:\Users\oubab\AppData\Local\Programs\Python\Python311\Lib\site-packages\colcon_cmake\task\cmake\build.py", line 182, in _reconfigure
    buildfile = get_buildfile(cmake_cache)
                ^^^^^^^^^^^^^^^^^^^^^^^^^^
  File "C:\Users\oubab\AppData\Local\Programs\Python\Python311\Lib\site-packages\colcon_cmake\task\cmake\__init__.py", line 114, in get_buildfile
    if 'Visual Studio' in generator:
       ^^^^^^^^^^^^^^^^^^^^^^^^^^^^
TypeError: argument of type 'NoneType' is not iterable
