[0.006s] Invoking command in '/home/bninaos/Documents/ros2_ws/build/seabot_interfaces': CMAKE_PREFIX_PATH=${CMAKE_PREFIX_PATH}:/opt/ros/humble /usr/bin/cmake /home/bninaos/Documents/ros2_ws/src/seabot_interfaces -DCMAKE_INSTALL_PREFIX=/home/bninaos/Documents/ros2_ws/install/seabot_interfaces
[0.044s] -- The C compiler identification is GNU 11.4.0
[0.088s] -- The CXX compiler identification is GNU 11.4.0
[0.093s] -- Detecting C compiler ABI info
[0.156s] -- Detecting C compiler ABI info - done
[0.160s] -- Check for working C compiler: /usr/bin/cc - skipped
[0.161s] -- Detecting C compile features
[0.161s] -- Detecting C compile features - done
[0.163s] -- Detecting CXX compiler ABI info
[0.265s] -- Detecting CXX compiler ABI info - done
[0.270s] -- Check for working CXX compiler: /usr/bin/c++ - skipped
[0.270s] -- Detecting CXX compile features
[0.270s] -- Detecting CXX compile features - done
[0.272s] -- Found ament_cmake: 1.3.10 (/opt/ros/humble/share/ament_cmake/cmake)
[0.360s] -- Found Python3: /usr/bin/python3 (found version "3.10.12") found components: Interpreter 
[0.413s] -- Found ament_lint_auto: 0.12.11 (/opt/ros/humble/share/ament_lint_auto/cmake)
[0.462s] -- Found rosidl_default_generators: 1.2.0 (/opt/ros/humble/share/rosidl_default_generators/cmake)
[0.464s] -- Using all available rosidl_typesupport_c: rosidl_typesupport_fastrtps_c;rosidl_typesupport_introspection_c
[0.467s] -- Found rosidl_adapter: 3.1.5 (/opt/ros/humble/share/rosidl_adapter/cmake)
[0.489s] -- Using all available rosidl_typesupport_cpp: rosidl_typesupport_fastrtps_cpp;rosidl_typesupport_introspection_cpp
[0.630s] -- Found ament_cmake_ros: 0.10.0 (/opt/ros/humble/share/ament_cmake_ros/cmake)
[0.743s] -- Using all available rosidl_typesupport_c: rosidl_typesupport_fastrtps_c;rosidl_typesupport_introspection_c
[0.889s] -- Using all available rosidl_typesupport_cpp: rosidl_typesupport_fastrtps_cpp;rosidl_typesupport_introspection_cpp
[0.901s] -- Found PythonInterp: /usr/bin/python3 (found suitable version "3.10.12", minimum required is "3.6") 
[0.902s] -- Found python_cmake_module: 0.10.0 (/opt/ros/humble/share/python_cmake_module/cmake)
[0.915s] -- Found PythonLibs: /usr/lib/x86_64-linux-gnu/libpython3.10.so (found suitable version "3.10.12", minimum required is "3.5") 
[0.915s] -- Using PYTHON_EXECUTABLE: /usr/bin/python3
[0.915s] -- Using PYTHON_INCLUDE_DIRS: /usr/include/python3.10
[0.915s] -- Using PYTHON_LIBRARIES: /usr/lib/x86_64-linux-gnu/libpython3.10.so
[0.928s] -- Found PythonExtra: .so  
[0.969s] -- Added test 'cppcheck' to perform static code analysis on C / C++ code
[0.969s] -- Configured cppcheck include dirs: 
[0.969s] -- Configured cppcheck exclude dirs and/or files: 
[0.972s] -- Added test 'flake8' to check Python code syntax and style conventions
[0.977s] -- Added test 'lint_cmake' to check CMake code style
[0.980s] -- Added test 'pep257' to check Python code against some of the docstring style conventions in PEP 257
[1.001s] -- Added test 'uncrustify' to check C / C++ code style
[1.001s] -- Configured uncrustify additional arguments: 
[1.004s] -- Added test 'xmllint' to check XML markup files
[1.007s] -- Configuring done
[1.028s] -- Generating done
[1.029s] -- Build files have been written to: /home/bninaos/Documents/ros2_ws/build/seabot_interfaces
[1.035s] Invoked command in '/home/bninaos/Documents/ros2_ws/build/seabot_interfaces' returned '0': CMAKE_PREFIX_PATH=${CMAKE_PREFIX_PATH}:/opt/ros/humble /usr/bin/cmake /home/bninaos/Documents/ros2_ws/src/seabot_interfaces -DCMAKE_INSTALL_PREFIX=/home/bninaos/Documents/ros2_ws/install/seabot_interfaces
[1.035s] Invoking command in '/home/bninaos/Documents/ros2_ws/build/seabot_interfaces': CMAKE_PREFIX_PATH=${CMAKE_PREFIX_PATH}:/opt/ros/humble /usr/bin/cmake --build /home/bninaos/Documents/ros2_ws/build/seabot_interfaces -- -j8 -l8
[1.065s] [  2%] [34m[1mGenerating C code for ROS interfaces[0m
[1.071s] [  4%] [34m[1mGenerating C++ code for ROS interfaces[0m
[1.077s] [  4%] Built target ament_cmake_python_copy_seabot_interfaces
[1.235s] running egg_info
[1.235s] creating seabot_interfaces.egg-info
[1.235s] writing seabot_interfaces.egg-info/PKG-INFO
[1.235s] writing dependency_links to seabot_interfaces.egg-info/dependency_links.txt
[1.236s] writing top-level names to seabot_interfaces.egg-info/top_level.txt
[1.236s] writing manifest file 'seabot_interfaces.egg-info/SOURCES.txt'
[1.237s] reading manifest file 'seabot_interfaces.egg-info/SOURCES.txt'
[1.237s] writing manifest file 'seabot_interfaces.egg-info/SOURCES.txt'
[1.258s] [  4%] Built target ament_cmake_python_build_seabot_interfaces_egg
[1.350s] [  4%] Built target seabot_interfaces__cpp
[1.360s] [  6%] [34m[1mGenerating C++ type support dispatch for ROS interfaces[0m
[1.362s] [  8%] [34m[1mGenerating C++ introspection for ROS interfaces[0m
[1.363s] [ 10%] [34m[1mGenerating C++ type support for eProsima Fast-RTPS[0m
[1.371s] [ 12%] [32mBuilding C object CMakeFiles/seabot_interfaces__rosidl_generator_c.dir/rosidl_generator_c/seabot_interfaces/msg/detail/feedback__functions.c.o[0m
[1.374s] [ 17%] [32mBuilding C object CMakeFiles/seabot_interfaces__rosidl_generator_c.dir/rosidl_generator_c/seabot_interfaces/srv/detail/service__functions.c.o[0m
[1.374s] [ 17%] [32mBuilding C object CMakeFiles/seabot_interfaces__rosidl_generator_c.dir/rosidl_generator_c/seabot_interfaces/msg/detail/sensor_data__functions.c.o[0m
[1.440s] [ 19%] [32m[1mLinking C shared library libseabot_interfaces__rosidl_generator_c.so[0m
[1.466s] [ 19%] Built target seabot_interfaces__rosidl_generator_c
[1.474s] [ 21%] [34m[1mGenerating C type support for eProsima Fast-RTPS[0m
[1.476s] [ 25%] [34m[1mGenerating C type support dispatch for ROS interfaces[0m
[1.476s] [ 25%] [34m[1mGenerating C introspection for ROS interfaces[0m
[1.600s] [ 29%] [32mBuilding CXX object CMakeFiles/seabot_interfaces__rosidl_typesupport_cpp.dir/rosidl_typesupport_cpp/seabot_interfaces/msg/feedback__type_support.cpp.o[0m
[1.600s] [ 29%] [32mBuilding CXX object CMakeFiles/seabot_interfaces__rosidl_typesupport_cpp.dir/rosidl_typesupport_cpp/seabot_interfaces/msg/sensor_data__type_support.cpp.o[0m
[1.609s] [ 31%] [32mBuilding CXX object CMakeFiles/seabot_interfaces__rosidl_typesupport_cpp.dir/rosidl_typesupport_cpp/seabot_interfaces/srv/service__type_support.cpp.o[0m
[1.760s] [ 34%] [32mBuilding CXX object CMakeFiles/seabot_interfaces__rosidl_typesupport_fastrtps_cpp.dir/rosidl_typesupport_fastrtps_cpp/seabot_interfaces/msg/detail/dds_fastrtps/feedback__type_support.cpp.o[0m
[1.779s] [ 36%] [32mBuilding CXX object CMakeFiles/seabot_interfaces__rosidl_typesupport_introspection_cpp.dir/rosidl_typesupport_introspection_cpp/seabot_interfaces/msg/detail/feedback__type_support.cpp.o[0m
[1.893s] [ 38%] [32mBuilding CXX object CMakeFiles/seabot_interfaces__rosidl_typesupport_c.dir/rosidl_typesupport_c/seabot_interfaces/msg/feedback__type_support.cpp.o[0m
[1.936s] [ 40%] [32mBuilding CXX object CMakeFiles/seabot_interfaces__rosidl_typesupport_c.dir/rosidl_typesupport_c/seabot_interfaces/msg/sensor_data__type_support.cpp.o[0m
[1.941s] [ 42%] [32mBuilding CXX object CMakeFiles/seabot_interfaces__rosidl_typesupport_introspection_cpp.dir/rosidl_typesupport_introspection_cpp/seabot_interfaces/msg/detail/sensor_data__type_support.cpp.o[0m
[1.951s] [ 44%] [32mBuilding C object CMakeFiles/seabot_interfaces__rosidl_typesupport_introspection_c.dir/rosidl_typesupport_introspection_c/seabot_interfaces/msg/detail/feedback__type_support.c.o[0m
[1.956s] [ 46%] [32mBuilding CXX object CMakeFiles/seabot_interfaces__rosidl_typesupport_c.dir/rosidl_typesupport_c/seabot_interfaces/srv/service__type_support.cpp.o[0m
[1.970s] [ 48%] [32m[1mLinking CXX shared library libseabot_interfaces__rosidl_typesupport_cpp.so[0m
[1.987s] [ 51%] [32mBuilding CXX object CMakeFiles/seabot_interfaces__rosidl_typesupport_fastrtps_c.dir/rosidl_typesupport_fastrtps_c/seabot_interfaces/msg/detail/feedback__type_support_c.cpp.o[0m
[1.990s] [ 53%] [32mBuilding CXX object CMakeFiles/seabot_interfaces__rosidl_typesupport_fastrtps_cpp.dir/rosidl_typesupport_fastrtps_cpp/seabot_interfaces/msg/detail/dds_fastrtps/sensor_data__type_support.cpp.o[0m
[2.022s] [ 53%] Built target seabot_interfaces__rosidl_typesupport_cpp
[2.031s] [ 55%] [32m[1mLinking CXX shared library libseabot_interfaces__rosidl_typesupport_c.so[0m
[2.038s] [ 57%] [32mBuilding C object CMakeFiles/seabot_interfaces__rosidl_typesupport_introspection_c.dir/rosidl_typesupport_introspection_c/seabot_interfaces/srv/detail/service__type_support.c.o[0m
[2.040s] [ 59%] [32mBuilding C object CMakeFiles/seabot_interfaces__rosidl_typesupport_introspection_c.dir/rosidl_typesupport_introspection_c/seabot_interfaces/msg/detail/sensor_data__type_support.c.o[0m
[2.091s] [ 59%] Built target seabot_interfaces__rosidl_typesupport_c
[2.099s] [ 61%] [32mBuilding CXX object CMakeFiles/seabot_interfaces__rosidl_typesupport_fastrtps_c.dir/rosidl_typesupport_fastrtps_c/seabot_interfaces/msg/detail/sensor_data__type_support_c.cpp.o[0m
[2.103s] [ 63%] [32mBuilding CXX object CMakeFiles/seabot_interfaces__rosidl_typesupport_fastrtps_cpp.dir/rosidl_typesupport_fastrtps_cpp/seabot_interfaces/srv/detail/dds_fastrtps/service__type_support.cpp.o[0m
[2.119s] [ 65%] [32m[1mLinking C shared library libseabot_interfaces__rosidl_typesupport_introspection_c.so[0m
[2.157s] [ 65%] Built target seabot_interfaces__rosidl_typesupport_introspection_c
[2.167s] [ 68%] [32mBuilding CXX object CMakeFiles/seabot_interfaces__rosidl_typesupport_fastrtps_c.dir/rosidl_typesupport_fastrtps_c/seabot_interfaces/srv/detail/service__type_support_c.cpp.o[0m
[2.251s] [ 70%] [32mBuilding CXX object CMakeFiles/seabot_interfaces__rosidl_typesupport_introspection_cpp.dir/rosidl_typesupport_introspection_cpp/seabot_interfaces/srv/detail/service__type_support.cpp.o[0m
[2.533s] [ 72%] [32m[1mLinking CXX shared library libseabot_interfaces__rosidl_typesupport_fastrtps_cpp.so[0m
[2.534s] [ 74%] [32m[1mLinking CXX shared library libseabot_interfaces__rosidl_typesupport_fastrtps_c.so[0m
[2.590s] [ 76%] [32m[1mLinking CXX shared library libseabot_interfaces__rosidl_typesupport_introspection_cpp.so[0m
[2.599s] [ 76%] Built target seabot_interfaces__rosidl_typesupport_fastrtps_cpp
[2.601s] [ 76%] Built target seabot_interfaces__rosidl_typesupport_fastrtps_c
[2.685s] [ 76%] Built target seabot_interfaces__rosidl_typesupport_introspection_cpp
[2.721s] [ 76%] Built target seabot_interfaces
[2.746s] [ 78%] [34m[1mGenerating Python code for ROS interfaces[0m
[3.102s] [ 78%] Built target seabot_interfaces__py
[3.115s] [ 85%] [32mBuilding C object CMakeFiles/seabot_interfaces__rosidl_generator_py.dir/rosidl_generator_py/seabot_interfaces/srv/_service_s.c.o[0m
[3.116s] [ 85%] [32mBuilding C object CMakeFiles/seabot_interfaces__rosidl_generator_py.dir/rosidl_generator_py/seabot_interfaces/msg/_sensor_data_s.c.o[0m
[3.116s] [ 85%] [32mBuilding C object CMakeFiles/seabot_interfaces__rosidl_generator_py.dir/rosidl_generator_py/seabot_interfaces/msg/_feedback_s.c.o[0m
[3.208s] [ 87%] [32m[1mLinking C shared library rosidl_generator_py/seabot_interfaces/libseabot_interfaces__rosidl_generator_py.so[0m
[3.242s] [ 87%] Built target seabot_interfaces__rosidl_generator_py
[3.256s] [ 93%] [32mBuilding C object CMakeFiles/seabot_interfaces__rosidl_typesupport_c__pyext.dir/rosidl_generator_py/seabot_interfaces/_seabot_interfaces_s.ep.rosidl_typesupport_c.c.o[0m
[3.256s] [ 93%] [32mBuilding C object CMakeFiles/seabot_interfaces__rosidl_typesupport_fastrtps_c__pyext.dir/rosidl_generator_py/seabot_interfaces/_seabot_interfaces_s.ep.rosidl_typesupport_fastrtps_c.c.o[0m
[3.256s] [ 93%] [32mBuilding C object CMakeFiles/seabot_interfaces__rosidl_typesupport_introspection_c__pyext.dir/rosidl_generator_py/seabot_interfaces/_seabot_interfaces_s.ep.rosidl_typesupport_introspection_c.c.o[0m
[3.340s] [100%] [32m[1mLinking C shared library rosidl_generator_py/seabot_interfaces/seabot_interfaces_s__rosidl_typesupport_fastrtps_c.cpython-310-x86_64-linux-gnu.so[0m
[3.340s] [100%] [32m[1mLinking C shared library rosidl_generator_py/seabot_interfaces/seabot_interfaces_s__rosidl_typesupport_introspection_c.cpython-310-x86_64-linux-gnu.so[0m
[3.340s] [100%] [32m[1mLinking C shared library rosidl_generator_py/seabot_interfaces/seabot_interfaces_s__rosidl_typesupport_c.cpython-310-x86_64-linux-gnu.so[0m
[3.363s] [100%] Built target seabot_interfaces__rosidl_typesupport_fastrtps_c__pyext
[3.363s] [100%] Built target seabot_interfaces__rosidl_typesupport_introspection_c__pyext
[3.363s] [100%] Built target seabot_interfaces__rosidl_typesupport_c__pyext
[3.388s] Invoked command in '/home/bninaos/Documents/ros2_ws/build/seabot_interfaces' returned '0': CMAKE_PREFIX_PATH=${CMAKE_PREFIX_PATH}:/opt/ros/humble /usr/bin/cmake --build /home/bninaos/Documents/ros2_ws/build/seabot_interfaces -- -j8 -l8
[3.466s] Invoking command in '/home/bninaos/Documents/ros2_ws/build/seabot_interfaces': CMAKE_PREFIX_PATH=${CMAKE_PREFIX_PATH}:/opt/ros/humble /usr/bin/cmake --install /home/bninaos/Documents/ros2_ws/build/seabot_interfaces
[3.472s] -- Install configuration: ""
[3.472s] -- Installing: /home/bninaos/Documents/ros2_ws/install/seabot_interfaces/share/ament_index/resource_index/rosidl_interfaces/seabot_interfaces
[3.472s] -- Installing: /home/bninaos/Documents/ros2_ws/install/seabot_interfaces/include/seabot_interfaces/seabot_interfaces
[3.472s] -- Installing: /home/bninaos/Documents/ros2_ws/install/seabot_interfaces/include/seabot_interfaces/seabot_interfaces/msg
[3.472s] -- Installing: /home/bninaos/Documents/ros2_ws/install/seabot_interfaces/include/seabot_interfaces/seabot_interfaces/msg/rosidl_generator_c__visibility_control.h
[3.472s] -- Installing: /home/bninaos/Documents/ros2_ws/install/seabot_interfaces/include/seabot_interfaces/seabot_interfaces/msg/feedback.h
[3.472s] -- Installing: /home/bninaos/Documents/ros2_ws/install/seabot_interfaces/include/seabot_interfaces/seabot_interfaces/msg/sensor_data.h
[3.472s] -- Installing: /home/bninaos/Documents/ros2_ws/install/seabot_interfaces/include/seabot_interfaces/seabot_interfaces/msg/detail
[3.472s] -- Installing: /home/bninaos/Documents/ros2_ws/install/seabot_interfaces/include/seabot_interfaces/seabot_interfaces/msg/detail/feedback__type_support.h
[3.472s] -- Installing: /home/bninaos/Documents/ros2_ws/install/seabot_interfaces/include/seabot_interfaces/seabot_interfaces/msg/detail/sensor_data__functions.c
[3.472s] -- Installing: /home/bninaos/Documents/ros2_ws/install/seabot_interfaces/include/seabot_interfaces/seabot_interfaces/msg/detail/sensor_data__type_support.h
[3.473s] -- Installing: /home/bninaos/Documents/ros2_ws/install/seabot_interfaces/include/seabot_interfaces/seabot_interfaces/msg/detail/feedback__functions.h
[3.473s] -- Installing: /home/bninaos/Documents/ros2_ws/install/seabot_interfaces/include/seabot_interfaces/seabot_interfaces/msg/detail/feedback__functions.c
[3.473s] -- Installing: /home/bninaos/Documents/ros2_ws/install/seabot_interfaces/include/seabot_interfaces/seabot_interfaces/msg/detail/feedback__struct.h
[3.473s] -- Installing: /home/bninaos/Documents/ros2_ws/install/seabot_interfaces/include/seabot_interfaces/seabot_interfaces/msg/detail/sensor_data__struct.h
[3.473s] -- Installing: /home/bninaos/Documents/ros2_ws/install/seabot_interfaces/include/seabot_interfaces/seabot_interfaces/msg/detail/sensor_data__functions.h
[3.473s] -- Installing: /home/bninaos/Documents/ros2_ws/install/seabot_interfaces/include/seabot_interfaces/seabot_interfaces/srv
[3.473s] -- Installing: /home/bninaos/Documents/ros2_ws/install/seabot_interfaces/include/seabot_interfaces/seabot_interfaces/srv/service.h
[3.473s] -- Installing: /home/bninaos/Documents/ros2_ws/install/seabot_interfaces/include/seabot_interfaces/seabot_interfaces/srv/detail
[3.473s] -- Installing: /home/bninaos/Documents/ros2_ws/install/seabot_interfaces/include/seabot_interfaces/seabot_interfaces/srv/detail/service__type_support.h
[3.473s] -- Installing: /home/bninaos/Documents/ros2_ws/install/seabot_interfaces/include/seabot_interfaces/seabot_interfaces/srv/detail/service__functions.h
[3.473s] -- Installing: /home/bninaos/Documents/ros2_ws/install/seabot_interfaces/include/seabot_interfaces/seabot_interfaces/srv/detail/service__functions.c
[3.473s] -- Installing: /home/bninaos/Documents/ros2_ws/install/seabot_interfaces/include/seabot_interfaces/seabot_interfaces/srv/detail/service__struct.h
[3.473s] -- Installing: /home/bninaos/Documents/ros2_ws/install/seabot_interfaces/share/seabot_interfaces/environment/library_path.sh
[3.474s] -- Installing: /home/bninaos/Documents/ros2_ws/install/seabot_interfaces/share/seabot_interfaces/environment/library_path.dsv
[3.474s] -- Installing: /home/bninaos/Documents/ros2_ws/install/seabot_interfaces/lib/libseabot_interfaces__rosidl_generator_c.so
[3.474s] -- Set runtime path of "/home/bninaos/Documents/ros2_ws/install/seabot_interfaces/lib/libseabot_interfaces__rosidl_generator_c.so" to ""
[3.474s] -- Up-to-date: /home/bninaos/Documents/ros2_ws/install/seabot_interfaces/include/seabot_interfaces/seabot_interfaces
[3.474s] -- Up-to-date: /home/bninaos/Documents/ros2_ws/install/seabot_interfaces/include/seabot_interfaces/seabot_interfaces/msg
[3.474s] -- Installing: /home/bninaos/Documents/ros2_ws/install/seabot_interfaces/include/seabot_interfaces/seabot_interfaces/msg/rosidl_typesupport_fastrtps_c__visibility_control.h
[3.474s] -- Up-to-date: /home/bninaos/Documents/ros2_ws/install/seabot_interfaces/include/seabot_interfaces/seabot_interfaces/msg/detail
[3.474s] -- Installing: /home/bninaos/Documents/ros2_ws/install/seabot_interfaces/include/seabot_interfaces/seabot_interfaces/msg/detail/feedback__rosidl_typesupport_fastrtps_c.h
[3.474s] -- Installing: /home/bninaos/Documents/ros2_ws/install/seabot_interfaces/include/seabot_interfaces/seabot_interfaces/msg/detail/sensor_data__rosidl_typesupport_fastrtps_c.h
[3.474s] -- Up-to-date: /home/bninaos/Documents/ros2_ws/install/seabot_interfaces/include/seabot_interfaces/seabot_interfaces/srv
[3.474s] -- Up-to-date: /home/bninaos/Documents/ros2_ws/install/seabot_interfaces/include/seabot_interfaces/seabot_interfaces/srv/detail
[3.474s] -- Installing: /home/bninaos/Documents/ros2_ws/install/seabot_interfaces/include/seabot_interfaces/seabot_interfaces/srv/detail/service__rosidl_typesupport_fastrtps_c.h
[3.474s] -- Installing: /home/bninaos/Documents/ros2_ws/install/seabot_interfaces/lib/libseabot_interfaces__rosidl_typesupport_fastrtps_c.so
[3.474s] -- Set runtime path of "/home/bninaos/Documents/ros2_ws/install/seabot_interfaces/lib/libseabot_interfaces__rosidl_typesupport_fastrtps_c.so" to ""
[3.475s] -- Up-to-date: /home/bninaos/Documents/ros2_ws/install/seabot_interfaces/include/seabot_interfaces/seabot_interfaces
[3.475s] -- Up-to-date: /home/bninaos/Documents/ros2_ws/install/seabot_interfaces/include/seabot_interfaces/seabot_interfaces/msg
[3.475s] -- Installing: /home/bninaos/Documents/ros2_ws/install/seabot_interfaces/include/seabot_interfaces/seabot_interfaces/msg/rosidl_typesupport_introspection_c__visibility_control.h
[3.475s] -- Up-to-date: /home/bninaos/Documents/ros2_ws/install/seabot_interfaces/include/seabot_interfaces/seabot_interfaces/msg/detail
[3.475s] -- Installing: /home/bninaos/Documents/ros2_ws/install/seabot_interfaces/include/seabot_interfaces/seabot_interfaces/msg/detail/sensor_data__rosidl_typesupport_introspection_c.h
[3.475s] -- Installing: /home/bninaos/Documents/ros2_ws/install/seabot_interfaces/include/seabot_interfaces/seabot_interfaces/msg/detail/feedback__type_support.c
[3.475s] -- Installing: /home/bninaos/Documents/ros2_ws/install/seabot_interfaces/include/seabot_interfaces/seabot_interfaces/msg/detail/sensor_data__type_support.c
[3.475s] -- Installing: /home/bninaos/Documents/ros2_ws/install/seabot_interfaces/include/seabot_interfaces/seabot_interfaces/msg/detail/feedback__rosidl_typesupport_introspection_c.h
[3.475s] -- Up-to-date: /home/bninaos/Documents/ros2_ws/install/seabot_interfaces/include/seabot_interfaces/seabot_interfaces/srv
[3.475s] -- Up-to-date: /home/bninaos/Documents/ros2_ws/install/seabot_interfaces/include/seabot_interfaces/seabot_interfaces/srv/detail
[3.475s] -- Installing: /home/bninaos/Documents/ros2_ws/install/seabot_interfaces/include/seabot_interfaces/seabot_interfaces/srv/detail/service__rosidl_typesupport_introspection_c.h
[3.475s] -- Installing: /home/bninaos/Documents/ros2_ws/install/seabot_interfaces/include/seabot_interfaces/seabot_interfaces/srv/detail/service__type_support.c
[3.475s] -- Installing: /home/bninaos/Documents/ros2_ws/install/seabot_interfaces/lib/libseabot_interfaces__rosidl_typesupport_introspection_c.so
[3.475s] -- Set runtime path of "/home/bninaos/Documents/ros2_ws/install/seabot_interfaces/lib/libseabot_interfaces__rosidl_typesupport_introspection_c.so" to ""
[3.475s] -- Installing: /home/bninaos/Documents/ros2_ws/install/seabot_interfaces/lib/libseabot_interfaces__rosidl_typesupport_c.so
[3.475s] -- Set runtime path of "/home/bninaos/Documents/ros2_ws/install/seabot_interfaces/lib/libseabot_interfaces__rosidl_typesupport_c.so" to ""
[3.476s] -- Up-to-date: /home/bninaos/Documents/ros2_ws/install/seabot_interfaces/include/seabot_interfaces/seabot_interfaces
[3.476s] -- Up-to-date: /home/bninaos/Documents/ros2_ws/install/seabot_interfaces/include/seabot_interfaces/seabot_interfaces/msg
[3.476s] -- Installing: /home/bninaos/Documents/ros2_ws/install/seabot_interfaces/include/seabot_interfaces/seabot_interfaces/msg/sensor_data.hpp
[3.476s] -- Up-to-date: /home/bninaos/Documents/ros2_ws/install/seabot_interfaces/include/seabot_interfaces/seabot_interfaces/msg/detail
[3.476s] -- Installing: /home/bninaos/Documents/ros2_ws/install/seabot_interfaces/include/seabot_interfaces/seabot_interfaces/msg/detail/feedback__struct.hpp
[3.476s] -- Installing: /home/bninaos/Documents/ros2_ws/install/seabot_interfaces/include/seabot_interfaces/seabot_interfaces/msg/detail/sensor_data__struct.hpp
[3.476s] -- Installing: /home/bninaos/Documents/ros2_ws/install/seabot_interfaces/include/seabot_interfaces/seabot_interfaces/msg/detail/sensor_data__traits.hpp
[3.476s] -- Installing: /home/bninaos/Documents/ros2_ws/install/seabot_interfaces/include/seabot_interfaces/seabot_interfaces/msg/detail/feedback__traits.hpp
[3.476s] -- Installing: /home/bninaos/Documents/ros2_ws/install/seabot_interfaces/include/seabot_interfaces/seabot_interfaces/msg/detail/feedback__builder.hpp
[3.476s] -- Installing: /home/bninaos/Documents/ros2_ws/install/seabot_interfaces/include/seabot_interfaces/seabot_interfaces/msg/detail/sensor_data__builder.hpp
[3.476s] -- Installing: /home/bninaos/Documents/ros2_ws/install/seabot_interfaces/include/seabot_interfaces/seabot_interfaces/msg/feedback.hpp
[3.476s] -- Up-to-date: /home/bninaos/Documents/ros2_ws/install/seabot_interfaces/include/seabot_interfaces/seabot_interfaces/srv
[3.476s] -- Up-to-date: /home/bninaos/Documents/ros2_ws/install/seabot_interfaces/include/seabot_interfaces/seabot_interfaces/srv/detail
[3.476s] -- Installing: /home/bninaos/Documents/ros2_ws/install/seabot_interfaces/include/seabot_interfaces/seabot_interfaces/srv/detail/service__struct.hpp
[3.476s] -- Installing: /home/bninaos/Documents/ros2_ws/install/seabot_interfaces/include/seabot_interfaces/seabot_interfaces/srv/detail/service__traits.hpp
[3.476s] -- Installing: /home/bninaos/Documents/ros2_ws/install/seabot_interfaces/include/seabot_interfaces/seabot_interfaces/srv/detail/service__builder.hpp
[3.476s] -- Installing: /home/bninaos/Documents/ros2_ws/install/seabot_interfaces/include/seabot_interfaces/seabot_interfaces/srv/service.hpp
[3.477s] -- Up-to-date: /home/bninaos/Documents/ros2_ws/install/seabot_interfaces/include/seabot_interfaces/seabot_interfaces
[3.477s] -- Up-to-date: /home/bninaos/Documents/ros2_ws/install/seabot_interfaces/include/seabot_interfaces/seabot_interfaces/msg
[3.477s] -- Installing: /home/bninaos/Documents/ros2_ws/install/seabot_interfaces/include/seabot_interfaces/seabot_interfaces/msg/rosidl_typesupport_fastrtps_cpp__visibility_control.h
[3.477s] -- Up-to-date: /home/bninaos/Documents/ros2_ws/install/seabot_interfaces/include/seabot_interfaces/seabot_interfaces/msg/detail
[3.477s] -- Installing: /home/bninaos/Documents/ros2_ws/install/seabot_interfaces/include/seabot_interfaces/seabot_interfaces/msg/detail/sensor_data__rosidl_typesupport_fastrtps_cpp.hpp
[3.477s] -- Installing: /home/bninaos/Documents/ros2_ws/install/seabot_interfaces/include/seabot_interfaces/seabot_interfaces/msg/detail/feedback__rosidl_typesupport_fastrtps_cpp.hpp
[3.477s] -- Installing: /home/bninaos/Documents/ros2_ws/install/seabot_interfaces/include/seabot_interfaces/seabot_interfaces/msg/detail/dds_fastrtps
[3.477s] -- Up-to-date: /home/bninaos/Documents/ros2_ws/install/seabot_interfaces/include/seabot_interfaces/seabot_interfaces/srv
[3.477s] -- Up-to-date: /home/bninaos/Documents/ros2_ws/install/seabot_interfaces/include/seabot_interfaces/seabot_interfaces/srv/detail
[3.477s] -- Installing: /home/bninaos/Documents/ros2_ws/install/seabot_interfaces/include/seabot_interfaces/seabot_interfaces/srv/detail/service__rosidl_typesupport_fastrtps_cpp.hpp
[3.477s] -- Installing: /home/bninaos/Documents/ros2_ws/install/seabot_interfaces/include/seabot_interfaces/seabot_interfaces/srv/detail/dds_fastrtps
[3.477s] -- Installing: /home/bninaos/Documents/ros2_ws/install/seabot_interfaces/lib/libseabot_interfaces__rosidl_typesupport_fastrtps_cpp.so
[3.477s] -- Set runtime path of "/home/bninaos/Documents/ros2_ws/install/seabot_interfaces/lib/libseabot_interfaces__rosidl_typesupport_fastrtps_cpp.so" to ""
[3.477s] -- Up-to-date: /home/bninaos/Documents/ros2_ws/install/seabot_interfaces/include/seabot_interfaces/seabot_interfaces
[3.477s] -- Up-to-date: /home/bninaos/Documents/ros2_ws/install/seabot_interfaces/include/seabot_interfaces/seabot_interfaces/msg
[3.477s] -- Up-to-date: /home/bninaos/Documents/ros2_ws/install/seabot_interfaces/include/seabot_interfaces/seabot_interfaces/msg/detail
[3.477s] -- Installing: /home/bninaos/Documents/ros2_ws/install/seabot_interfaces/include/seabot_interfaces/seabot_interfaces/msg/detail/sensor_data__type_support.cpp
[3.478s] -- Installing: /home/bninaos/Documents/ros2_ws/install/seabot_interfaces/include/seabot_interfaces/seabot_interfaces/msg/detail/feedback__type_support.cpp
[3.478s] -- Installing: /home/bninaos/Documents/ros2_ws/install/seabot_interfaces/include/seabot_interfaces/seabot_interfaces/msg/detail/sensor_data__rosidl_typesupport_introspection_cpp.hpp
[3.478s] -- Installing: /home/bninaos/Documents/ros2_ws/install/seabot_interfaces/include/seabot_interfaces/seabot_interfaces/msg/detail/feedback__rosidl_typesupport_introspection_cpp.hpp
[3.478s] -- Up-to-date: /home/bninaos/Documents/ros2_ws/install/seabot_interfaces/include/seabot_interfaces/seabot_interfaces/srv
[3.478s] -- Up-to-date: /home/bninaos/Documents/ros2_ws/install/seabot_interfaces/include/seabot_interfaces/seabot_interfaces/srv/detail
[3.478s] -- Installing: /home/bninaos/Documents/ros2_ws/install/seabot_interfaces/include/seabot_interfaces/seabot_interfaces/srv/detail/service__rosidl_typesupport_introspection_cpp.hpp
[3.478s] -- Installing: /home/bninaos/Documents/ros2_ws/install/seabot_interfaces/include/seabot_interfaces/seabot_interfaces/srv/detail/service__type_support.cpp
[3.478s] -- Installing: /home/bninaos/Documents/ros2_ws/install/seabot_interfaces/lib/libseabot_interfaces__rosidl_typesupport_introspection_cpp.so
[3.478s] -- Set runtime path of "/home/bninaos/Documents/ros2_ws/install/seabot_interfaces/lib/libseabot_interfaces__rosidl_typesupport_introspection_cpp.so" to ""
[3.478s] -- Installing: /home/bninaos/Documents/ros2_ws/install/seabot_interfaces/lib/libseabot_interfaces__rosidl_typesupport_cpp.so
[3.478s] -- Set runtime path of "/home/bninaos/Documents/ros2_ws/install/seabot_interfaces/lib/libseabot_interfaces__rosidl_typesupport_cpp.so" to ""
[3.478s] -- Installing: /home/bninaos/Documents/ros2_ws/install/seabot_interfaces/share/seabot_interfaces/environment/pythonpath.sh
[3.478s] -- Installing: /home/bninaos/Documents/ros2_ws/install/seabot_interfaces/share/seabot_interfaces/environment/pythonpath.dsv
[3.478s] -- Installing: /home/bninaos/Documents/ros2_ws/install/seabot_interfaces/local/lib/python3.10/dist-packages/seabot_interfaces-0.0.0-py3.10.egg-info
[3.478s] -- Installing: /home/bninaos/Documents/ros2_ws/install/seabot_interfaces/local/lib/python3.10/dist-packages/seabot_interfaces-0.0.0-py3.10.egg-info/PKG-INFO
[3.478s] -- Installing: /home/bninaos/Documents/ros2_ws/install/seabot_interfaces/local/lib/python3.10/dist-packages/seabot_interfaces-0.0.0-py3.10.egg-info/dependency_links.txt
[3.479s] -- Installing: /home/bninaos/Documents/ros2_ws/install/seabot_interfaces/local/lib/python3.10/dist-packages/seabot_interfaces-0.0.0-py3.10.egg-info/top_level.txt
[3.479s] -- Installing: /home/bninaos/Documents/ros2_ws/install/seabot_interfaces/local/lib/python3.10/dist-packages/seabot_interfaces-0.0.0-py3.10.egg-info/SOURCES.txt
[3.485s] -- Installing: /home/bninaos/Documents/ros2_ws/install/seabot_interfaces/local/lib/python3.10/dist-packages/seabot_interfaces
[3.485s] -- Installing: /home/bninaos/Documents/ros2_ws/install/seabot_interfaces/local/lib/python3.10/dist-packages/seabot_interfaces/seabot_interfaces_s__rosidl_typesupport_introspection_c.cpython-310-x86_64-linux-gnu.so
[3.485s] -- Installing: /home/bninaos/Documents/ros2_ws/install/seabot_interfaces/local/lib/python3.10/dist-packages/seabot_interfaces/_seabot_interfaces_s.ep.rosidl_typesupport_introspection_c.c
[3.485s] -- Installing: /home/bninaos/Documents/ros2_ws/install/seabot_interfaces/local/lib/python3.10/dist-packages/seabot_interfaces/libseabot_interfaces__rosidl_generator_py.so
[3.485s] -- Installing: /home/bninaos/Documents/ros2_ws/install/seabot_interfaces/local/lib/python3.10/dist-packages/seabot_interfaces/__init__.py
[3.486s] -- Installing: /home/bninaos/Documents/ros2_ws/install/seabot_interfaces/local/lib/python3.10/dist-packages/seabot_interfaces/msg
[3.486s] -- Installing: /home/bninaos/Documents/ros2_ws/install/seabot_interfaces/local/lib/python3.10/dist-packages/seabot_interfaces/msg/_feedback_s.c
[3.486s] -- Installing: /home/bninaos/Documents/ros2_ws/install/seabot_interfaces/local/lib/python3.10/dist-packages/seabot_interfaces/msg/__init__.py
[3.486s] -- Installing: /home/bninaos/Documents/ros2_ws/install/seabot_interfaces/local/lib/python3.10/dist-packages/seabot_interfaces/msg/_feedback.py
[3.486s] -- Installing: /home/bninaos/Documents/ros2_ws/install/seabot_interfaces/local/lib/python3.10/dist-packages/seabot_interfaces/msg/_sensor_data_s.c
[3.486s] -- Installing: /home/bninaos/Documents/ros2_ws/install/seabot_interfaces/local/lib/python3.10/dist-packages/seabot_interfaces/msg/_sensor_data.py
[3.486s] -- Installing: /home/bninaos/Documents/ros2_ws/install/seabot_interfaces/local/lib/python3.10/dist-packages/seabot_interfaces/srv
[3.486s] -- Installing: /home/bninaos/Documents/ros2_ws/install/seabot_interfaces/local/lib/python3.10/dist-packages/seabot_interfaces/srv/__init__.py
[3.486s] -- Installing: /home/bninaos/Documents/ros2_ws/install/seabot_interfaces/local/lib/python3.10/dist-packages/seabot_interfaces/srv/_service.py
[3.486s] -- Installing: /home/bninaos/Documents/ros2_ws/install/seabot_interfaces/local/lib/python3.10/dist-packages/seabot_interfaces/srv/_service_s.c
[3.486s] -- Installing: /home/bninaos/Documents/ros2_ws/install/seabot_interfaces/local/lib/python3.10/dist-packages/seabot_interfaces/_seabot_interfaces_s.ep.rosidl_typesupport_c.c
[3.486s] -- Installing: /home/bninaos/Documents/ros2_ws/install/seabot_interfaces/local/lib/python3.10/dist-packages/seabot_interfaces/seabot_interfaces_s__rosidl_typesupport_fastrtps_c.cpython-310-x86_64-linux-gnu.so
[3.486s] -- Installing: /home/bninaos/Documents/ros2_ws/install/seabot_interfaces/local/lib/python3.10/dist-packages/seabot_interfaces/_seabot_interfaces_s.ep.rosidl_typesupport_fastrtps_c.c
[3.486s] -- Installing: /home/bninaos/Documents/ros2_ws/install/seabot_interfaces/local/lib/python3.10/dist-packages/seabot_interfaces/seabot_interfaces_s__rosidl_typesupport_c.cpython-310-x86_64-linux-gnu.so
[3.516s] Listing '/home/bninaos/Documents/ros2_ws/install/seabot_interfaces/local/lib/python3.10/dist-packages/seabot_interfaces'...
[3.516s] Compiling '/home/bninaos/Documents/ros2_ws/install/seabot_interfaces/local/lib/python3.10/dist-packages/seabot_interfaces/__init__.py'...
[3.516s] Listing '/home/bninaos/Documents/ros2_ws/install/seabot_interfaces/local/lib/python3.10/dist-packages/seabot_interfaces/msg'...
[3.516s] Compiling '/home/bninaos/Documents/ros2_ws/install/seabot_interfaces/local/lib/python3.10/dist-packages/seabot_interfaces/msg/__init__.py'...
[3.517s] Compiling '/home/bninaos/Documents/ros2_ws/install/seabot_interfaces/local/lib/python3.10/dist-packages/seabot_interfaces/msg/_feedback.py'...
[3.517s] Compiling '/home/bninaos/Documents/ros2_ws/install/seabot_interfaces/local/lib/python3.10/dist-packages/seabot_interfaces/msg/_sensor_data.py'...
[3.517s] Listing '/home/bninaos/Documents/ros2_ws/install/seabot_interfaces/local/lib/python3.10/dist-packages/seabot_interfaces/srv'...
[3.517s] Compiling '/home/bninaos/Documents/ros2_ws/install/seabot_interfaces/local/lib/python3.10/dist-packages/seabot_interfaces/srv/__init__.py'...
[3.517s] Compiling '/home/bninaos/Documents/ros2_ws/install/seabot_interfaces/local/lib/python3.10/dist-packages/seabot_interfaces/srv/_service.py'...
[3.521s] -- Installing: /home/bninaos/Documents/ros2_ws/install/seabot_interfaces/local/lib/python3.10/dist-packages/seabot_interfaces/seabot_interfaces_s__rosidl_typesupport_fastrtps_c.cpython-310-x86_64-linux-gnu.so
[3.521s] -- Set runtime path of "/home/bninaos/Documents/ros2_ws/install/seabot_interfaces/local/lib/python3.10/dist-packages/seabot_interfaces/seabot_interfaces_s__rosidl_typesupport_fastrtps_c.cpython-310-x86_64-linux-gnu.so" to ""
[3.521s] -- Installing: /home/bninaos/Documents/ros2_ws/install/seabot_interfaces/local/lib/python3.10/dist-packages/seabot_interfaces/seabot_interfaces_s__rosidl_typesupport_introspection_c.cpython-310-x86_64-linux-gnu.so
[3.521s] -- Set runtime path of "/home/bninaos/Documents/ros2_ws/install/seabot_interfaces/local/lib/python3.10/dist-packages/seabot_interfaces/seabot_interfaces_s__rosidl_typesupport_introspection_c.cpython-310-x86_64-linux-gnu.so" to ""
[3.521s] -- Installing: /home/bninaos/Documents/ros2_ws/install/seabot_interfaces/local/lib/python3.10/dist-packages/seabot_interfaces/seabot_interfaces_s__rosidl_typesupport_c.cpython-310-x86_64-linux-gnu.so
[3.521s] -- Set runtime path of "/home/bninaos/Documents/ros2_ws/install/seabot_interfaces/local/lib/python3.10/dist-packages/seabot_interfaces/seabot_interfaces_s__rosidl_typesupport_c.cpython-310-x86_64-linux-gnu.so" to ""
[3.521s] -- Installing: /home/bninaos/Documents/ros2_ws/install/seabot_interfaces/lib/libseabot_interfaces__rosidl_generator_py.so
[3.522s] -- Set runtime path of "/home/bninaos/Documents/ros2_ws/install/seabot_interfaces/lib/libseabot_interfaces__rosidl_generator_py.so" to ""
[3.522s] -- Installing: /home/bninaos/Documents/ros2_ws/install/seabot_interfaces/share/seabot_interfaces/msg/Feedback.idl
[3.522s] -- Installing: /home/bninaos/Documents/ros2_ws/install/seabot_interfaces/share/seabot_interfaces/msg/SensorData.idl
[3.522s] -- Installing: /home/bninaos/Documents/ros2_ws/install/seabot_interfaces/share/seabot_interfaces/srv/Service.idl
[3.522s] -- Installing: /home/bninaos/Documents/ros2_ws/install/seabot_interfaces/share/seabot_interfaces/msg/Feedback.msg
[3.522s] -- Installing: /home/bninaos/Documents/ros2_ws/install/seabot_interfaces/share/seabot_interfaces/msg/SensorData.msg
[3.522s] -- Installing: /home/bninaos/Documents/ros2_ws/install/seabot_interfaces/share/seabot_interfaces/srv/Service.srv
[3.522s] -- Installing: /home/bninaos/Documents/ros2_ws/install/seabot_interfaces/share/seabot_interfaces/srv/Service_Request.msg
[3.522s] -- Installing: /home/bninaos/Documents/ros2_ws/install/seabot_interfaces/share/seabot_interfaces/srv/Service_Response.msg
[3.522s] -- Installing: /home/bninaos/Documents/ros2_ws/install/seabot_interfaces/share/ament_index/resource_index/package_run_dependencies/seabot_interfaces
[3.522s] -- Installing: /home/bninaos/Documents/ros2_ws/install/seabot_interfaces/share/ament_index/resource_index/parent_prefix_path/seabot_interfaces
[3.523s] -- Installing: /home/bninaos/Documents/ros2_ws/install/seabot_interfaces/share/seabot_interfaces/environment/ament_prefix_path.sh
[3.523s] -- Installing: /home/bninaos/Documents/ros2_ws/install/seabot_interfaces/share/seabot_interfaces/environment/ament_prefix_path.dsv
[3.523s] -- Installing: /home/bninaos/Documents/ros2_ws/install/seabot_interfaces/share/seabot_interfaces/environment/path.sh
[3.523s] -- Installing: /home/bninaos/Documents/ros2_ws/install/seabot_interfaces/share/seabot_interfaces/environment/path.dsv
[3.523s] -- Installing: /home/bninaos/Documents/ros2_ws/install/seabot_interfaces/share/seabot_interfaces/local_setup.bash
[3.523s] -- Installing: /home/bninaos/Documents/ros2_ws/install/seabot_interfaces/share/seabot_interfaces/local_setup.sh
[3.523s] -- Installing: /home/bninaos/Documents/ros2_ws/install/seabot_interfaces/share/seabot_interfaces/local_setup.zsh
[3.523s] -- Installing: /home/bninaos/Documents/ros2_ws/install/seabot_interfaces/share/seabot_interfaces/local_setup.dsv
[3.523s] -- Installing: /home/bninaos/Documents/ros2_ws/install/seabot_interfaces/share/seabot_interfaces/package.dsv
[3.523s] -- Installing: /home/bninaos/Documents/ros2_ws/install/seabot_interfaces/share/ament_index/resource_index/packages/seabot_interfaces
[3.523s] -- Installing: /home/bninaos/Documents/ros2_ws/install/seabot_interfaces/share/seabot_interfaces/cmake/export_seabot_interfaces__rosidl_generator_cExport.cmake
[3.523s] -- Installing: /home/bninaos/Documents/ros2_ws/install/seabot_interfaces/share/seabot_interfaces/cmake/export_seabot_interfaces__rosidl_generator_cExport-noconfig.cmake
[3.524s] -- Installing: /home/bninaos/Documents/ros2_ws/install/seabot_interfaces/share/seabot_interfaces/cmake/export_seabot_interfaces__rosidl_typesupport_fastrtps_cExport.cmake
[3.524s] -- Installing: /home/bninaos/Documents/ros2_ws/install/seabot_interfaces/share/seabot_interfaces/cmake/export_seabot_interfaces__rosidl_typesupport_fastrtps_cExport-noconfig.cmake
[3.524s] -- Installing: /home/bninaos/Documents/ros2_ws/install/seabot_interfaces/share/seabot_interfaces/cmake/seabot_interfaces__rosidl_typesupport_introspection_cExport.cmake
[3.524s] -- Installing: /home/bninaos/Documents/ros2_ws/install/seabot_interfaces/share/seabot_interfaces/cmake/seabot_interfaces__rosidl_typesupport_introspection_cExport-noconfig.cmake
[3.524s] -- Installing: /home/bninaos/Documents/ros2_ws/install/seabot_interfaces/share/seabot_interfaces/cmake/seabot_interfaces__rosidl_typesupport_cExport.cmake
[3.524s] -- Installing: /home/bninaos/Documents/ros2_ws/install/seabot_interfaces/share/seabot_interfaces/cmake/seabot_interfaces__rosidl_typesupport_cExport-noconfig.cmake
[3.524s] -- Installing: /home/bninaos/Documents/ros2_ws/install/seabot_interfaces/share/seabot_interfaces/cmake/export_seabot_interfaces__rosidl_generator_cppExport.cmake
[3.524s] -- Installing: /home/bninaos/Documents/ros2_ws/install/seabot_interfaces/share/seabot_interfaces/cmake/export_seabot_interfaces__rosidl_typesupport_fastrtps_cppExport.cmake
[3.524s] -- Installing: /home/bninaos/Documents/ros2_ws/install/seabot_interfaces/share/seabot_interfaces/cmake/export_seabot_interfaces__rosidl_typesupport_fastrtps_cppExport-noconfig.cmake
[3.524s] -- Installing: /home/bninaos/Documents/ros2_ws/install/seabot_interfaces/share/seabot_interfaces/cmake/seabot_interfaces__rosidl_typesupport_introspection_cppExport.cmake
[3.524s] -- Installing: /home/bninaos/Documents/ros2_ws/install/seabot_interfaces/share/seabot_interfaces/cmake/seabot_interfaces__rosidl_typesupport_introspection_cppExport-noconfig.cmake
[3.524s] -- Installing: /home/bninaos/Documents/ros2_ws/install/seabot_interfaces/share/seabot_interfaces/cmake/seabot_interfaces__rosidl_typesupport_cppExport.cmake
[3.525s] -- Installing: /home/bninaos/Documents/ros2_ws/install/seabot_interfaces/share/seabot_interfaces/cmake/seabot_interfaces__rosidl_typesupport_cppExport-noconfig.cmake
[3.525s] -- Installing: /home/bninaos/Documents/ros2_ws/install/seabot_interfaces/share/seabot_interfaces/cmake/export_seabot_interfaces__rosidl_generator_pyExport.cmake
[3.525s] -- Installing: /home/bninaos/Documents/ros2_ws/install/seabot_interfaces/share/seabot_interfaces/cmake/export_seabot_interfaces__rosidl_generator_pyExport-noconfig.cmake
[3.525s] -- Installing: /home/bninaos/Documents/ros2_ws/install/seabot_interfaces/share/seabot_interfaces/cmake/rosidl_cmake-extras.cmake
[3.525s] -- Installing: /home/bninaos/Documents/ros2_ws/install/seabot_interfaces/share/seabot_interfaces/cmake/ament_cmake_export_include_directories-extras.cmake
[3.525s] -- Installing: /home/bninaos/Documents/ros2_ws/install/seabot_interfaces/share/seabot_interfaces/cmake/ament_cmake_export_libraries-extras.cmake
[3.525s] -- Installing: /home/bninaos/Documents/ros2_ws/install/seabot_interfaces/share/seabot_interfaces/cmake/ament_cmake_export_targets-extras.cmake
[3.525s] -- Installing: /home/bninaos/Documents/ros2_ws/install/seabot_interfaces/share/seabot_interfaces/cmake/rosidl_cmake_export_typesupport_targets-extras.cmake
[3.525s] -- Installing: /home/bninaos/Documents/ros2_ws/install/seabot_interfaces/share/seabot_interfaces/cmake/ament_cmake_export_dependencies-extras.cmake
[3.525s] -- Installing: /home/bninaos/Documents/ros2_ws/install/seabot_interfaces/share/seabot_interfaces/cmake/rosidl_cmake_export_typesupport_libraries-extras.cmake
[3.525s] -- Installing: /home/bninaos/Documents/ros2_ws/install/seabot_interfaces/share/seabot_interfaces/cmake/seabot_interfacesConfig.cmake
[3.526s] -- Installing: /home/bninaos/Documents/ros2_ws/install/seabot_interfaces/share/seabot_interfaces/cmake/seabot_interfacesConfig-version.cmake
[3.526s] -- Installing: /home/bninaos/Documents/ros2_ws/install/seabot_interfaces/share/seabot_interfaces/package.xml
[3.528s] Invoked command in '/home/bninaos/Documents/ros2_ws/build/seabot_interfaces' returned '0': CMAKE_PREFIX_PATH=${CMAKE_PREFIX_PATH}:/opt/ros/humble /usr/bin/cmake --install /home/bninaos/Documents/ros2_ws/build/seabot_interfaces
