[0.067s] DEBUG:colcon:Command line arguments: ['/usr/bin/colcon', 'build']
[0.067s] DEBUG:colcon:Parsed command line arguments: Namespace(log_base=None, log_level=None, verb_name='build', build_base='build', install_base='install', merge_install=False, symlink_install=False, test_result_base=None, continue_on_error=False, executor='parallel', parallel_workers=8, event_handlers=None, ignore_user_meta=False, metas=['./colcon.meta'], base_paths=['.'], packages_ignore=None, packages_ignore_regex=None, paths=None, packages_up_to=None, packages_up_to_regex=None, packages_above=None, packages_above_and_dependencies=None, packages_above_depth=None, packages_select_by_dep=None, packages_skip_by_dep=None, packages_skip_up_to=None, packages_select_build_failed=False, packages_skip_build_finished=False, packages_select_test_failures=False, packages_skip_test_passed=False, packages_select=None, packages_skip=None, packages_select_regex=None, packages_skip_regex=None, packages_start=None, packages_end=None, allow_overriding=[], cmake_args=None, cmake_target=None, cmake_target_skip_unavailable=False, cmake_clean_cache=False, cmake_clean_first=False, cmake_force_configure=False, ament_cmake_args=None, catkin_cmake_args=None, catkin_skip_building_tests=False, mixin_files=None, mixin=None, verb_parser=<colcon_mixin.mixin.mixin_argument.MixinArgumentDecorator object at 0x7e4c62134250>, verb_extension=<colcon_core.verb.build.BuildVerb object at 0x7e4c622f3790>, main=<bound method BuildVerb.main of <colcon_core.verb.build.BuildVerb object at 0x7e4c622f3790>>, mixin_verb=('build',))
[0.150s] Level 1:colcon.colcon_core.package_discovery:discover_packages(colcon_meta) check parameters
[0.150s] Level 1:colcon.colcon_core.package_discovery:discover_packages(recursive) check parameters
[0.150s] Level 1:colcon.colcon_core.package_discovery:discover_packages(ignore) check parameters
[0.150s] Level 1:colcon.colcon_core.package_discovery:discover_packages(path) check parameters
[0.150s] Level 1:colcon.colcon_core.package_discovery:discover_packages(colcon_meta) discover
[0.150s] Level 1:colcon.colcon_core.package_discovery:discover_packages(recursive) discover
[0.150s] INFO:colcon.colcon_core.package_discovery:Crawling recursively for packages in '/home/bninaos/Documents/ros2_ws'
[0.150s] Level 1:colcon.colcon_core.package_identification:_identify(.) by extensions ['ignore', 'ignore_ament_install']
[0.150s] Level 1:colcon.colcon_core.package_identification:_identify(.) by extension 'ignore'
[0.150s] Level 1:colcon.colcon_core.package_identification:_identify(.) by extension 'ignore_ament_install'
[0.150s] Level 1:colcon.colcon_core.package_identification:_identify(.) by extensions ['colcon_pkg']
[0.150s] Level 1:colcon.colcon_core.package_identification:_identify(.) by extension 'colcon_pkg'
[0.150s] Level 1:colcon.colcon_core.package_identification:_identify(.) by extensions ['colcon_meta']
[0.150s] Level 1:colcon.colcon_core.package_identification:_identify(.) by extension 'colcon_meta'
[0.150s] Level 1:colcon.colcon_core.package_identification:_identify(.) by extensions ['ros']
[0.150s] Level 1:colcon.colcon_core.package_identification:_identify(.) by extension 'ros'
[0.158s] Level 1:colcon.colcon_core.package_identification:_identify(.) by extensions ['cmake', 'python']
[0.158s] Level 1:colcon.colcon_core.package_identification:_identify(.) by extension 'cmake'
[0.158s] Level 1:colcon.colcon_core.package_identification:_identify(.) by extension 'python'
[0.158s] Level 1:colcon.colcon_core.package_identification:_identify(.) by extensions ['python_setup_py']
[0.158s] Level 1:colcon.colcon_core.package_identification:_identify(.) by extension 'python_setup_py'
[0.158s] Level 1:colcon.colcon_core.package_identification:_identify(build) by extensions ['ignore', 'ignore_ament_install']
[0.158s] Level 1:colcon.colcon_core.package_identification:_identify(build) by extension 'ignore'
[0.158s] Level 1:colcon.colcon_core.package_identification:_identify(build) ignored
[0.158s] Level 1:colcon.colcon_core.package_identification:_identify(install) by extensions ['ignore', 'ignore_ament_install']
[0.158s] Level 1:colcon.colcon_core.package_identification:_identify(install) by extension 'ignore'
[0.158s] Level 1:colcon.colcon_core.package_identification:_identify(install) ignored
[0.158s] Level 1:colcon.colcon_core.package_identification:_identify(log) by extensions ['ignore', 'ignore_ament_install']
[0.158s] Level 1:colcon.colcon_core.package_identification:_identify(log) by extension 'ignore'
[0.158s] Level 1:colcon.colcon_core.package_identification:_identify(log) ignored
[0.158s] Level 1:colcon.colcon_core.package_identification:_identify(src) by extensions ['ignore', 'ignore_ament_install']
[0.158s] Level 1:colcon.colcon_core.package_identification:_identify(src) by extension 'ignore'
[0.158s] Level 1:colcon.colcon_core.package_identification:_identify(src) by extension 'ignore_ament_install'
[0.158s] Level 1:colcon.colcon_core.package_identification:_identify(src) by extensions ['colcon_pkg']
[0.158s] Level 1:colcon.colcon_core.package_identification:_identify(src) by extension 'colcon_pkg'
[0.158s] Level 1:colcon.colcon_core.package_identification:_identify(src) by extensions ['colcon_meta']
[0.158s] Level 1:colcon.colcon_core.package_identification:_identify(src) by extension 'colcon_meta'
[0.158s] Level 1:colcon.colcon_core.package_identification:_identify(src) by extensions ['ros']
[0.158s] Level 1:colcon.colcon_core.package_identification:_identify(src) by extension 'ros'
[0.158s] Level 1:colcon.colcon_core.package_identification:_identify(src) by extensions ['cmake', 'python']
[0.159s] Level 1:colcon.colcon_core.package_identification:_identify(src) by extension 'cmake'
[0.159s] Level 1:colcon.colcon_core.package_identification:_identify(src) by extension 'python'
[0.159s] Level 1:colcon.colcon_core.package_identification:_identify(src) by extensions ['python_setup_py']
[0.159s] Level 1:colcon.colcon_core.package_identification:_identify(src) by extension 'python_setup_py'
[0.159s] Level 1:colcon.colcon_core.package_identification:_identify(src/cpp_pubsub) by extensions ['ignore', 'ignore_ament_install']
[0.159s] Level 1:colcon.colcon_core.package_identification:_identify(src/cpp_pubsub) by extension 'ignore'
[0.159s] Level 1:colcon.colcon_core.package_identification:_identify(src/cpp_pubsub) by extension 'ignore_ament_install'
[0.159s] Level 1:colcon.colcon_core.package_identification:_identify(src/cpp_pubsub) by extensions ['colcon_pkg']
[0.159s] Level 1:colcon.colcon_core.package_identification:_identify(src/cpp_pubsub) by extension 'colcon_pkg'
[0.159s] Level 1:colcon.colcon_core.package_identification:_identify(src/cpp_pubsub) by extensions ['colcon_meta']
[0.159s] Level 1:colcon.colcon_core.package_identification:_identify(src/cpp_pubsub) by extension 'colcon_meta'
[0.159s] Level 1:colcon.colcon_core.package_identification:_identify(src/cpp_pubsub) by extensions ['ros']
[0.159s] Level 1:colcon.colcon_core.package_identification:_identify(src/cpp_pubsub) by extension 'ros'
[0.160s] DEBUG:colcon.colcon_core.package_identification:Package 'src/cpp_pubsub' with type 'ros.ament_cmake' and name 'cpp_pubsub'
[0.161s] Level 1:colcon.colcon_core.package_identification:_identify(src/cpp_srvcli) by extensions ['ignore', 'ignore_ament_install']
[0.161s] Level 1:colcon.colcon_core.package_identification:_identify(src/cpp_srvcli) by extension 'ignore'
[0.161s] Level 1:colcon.colcon_core.package_identification:_identify(src/cpp_srvcli) by extension 'ignore_ament_install'
[0.161s] Level 1:colcon.colcon_core.package_identification:_identify(src/cpp_srvcli) by extensions ['colcon_pkg']
[0.161s] Level 1:colcon.colcon_core.package_identification:_identify(src/cpp_srvcli) by extension 'colcon_pkg'
[0.161s] Level 1:colcon.colcon_core.package_identification:_identify(src/cpp_srvcli) by extensions ['colcon_meta']
[0.161s] Level 1:colcon.colcon_core.package_identification:_identify(src/cpp_srvcli) by extension 'colcon_meta'
[0.161s] Level 1:colcon.colcon_core.package_identification:_identify(src/cpp_srvcli) by extensions ['ros']
[0.161s] Level 1:colcon.colcon_core.package_identification:_identify(src/cpp_srvcli) by extension 'ros'
[0.161s] DEBUG:colcon.colcon_core.package_identification:Package 'src/cpp_srvcli' with type 'ros.ament_cmake' and name 'cpp_srvcli'
[0.161s] Level 1:colcon.colcon_core.package_identification:_identify(src/seabot_interfaces) by extensions ['ignore', 'ignore_ament_install']
[0.161s] Level 1:colcon.colcon_core.package_identification:_identify(src/seabot_interfaces) by extension 'ignore'
[0.161s] Level 1:colcon.colcon_core.package_identification:_identify(src/seabot_interfaces) by extension 'ignore_ament_install'
[0.161s] Level 1:colcon.colcon_core.package_identification:_identify(src/seabot_interfaces) by extensions ['colcon_pkg']
[0.161s] Level 1:colcon.colcon_core.package_identification:_identify(src/seabot_interfaces) by extension 'colcon_pkg'
[0.161s] Level 1:colcon.colcon_core.package_identification:_identify(src/seabot_interfaces) by extensions ['colcon_meta']
[0.161s] Level 1:colcon.colcon_core.package_identification:_identify(src/seabot_interfaces) by extension 'colcon_meta'
[0.161s] Level 1:colcon.colcon_core.package_identification:_identify(src/seabot_interfaces) by extensions ['ros']
[0.161s] Level 1:colcon.colcon_core.package_identification:_identify(src/seabot_interfaces) by extension 'ros'
[0.162s] DEBUG:colcon.colcon_core.package_identification:Package 'src/seabot_interfaces' with type 'ros.ament_cmake' and name 'seabot_interfaces'
[0.162s] Level 1:colcon.colcon_core.package_discovery:discover_packages(recursive) using defaults
[0.162s] Level 1:colcon.colcon_core.package_discovery:discover_packages(ignore) discover
[0.162s] Level 1:colcon.colcon_core.package_discovery:discover_packages(ignore) using defaults
[0.162s] Level 1:colcon.colcon_core.package_discovery:discover_packages(path) discover
[0.162s] Level 1:colcon.colcon_core.package_discovery:discover_packages(path) using defaults
[0.176s] Level 1:colcon.colcon_core.package_discovery:discover_packages(prefix_path) check parameters
[0.176s] Level 1:colcon.colcon_core.package_discovery:discover_packages(prefix_path) discover
[0.177s] DEBUG:colcon.colcon_installed_package_information.package_discovery:Found 4 installed packages in /home/bninaos/Documents/ros2_ws/install
[0.177s] DEBUG:colcon.colcon_installed_package_information.package_discovery:Found 3 installed packages in /home/bninaos/microros/install
[0.178s] DEBUG:colcon.colcon_installed_package_information.package_discovery:Found 180 installed packages in /opt/ros/humble
[0.178s] Level 1:colcon.colcon_core.package_discovery:discover_packages(prefix_path) using defaults
[0.193s] Level 5:colcon.colcon_core.verb:set package 'seabot_interfaces' build argument 'cmake_args' from command line to 'None'
[0.193s] Level 5:colcon.colcon_core.verb:set package 'seabot_interfaces' build argument 'cmake_target' from command line to 'None'
[0.193s] Level 5:colcon.colcon_core.verb:set package 'seabot_interfaces' build argument 'cmake_target_skip_unavailable' from command line to 'False'
[0.193s] Level 5:colcon.colcon_core.verb:set package 'seabot_interfaces' build argument 'cmake_clean_cache' from command line to 'False'
[0.193s] Level 5:colcon.colcon_core.verb:set package 'seabot_interfaces' build argument 'cmake_clean_first' from command line to 'False'
[0.194s] Level 5:colcon.colcon_core.verb:set package 'seabot_interfaces' build argument 'cmake_force_configure' from command line to 'False'
[0.194s] Level 5:colcon.colcon_core.verb:set package 'seabot_interfaces' build argument 'ament_cmake_args' from command line to 'None'
[0.194s] Level 5:colcon.colcon_core.verb:set package 'seabot_interfaces' build argument 'catkin_cmake_args' from command line to 'None'
[0.194s] Level 5:colcon.colcon_core.verb:set package 'seabot_interfaces' build argument 'catkin_skip_building_tests' from command line to 'False'
[0.194s] DEBUG:colcon.colcon_core.verb:Building package 'seabot_interfaces' with the following arguments: {'ament_cmake_args': None, 'build_base': '/home/bninaos/Documents/ros2_ws/build/seabot_interfaces', 'catkin_cmake_args': None, 'catkin_skip_building_tests': False, 'cmake_args': None, 'cmake_clean_cache': False, 'cmake_clean_first': False, 'cmake_force_configure': False, 'cmake_target': None, 'cmake_target_skip_unavailable': False, 'install_base': '/home/bninaos/Documents/ros2_ws/install/seabot_interfaces', 'merge_install': False, 'path': '/home/bninaos/Documents/ros2_ws/src/seabot_interfaces', 'symlink_install': False, 'test_result_base': None}
[0.194s] Level 5:colcon.colcon_core.verb:set package 'cpp_pubsub' build argument 'cmake_args' from command line to 'None'
[0.194s] Level 5:colcon.colcon_core.verb:set package 'cpp_pubsub' build argument 'cmake_target' from command line to 'None'
[0.194s] Level 5:colcon.colcon_core.verb:set package 'cpp_pubsub' build argument 'cmake_target_skip_unavailable' from command line to 'False'
[0.194s] Level 5:colcon.colcon_core.verb:set package 'cpp_pubsub' build argument 'cmake_clean_cache' from command line to 'False'
[0.194s] Level 5:colcon.colcon_core.verb:set package 'cpp_pubsub' build argument 'cmake_clean_first' from command line to 'False'
[0.194s] Level 5:colcon.colcon_core.verb:set package 'cpp_pubsub' build argument 'cmake_force_configure' from command line to 'False'
[0.194s] Level 5:colcon.colcon_core.verb:set package 'cpp_pubsub' build argument 'ament_cmake_args' from command line to 'None'
[0.194s] Level 5:colcon.colcon_core.verb:set package 'cpp_pubsub' build argument 'catkin_cmake_args' from command line to 'None'
[0.194s] Level 5:colcon.colcon_core.verb:set package 'cpp_pubsub' build argument 'catkin_skip_building_tests' from command line to 'False'
[0.194s] DEBUG:colcon.colcon_core.verb:Building package 'cpp_pubsub' with the following arguments: {'ament_cmake_args': None, 'build_base': '/home/bninaos/Documents/ros2_ws/build/cpp_pubsub', 'catkin_cmake_args': None, 'catkin_skip_building_tests': False, 'cmake_args': None, 'cmake_clean_cache': False, 'cmake_clean_first': False, 'cmake_force_configure': False, 'cmake_target': None, 'cmake_target_skip_unavailable': False, 'install_base': '/home/bninaos/Documents/ros2_ws/install/cpp_pubsub', 'merge_install': False, 'path': '/home/bninaos/Documents/ros2_ws/src/cpp_pubsub', 'symlink_install': False, 'test_result_base': None}
[0.194s] Level 5:colcon.colcon_core.verb:set package 'cpp_srvcli' build argument 'cmake_args' from command line to 'None'
[0.194s] Level 5:colcon.colcon_core.verb:set package 'cpp_srvcli' build argument 'cmake_target' from command line to 'None'
[0.194s] Level 5:colcon.colcon_core.verb:set package 'cpp_srvcli' build argument 'cmake_target_skip_unavailable' from command line to 'False'
[0.194s] Level 5:colcon.colcon_core.verb:set package 'cpp_srvcli' build argument 'cmake_clean_cache' from command line to 'False'
[0.194s] Level 5:colcon.colcon_core.verb:set package 'cpp_srvcli' build argument 'cmake_clean_first' from command line to 'False'
[0.194s] Level 5:colcon.colcon_core.verb:set package 'cpp_srvcli' build argument 'cmake_force_configure' from command line to 'False'
[0.194s] Level 5:colcon.colcon_core.verb:set package 'cpp_srvcli' build argument 'ament_cmake_args' from command line to 'None'
[0.194s] Level 5:colcon.colcon_core.verb:set package 'cpp_srvcli' build argument 'catkin_cmake_args' from command line to 'None'
[0.194s] Level 5:colcon.colcon_core.verb:set package 'cpp_srvcli' build argument 'catkin_skip_building_tests' from command line to 'False'
[0.194s] DEBUG:colcon.colcon_core.verb:Building package 'cpp_srvcli' with the following arguments: {'ament_cmake_args': None, 'build_base': '/home/bninaos/Documents/ros2_ws/build/cpp_srvcli', 'catkin_cmake_args': None, 'catkin_skip_building_tests': False, 'cmake_args': None, 'cmake_clean_cache': False, 'cmake_clean_first': False, 'cmake_force_configure': False, 'cmake_target': None, 'cmake_target_skip_unavailable': False, 'install_base': '/home/bninaos/Documents/ros2_ws/install/cpp_srvcli', 'merge_install': False, 'path': '/home/bninaos/Documents/ros2_ws/src/cpp_srvcli', 'symlink_install': False, 'test_result_base': None}
[0.194s] INFO:colcon.colcon_core.executor:Executing jobs using 'parallel' executor
[0.195s] DEBUG:colcon.colcon_parallel_executor.executor.parallel:run_until_complete
[0.195s] INFO:colcon.colcon_ros.task.ament_cmake.build:Building ROS package in '/home/bninaos/Documents/ros2_ws/src/seabot_interfaces' with build type 'ament_cmake'
[0.195s] INFO:colcon.colcon_cmake.task.cmake.build:Building CMake package in '/home/bninaos/Documents/ros2_ws/src/seabot_interfaces'
[0.197s] INFO:colcon.colcon_core.plugin_system:Skipping extension 'colcon_core.shell.bat': Not used on non-Windows systems
[0.197s] INFO:colcon.colcon_core.shell:Skip shell extension 'powershell' for command environment: Not usable outside of PowerShell
[0.197s] DEBUG:colcon.colcon_core.shell:Skip shell extension 'dsv' for command environment
[0.203s] DEBUG:colcon.colcon_core.event_handler.log_command:Invoking command in '/home/bninaos/Documents/ros2_ws/build/seabot_interfaces': CMAKE_PREFIX_PATH=${CMAKE_PREFIX_PATH}:/opt/ros/humble /usr/bin/cmake --build /home/bninaos/Documents/ros2_ws/build/seabot_interfaces -- -j8 -l8
[0.423s] DEBUG:colcon.colcon_core.event_handler.log_command:Invoked command in '/home/bninaos/Documents/ros2_ws/build/seabot_interfaces' returned '0': CMAKE_PREFIX_PATH=${CMAKE_PREFIX_PATH}:/opt/ros/humble /usr/bin/cmake --build /home/bninaos/Documents/ros2_ws/build/seabot_interfaces -- -j8 -l8
[0.496s] DEBUG:colcon.colcon_core.event_handler.log_command:Invoking command in '/home/bninaos/Documents/ros2_ws/build/seabot_interfaces': CMAKE_PREFIX_PATH=${CMAKE_PREFIX_PATH}:/opt/ros/humble /usr/bin/cmake --install /home/bninaos/Documents/ros2_ws/build/seabot_interfaces
[0.533s] Level 1:colcon.colcon_core.environment:create_environment_scripts_only(seabot_interfaces)
[0.533s] DEBUG:colcon.colcon_core.event_handler.log_command:Invoked command in '/home/bninaos/Documents/ros2_ws/build/seabot_interfaces' returned '0': CMAKE_PREFIX_PATH=${CMAKE_PREFIX_PATH}:/opt/ros/humble /usr/bin/cmake --install /home/bninaos/Documents/ros2_ws/build/seabot_interfaces
[0.535s] Level 1:colcon.colcon_core.environment:checking '/home/bninaos/Documents/ros2_ws/install/seabot_interfaces' for CMake module files
[0.535s] Level 1:colcon.colcon_core.environment:checking '/home/bninaos/Documents/ros2_ws/install/seabot_interfaces' for CMake config files
[0.535s] Level 1:colcon.colcon_core.shell:create_environment_hook('seabot_interfaces', 'cmake_prefix_path')
[0.536s] INFO:colcon.colcon_core.shell:Creating environment hook '/home/bninaos/Documents/ros2_ws/install/seabot_interfaces/share/seabot_interfaces/hook/cmake_prefix_path.ps1'
[0.536s] INFO:colcon.colcon_core.shell:Creating environment descriptor '/home/bninaos/Documents/ros2_ws/install/seabot_interfaces/share/seabot_interfaces/hook/cmake_prefix_path.dsv'
[0.537s] INFO:colcon.colcon_core.shell:Creating environment hook '/home/bninaos/Documents/ros2_ws/install/seabot_interfaces/share/seabot_interfaces/hook/cmake_prefix_path.sh'
[0.537s] Level 1:colcon.colcon_core.environment:checking '/home/bninaos/Documents/ros2_ws/install/seabot_interfaces/lib'
[0.537s] Level 1:colcon.colcon_core.shell:create_environment_hook('seabot_interfaces', 'ld_library_path_lib')
[0.537s] INFO:colcon.colcon_core.shell:Creating environment hook '/home/bninaos/Documents/ros2_ws/install/seabot_interfaces/share/seabot_interfaces/hook/ld_library_path_lib.ps1'
[0.538s] INFO:colcon.colcon_core.shell:Creating environment descriptor '/home/bninaos/Documents/ros2_ws/install/seabot_interfaces/share/seabot_interfaces/hook/ld_library_path_lib.dsv'
[0.538s] INFO:colcon.colcon_core.shell:Creating environment hook '/home/bninaos/Documents/ros2_ws/install/seabot_interfaces/share/seabot_interfaces/hook/ld_library_path_lib.sh'
[0.538s] Level 1:colcon.colcon_core.environment:checking '/home/bninaos/Documents/ros2_ws/install/seabot_interfaces/bin'
[0.538s] Level 1:colcon.colcon_core.environment:checking '/home/bninaos/Documents/ros2_ws/install/seabot_interfaces/lib/pkgconfig/seabot_interfaces.pc'
[0.538s] Level 1:colcon.colcon_core.environment:checking '/home/bninaos/Documents/ros2_ws/install/seabot_interfaces/lib/python3.10/site-packages'
[0.538s] Level 1:colcon.colcon_core.environment:checking '/home/bninaos/Documents/ros2_ws/install/seabot_interfaces/bin'
[0.539s] INFO:colcon.colcon_core.shell:Creating package script '/home/bninaos/Documents/ros2_ws/install/seabot_interfaces/share/seabot_interfaces/package.ps1'
[0.539s] INFO:colcon.colcon_core.shell:Creating package descriptor '/home/bninaos/Documents/ros2_ws/install/seabot_interfaces/share/seabot_interfaces/package.dsv'
[0.539s] INFO:colcon.colcon_core.shell:Creating package script '/home/bninaos/Documents/ros2_ws/install/seabot_interfaces/share/seabot_interfaces/package.sh'
[0.540s] INFO:colcon.colcon_core.shell:Creating package script '/home/bninaos/Documents/ros2_ws/install/seabot_interfaces/share/seabot_interfaces/package.bash'
[0.540s] INFO:colcon.colcon_core.shell:Creating package script '/home/bninaos/Documents/ros2_ws/install/seabot_interfaces/share/seabot_interfaces/package.zsh'
[0.541s] Level 1:colcon.colcon_core.environment:create_file_with_runtime_dependencies(/home/bninaos/Documents/ros2_ws/install/seabot_interfaces/share/colcon-core/packages/seabot_interfaces)
[0.605s] Level 1:colcon.colcon_core.environment:create_environment_scripts_only(seabot_interfaces)
[0.605s] Level 1:colcon.colcon_core.environment:checking '/home/bninaos/Documents/ros2_ws/install/seabot_interfaces' for CMake module files
[0.605s] Level 1:colcon.colcon_core.environment:checking '/home/bninaos/Documents/ros2_ws/install/seabot_interfaces' for CMake config files
[0.606s] Level 1:colcon.colcon_core.shell:create_environment_hook('seabot_interfaces', 'cmake_prefix_path')
[0.606s] INFO:colcon.colcon_core.shell:Creating environment hook '/home/bninaos/Documents/ros2_ws/install/seabot_interfaces/share/seabot_interfaces/hook/cmake_prefix_path.ps1'
[0.608s] INFO:colcon.colcon_core.shell:Creating environment descriptor '/home/bninaos/Documents/ros2_ws/install/seabot_interfaces/share/seabot_interfaces/hook/cmake_prefix_path.dsv'
[0.608s] INFO:colcon.colcon_core.shell:Creating environment hook '/home/bninaos/Documents/ros2_ws/install/seabot_interfaces/share/seabot_interfaces/hook/cmake_prefix_path.sh'
[0.609s] Level 1:colcon.colcon_core.environment:checking '/home/bninaos/Documents/ros2_ws/install/seabot_interfaces/lib'
[0.609s] Level 1:colcon.colcon_core.shell:create_environment_hook('seabot_interfaces', 'ld_library_path_lib')
[0.609s] INFO:colcon.colcon_core.shell:Creating environment hook '/home/bninaos/Documents/ros2_ws/install/seabot_interfaces/share/seabot_interfaces/hook/ld_library_path_lib.ps1'
[0.609s] INFO:colcon.colcon_core.shell:Creating environment descriptor '/home/bninaos/Documents/ros2_ws/install/seabot_interfaces/share/seabot_interfaces/hook/ld_library_path_lib.dsv'
[0.610s] INFO:colcon.colcon_core.shell:Creating environment hook '/home/bninaos/Documents/ros2_ws/install/seabot_interfaces/share/seabot_interfaces/hook/ld_library_path_lib.sh'
[0.610s] Level 1:colcon.colcon_core.environment:checking '/home/bninaos/Documents/ros2_ws/install/seabot_interfaces/bin'
[0.610s] Level 1:colcon.colcon_core.environment:checking '/home/bninaos/Documents/ros2_ws/install/seabot_interfaces/lib/pkgconfig/seabot_interfaces.pc'
[0.610s] Level 1:colcon.colcon_core.environment:checking '/home/bninaos/Documents/ros2_ws/install/seabot_interfaces/lib/python3.10/site-packages'
[0.611s] Level 1:colcon.colcon_core.environment:checking '/home/bninaos/Documents/ros2_ws/install/seabot_interfaces/bin'
[0.611s] INFO:colcon.colcon_core.shell:Creating package script '/home/bninaos/Documents/ros2_ws/install/seabot_interfaces/share/seabot_interfaces/package.ps1'
[0.612s] INFO:colcon.colcon_core.shell:Creating package descriptor '/home/bninaos/Documents/ros2_ws/install/seabot_interfaces/share/seabot_interfaces/package.dsv'
[0.612s] INFO:colcon.colcon_core.shell:Creating package script '/home/bninaos/Documents/ros2_ws/install/seabot_interfaces/share/seabot_interfaces/package.sh'
[0.613s] INFO:colcon.colcon_core.shell:Creating package script '/home/bninaos/Documents/ros2_ws/install/seabot_interfaces/share/seabot_interfaces/package.bash'
[0.622s] INFO:colcon.colcon_core.shell:Creating package script '/home/bninaos/Documents/ros2_ws/install/seabot_interfaces/share/seabot_interfaces/package.zsh'
[0.622s] Level 1:colcon.colcon_core.environment:create_file_with_runtime_dependencies(/home/bninaos/Documents/ros2_ws/install/seabot_interfaces/share/colcon-core/packages/seabot_interfaces)
[0.623s] INFO:colcon.colcon_ros.task.ament_cmake.build:Building ROS package in '/home/bninaos/Documents/ros2_ws/src/cpp_pubsub' with build type 'ament_cmake'
[0.623s] INFO:colcon.colcon_cmake.task.cmake.build:Building CMake package in '/home/bninaos/Documents/ros2_ws/src/cpp_pubsub'
[0.623s] INFO:colcon.colcon_core.shell:Skip shell extension 'powershell' for command environment: Not usable outside of PowerShell
[0.623s] DEBUG:colcon.colcon_core.shell:Skip shell extension 'dsv' for command environment
[0.625s] INFO:colcon.colcon_ros.task.ament_cmake.build:Building ROS package in '/home/bninaos/Documents/ros2_ws/src/cpp_srvcli' with build type 'ament_cmake'
[0.626s] INFO:colcon.colcon_cmake.task.cmake.build:Building CMake package in '/home/bninaos/Documents/ros2_ws/src/cpp_srvcli'
[0.626s] INFO:colcon.colcon_core.shell:Skip shell extension 'powershell' for command environment: Not usable outside of PowerShell
[0.626s] DEBUG:colcon.colcon_core.shell:Skip shell extension 'dsv' for command environment
[0.630s] DEBUG:colcon.colcon_core.event_handler.log_command:Invoking command in '/home/bninaos/Documents/ros2_ws/build/cpp_pubsub': CMAKE_PREFIX_PATH=/home/bninaos/Documents/ros2_ws/install/seabot_interfaces:/home/bninaos/Documents/ros2_ws/install/cpp_srvcli:/home/bninaos/Documents/ros2_ws/install/cpp_pubsub:/home/bninaos/microros/install/micro_ros_setup:/home/bninaos/microros/install/micro_ros_agent:/home/bninaos/microros/install/micro_ros_msgs:/opt/ros/humble /usr/bin/cmake /home/bninaos/Documents/ros2_ws/src/cpp_pubsub -DCMAKE_INSTALL_PREFIX=/home/bninaos/Documents/ros2_ws/install/cpp_pubsub
[0.671s] DEBUG:colcon.colcon_core.event_handler.log_command:Invoking command in '/home/bninaos/Documents/ros2_ws/build/cpp_srvcli': CMAKE_PREFIX_PATH=/home/bninaos/Documents/ros2_ws/install/seabot_interfaces:/home/bninaos/Documents/ros2_ws/install/cpp_srvcli:/home/bninaos/Documents/ros2_ws/install/cpp_pubsub:/home/bninaos/microros/install/micro_ros_setup:/home/bninaos/microros/install/micro_ros_agent:/home/bninaos/microros/install/micro_ros_msgs:/opt/ros/humble /usr/bin/cmake --build /home/bninaos/Documents/ros2_ws/build/cpp_srvcli -- -j8 -l8
[1.474s] DEBUG:colcon.colcon_core.event_handler.log_command:Invoked command in '/home/bninaos/Documents/ros2_ws/build/cpp_pubsub' returned '0': CMAKE_PREFIX_PATH=/home/bninaos/Documents/ros2_ws/install/seabot_interfaces:/home/bninaos/Documents/ros2_ws/install/cpp_srvcli:/home/bninaos/Documents/ros2_ws/install/cpp_pubsub:/home/bninaos/microros/install/micro_ros_setup:/home/bninaos/microros/install/micro_ros_agent:/home/bninaos/microros/install/micro_ros_msgs:/opt/ros/humble /usr/bin/cmake /home/bninaos/Documents/ros2_ws/src/cpp_pubsub -DCMAKE_INSTALL_PREFIX=/home/bninaos/Documents/ros2_ws/install/cpp_pubsub
[1.474s] DEBUG:colcon.colcon_core.event_handler.log_command:Invoking command in '/home/bninaos/Documents/ros2_ws/build/cpp_pubsub': CMAKE_PREFIX_PATH=/home/bninaos/Documents/ros2_ws/install/seabot_interfaces:/home/bninaos/Documents/ros2_ws/install/cpp_srvcli:/home/bninaos/Documents/ros2_ws/install/cpp_pubsub:/home/bninaos/microros/install/micro_ros_setup:/home/bninaos/microros/install/micro_ros_agent:/home/bninaos/microros/install/micro_ros_msgs:/opt/ros/humble /usr/bin/cmake --build /home/bninaos/Documents/ros2_ws/build/cpp_pubsub -- -j8 -l8
[3.485s] DEBUG:colcon.colcon_core.event_handler.log_command:Invoked command in '/home/bninaos/Documents/ros2_ws/build/cpp_srvcli' returned '0': CMAKE_PREFIX_PATH=/home/bninaos/Documents/ros2_ws/install/seabot_interfaces:/home/bninaos/Documents/ros2_ws/install/cpp_srvcli:/home/bninaos/Documents/ros2_ws/install/cpp_pubsub:/home/bninaos/microros/install/micro_ros_setup:/home/bninaos/microros/install/micro_ros_agent:/home/bninaos/microros/install/micro_ros_msgs:/opt/ros/humble /usr/bin/cmake --build /home/bninaos/Documents/ros2_ws/build/cpp_srvcli -- -j8 -l8
[3.506s] DEBUG:colcon.colcon_core.event_handler.log_command:Invoking command in '/home/bninaos/Documents/ros2_ws/build/cpp_srvcli': CMAKE_PREFIX_PATH=/home/bninaos/Documents/ros2_ws/install/seabot_interfaces:/home/bninaos/Documents/ros2_ws/install/cpp_srvcli:/home/bninaos/Documents/ros2_ws/install/cpp_pubsub:/home/bninaos/microros/install/micro_ros_setup:/home/bninaos/microros/install/micro_ros_agent:/home/bninaos/microros/install/micro_ros_msgs:/opt/ros/humble /usr/bin/cmake --install /home/bninaos/Documents/ros2_ws/build/cpp_srvcli
[3.514s] Level 1:colcon.colcon_core.environment:create_environment_scripts_only(cpp_srvcli)
[3.515s] Level 1:colcon.colcon_core.environment:checking '/home/bninaos/Documents/ros2_ws/install/cpp_srvcli' for CMake module files
[3.515s] DEBUG:colcon.colcon_core.event_handler.log_command:Invoked command in '/home/bninaos/Documents/ros2_ws/build/cpp_srvcli' returned '0': CMAKE_PREFIX_PATH=/home/bninaos/Documents/ros2_ws/install/seabot_interfaces:/home/bninaos/Documents/ros2_ws/install/cpp_srvcli:/home/bninaos/Documents/ros2_ws/install/cpp_pubsub:/home/bninaos/microros/install/micro_ros_setup:/home/bninaos/microros/install/micro_ros_agent:/home/bninaos/microros/install/micro_ros_msgs:/opt/ros/humble /usr/bin/cmake --install /home/bninaos/Documents/ros2_ws/build/cpp_srvcli
[3.515s] Level 1:colcon.colcon_core.environment:checking '/home/bninaos/Documents/ros2_ws/install/cpp_srvcli' for CMake config files
[3.516s] Level 1:colcon.colcon_core.shell:create_environment_hook('cpp_srvcli', 'cmake_prefix_path')
[3.516s] INFO:colcon.colcon_core.shell:Creating environment hook '/home/bninaos/Documents/ros2_ws/install/cpp_srvcli/share/cpp_srvcli/hook/cmake_prefix_path.ps1'
[3.517s] INFO:colcon.colcon_core.shell:Creating environment descriptor '/home/bninaos/Documents/ros2_ws/install/cpp_srvcli/share/cpp_srvcli/hook/cmake_prefix_path.dsv'
[3.517s] INFO:colcon.colcon_core.shell:Creating environment hook '/home/bninaos/Documents/ros2_ws/install/cpp_srvcli/share/cpp_srvcli/hook/cmake_prefix_path.sh'
[3.518s] Level 1:colcon.colcon_core.environment:checking '/home/bninaos/Documents/ros2_ws/install/cpp_srvcli/lib'
[3.518s] Level 1:colcon.colcon_core.environment:checking '/home/bninaos/Documents/ros2_ws/install/cpp_srvcli/bin'
[3.518s] Level 1:colcon.colcon_core.environment:checking '/home/bninaos/Documents/ros2_ws/install/cpp_srvcli/lib/pkgconfig/cpp_srvcli.pc'
[3.518s] Level 1:colcon.colcon_core.environment:checking '/home/bninaos/Documents/ros2_ws/install/cpp_srvcli/lib/python3.10/site-packages'
[3.518s] Level 1:colcon.colcon_core.environment:checking '/home/bninaos/Documents/ros2_ws/install/cpp_srvcli/bin'
[3.519s] INFO:colcon.colcon_core.shell:Creating package script '/home/bninaos/Documents/ros2_ws/install/cpp_srvcli/share/cpp_srvcli/package.ps1'
[3.519s] INFO:colcon.colcon_core.shell:Creating package descriptor '/home/bninaos/Documents/ros2_ws/install/cpp_srvcli/share/cpp_srvcli/package.dsv'
[3.519s] INFO:colcon.colcon_core.shell:Creating package script '/home/bninaos/Documents/ros2_ws/install/cpp_srvcli/share/cpp_srvcli/package.sh'
[3.520s] INFO:colcon.colcon_core.shell:Creating package script '/home/bninaos/Documents/ros2_ws/install/cpp_srvcli/share/cpp_srvcli/package.bash'
[3.520s] INFO:colcon.colcon_core.shell:Creating package script '/home/bninaos/Documents/ros2_ws/install/cpp_srvcli/share/cpp_srvcli/package.zsh'
[3.520s] Level 1:colcon.colcon_core.environment:create_file_with_runtime_dependencies(/home/bninaos/Documents/ros2_ws/install/cpp_srvcli/share/colcon-core/packages/cpp_srvcli)
[3.541s] Level 1:colcon.colcon_core.environment:create_environment_scripts_only(cpp_srvcli)
[3.541s] Level 1:colcon.colcon_core.environment:checking '/home/bninaos/Documents/ros2_ws/install/cpp_srvcli' for CMake module files
[3.542s] Level 1:colcon.colcon_core.environment:checking '/home/bninaos/Documents/ros2_ws/install/cpp_srvcli' for CMake config files
[3.542s] Level 1:colcon.colcon_core.shell:create_environment_hook('cpp_srvcli', 'cmake_prefix_path')
[3.542s] INFO:colcon.colcon_core.shell:Creating environment hook '/home/bninaos/Documents/ros2_ws/install/cpp_srvcli/share/cpp_srvcli/hook/cmake_prefix_path.ps1'
[3.543s] INFO:colcon.colcon_core.shell:Creating environment descriptor '/home/bninaos/Documents/ros2_ws/install/cpp_srvcli/share/cpp_srvcli/hook/cmake_prefix_path.dsv'
[3.543s] INFO:colcon.colcon_core.shell:Creating environment hook '/home/bninaos/Documents/ros2_ws/install/cpp_srvcli/share/cpp_srvcli/hook/cmake_prefix_path.sh'
[3.544s] Level 1:colcon.colcon_core.environment:checking '/home/bninaos/Documents/ros2_ws/install/cpp_srvcli/lib'
[3.544s] Level 1:colcon.colcon_core.environment:checking '/home/bninaos/Documents/ros2_ws/install/cpp_srvcli/bin'
[3.544s] Level 1:colcon.colcon_core.environment:checking '/home/bninaos/Documents/ros2_ws/install/cpp_srvcli/lib/pkgconfig/cpp_srvcli.pc'
[3.544s] Level 1:colcon.colcon_core.environment:checking '/home/bninaos/Documents/ros2_ws/install/cpp_srvcli/lib/python3.10/site-packages'
[3.544s] Level 1:colcon.colcon_core.environment:checking '/home/bninaos/Documents/ros2_ws/install/cpp_srvcli/bin'
[3.545s] INFO:colcon.colcon_core.shell:Creating package script '/home/bninaos/Documents/ros2_ws/install/cpp_srvcli/share/cpp_srvcli/package.ps1'
[3.545s] INFO:colcon.colcon_core.shell:Creating package descriptor '/home/bninaos/Documents/ros2_ws/install/cpp_srvcli/share/cpp_srvcli/package.dsv'
[3.546s] INFO:colcon.colcon_core.shell:Creating package script '/home/bninaos/Documents/ros2_ws/install/cpp_srvcli/share/cpp_srvcli/package.sh'
[3.546s] INFO:colcon.colcon_core.shell:Creating package script '/home/bninaos/Documents/ros2_ws/install/cpp_srvcli/share/cpp_srvcli/package.bash'
[3.547s] INFO:colcon.colcon_core.shell:Creating package script '/home/bninaos/Documents/ros2_ws/install/cpp_srvcli/share/cpp_srvcli/package.zsh'
[3.547s] Level 1:colcon.colcon_core.environment:create_file_with_runtime_dependencies(/home/bninaos/Documents/ros2_ws/install/cpp_srvcli/share/colcon-core/packages/cpp_srvcli)
[7.548s] DEBUG:colcon.colcon_core.event_handler.log_command:Invoked command in '/home/bninaos/Documents/ros2_ws/build/cpp_pubsub' returned '0': CMAKE_PREFIX_PATH=/home/bninaos/Documents/ros2_ws/install/seabot_interfaces:/home/bninaos/Documents/ros2_ws/install/cpp_srvcli:/home/bninaos/Documents/ros2_ws/install/cpp_pubsub:/home/bninaos/microros/install/micro_ros_setup:/home/bninaos/microros/install/micro_ros_agent:/home/bninaos/microros/install/micro_ros_msgs:/opt/ros/humble /usr/bin/cmake --build /home/bninaos/Documents/ros2_ws/build/cpp_pubsub -- -j8 -l8
[7.567s] DEBUG:colcon.colcon_core.event_handler.log_command:Invoking command in '/home/bninaos/Documents/ros2_ws/build/cpp_pubsub': CMAKE_PREFIX_PATH=/home/bninaos/Documents/ros2_ws/install/seabot_interfaces:/home/bninaos/Documents/ros2_ws/install/cpp_srvcli:/home/bninaos/Documents/ros2_ws/install/cpp_pubsub:/home/bninaos/microros/install/micro_ros_setup:/home/bninaos/microros/install/micro_ros_agent:/home/bninaos/microros/install/micro_ros_msgs:/opt/ros/humble /usr/bin/cmake --install /home/bninaos/Documents/ros2_ws/build/cpp_pubsub
[7.579s] Level 1:colcon.colcon_core.environment:create_environment_scripts_only(cpp_pubsub)
[7.580s] DEBUG:colcon.colcon_core.event_handler.log_command:Invoked command in '/home/bninaos/Documents/ros2_ws/build/cpp_pubsub' returned '0': CMAKE_PREFIX_PATH=/home/bninaos/Documents/ros2_ws/install/seabot_interfaces:/home/bninaos/Documents/ros2_ws/install/cpp_srvcli:/home/bninaos/Documents/ros2_ws/install/cpp_pubsub:/home/bninaos/microros/install/micro_ros_setup:/home/bninaos/microros/install/micro_ros_agent:/home/bninaos/microros/install/micro_ros_msgs:/opt/ros/humble /usr/bin/cmake --install /home/bninaos/Documents/ros2_ws/build/cpp_pubsub
[7.580s] Level 1:colcon.colcon_core.environment:checking '/home/bninaos/Documents/ros2_ws/install/cpp_pubsub' for CMake module files
[7.580s] Level 1:colcon.colcon_core.environment:checking '/home/bninaos/Documents/ros2_ws/install/cpp_pubsub' for CMake config files
[7.581s] Level 1:colcon.colcon_core.shell:create_environment_hook('cpp_pubsub', 'cmake_prefix_path')
[7.581s] INFO:colcon.colcon_core.shell:Creating environment hook '/home/bninaos/Documents/ros2_ws/install/cpp_pubsub/share/cpp_pubsub/hook/cmake_prefix_path.ps1'
[7.581s] INFO:colcon.colcon_core.shell:Creating environment descriptor '/home/bninaos/Documents/ros2_ws/install/cpp_pubsub/share/cpp_pubsub/hook/cmake_prefix_path.dsv'
[7.581s] INFO:colcon.colcon_core.shell:Creating environment hook '/home/bninaos/Documents/ros2_ws/install/cpp_pubsub/share/cpp_pubsub/hook/cmake_prefix_path.sh'
[7.582s] Level 1:colcon.colcon_core.environment:checking '/home/bninaos/Documents/ros2_ws/install/cpp_pubsub/lib'
[7.582s] Level 1:colcon.colcon_core.environment:checking '/home/bninaos/Documents/ros2_ws/install/cpp_pubsub/bin'
[7.582s] Level 1:colcon.colcon_core.environment:checking '/home/bninaos/Documents/ros2_ws/install/cpp_pubsub/lib/pkgconfig/cpp_pubsub.pc'
[7.582s] Level 1:colcon.colcon_core.environment:checking '/home/bninaos/Documents/ros2_ws/install/cpp_pubsub/lib/python3.10/site-packages'
[7.582s] Level 1:colcon.colcon_core.environment:checking '/home/bninaos/Documents/ros2_ws/install/cpp_pubsub/bin'
[7.582s] INFO:colcon.colcon_core.shell:Creating package script '/home/bninaos/Documents/ros2_ws/install/cpp_pubsub/share/cpp_pubsub/package.ps1'
[7.582s] INFO:colcon.colcon_core.shell:Creating package descriptor '/home/bninaos/Documents/ros2_ws/install/cpp_pubsub/share/cpp_pubsub/package.dsv'
[7.583s] INFO:colcon.colcon_core.shell:Creating package script '/home/bninaos/Documents/ros2_ws/install/cpp_pubsub/share/cpp_pubsub/package.sh'
[7.583s] INFO:colcon.colcon_core.shell:Creating package script '/home/bninaos/Documents/ros2_ws/install/cpp_pubsub/share/cpp_pubsub/package.bash'
[7.583s] INFO:colcon.colcon_core.shell:Creating package script '/home/bninaos/Documents/ros2_ws/install/cpp_pubsub/share/cpp_pubsub/package.zsh'
[7.583s] Level 1:colcon.colcon_core.environment:create_file_with_runtime_dependencies(/home/bninaos/Documents/ros2_ws/install/cpp_pubsub/share/colcon-core/packages/cpp_pubsub)
[7.603s] Level 1:colcon.colcon_core.environment:create_environment_scripts_only(cpp_pubsub)
[7.603s] Level 1:colcon.colcon_core.environment:checking '/home/bninaos/Documents/ros2_ws/install/cpp_pubsub' for CMake module files
[7.604s] Level 1:colcon.colcon_core.environment:checking '/home/bninaos/Documents/ros2_ws/install/cpp_pubsub' for CMake config files
[7.604s] Level 1:colcon.colcon_core.shell:create_environment_hook('cpp_pubsub', 'cmake_prefix_path')
[7.604s] INFO:colcon.colcon_core.shell:Creating environment hook '/home/bninaos/Documents/ros2_ws/install/cpp_pubsub/share/cpp_pubsub/hook/cmake_prefix_path.ps1'
[7.604s] INFO:colcon.colcon_core.shell:Creating environment descriptor '/home/bninaos/Documents/ros2_ws/install/cpp_pubsub/share/cpp_pubsub/hook/cmake_prefix_path.dsv'
[7.604s] INFO:colcon.colcon_core.shell:Creating environment hook '/home/bninaos/Documents/ros2_ws/install/cpp_pubsub/share/cpp_pubsub/hook/cmake_prefix_path.sh'
[7.605s] Level 1:colcon.colcon_core.environment:checking '/home/bninaos/Documents/ros2_ws/install/cpp_pubsub/lib'
[7.605s] Level 1:colcon.colcon_core.environment:checking '/home/bninaos/Documents/ros2_ws/install/cpp_pubsub/bin'
[7.605s] Level 1:colcon.colcon_core.environment:checking '/home/bninaos/Documents/ros2_ws/install/cpp_pubsub/lib/pkgconfig/cpp_pubsub.pc'
[7.605s] Level 1:colcon.colcon_core.environment:checking '/home/bninaos/Documents/ros2_ws/install/cpp_pubsub/lib/python3.10/site-packages'
[7.605s] Level 1:colcon.colcon_core.environment:checking '/home/bninaos/Documents/ros2_ws/install/cpp_pubsub/bin'
[7.605s] INFO:colcon.colcon_core.shell:Creating package script '/home/bninaos/Documents/ros2_ws/install/cpp_pubsub/share/cpp_pubsub/package.ps1'
[7.606s] INFO:colcon.colcon_core.shell:Creating package descriptor '/home/bninaos/Documents/ros2_ws/install/cpp_pubsub/share/cpp_pubsub/package.dsv'
[7.606s] INFO:colcon.colcon_core.shell:Creating package script '/home/bninaos/Documents/ros2_ws/install/cpp_pubsub/share/cpp_pubsub/package.sh'
[7.606s] INFO:colcon.colcon_core.shell:Creating package script '/home/bninaos/Documents/ros2_ws/install/cpp_pubsub/share/cpp_pubsub/package.bash'
[7.606s] INFO:colcon.colcon_core.shell:Creating package script '/home/bninaos/Documents/ros2_ws/install/cpp_pubsub/share/cpp_pubsub/package.zsh'
[7.606s] Level 1:colcon.colcon_core.environment:create_file_with_runtime_dependencies(/home/bninaos/Documents/ros2_ws/install/cpp_pubsub/share/colcon-core/packages/cpp_pubsub)
[7.607s] DEBUG:colcon.colcon_parallel_executor.executor.parallel:closing loop
[7.607s] DEBUG:colcon.colcon_parallel_executor.executor.parallel:loop closed
[7.607s] DEBUG:colcon.colcon_parallel_executor.executor.parallel:run_until_complete finished with '0'
[7.607s] DEBUG:colcon.colcon_core.event_reactor:joining thread
[7.610s] INFO:colcon.colcon_core.plugin_system:Skipping extension 'colcon_notification.desktop_notification.terminal_notifier': Not used on non-Darwin systems
[7.611s] INFO:colcon.colcon_core.plugin_system:Skipping extension 'colcon_notification.desktop_notification.win32': Not used on non-Windows systems
[7.611s] INFO:colcon.colcon_notification.desktop_notification:Sending desktop notification using 'notify2'
[7.621s] DEBUG:colcon.colcon_core.event_reactor:joined thread
[7.621s] INFO:colcon.colcon_core.shell:Creating prefix script '/home/bninaos/Documents/ros2_ws/install/local_setup.ps1'
[7.622s] INFO:colcon.colcon_core.shell:Creating prefix util module '/home/bninaos/Documents/ros2_ws/install/_local_setup_util_ps1.py'
[7.623s] INFO:colcon.colcon_core.shell:Creating prefix chain script '/home/bninaos/Documents/ros2_ws/install/setup.ps1'
[7.623s] INFO:colcon.colcon_core.shell:Creating prefix script '/home/bninaos/Documents/ros2_ws/install/local_setup.sh'
[7.624s] INFO:colcon.colcon_core.shell:Creating prefix util module '/home/bninaos/Documents/ros2_ws/install/_local_setup_util_sh.py'
[7.624s] INFO:colcon.colcon_core.shell:Creating prefix chain script '/home/bninaos/Documents/ros2_ws/install/setup.sh'
[7.625s] INFO:colcon.colcon_core.shell:Creating prefix script '/home/bninaos/Documents/ros2_ws/install/local_setup.bash'
[7.625s] INFO:colcon.colcon_core.shell:Creating prefix chain script '/home/bninaos/Documents/ros2_ws/install/setup.bash'
[7.626s] INFO:colcon.colcon_core.shell:Creating prefix script '/home/bninaos/Documents/ros2_ws/install/local_setup.zsh'
[7.626s] INFO:colcon.colcon_core.shell:Creating prefix chain script '/home/bninaos/Documents/ros2_ws/install/setup.zsh'
